2025-05-22 12:59:39,411 [INFO] Logger initialized: logs\log_20250522_125939.log
2025-05-22 12:59:39,412 [INFO] Current working directory: C:\Users\Jeremy\Documents\GitHub\2024-S2-R-D-Adaptive-Network-Management\ranking
2025-05-22 12:59:45,937 [INFO] Limiting live tower coverage to prefix range: ('010', '011')
2025-05-22 12:59:45,937 [INFO] Step 1: Preprocessing dissolved shapefiles...
2025-05-22 12:59:46,111 [INFO] Found 66 tower groups to process (within range).
2025-05-22 12:59:46,121 [INFO] Skipped existing: 010-AWIN-Dissolved.shp
2025-05-22 12:59:46,121 [INFO] Skipped existing: 010-BNTH-Dissolved.shp
2025-05-22 12:59:46,123 [INFO] Skipped existing: 010-BOBY-Dissolved.shp
2025-05-22 12:59:46,124 [INFO] Skipped existing: 010-GNBK-Dissolved.shp
2025-05-22 12:59:46,124 [INFO] Skipped existing: 010-HNUA-Dissolved.shp
2025-05-22 12:59:46,125 [INFO] Skipped existing: 010-NPAU-Dissolved.shp
2025-05-22 12:59:46,126 [INFO] Skipped existing: 010-PKAU-Dissolved.shp
2025-05-22 12:59:46,126 [INFO] Skipped existing: 010-PKKO-Dissolved.shp
2025-05-22 12:59:46,127 [INFO] Skipped existing: 010-PKKR-Dissolved.shp
2025-05-22 12:59:46,128 [INFO] Skipped existing: 010-PKNO-Dissolved.shp
2025-05-22 12:59:46,129 [INFO] Skipped existing: 010-PRAU-Dissolved.shp
2025-05-22 12:59:46,129 [INFO] Skipped existing: 010-PUAU-Dissolved.shp
2025-05-22 12:59:46,130 [INFO] Skipped existing: 010-PUKT-Dissolved.shp
2025-05-22 12:59:46,130 [INFO] Skipped existing: 010-PWKT-Dissolved.shp
2025-05-22 12:59:46,131 [INFO] Skipped existing: 010-RATS-Dissolved.shp
2025-05-22 12:59:46,132 [INFO] Skipped existing: 010-RKRN-Dissolved.shp
2025-05-22 12:59:46,133 [INFO] Skipped existing: 010-ROAW-Dissolved.shp
2025-05-22 12:59:46,133 [INFO] Skipped existing: 010-RONS-Dissolved.shp
2025-05-22 12:59:46,134 [INFO] Skipped existing: 010-RPPV-Dissolved.shp
2025-05-22 12:59:46,135 [INFO] Skipped existing: 010-RTKO-Dissolved.shp
2025-05-22 12:59:46,135 [INFO] Skipped existing: 010-RWET-Dissolved.shp
2025-05-22 12:59:46,136 [INFO] Skipped existing: 010-VARU-Dissolved.shp
2025-05-22 12:59:46,136 [INFO] Skipped existing: 010-VBBS-Dissolved.shp
2025-05-22 12:59:46,137 [INFO] Skipped existing: 010-VCBC-Dissolved.shp
2025-05-22 12:59:46,137 [INFO] Skipped existing: 010-VCKB-Dissolved.shp
2025-05-22 12:59:46,137 [INFO] Skipped existing: 010-VDRU-Dissolved.shp
2025-05-22 12:59:46,138 [INFO] Skipped existing: 010-VGMU-Dissolved.shp
2025-05-22 12:59:46,139 [INFO] Skipped existing: 010-VKAA-Dissolved.shp
2025-05-22 12:59:46,139 [INFO] Skipped existing: 010-VKGS-Dissolved.shp
2025-05-22 12:59:46,140 [INFO] Skipped existing: 010-VMER-Dissolved.shp
2025-05-22 12:59:46,140 [INFO] Skipped existing: 010-VPKH-Dissolved.shp
2025-05-22 12:59:46,141 [INFO] Skipped existing: 010-VPTM-Dissolved.shp
2025-05-22 12:59:46,141 [INFO] Skipped existing: 010-VRRM-Dissolved.shp
2025-05-22 12:59:46,142 [INFO] Skipped existing: 010-WPAU-Dissolved.shp
2025-05-22 12:59:46,142 [INFO] Skipped existing: 010-WUKU-Dissolved.shp
2025-05-22 12:59:46,143 [INFO] Skipped existing: 011-CHIP-Dissolved.shp
2025-05-22 12:59:46,144 [INFO] Skipped existing: 011-HHEI-Dissolved.shp
2025-05-22 12:59:46,144 [INFO] Skipped existing: 011-HKAI-Dissolved.shp
2025-05-22 12:59:46,145 [INFO] Skipped existing: 011-MTRG-Dissolved.shp
2025-05-22 12:59:46,146 [INFO] Skipped existing: 011-PNIS-Dissolved.shp
2025-05-22 12:59:46,146 [INFO] Skipped existing: 011-PRPT-Dissolved.shp
2025-05-22 12:59:46,147 [INFO] Skipped existing: 011-RCRG-Dissolved.shp
2025-05-22 12:59:46,147 [INFO] Skipped existing: 011-RKMA-Dissolved.shp
2025-05-22 12:59:46,148 [INFO] Skipped existing: 011-RKNB-Dissolved.shp
2025-05-22 12:59:46,148 [INFO] Skipped existing: 011-RKOR-Dissolved.shp
2025-05-22 12:59:46,148 [INFO] Skipped existing: 011-RLIB-Dissolved.shp
2025-05-22 12:59:46,149 [INFO] Skipped existing: 011-ROMB-Dissolved.shp
2025-05-22 12:59:46,149 [INFO] Skipped existing: 011-RPCH-Dissolved.shp
2025-05-22 12:59:46,150 [INFO] Skipped existing: 011-RPOC-Dissolved.shp
2025-05-22 12:59:46,150 [INFO] Skipped existing: 011-RTMA-Dissolved.shp
2025-05-22 12:59:46,151 [INFO] Skipped existing: 011-RWTB-Dissolved.shp
2025-05-22 12:59:46,151 [INFO] Skipped existing: 011-TAME-Dissolved.shp
2025-05-22 12:59:46,152 [INFO] Skipped existing: 011-TUPU-Dissolved.shp
2025-05-22 12:59:46,152 [INFO] Skipped existing: 011-VCOL-Dissolved.shp
2025-05-22 12:59:46,152 [INFO] Skipped existing: 011-VMNA-Dissolved.shp
2025-05-22 12:59:46,153 [INFO] Skipped existing: 011-VONA-Dissolved.shp
2025-05-22 12:59:46,153 [INFO] Skipped existing: 011-VOPT-Dissolved.shp
2025-05-22 12:59:46,154 [INFO] Skipped existing: 011-VPNU-Dissolved.shp
2025-05-22 12:59:46,154 [INFO] Skipped existing: 011-VPRJ-Dissolved.shp
2025-05-22 12:59:46,155 [INFO] Skipped existing: 011-VTRT-Dissolved.shp
2025-05-22 12:59:46,155 [INFO] Skipped existing: 011-VWTG-Dissolved.shp
2025-05-22 12:59:46,156 [INFO] Skipped existing: 011-VWTI-Dissolved.shp
2025-05-22 12:59:46,156 [INFO] Skipped existing: 011-WAGS-Dissolved.shp
2025-05-22 12:59:46,157 [INFO] Skipped existing: 011-WAGU-Dissolved.shp
2025-05-22 12:59:46,157 [INFO] Skipped existing: 011-WCEN-Dissolved.shp
2025-05-22 12:59:46,158 [INFO] Skipped existing: 011-WGMA-Dissolved.shp
2025-05-22 12:59:46,159 [INFO] Step 2: Generating live tower coverage union...
2025-05-22 12:59:46,174 [INFO] Selected 66 live towers for union.
2025-05-22 12:59:50,249 [INFO] Starting batched unary_union...
