2025-05-15 09:59:56,083 [INFO] Step 0: Preprocessing dissolved shapefiles...
2025-05-15 09:59:56,238 [INFO] Found 577 unique tower prefixes to process.
2025-05-15 09:59:56,246 [INFO] Skipped existing: 004-ABAU-Dissolved.shp
2025-05-15 09:59:56,247 [INFO] Skipped existing: 004-AHRA-Dissolved.shp
2025-05-15 09:59:56,247 [INFO] Skipped existing: 004-ARMB-Dissolved.shp
2025-05-15 09:59:56,248 [INFO] Skipped existing: 004-GHBR-Dissolved.shp
2025-05-15 09:59:56,248 [INFO] Skipped existing: 004-HFAU-Dissolved.shp
2025-05-15 09:59:56,248 [INFO] Skipped existing: 004-HSVL-Dissolved.shp
2025-05-15 09:59:56,251 [INFO] Skipped existing: 004-KPKP-Dissolved.shp
2025-05-15 09:59:56,251 [INFO] Skipped existing: 004-KRKH-Dissolved.shp
2025-05-15 09:59:56,252 [INFO] Skipped existing: 004-KUMU-Dissolved.shp
2025-05-15 09:59:56,252 [INFO] Skipped existing: 004-KWIL-Dissolved.shp
2025-05-15 09:59:56,253 [INFO] Skipped existing: 004-LEGH-Dissolved.shp
2025-05-15 09:59:56,255 [INFO] Skipped existing: 004-MKRU-Dissolved.shp
2025-05-15 09:59:56,256 [INFO] Skipped existing: 004-MNLY-Dissolved.shp
2025-05-15 09:59:56,256 [INFO] Skipped existing: 004-MRWI-Dissolved.shp
2025-05-15 09:59:56,257 [INFO] Skipped existing: 004-MTKA-Dissolved.shp
2025-05-15 09:59:56,258 [INFO] Skipped existing: 004-NSAD-Dissolved.shp
2025-05-15 09:59:56,259 [INFO] Skipped existing: 004-OMAU-Dissolved.shp
2025-05-15 09:59:56,259 [INFO] Skipped existing: 004-OMHA-Dissolved.shp
2025-05-15 09:59:56,260 [INFO] Skipped existing: 004-ORWA-Dissolved.shp
2025-05-15 09:59:56,261 [INFO] Skipped existing: 004-OWAU-Dissolved.shp
2025-05-15 09:59:56,262 [INFO] Skipped existing: 004-PUHB-Dissolved.shp
2025-05-15 09:59:56,262 [INFO] Skipped existing: 004-PUHS-Dissolved.shp
2025-05-15 09:59:56,263 [INFO] Skipped existing: 004-RARV-Dissolved.shp
2025-05-15 09:59:56,264 [INFO] Skipped existing: 004-RARW-Dissolved.shp
2025-05-15 09:59:56,265 [INFO] Skipped existing: 004-RBPL-Dissolved.shp
2025-05-15 09:59:56,265 [INFO] Skipped existing: 004-RBRV-Dissolved.shp
2025-05-15 09:59:56,266 [INFO] Skipped existing: 004-RDVL-Dissolved.shp
2025-05-15 09:59:56,267 [INFO] Skipped existing: 004-REDB-Dissolved.shp
2025-05-15 09:59:56,267 [INFO] Skipped existing: 004-RGLR-Dissolved.shp
2025-05-15 09:59:56,268 [INFO] Skipped existing: 004-RIAU-Dissolved.shp
2025-05-15 09:59:56,269 [INFO] Skipped existing: 004-RKCH-Dissolved.shp
2025-05-15 09:59:56,270 [INFO] Skipped existing: 004-RMKE-Dissolved.shp
2025-05-15 09:59:56,270 [INFO] Skipped existing: 004-RMKN-Dissolved.shp
2025-05-15 09:59:56,271 [INFO] Skipped existing: 004-RPHX-Dissolved.shp
2025-05-15 09:59:56,272 [INFO] Skipped existing: 004-RPKR-Dissolved.shp
2025-05-15 09:59:56,272 [INFO] Skipped existing: 004-RSAU-Dissolved.shp
2025-05-15 09:59:56,273 [INFO] Skipped existing: 004-RSHE-Dissolved.shp
2025-05-15 09:59:56,274 [INFO] Skipped existing: 004-RTAI-Dissolved.shp
2025-05-15 09:59:56,275 [INFO] Skipped existing: 004-RVHT-Dissolved.shp
2025-05-15 09:59:56,276 [INFO] Skipped existing: 004-RVRH-Dissolved.shp
2025-05-15 09:59:56,277 [INFO] Skipped existing: 004-RWGR-Dissolved.shp
2025-05-15 09:59:56,277 [INFO] Skipped existing: 004-RWRN-Dissolved.shp
2025-05-15 09:59:56,278 [INFO] Skipped existing: 004-RWRS-Dissolved.shp
2025-05-15 09:59:56,279 [INFO] Skipped existing: 004-SDOR-Dissolved.shp
2025-05-15 09:59:56,279 [INFO] Skipped existing: 004-SNEL-Dissolved.shp
2025-05-15 09:59:56,280 [INFO] Skipped existing: 004-STMB-Dissolved.shp
2025-05-15 09:59:56,280 [INFO] Skipped existing: 004-SVDL-Dissolved.shp
2025-05-15 09:59:56,281 [INFO] Skipped existing: 004-TDBH-Dissolved.shp
2025-05-15 09:59:56,282 [INFO] Skipped existing: 004-UORW-Dissolved.shp
2025-05-15 09:59:56,283 [INFO] Skipped existing: 004-VDFT-Dissolved.shp
2025-05-15 09:59:56,284 [INFO] Skipped existing: 004-VKPH-Dissolved.shp
2025-05-15 09:59:56,284 [INFO] Skipped existing: 004-VNME-Dissolved.shp
2025-05-15 09:59:56,285 [INFO] Skipped existing: 004-VTEH-Dissolved.shp
2025-05-15 09:59:56,286 [INFO] Skipped existing: 004-VWDH-Dissolved.shp
2025-05-15 09:59:56,287 [INFO] Skipped existing: 004-WDHD-Dissolved.shp
2025-05-15 09:59:56,288 [INFO] Skipped existing: 004-WELS-Dissolved.shp
2025-05-15 09:59:56,289 [INFO] Skipped existing: 004-WHPR-Dissolved.shp
2025-05-15 09:59:56,290 [INFO] Skipped existing: 004-WKSH-Dissolved.shp
2025-05-15 09:59:56,290 [INFO] Skipped existing: 004-WMKU-Dissolved.shp
2025-05-15 09:59:56,291 [INFO] Skipped existing: 004-WRKW-Dissolved.shp
2025-05-15 09:59:56,292 [INFO] Skipped existing: 004-WTKI-Dissolved.shp
2025-05-15 09:59:56,293 [INFO] Skipped existing: 004-WWRA-Dissolved.shp
2025-05-15 09:59:56,293 [INFO] Skipped existing: 005-ABMC-Dissolved.shp
2025-05-15 09:59:56,294 [INFO] Skipped existing: 005-ASTH-Dissolved.shp
2025-05-15 09:59:56,295 [INFO] Skipped existing: 005-AYET-Dissolved.shp
2025-05-15 09:59:56,295 [INFO] Skipped existing: 005-AYWT-Dissolved.shp
2025-05-15 09:59:56,296 [INFO] Skipped existing: 005-BBCL-Dissolved.shp
2025-05-15 09:59:56,297 [INFO] Skipped existing: 005-BBNH-Dissolved.shp
2025-05-15 09:59:56,297 [INFO] Skipped existing: 005-BBSH-Dissolved.shp
2025-05-15 09:59:56,298 [INFO] Skipped existing: 005-BBWT-Dissolved.shp
2025-05-15 09:59:56,299 [INFO] Skipped existing: 005-BHHN-Dissolved.shp
2025-05-15 09:59:56,299 [INFO] Skipped existing: 005-BHNH-Dissolved.shp
2025-05-15 09:59:56,300 [INFO] Skipped existing: 005-BHSH-Dissolved.shp
2025-05-15 09:59:56,301 [INFO] Skipped existing: 005-BIRK-Dissolved.shp
2025-05-15 09:59:56,301 [INFO] Skipped existing: 005-BKCL-Dissolved.shp
2025-05-15 09:59:56,302 [INFO] Skipped existing: 005-BKWT-Dissolved.shp
2025-05-15 09:59:56,303 [INFO] Skipped existing: 005-BLMT-Dissolved.shp
2025-05-15 09:59:56,305 [INFO] Skipped existing: 005-BRBM-Dissolved.shp
2025-05-15 09:59:56,305 [INFO] Skipped existing: 005-BYPT-Dissolved.shp
2025-05-15 09:59:56,306 [INFO] Skipped existing: 005-BYVW-Dissolved.shp
2025-05-15 09:59:56,307 [INFO] Skipped existing: 005-CBAY-Dissolved.shp
2025-05-15 09:59:56,308 [INFO] Skipped existing: 005-CPBB-Dissolved.shp
2025-05-15 09:59:56,309 [INFO] Skipped existing: 005-CRHL-Dissolved.shp
2025-05-15 09:59:56,310 [INFO] Skipped existing: 005-DNTH-Dissolved.shp
2025-05-15 09:59:56,310 [INFO] Skipped existing: 005-DSTH-Dissolved.shp
2025-05-15 09:59:56,311 [INFO] Skipped existing: 005-ESMD-Dissolved.shp
2025-05-15 09:59:56,312 [INFO] Skipped existing: 005-FRHL-Dissolved.shp
2025-05-15 09:59:56,312 [INFO] Skipped existing: 005-GFCL-Dissolved.shp
2025-05-15 09:59:56,313 [INFO] Skipped existing: 005-GFRD-Dissolved.shp
2025-05-15 09:59:56,314 [INFO] Skipped existing: 005-GLNR-Dissolved.shp
2025-05-15 09:59:56,315 [INFO] Skipped existing: 005-GLSH-Dissolved.shp
2025-05-15 09:59:56,316 [INFO] Skipped existing: 005-GRNC-Dissolved.shp
2025-05-15 09:59:56,317 [INFO] Skipped existing: 005-GRNS-Dissolved.shp
2025-05-15 09:59:56,318 [INFO] Skipped existing: 005-HBBG-Dissolved.shp
2025-05-15 09:59:56,319 [INFO] Skipped existing: 005-HBRN-Dissolved.shp
2025-05-15 09:59:56,319 [INFO] Skipped existing: 005-HKCR-Dissolved.shp
2025-05-15 09:59:56,320 [INFO] Skipped existing: 005-HLCS-Dissolved.shp
2025-05-15 09:59:56,321 [INFO] Skipped existing: 005-HLCW-Dissolved.shp
2025-05-15 09:59:56,322 [INFO] Skipped existing: 005-KPRK-Dissolved.shp
2025-05-15 09:59:56,323 [INFO] Skipped existing: 005-LBAU-Dissolved.shp
2025-05-15 09:59:56,323 [INFO] Skipped existing: 005-LKPP-Dissolved.shp
2025-05-15 09:59:56,324 [INFO] Skipped existing: 005-LOAU-Dissolved.shp
2025-05-15 09:59:56,324 [INFO] Skipped existing: 005-MBYN-Dissolved.shp
2025-05-15 09:59:56,325 [INFO] Skipped existing: 005-MIBY-Dissolved.shp
2025-05-15 09:59:56,326 [INFO] Skipped existing: 005-MLFD-Dissolved.shp
2025-05-15 09:59:56,327 [INFO] Skipped existing: 005-MNCT-Dissolved.shp
2025-05-15 09:59:56,328 [INFO] Skipped existing: 005-MUBY-Dissolved.shp
2025-05-15 09:59:56,329 [INFO] Skipped existing: 005-NCMC-Dissolved.shp
2025-05-15 09:59:56,329 [INFO] Skipped existing: 005-NCOW-Dissolved.shp
2025-05-15 09:59:56,330 [INFO] Skipped existing: 005-NHBR-Dissolved.shp
2025-05-15 09:59:56,331 [INFO] Skipped existing: 005-NHST-Dissolved.shp
2025-05-15 09:59:56,332 [INFO] Skipped existing: 005-NORH-Dissolved.shp
2025-05-15 09:59:56,333 [INFO] Skipped existing: 005-NTHC-Dissolved.shp
2025-05-15 09:59:56,334 [INFO] Skipped existing: 005-NTHM-Dissolved.shp
2025-05-15 09:59:56,335 [INFO] Skipped existing: 005-NTHX-Dissolved.shp
2025-05-15 09:59:56,335 [INFO] Skipped existing: 005-NWST-Dissolved.shp
2025-05-15 09:59:56,336 [INFO] Skipped existing: 005-PNHL-Dissolved.shp
2025-05-15 09:59:56,337 [INFO] Skipped existing: 005-PRMP-Dissolved.shp
2025-05-15 09:59:56,338 [INFO] Skipped existing: 005-RBAY-Dissolved.shp
2025-05-15 09:59:56,338 [INFO] Skipped existing: 005-SNAP-Dissolved.shp
2025-05-15 09:59:56,339 [INFO] Skipped existing: 005-SNTH-Dissolved.shp
2025-05-15 09:59:56,340 [INFO] Skipped existing: 005-STBY-Dissolved.shp
2025-05-15 09:59:56,340 [INFO] Skipped existing: 005-SUNS-Dissolved.shp
2025-05-15 09:59:56,341 [INFO] Skipped existing: 005-SYNK-Dissolved.shp
2025-05-15 09:59:56,342 [INFO] Skipped existing: 005-TBYH-Dissolved.shp
2025-05-15 09:59:56,342 [INFO] Skipped existing: 005-TKPN-Dissolved.shp
2025-05-15 09:59:56,343 [INFO] Skipped existing: 005-TRBY-Dissolved.shp
2025-05-15 09:59:56,343 [INFO] Skipped existing: 005-USWH-Dissolved.shp
2025-05-15 09:59:56,344 [INFO] Skipped existing: 005-WNNI-Dissolved.shp
2025-05-15 09:59:56,345 [INFO] Skipped existing: 005-WRAU-Dissolved.shp
2025-05-15 09:59:56,345 [INFO] Skipped existing: 005-WRNH-Dissolved.shp
2025-05-15 09:59:56,346 [INFO] Skipped existing: 005-WRPK-Dissolved.shp
2025-05-15 09:59:56,346 [INFO] Skipped existing: 005-WRSH-Dissolved.shp
2025-05-15 09:59:56,348 [INFO] Skipped existing: 006-ALBN-Dissolved.shp
2025-05-15 09:59:56,349 [INFO] Skipped existing: 006-COAT-Dissolved.shp
2025-05-15 09:59:56,350 [INFO] Skipped existing: 006-CPKH-Dissolved.shp
2025-05-15 09:59:56,351 [INFO] Skipped existing: 006-CRWC-Dissolved.shp
2025-05-15 09:59:56,351 [INFO] Skipped existing: 006-ERAU-Dissolved.shp
2025-05-15 09:59:56,352 [INFO] Skipped existing: 006-GLDN-Dissolved.shp
2025-05-15 09:59:56,353 [INFO] Skipped existing: 006-GLDR-Dissolved.shp
2025-05-15 09:59:56,354 [INFO] Skipped existing: 006-GLDS-Dissolved.shp
2025-05-15 09:59:56,355 [INFO] Skipped existing: 006-GLNN-Dissolved.shp
2025-05-15 09:59:56,356 [INFO] Skipped existing: 006-GLNW-Dissolved.shp
2025-05-15 09:59:56,357 [INFO] Skipped existing: 006-GRNB-Dissolved.shp
2025-05-15 09:59:56,358 [INFO] Skipped existing: 006-HBVL-Dissolved.shp
2025-05-15 09:59:56,359 [INFO] Skipped existing: 006-HCAU-Dissolved.shp
2025-05-15 09:59:56,359 [INFO] Skipped existing: 006-HDNC-Dissolved.shp
2025-05-15 09:59:56,360 [INFO] Skipped existing: 006-HDNE-Dissolved.shp
2025-05-15 09:59:56,360 [INFO] Skipped existing: 006-HDNS-Dissolved.shp
2025-05-15 09:59:56,361 [INFO] Skipped existing: 006-HOBS-Dissolved.shp
2025-05-15 09:59:56,362 [INFO] Skipped existing: 006-HRBV-Dissolved.shp
2025-05-15 09:59:56,362 [INFO] Skipped existing: 006-HTWL-Dissolved.shp
2025-05-15 09:59:56,363 [INFO] Skipped existing: 006-JCPO-Dissolved.shp
2025-05-15 09:59:56,364 [INFO] Skipped existing: 006-KLST-Dissolved.shp
2025-05-15 09:59:56,365 [INFO] Skipped existing: 006-KSTG-Dissolved.shp
2025-05-15 09:59:56,366 [INFO] Skipped existing: 006-LCAU-Dissolved.shp
2025-05-15 09:59:56,367 [INFO] Skipped existing: 006-LCNN-Dissolved.shp
2025-05-15 09:59:56,368 [INFO] Skipped existing: 006-LCNS-Dissolved.shp
2025-05-15 09:59:56,368 [INFO] Skipped existing: 006-LCNW-Dissolved.shp
2025-05-15 09:59:56,369 [INFO] Skipped existing: 006-LNAU-Dissolved.shp
2025-05-15 09:59:56,370 [INFO] Skipped existing: 006-LNML-Dissolved.shp
2025-05-15 09:59:56,371 [INFO] Skipped existing: 006-MLPK-Dissolved.shp
2025-05-15 09:59:56,372 [INFO] Skipped existing: 006-MNTH-Dissolved.shp
2025-05-15 09:59:56,372 [INFO] Skipped existing: 006-MPRK-Dissolved.shp
2025-05-15 09:59:56,373 [INFO] Skipped existing: 006-MWST-Dissolved.shp
2025-05-15 09:59:56,374 [INFO] Skipped existing: 006-NWSC-Dissolved.shp
2025-05-15 09:59:56,374 [INFO] Skipped existing: 006-PIHA-Dissolved.shp
2025-05-15 09:59:56,375 [INFO] Skipped existing: 006-RANU-Dissolved.shp
2025-05-15 09:59:56,376 [INFO] Skipped existing: 006-RANW-Dissolved.shp
2025-05-15 09:59:56,376 [INFO] Skipped existing: 006-RLGR-Dissolved.shp
2025-05-15 09:59:56,377 [INFO] Skipped existing: 006-RNAU-Dissolved.shp
2025-05-15 09:59:56,377 [INFO] Skipped existing: 006-RSMR-Dissolved.shp
2025-05-15 09:59:56,378 [INFO] Skipped existing: 006-SNVL-Dissolved.shp
2025-05-15 09:59:56,378 [INFO] Skipped existing: 006-SWNS-Dissolved.shp
2025-05-15 09:59:56,379 [INFO] Skipped existing: 006-TATJ-Dissolved.shp
2025-05-15 09:59:56,380 [INFO] Skipped existing: 006-TEAT-Dissolved.shp
2025-05-15 09:59:56,381 [INFO] Skipped existing: 006-TIRE-Dissolved.shp
2025-05-15 09:59:56,381 [INFO] Skipped existing: 006-TIRN-Dissolved.shp
2025-05-15 09:59:56,382 [INFO] Skipped existing: 006-TIRV-Dissolved.shp
2025-05-15 09:59:56,383 [INFO] Skipped existing: 006-TRIR-Dissolved.shp
2025-05-15 09:59:56,384 [INFO] Skipped existing: 006-UDAU-Dissolved.shp
2025-05-15 09:59:56,384 [INFO] Skipped existing: 006-VWTH-Dissolved.shp
2025-05-15 09:59:56,385 [INFO] Skipped existing: 006-WDPK-Dissolved.shp
2025-05-15 09:59:56,386 [INFO] Skipped existing: 006-WHBR-Dissolved.shp
2025-05-15 09:59:56,387 [INFO] Skipped existing: 006-WHNP-Dissolved.shp
2025-05-15 09:59:56,388 [INFO] Skipped existing: 006-WHTS-Dissolved.shp
2025-05-15 09:59:56,389 [INFO] Skipped existing: 006-WKKU-Dissolved.shp
2025-05-15 09:59:56,390 [INFO] Skipped existing: 006-WTKV-Dissolved.shp
2025-05-15 09:59:56,391 [INFO] Skipped existing: 007-ABST-Dissolved.shp
2025-05-15 09:59:56,392 [INFO] Skipped existing: 007-AGPO-Dissolved.shp
2025-05-15 09:59:56,392 [INFO] Skipped existing: 007-AHIB-Dissolved.shp
2025-05-15 09:59:56,393 [INFO] Skipped existing: 007-AKLU-Dissolved.shp
2025-05-15 09:59:56,394 [INFO] Skipped existing: 007-ANZA-Dissolved.shp
2025-05-15 09:59:56,394 [INFO] Skipped existing: 007-ARHH-Dissolved.shp
2025-05-15 09:59:56,395 [INFO] Skipped existing: 007-ASAU-Dissolved.shp
2025-05-15 09:59:56,395 [INFO] Skipped existing: 007-ASHA-Dissolved.shp
2025-05-15 09:59:56,396 [INFO] Skipped existing: 007-ATSQ-Dissolved.shp
2025-05-15 09:59:56,397 [INFO] Skipped existing: 007-AUSY-Dissolved.shp
2025-05-15 09:59:56,398 [INFO] Skipped existing: 007-AVDE-Dissolved.shp
2025-05-15 09:59:56,399 [INFO] Skipped existing: 007-AVDL-Dissolved.shp
2025-05-15 09:59:56,400 [INFO] Skipped existing: 007-AVDR-Dissolved.shp
2025-05-15 09:59:56,400 [INFO] Skipped existing: 007-AVDS-Dissolved.shp
2025-05-15 09:59:56,401 [INFO] Skipped existing: 007-AZIB-Dissolved.shp
2025-05-15 09:59:56,402 [INFO] Skipped existing: 007-BGOC-Dissolved.shp
2025-05-15 09:59:56,403 [INFO] Skipped existing: 007-BHBE-Dissolved.shp
2025-05-15 09:59:56,404 [INFO] Skipped existing: 007-BHBW-Dissolved.shp
2025-05-15 09:59:56,404 [INFO] Skipped existing: 007-BMAU-Dissolved.shp
2025-05-15 09:59:56,405 [INFO] Skipped existing: 007-BMRL-Dissolved.shp
2025-05-15 09:59:56,405 [INFO] Skipped existing: 007-BMRR-Dissolved.shp
2025-05-15 09:59:56,406 [INFO] Skipped existing: 007-BSPO-Dissolved.shp
2025-05-15 09:59:56,406 [INFO] Skipped existing: 007-BSPT-Dissolved.shp
2025-05-15 09:59:56,407 [INFO] Skipped existing: 007-BTAU-Dissolved.shp
2025-05-15 09:59:56,408 [INFO] Skipped existing: 007-BTMR-Dissolved.shp
2025-05-15 09:59:56,409 [INFO] Skipped existing: 007-CBIB-Dissolved.shp
2025-05-15 09:59:56,410 [INFO] Skipped existing: 007-CEAU-Dissolved.shp
2025-05-15 09:59:56,410 [INFO] Skipped existing: 007-CGNH-Dissolved.shp
2025-05-15 09:59:56,411 [INFO] Skipped existing: 007-CRAU-Dissolved.shp
2025-05-15 09:59:56,412 [INFO] Skipped existing: 007-DMRC-Dissolved.shp
2025-05-15 09:59:56,413 [INFO] Skipped existing: 007-DMRN-Dissolved.shp
2025-05-15 09:59:56,414 [INFO] Skipped existing: 007-DTET-Dissolved.shp
2025-05-15 09:59:56,414 [INFO] Skipped existing: 007-DTWT-Dissolved.shp
2025-05-15 09:59:56,415 [INFO] Skipped existing: 007-EDPN-Dissolved.shp
2025-05-15 09:59:56,416 [INFO] Skipped existing: 007-EDPS-Dissolved.shp
2025-05-15 09:59:56,417 [INFO] Skipped existing: 007-EDTR-Dissolved.shp
2025-05-15 09:59:56,418 [INFO] Skipped existing: 007-ELER-Dissolved.shp
2025-05-15 09:59:56,418 [INFO] Skipped existing: 007-ELRN-Dissolved.shp
2025-05-15 09:59:56,419 [INFO] Skipped existing: 007-ELRW-Dissolved.shp
2025-05-15 09:59:56,420 [INFO] Skipped existing: 007-ELSC-Dissolved.shp
2025-05-15 09:59:56,420 [INFO] Skipped existing: 007-EPSM-Dissolved.shp
2025-05-15 09:59:56,421 [INFO] Skipped existing: 007-ESAU-Dissolved.shp
2025-05-15 09:59:56,422 [INFO] Skipped existing: 007-ETBG-Dissolved.shp
2025-05-15 09:59:56,422 [INFO] Skipped existing: 007-EWAU-Dissolved.shp
2025-05-15 09:59:56,423 [INFO] Skipped existing: 007-FKLN-Dissolved.shp
2025-05-15 09:59:56,424 [INFO] Skipped existing: 007-FSAU-Dissolved.shp
2025-05-15 09:59:56,424 [INFO] Skipped existing: 007-FSHQ-Dissolved.shp
2025-05-15 09:59:56,425 [INFO] Skipped existing: 007-FSTM-Dissolved.shp
2025-05-15 09:59:56,425 [INFO] Skipped existing: 007-GDWT-Dissolved.shp
2025-05-15 09:59:56,426 [INFO] Skipped existing: 007-GFTG-Dissolved.shp
2025-05-15 09:59:56,427 [INFO] Skipped existing: 007-GINN-Dissolved.shp
2025-05-15 09:59:56,427 [INFO] Skipped existing: 007-GLAU-Dissolved.shp
2025-05-15 09:59:56,428 [INFO] Skipped existing: 007-GLYN-Dissolved.shp
2025-05-15 09:59:56,429 [INFO] Skipped existing: 007-GLYS-Dissolved.shp
2025-05-15 09:59:56,429 [INFO] Skipped existing: 007-GNLE-Dissolved.shp
2025-05-15 09:59:56,430 [INFO] Skipped existing: 007-GRAU-Dissolved.shp
2025-05-15 09:59:56,431 [INFO] Skipped existing: 007-GWDC-Dissolved.shp
2025-05-15 09:59:56,432 [INFO] Skipped existing: 007-GYLN-Dissolved.shp
2025-05-15 09:59:56,433 [INFO] Skipped existing: 007-HALS-Dissolved.shp
2025-05-15 09:59:56,434 [INFO] Skipped existing: 007-HBBS-Dissolved.shp
2025-05-15 09:59:56,435 [INFO] Skipped existing: 007-HBRS-Dissolved.shp
2025-05-15 09:59:56,436 [INFO] Skipped existing: 007-HERR-Dissolved.shp
2025-05-15 09:59:56,437 [INFO] Skipped existing: 007-HILB-Dissolved.shp
2025-05-15 09:59:56,438 [INFO] Skipped existing: 007-HRBM-Dissolved.shp
2025-05-15 09:59:56,439 [INFO] Skipped existing: 007-HTST-Dissolved.shp
2025-05-15 09:59:56,440 [INFO] Skipped existing: 007-JMWB-Dissolved.shp
2025-05-15 09:59:56,440 [INFO] Skipped existing: 007-KARD-Dissolved.shp
2025-05-15 09:59:56,441 [INFO] Skipped existing: 007-KBPS-Dissolved.shp
2025-05-15 09:59:56,442 [INFO] Skipped existing: 007-KBRP-Dissolved.shp
2025-05-15 09:59:56,443 [INFO] Skipped existing: 007-KGLS-Dissolved.shp
2025-05-15 09:59:56,443 [INFO] Skipped existing: 007-KGSL-Dissolved.shp
2025-05-15 09:59:56,444 [INFO] Skipped existing: 007-KGTN-Dissolved.shp
2025-05-15 09:59:56,445 [INFO] Skipped existing: 007-KHMR-Dissolved.shp
2025-05-15 09:59:56,446 [INFO] Skipped existing: 007-KHMS-Dissolved.shp
2025-05-15 09:59:56,446 [INFO] Skipped existing: 007-KPAU-Dissolved.shp
2025-05-15 09:59:56,447 [INFO] Skipped existing: 007-KPBR-Dissolved.shp
2025-05-15 09:59:56,448 [INFO] Skipped existing: 007-KPIB-Dissolved.shp
2025-05-15 09:59:56,449 [INFO] Skipped existing: 007-KPIG-Dissolved.shp
2025-05-15 09:59:56,450 [INFO] Skipped existing: 007-KPRR-Dissolved.shp
2025-05-15 09:59:56,451 [INFO] Skipped existing: 007-KRAU-Dissolved.shp
2025-05-15 09:59:56,452 [INFO] Skipped existing: 007-LPKW-Dissolved.shp
2025-05-15 09:59:56,453 [INFO] Skipped existing: 007-LYNF-Dissolved.shp
2025-05-15 09:59:56,454 [INFO] Skipped existing: 007-LYNN-Dissolved.shp
2025-05-15 09:59:56,454 [INFO] Skipped existing: 007-MALE-Dissolved.shp
2025-05-15 09:59:56,455 [INFO] Skipped existing: 007-MAPO-Dissolved.shp
2025-05-15 09:59:56,456 [INFO] Skipped existing: 007-MBUR-Dissolved.shp
2025-05-15 09:59:56,456 [INFO] Skipped existing: 007-MCHB-Dissolved.shp
2025-05-15 09:59:56,457 [INFO] Skipped existing: 007-MCMT-Dissolved.shp
2025-05-15 09:59:56,457 [INFO] Skipped existing: 007-MCON-Dissolved.shp
2025-05-15 09:59:56,458 [INFO] Skipped existing: 007-MCOS-Dissolved.shp
2025-05-15 09:59:56,458 [INFO] Skipped existing: 007-MEDM-Dissolved.shp
2025-05-15 09:59:56,459 [INFO] Skipped existing: 007-MEDV-Dissolved.shp
2025-05-15 09:59:56,460 [INFO] Skipped existing: 007-MKTR-Dissolved.shp
2025-05-15 09:59:56,460 [INFO] Skipped existing: 007-MNGS-Dissolved.shp
2025-05-15 09:59:56,461 [INFO] Skipped existing: 007-MRAU-Dissolved.shp
2025-05-15 09:59:56,461 [INFO] Skipped existing: 007-MRKL-Dissolved.shp
2025-05-15 09:59:56,462 [INFO] Skipped existing: 007-MRKS-Dissolved.shp
2025-05-15 09:59:56,462 [INFO] Skipped existing: 007-MSAU-Dissolved.shp
2025-05-15 09:59:56,463 [INFO] Skipped existing: 007-MSBU-Dissolved.shp
2025-05-15 09:59:56,464 [INFO] Skipped existing: 007-MSMT-Dissolved.shp
2025-05-15 09:59:56,465 [INFO] Skipped existing: 007-MSNB-Dissolved.shp
2025-05-15 09:59:56,466 [INFO] Skipped existing: 007-MSNR-Dissolved.shp
2025-05-15 09:59:56,467 [INFO] Skipped existing: 007-MSSD-Dissolved.shp
2025-05-15 09:59:56,467 [INFO] Skipped existing: 007-MSTR-Dissolved.shp
2025-05-15 09:59:56,468 [INFO] Skipped existing: 007-MTAU-Dissolved.shp
2025-05-15 09:59:56,469 [INFO] Skipped existing: 007-MTED-Dissolved.shp
2025-05-15 09:59:56,469 [INFO] Skipped existing: 007-MWGN-Dissolved.shp
2025-05-15 09:59:56,470 [INFO] Skipped existing: 007-MWGT-Dissolved.shp
2025-05-15 09:59:56,471 [INFO] Skipped existing: 007-MWTR-Dissolved.shp
2025-05-15 09:59:56,472 [INFO] Skipped existing: 007-MWTS-Dissolved.shp
2025-05-15 09:59:56,473 [INFO] Skipped existing: 007-MYHP-Dissolved.shp
2025-05-15 09:59:56,474 [INFO] Skipped existing: 007-MYRC-Dissolved.shp
2025-05-15 09:59:56,474 [INFO] Skipped existing: 007-NDAU-Dissolved.shp
2025-05-15 09:59:56,475 [INFO] Skipped existing: 007-NEAU-Dissolved.shp
2025-05-15 09:59:56,475 [INFO] Skipped existing: 007-NLAU-Dissolved.shp
2025-05-15 09:59:56,476 [INFO] Skipped existing: 007-NMKC-Dissolved.shp
2025-05-15 09:59:56,477 [INFO] Skipped existing: 007-NMKS-Dissolved.shp
2025-05-15 09:59:56,477 [INFO] Skipped existing: 007-NMVD-Dissolved.shp
2025-05-15 09:59:56,478 [INFO] Skipped existing: 007-NSON-Dissolved.shp
2025-05-15 09:59:56,478 [INFO] Skipped existing: 007-NTNR-Dissolved.shp
2025-05-15 09:59:56,479 [INFO] Skipped existing: 007-NWAU-Dissolved.shp
2025-05-15 09:59:56,480 [INFO] Skipped existing: 007-NWIN-Dissolved.shp
2025-05-15 09:59:56,480 [INFO] Skipped existing: 007-NWTR-Dissolved.shp
2025-05-15 09:59:56,481 [INFO] Skipped existing: 007-OKHU-Dissolved.shp
2025-05-15 09:59:56,482 [INFO] Skipped existing: 007-OLRD-Dissolved.shp
2025-05-15 09:59:56,482 [INFO] Skipped existing: 007-ONHC-Dissolved.shp
2025-05-15 09:59:56,484 [INFO] Skipped existing: 007-ONHS-Dissolved.shp
2025-05-15 09:59:56,484 [INFO] Skipped existing: 007-ONHW-Dissolved.shp
2025-05-15 09:59:56,485 [INFO] Skipped existing: 007-ORGA-Dissolved.shp
2025-05-15 09:59:56,486 [INFO] Skipped existing: 007-ORKB-Dissolved.shp
2025-05-15 09:59:56,487 [INFO] Skipped existing: 007-ORKL-Dissolved.shp
2025-05-15 09:59:56,488 [INFO] Skipped existing: 007-OTER-Dissolved.shp
2025-05-15 09:59:56,488 [INFO] Skipped existing: 007-OTHE-Dissolved.shp
2025-05-15 09:59:56,489 [INFO] Skipped existing: 007-OTHN-Dissolved.shp
2025-05-15 09:59:56,489 [INFO] Skipped existing: 007-OWAR-Dissolved.shp
2025-05-15 09:59:56,490 [INFO] Skipped existing: 007-PAHR-Dissolved.shp
2025-05-15 09:59:56,490 [INFO] Skipped existing: 007-PAMR-Dissolved.shp
2025-05-15 09:59:56,491 [INFO] Skipped existing: 007-PAMU-Dissolved.shp
2025-05-15 09:59:56,492 [INFO] Skipped existing: 007-PCHV-Dissolved.shp
2025-05-15 09:59:56,492 [INFO] Skipped existing: 007-PCIB-Dissolved.shp
2025-05-15 09:59:56,493 [INFO] Skipped existing: 007-PENG-Dissolved.shp
2025-05-15 09:59:56,494 [INFO] Skipped existing: 007-PHIB-Dissolved.shp
2025-05-15 09:59:56,494 [INFO] Skipped existing: 007-PKRD-Dissolved.shp
2025-05-15 09:59:56,495 [INFO] Skipped existing: 007-PNCR-Dissolved.shp
2025-05-15 09:59:56,495 [INFO] Skipped existing: 007-PNLR-Dissolved.shp
2025-05-15 09:59:56,496 [INFO] Skipped existing: 007-PNRW-Dissolved.shp
2025-05-15 09:59:56,497 [INFO] Skipped existing: 007-PRDL-Dissolved.shp
2025-05-15 09:59:56,497 [INFO] Skipped existing: 007-PRNL-Dissolved.shp
2025-05-15 09:59:56,498 [INFO] Skipped existing: 007-PRSE-Dissolved.shp
2025-05-15 09:59:56,499 [INFO] Skipped existing: 007-PSBS-Dissolved.shp
2025-05-15 09:59:56,500 [INFO] Skipped existing: 007-PTAU-Dissolved.shp
2025-05-15 09:59:56,501 [INFO] Skipped existing: 007-PTCS-Dissolved.shp
2025-05-15 09:59:56,501 [INFO] Skipped existing: 007-QAPK-Dissolved.shp
2025-05-15 09:59:56,502 [INFO] Skipped existing: 007-QNWF-Dissolved.shp
2025-05-15 09:59:56,503 [INFO] Skipped existing: 007-QUNS-Dissolved.shp
2025-05-15 09:59:56,504 [INFO] Skipped existing: 007-QYST-Dissolved.shp
2025-05-15 09:59:56,504 [INFO] Skipped existing: 007-RMAR-Dissolved.shp
2025-05-15 09:59:56,505 [INFO] Skipped existing: 007-RMUA-Dissolved.shp
2025-05-15 09:59:56,505 [INFO] Skipped existing: 007-RMUE-Dissolved.shp
2025-05-15 09:59:56,506 [INFO] Skipped existing: 007-RMUN-Dissolved.shp
2025-05-15 09:59:56,507 [INFO] Skipped existing: 007-RMUR-Dissolved.shp
2025-05-15 09:59:56,507 [INFO] Skipped existing: 007-RMUW-Dissolved.shp
2025-05-15 09:59:56,508 [INFO] Skipped existing: 007-RSBK-Dissolved.shp
2025-05-15 09:59:56,509 [INFO] Skipped existing: 007-RWEK-Dissolved.shp
2025-05-15 09:59:56,509 [INFO] Skipped existing: 007-RYLO-Dissolved.shp
2025-05-15 09:59:56,510 [INFO] Skipped existing: 007-SAAU-Dissolved.shp
2025-05-15 09:59:56,510 [INFO] Skipped existing: 007-SDGH-Dissolved.shp
2025-05-15 09:59:56,511 [INFO] Skipped existing: 007-SDOW-Dissolved.shp
2025-05-15 09:59:56,512 [INFO] Skipped existing: 007-SDWN-Dissolved.shp
2025-05-15 09:59:56,512 [INFO] Skipped existing: 007-SGRB-Dissolved.shp
2025-05-15 09:59:56,513 [INFO] Skipped existing: 007-SHAU-Dissolved.shp
2025-05-15 09:59:56,514 [INFO] Skipped existing: 007-SHLR-Dissolved.shp
2025-05-15 09:59:56,515 [INFO] Skipped existing: 007-SHRR-Dissolved.shp
2025-05-15 09:59:56,516 [INFO] Skipped existing: 007-SHTL-Dissolved.shp
2025-05-15 09:59:56,517 [INFO] Skipped existing: 007-SJHN-Dissolved.shp
2025-05-15 09:59:56,518 [INFO] Skipped existing: 007-SJHS-Dissolved.shp
2025-05-15 09:59:56,518 [INFO] Skipped existing: 007-SKCC-Dissolved.shp
2025-05-15 09:59:56,519 [INFO] Skipped existing: 007-SKCT-Dissolved.shp
2025-05-15 09:59:56,520 [INFO] Skipped existing: 007-SLUK-Dissolved.shp
2025-05-15 09:59:56,521 [INFO] Skipped existing: 007-SLVP-Dissolved.shp
2025-05-15 09:59:56,522 [INFO] Skipped existing: 007-SMAU-Dissolved.shp
2025-05-15 09:59:56,523 [INFO] Skipped existing: 007-SNYH-Dissolved.shp
2025-05-15 09:59:56,523 [INFO] Skipped existing: 007-SPGJ-Dissolved.shp
2025-05-15 09:59:56,524 [INFO] Skipped existing: 007-SPPO-Dissolved.shp
2025-05-15 09:59:56,525 [INFO] Skipped existing: 007-STNF-Dissolved.shp
2025-05-15 09:59:56,526 [INFO] Skipped existing: 007-SVPK-Dissolved.shp
2025-05-15 09:59:56,526 [INFO] Skipped existing: 007-SYLP-Dissolved.shp
2025-05-15 09:59:56,527 [INFO] Skipped existing: 007-SYNT-Dissolved.shp
2025-05-15 09:59:56,527 [INFO] Skipped existing: 007-TDPO-Dissolved.shp
2025-05-15 09:59:56,528 [INFO] Skipped existing: 007-THKG-Dissolved.shp
2025-05-15 09:59:56,529 [INFO] Skipped existing: 007-THRL-Dissolved.shp
2025-05-15 09:59:56,529 [INFO] Skipped existing: 007-TMKI-Dissolved.shp
2025-05-15 09:59:56,530 [INFO] Skipped existing: 007-TPPP-Dissolved.shp
2025-05-15 09:59:56,532 [INFO] Skipped existing: 007-UNIN-Dissolved.shp
2025-05-15 09:59:56,533 [INFO] Skipped existing: 007-UPWF-Dissolved.shp
2025-05-15 09:59:56,534 [INFO] Skipped existing: 007-VBPL-Dissolved.shp
2025-05-15 09:59:56,535 [INFO] Skipped existing: 007-VCLR-Dissolved.shp
2025-05-15 09:59:56,536 [INFO] Skipped existing: 007-VGBI-Dissolved.shp
2025-05-15 09:59:56,537 [INFO] Skipped existing: 007-VHIB-Dissolved.shp
2025-05-15 09:59:56,538 [INFO] Skipped existing: 007-VICG-Dissolved.shp
2025-05-15 09:59:56,539 [INFO] Skipped existing: 007-VICR-Dissolved.shp
2025-05-15 09:59:56,540 [INFO] Skipped existing: 007-VICW-Dissolved.shp
2025-05-15 09:59:56,540 [INFO] Skipped existing: 007-VIDT-Dissolved.shp
2025-05-15 09:59:56,541 [INFO] Skipped existing: 007-VMTI-Dissolved.shp
2025-05-15 09:59:56,542 [INFO] Skipped existing: 007-VOKC-Dissolved.shp
2025-05-15 09:59:56,542 [INFO] Skipped existing: 007-VONT-Dissolved.shp
2025-05-15 09:59:56,543 [INFO] Skipped existing: 007-VOOT-Dissolved.shp
2025-05-15 09:59:56,544 [INFO] Skipped existing: 007-VOST-Dissolved.shp
2025-05-15 09:59:56,544 [INFO] Skipped existing: 007-VOTG-Dissolved.shp
2025-05-15 09:59:56,545 [INFO] Skipped existing: 007-VPBB-Dissolved.shp
2025-05-15 09:59:56,546 [INFO] Skipped existing: 007-VRTI-Dissolved.shp
2025-05-15 09:59:56,546 [INFO] Skipped existing: 007-VSFB-Dissolved.shp
2025-05-15 09:59:56,547 [INFO] Skipped existing: 007-VSFD-Dissolved.shp
2025-05-15 09:59:56,548 [INFO] Skipped existing: 007-VWAU-Dissolved.shp
2025-05-15 09:59:56,549 [INFO] Skipped existing: 007-VWHG-Dissolved.shp
2025-05-15 09:59:56,550 [INFO] Skipped existing: 007-VWHH-Dissolved.shp
2025-05-15 09:59:56,551 [INFO] Skipped existing: 007-VWHI-Dissolved.shp
2025-05-15 09:59:56,551 [INFO] Skipped existing: 007-WESY-Dissolved.shp
2025-05-15 09:59:56,552 [INFO] Skipped existing: 007-WKWH-Dissolved.shp
2025-05-15 09:59:56,553 [INFO] Skipped existing: 007-WLQM-Dissolved.shp
2025-05-15 09:59:56,554 [INFO] Skipped existing: 007-WLSW-Dissolved.shp
2025-05-15 09:59:56,554 [INFO] Skipped existing: 007-WMAU-Dissolved.shp
2025-05-15 09:59:56,555 [INFO] Skipped existing: 007-WNIB-Dissolved.shp
2025-05-15 09:59:56,556 [INFO] Skipped existing: 007-WSAU-Dissolved.shp
2025-05-15 09:59:56,556 [INFO] Skipped existing: 007-WSTH-Dissolved.shp
2025-05-15 09:59:56,557 [INFO] Skipped existing: 007-WSTM-Dissolved.shp
2025-05-15 09:59:56,558 [INFO] Skipped existing: 007-WSTS-Dissolved.shp
2025-05-15 09:59:56,558 [INFO] Skipped existing: 007-WVTL-Dissolved.shp
2025-05-15 09:59:56,559 [INFO] Skipped existing: 008-AADT-Dissolved.shp
2025-05-15 09:59:56,560 [INFO] Skipped existing: 008-AAIB-Dissolved.shp
2025-05-15 09:59:56,561 [INFO] Skipped existing: 008-AAIT-Dissolved.shp
2025-05-15 09:59:56,562 [INFO] Skipped existing: 008-AIPO-Dissolved.shp
2025-05-15 09:59:56,562 [INFO] Skipped existing: 008-APDR-Dissolved.shp
2025-05-15 09:59:56,563 [INFO] Skipped existing: 008-BCLR-Dissolved.shp
2025-05-15 09:59:56,563 [INFO] Skipped existing: 008-BDAU-Dissolved.shp
2025-05-15 09:59:56,564 [INFO] Skipped existing: 008-BIKE-Dissolved.shp
2025-05-15 09:59:56,565 [INFO] Skipped existing: 008-BKLB-Dissolved.shp
2025-05-15 09:59:56,566 [INFO] Skipped existing: 008-BNAU-Dissolved.shp
2025-05-15 09:59:56,567 [INFO] Skipped existing: 008-BOTE-Dissolved.shp
2025-05-15 09:59:56,568 [INFO] Skipped existing: 008-BRAU-Dissolved.shp
2025-05-15 09:59:56,569 [INFO] Skipped existing: 008-BTJN-Dissolved.shp
2025-05-15 09:59:56,570 [INFO] Skipped existing: 008-BVAU-Dissolved.shp
2025-05-15 09:59:56,571 [INFO] Skipped existing: 008-CBAU-Dissolved.shp
2025-05-15 09:59:56,572 [INFO] Skipped existing: 008-CCBR-Dissolved.shp
2025-05-15 09:59:56,572 [INFO] Skipped existing: 008-CLDN-Dissolved.shp
2025-05-15 09:59:56,573 [INFO] Skipped existing: 008-CNAU-Dissolved.shp
2025-05-15 09:59:56,574 [INFO] Skipped existing: 008-CPAU-Dissolved.shp
2025-05-15 09:59:56,574 [INFO] Skipped existing: 008-CVDN-Dissolved.shp
2025-05-15 09:59:56,575 [INFO] Skipped existing: 008-CVPK-Dissolved.shp
2025-05-15 09:59:56,576 [INFO] Skipped existing: 008-DANM-Dissolved.shp
2025-05-15 09:59:56,576 [INFO] Skipped existing: 008-EBCH-Dissolved.shp
2025-05-15 09:59:56,577 [INFO] Skipped existing: 008-EGDR-Dissolved.shp
2025-05-15 09:59:56,578 [INFO] Skipped existing: 008-ETMK-Dissolved.shp
2025-05-15 09:59:56,578 [INFO] Skipped existing: 008-FAVN-Dissolved.shp
2025-05-15 09:59:56,579 [INFO] Skipped existing: 008-FEAU-Dissolved.shp
2025-05-15 09:59:56,579 [INFO] Skipped existing: 008-FLBJ-Dissolved.shp
2025-05-15 09:59:56,580 [INFO] Skipped existing: 008-FLBS-Dissolved.shp
2025-05-15 09:59:56,581 [INFO] Skipped existing: 008-FRMC-Dissolved.shp
2025-05-15 09:59:56,581 [INFO] Skipped existing: 008-GNMT-Dissolved.shp
2025-05-15 09:59:56,582 [INFO] Skipped existing: 008-HAMB-Dissolved.shp
2025-05-15 09:59:56,583 [INFO] Skipped existing: 008-HIBR-Dissolved.shp
2025-05-15 09:59:56,583 [INFO] Skipped existing: 008-HIBS-Dissolved.shp
2025-05-15 09:59:56,584 [INFO] Skipped existing: 008-HIPK-Dissolved.shp
2025-05-15 09:59:56,585 [INFO] Skipped existing: 008-HIPR-Dissolved.shp
2025-05-15 09:59:56,586 [INFO] Skipped existing: 008-HLRA-Dissolved.shp
2025-05-15 09:59:56,586 [INFO] Skipped existing: 008-HOAU-Dissolved.shp
2025-05-15 09:59:56,587 [INFO] Skipped existing: 008-HOMC-Dissolved.shp
2025-05-15 09:59:56,588 [INFO] Skipped existing: 008-HOMW-Dissolved.shp
2025-05-15 09:59:56,589 [INFO] Skipped existing: 008-HOWC-Dissolved.shp
2025-05-15 09:59:56,589 [INFO] Skipped existing: 008-HOWW-Dissolved.shp
2025-05-15 09:59:56,590 [INFO] Skipped existing: 008-HPRU-Dissolved.shp
2025-05-15 09:59:56,590 [INFO] Skipped existing: 008-HRAU-Dissolved.shp
2025-05-15 09:59:56,591 [INFO] Skipped existing: 008-HTPK-Dissolved.shp
2025-05-15 09:59:56,591 [INFO] Skipped existing: 008-JFDR-Dissolved.shp
2025-05-15 09:59:56,592 [INFO] Skipped existing: 008-MDLD-Dissolved.shp
2025-05-15 09:59:56,593 [INFO] Skipped existing: 008-MDMH-Dissolved.shp
2025-05-15 09:59:56,593 [INFO] Skipped existing: 008-MEAU-Dissolved.shp
2025-05-15 09:59:56,594 [INFO] Skipped existing: 008-MELB-Dissolved.shp
2025-05-15 09:59:56,595 [INFO] Skipped existing: 008-MGAU-Dissolved.shp
2025-05-15 09:59:56,596 [INFO] Skipped existing: 008-MGBT-Dissolved.shp
2025-05-15 09:59:56,596 [INFO] Skipped existing: 008-MGEB-Dissolved.shp
2025-05-15 09:59:56,597 [INFO] Skipped existing: 008-MGRB-Dissolved.shp
2025-05-15 09:59:56,597 [INFO] Skipped existing: 008-MGRE-Dissolved.shp
2025-05-15 09:59:56,598 [INFO] Skipped existing: 008-MGRW-Dissolved.shp
2025-05-15 09:59:56,599 [INFO] Skipped existing: 008-MHAU-Dissolved.shp
2025-05-15 09:59:56,601 [INFO] Skipped existing: 008-MIAU-Dissolved.shp
2025-05-15 09:59:56,601 [INFO] Skipped existing: 008-MILS-Dissolved.shp
2025-05-15 09:59:56,602 [INFO] Skipped existing: 008-MNAU-Dissolved.shp
2025-05-15 09:59:56,603 [INFO] Skipped existing: 008-MNKC-Dissolved.shp
2025-05-15 09:59:56,604 [INFO] Skipped existing: 008-MNKJ-Dissolved.shp
2025-05-15 09:59:56,604 [INFO] Skipped existing: 008-MRWC-Dissolved.shp
2025-05-15 09:59:56,605 [INFO] Skipped existing: 008-MRWE-Dissolved.shp
2025-05-15 09:59:56,606 [INFO] Skipped existing: 008-MRWW-Dissolved.shp
2025-05-15 09:59:56,606 [INFO] Skipped existing: 008-MUPT-Dissolved.shp
2025-05-15 09:59:56,607 [INFO] Skipped existing: 008-ORAU-Dissolved.shp
2025-05-15 09:59:56,608 [INFO] Skipped existing: 008-ORRP-Dissolved.shp
2025-05-15 09:59:56,609 [INFO] Skipped existing: 008-OTAR-Dissolved.shp
2025-05-15 09:59:56,610 [INFO] Skipped existing: 008-OTAU-Dissolved.shp
2025-05-15 09:59:56,610 [INFO] Skipped existing: 008-OTAW-Dissolved.shp
2025-05-15 09:59:56,611 [INFO] Skipped existing: 008-OTHH-Dissolved.shp
2025-05-15 09:59:56,612 [INFO] Skipped existing: 008-PCAU-Dissolved.shp
2025-05-15 09:59:56,612 [INFO] Skipped existing: 008-PEAU-Dissolved.shp
2025-05-15 09:59:56,613 [INFO] Skipped existing: 008-PKGN-Dissolved.shp
2025-05-15 09:59:56,614 [INFO] Skipped existing: 008-PKRG-Dissolved.shp
2025-05-15 09:59:56,614 [INFO] Skipped existing: 008-PNAU-Dissolved.shp
2025-05-15 09:59:56,615 [INFO] Skipped existing: 008-PPTC-Dissolved.shp
2025-05-15 09:59:56,616 [INFO] Skipped existing: 008-PPTE-Dissolved.shp
2025-05-15 09:59:56,617 [INFO] Skipped existing: 008-PPTV-Dissolved.shp
2025-05-15 09:59:56,618 [INFO] Skipped existing: 008-PPTW-Dissolved.shp
2025-05-15 09:59:56,618 [INFO] Skipped existing: 008-PSAU-Dissolved.shp
2025-05-15 09:59:56,619 [INFO] Skipped existing: 008-PUHN-Dissolved.shp
2025-05-15 09:59:56,619 [INFO] Skipped existing: 008-PUHW-Dissolved.shp
2025-05-15 09:59:56,620 [INFO] Skipped existing: 008-PUMW-Dissolved.shp
2025-05-15 09:59:56,621 [INFO] Skipped existing: 008-RBRB-Dissolved.shp
2025-05-15 09:59:56,621 [INFO] Skipped existing: 008-RCLN-Dissolved.shp
2025-05-15 09:59:56,622 [INFO] Skipped existing: 008-RDRD-Dissolved.shp
2025-05-15 09:59:56,623 [INFO] Skipped existing: 008-RMNB-Dissolved.shp
2025-05-15 09:59:56,624 [INFO] Skipped existing: 008-RNEV-Dissolved.shp
2025-05-15 09:59:56,624 [INFO] Skipped existing: 008-RPAU-Dissolved.shp
2025-05-15 09:59:56,625 [INFO] Skipped existing: 008-SHPK-Dissolved.shp
2025-05-15 09:59:56,625 [INFO] Skipped existing: 008-SMAL-Dissolved.shp
2025-05-15 09:59:56,626 [INFO] Skipped existing: 008-SNYH-Dissolved.shp
2025-05-15 09:59:56,626 [INFO] Skipped existing: 008-TEIR-Dissolved.shp
2025-05-15 09:59:56,627 [INFO] Skipped existing: 008-TGAR-Dissolved.shp
2025-05-15 09:59:56,628 [INFO] Skipped existing: 008-TIAU-Dissolved.shp
2025-05-15 09:59:56,629 [INFO] Skipped existing: 008-TIRD-Dissolved.shp
2025-05-15 09:59:56,629 [INFO] Skipped existing: 008-TKNE-Dissolved.shp
2025-05-15 09:59:56,630 [INFO] Skipped existing: 008-TKNJ-Dissolved.shp
2025-05-15 09:59:56,631 [INFO] Skipped existing: 008-TOTW-Dissolved.shp
2025-05-15 09:59:56,632 [INFO] Skipped existing: 008-TTAU-Dissolved.shp
2025-05-15 09:59:56,633 [INFO] Skipped existing: 008-TUSH-Dissolved.shp
2025-05-15 09:59:56,634 [INFO] Skipped existing: 008-VKAB-Dissolved.shp
2025-05-15 09:59:56,635 [INFO] Skipped existing: 008-VMAI-Dissolved.shp
2025-05-15 09:59:56,636 [INFO] Skipped existing: 008-VWIT-Dissolved.shp
2025-05-15 09:59:56,637 [INFO] Skipped existing: 008-WEYC-Dissolved.shp
2025-05-15 09:59:56,638 [INFO] Skipped existing: 008-WEYM-Dissolved.shp
2025-05-15 09:59:56,640 [INFO] Skipped existing: 008-WIAU-Dissolved.shp
2025-05-15 09:59:56,641 [INFO] Skipped existing: 008-WIRI-Dissolved.shp
2025-05-15 09:59:56,641 [INFO] Skipped existing: 008-XMAS-Dissolved.shp
2025-05-15 09:59:56,642 [INFO] Skipped existing: 009-ARDM-Dissolved.shp
2025-05-15 09:59:56,643 [INFO] Skipped existing: 009-AUPN-Dissolved.shp
2025-05-15 09:59:56,643 [INFO] Skipped existing: 009-COGR-Dissolved.shp
2025-05-15 09:59:56,644 [INFO] Skipped existing: 009-DRUR-Dissolved.shp
2025-05-15 09:59:56,645 [INFO] Skipped existing: 009-GVAU-Dissolved.shp
2025-05-15 09:59:56,646 [INFO] Skipped existing: 009-HGAU-Dissolved.shp
2025-05-15 09:59:56,646 [INFO] Skipped existing: 009-PDAU-Dissolved.shp
2025-05-15 09:59:56,647 [INFO] Skipped existing: 009-PPKE-Dissolved.shp
2025-05-15 09:59:56,649 [INFO] Skipped existing: 009-PPKJ-Dissolved.shp
2025-05-15 09:59:56,650 [INFO] Skipped existing: 009-PPKR-Dissolved.shp
2025-05-15 09:59:56,652 [INFO] Skipped existing: 009-PPKS-Dissolved.shp
2025-05-15 09:59:56,652 [INFO] Skipped existing: 009-REDH-Dissolved.shp
2025-05-15 09:59:56,653 [INFO] Skipped existing: 009-RHLN-Dissolved.shp
2025-05-15 09:59:56,654 [INFO] Skipped existing: 009-RHNW-Dissolved.shp
2025-05-15 09:59:56,655 [INFO] Skipped existing: 009-TKNS-Dissolved.shp
2025-05-15 09:59:56,655 [INFO] Skipped existing: 010-AWIN-Dissolved.shp
2025-05-15 09:59:56,656 [INFO] Skipped existing: 010-BNTH-Dissolved.shp
2025-05-15 09:59:56,657 [INFO] Skipped existing: 010-BOBY-Dissolved.shp
2025-05-15 09:59:56,658 [INFO] Skipped existing: 010-GNBK-Dissolved.shp
2025-05-15 09:59:56,658 [INFO] Skipped existing: 010-HNUA-Dissolved.shp
2025-05-15 09:59:56,659 [INFO] Skipped existing: 010-NPAU-Dissolved.shp
2025-05-15 09:59:56,660 [INFO] Skipped existing: 010-PKAU-Dissolved.shp
2025-05-15 09:59:56,660 [INFO] Skipped existing: 010-PKKO-Dissolved.shp
2025-05-15 09:59:56,661 [INFO] Skipped existing: 010-PKKR-Dissolved.shp
2025-05-15 09:59:56,662 [INFO] Skipped existing: 010-PKNO-Dissolved.shp
2025-05-15 09:59:56,663 [INFO] Skipped existing: 010-PRAU-Dissolved.shp
2025-05-15 09:59:56,664 [INFO] Skipped existing: 010-PUAU-Dissolved.shp
2025-05-15 09:59:56,665 [INFO] Skipped existing: 010-PUKT-Dissolved.shp
2025-05-15 09:59:56,666 [INFO] Skipped existing: 010-PWKT-Dissolved.shp
2025-05-15 09:59:56,667 [INFO] Skipped existing: 010-RATS-Dissolved.shp
2025-05-15 09:59:56,668 [INFO] Skipped existing: 010-RKRN-Dissolved.shp
2025-05-15 09:59:56,669 [INFO] Skipped existing: 010-ROAW-Dissolved.shp
2025-05-15 09:59:56,670 [INFO] Skipped existing: 010-RONS-Dissolved.shp
2025-05-15 09:59:56,671 [INFO] Skipped existing: 010-RPPV-Dissolved.shp
2025-05-15 09:59:56,672 [INFO] Skipped existing: 010-RTKO-Dissolved.shp
2025-05-15 09:59:56,673 [INFO] Skipped existing: 010-RWET-Dissolved.shp
2025-05-15 09:59:56,674 [INFO] Skipped existing: 010-VARU-Dissolved.shp
2025-05-15 09:59:56,674 [INFO] Skipped existing: 010-VBBS-Dissolved.shp
2025-05-15 09:59:56,675 [INFO] Skipped existing: 010-VCBC-Dissolved.shp
2025-05-15 09:59:56,676 [INFO] Skipped existing: 010-VCKB-Dissolved.shp
2025-05-15 09:59:56,677 [INFO] Skipped existing: 010-VDRU-Dissolved.shp
2025-05-15 09:59:56,678 [INFO] Skipped existing: 010-VGMU-Dissolved.shp
2025-05-15 09:59:56,678 [INFO] Skipped existing: 010-VKAA-Dissolved.shp
2025-05-15 09:59:56,679 [INFO] Skipped existing: 010-VKGS-Dissolved.shp
2025-05-15 09:59:56,680 [INFO] Skipped existing: 010-VMER-Dissolved.shp
2025-05-15 09:59:56,681 [INFO] Skipped existing: 010-VPKH-Dissolved.shp
2025-05-15 09:59:56,682 [INFO] Skipped existing: 010-VPTM-Dissolved.shp
2025-05-15 09:59:56,683 [INFO] Skipped existing: 010-VRRM-Dissolved.shp
2025-05-15 09:59:56,684 [INFO] Skipped existing: 010-WPAU-Dissolved.shp
2025-05-15 09:59:56,685 [INFO] Skipped existing: 010-WUKU-Dissolved.shp
2025-05-15 09:59:56,686 [INFO] Step 0.1: Generating live tower coverage union...
2025-05-15 09:59:56,697 [INFO] Filtering 555 live towers for batch dissolve...
2025-05-15 10:00:34,252 [INFO] Starting batched unary_union...
2025-05-15 10:14:32,938 [INFO] Final union of batch results...
2025-05-15 10:15:11,083 [INFO] Created 1 records
2025-05-15 10:15:11,084 [INFO] [Generated] Batched live network coverage saved to c:\Users\Jeremy\Documents\GitHub\2024-S2-R-D-Adaptive-Network-Management\ranking\tower_analysis\..\output\live_network_coverage_c246c21f_batched.shp
2025-05-15 10:15:11,660 [INFO] Live coverage generated in 914.97s
2025-05-15 10:15:11,661 [INFO] Step 0.2: Filtering uncovered facilities...
2025-05-15 10:15:25,572 [INFO] Created 45 records
2025-05-15 10:15:25,573 [INFO] [Generated] Saved 45 uncovered facilities to c:\Users\Jeremy\Documents\GitHub\2024-S2-R-D-Adaptive-Network-Management\ranking\tower_analysis\..\output\filtered_facilities_c246c21f.shp
2025-05-15 10:15:25,588 [INFO] Facility filtering done in 13.93s
2025-05-15 10:15:25,589 [INFO] Step 1: Loading failed tower geometries...
2025-05-15 10:15:26,765 [INFO] Loaded 22 failed tower geometries.
2025-05-15 10:15:26,765 [INFO] Step 2: Loading filtered facility data...
2025-05-15 10:15:26,775 [INFO] Loaded 45 filtered facilities.
2025-05-15 10:15:26,775 [INFO] Step 3: Loading population data...
2025-05-15 10:15:30,034 [INFO] Loaded 196942 population grid cells.
2025-05-15 10:15:30,035 [INFO] Step 4: Calculating exclusive coverage areas (batched with index)...
2025-05-15 10:15:59,279 [INFO] Exclusive coverage calculated in 29.24s
2025-05-15 10:15:59,279 [INFO] Step 5: Getting weights...
2025-05-15 10:16:07,690 [INFO] Using weights: {'hospital': 9, 'police': 8, 'fire_station': 10, 'population_scale': 0.00045}
2025-05-15 10:16:07,690 [INFO] Step 6: Ranking failed towers...
2025-05-15 10:16:07,897 [ERROR] An error occurred during execution.
Traceback (most recent call last):
  File "C:\Users\Jeremy\AppData\Local\Programs\Python\Python313\Lib\site-packages\pandas\core\indexes\base.py", line 3805, in get_loc
    return self._engine.get_loc(casted_key)
           ~~~~~~~~~~~~~~~~~~~~^^^^^^^^^^^^
  File "index.pyx", line 167, in pandas._libs.index.IndexEngine.get_loc
  File "index.pyx", line 196, in pandas._libs.index.IndexEngine.get_loc
  File "pandas\\_libs\\hashtable_class_helper.pxi", line 7081, in pandas._libs.hashtable.PyObjectHashTable.get_item
  File "pandas\\_libs\\hashtable_class_helper.pxi", line 7089, in pandas._libs.hashtable.PyObjectHashTable.get_item
KeyError: 'orig_area'

The above exception was the direct cause of the following exception:

Traceback (most recent call last):
  File "c:\Users\Jeremy\Documents\GitHub\2024-S2-R-D-Adaptive-Network-Management\ranking\main.py", line 101, in main
    tower_scores = rank_failed_towers(
        failed_exclusive_coverage,
    ...<2 lines>...
        user_weights
    )
  File "c:\Users\Jeremy\Documents\GitHub\2024-S2-R-D-Adaptive-Network-Management\ranking\tower_analysis\ranking.py", line 30, in rank_failed_towers
    pop_weighted, pop_unweighted = calculate_population_within_coverage(
                                   ~~~~~~~~~~~~~~~~~~~~~~~~~~~~~~~~~~~~^
        failed_exclusive_coverage, population_gdf
        ^^^^^^^^^^^^^^^^^^^^^^^^^^^^^^^^^^^^^^^^^
    )
    ^
  File "c:\Users\Jeremy\Documents\GitHub\2024-S2-R-D-Adaptive-Network-Management\ranking\tower_analysis\coverage_analysis.py", line 110, in calculate_population_within_coverage
    intersection["area_ratio"] = intersection["intersect_area"] / intersection["orig_area"]
                                                                  ~~~~~~~~~~~~^^^^^^^^^^^^^
  File "C:\Users\Jeremy\AppData\Local\Programs\Python\Python313\Lib\site-packages\geopandas\geodataframe.py", line 1750, in __getitem__
    result = super().__getitem__(key)
  File "C:\Users\Jeremy\AppData\Local\Programs\Python\Python313\Lib\site-packages\pandas\core\frame.py", line 4102, in __getitem__
    indexer = self.columns.get_loc(key)
  File "C:\Users\Jeremy\AppData\Local\Programs\Python\Python313\Lib\site-packages\pandas\core\indexes\base.py", line 3812, in get_loc
    raise KeyError(key) from err
KeyError: 'orig_area'
2025-05-15 10:16:07,916 [INFO] Script completed in 971.83 seconds.
