2025-05-14 20:38:41,437 [INFO] Step 0: Preprocessing dissolved shapefiles...
2025-05-14 20:38:41,579 [INFO] Found 577 unique tower prefixes to process.
2025-05-14 20:38:41,587 [INFO] Skipped existing: 004-ABAU-Dissolved.shp
2025-05-14 20:38:41,587 [INFO] Skipped existing: 004-AHRA-Dissolved.shp
2025-05-14 20:38:41,588 [INFO] Skipped existing: 004-ARMB-Dissolved.shp
2025-05-14 20:38:41,588 [INFO] Skipped existing: 004-GHBR-Dissolved.shp
2025-05-14 20:38:41,589 [INFO] Skipped existing: 004-HFAU-Dissolved.shp
2025-05-14 20:38:41,589 [INFO] Skipped existing: 004-HSVL-Dissolved.shp
2025-05-14 20:38:41,591 [INFO] Skipped existing: 004-KPKP-Dissolved.shp
2025-05-14 20:38:41,591 [INFO] Skipped existing: 004-KRKH-Dissolved.shp
2025-05-14 20:38:41,592 [INFO] Skipped existing: 004-KUMU-Dissolved.shp
2025-05-14 20:38:41,592 [INFO] Skipped existing: 004-KWIL-Dissolved.shp
2025-05-14 20:38:41,593 [INFO] Skipped existing: 004-LEGH-Dissolved.shp
2025-05-14 20:38:41,593 [INFO] Skipped existing: 004-MKRU-Dissolved.shp
2025-05-14 20:38:41,594 [INFO] Skipped existing: 004-MNLY-Dissolved.shp
2025-05-14 20:38:41,594 [INFO] Skipped existing: 004-MRWI-Dissolved.shp
2025-05-14 20:38:41,595 [INFO] Skipped existing: 004-MTKA-Dissolved.shp
2025-05-14 20:38:41,595 [INFO] Skipped existing: 004-NSAD-Dissolved.shp
2025-05-14 20:38:41,596 [INFO] Skipped existing: 004-OMAU-Dissolved.shp
2025-05-14 20:38:41,596 [INFO] Skipped existing: 004-OMHA-Dissolved.shp
2025-05-14 20:38:41,597 [INFO] Skipped existing: 004-ORWA-Dissolved.shp
2025-05-14 20:38:41,597 [INFO] Skipped existing: 004-OWAU-Dissolved.shp
2025-05-14 20:38:41,598 [INFO] Skipped existing: 004-PUHB-Dissolved.shp
2025-05-14 20:38:41,598 [INFO] Skipped existing: 004-PUHS-Dissolved.shp
2025-05-14 20:38:41,599 [INFO] Skipped existing: 004-RARV-Dissolved.shp
2025-05-14 20:38:41,599 [INFO] Skipped existing: 004-RARW-Dissolved.shp
2025-05-14 20:38:41,600 [INFO] Skipped existing: 004-RBPL-Dissolved.shp
2025-05-14 20:38:41,600 [INFO] Skipped existing: 004-RBRV-Dissolved.shp
2025-05-14 20:38:41,601 [INFO] Skipped existing: 004-RDVL-Dissolved.shp
2025-05-14 20:38:41,601 [INFO] Skipped existing: 004-REDB-Dissolved.shp
2025-05-14 20:38:41,602 [INFO] Skipped existing: 004-RGLR-Dissolved.shp
2025-05-14 20:38:41,602 [INFO] Skipped existing: 004-RIAU-Dissolved.shp
2025-05-14 20:38:41,603 [INFO] Skipped existing: 004-RKCH-Dissolved.shp
2025-05-14 20:38:41,603 [INFO] Skipped existing: 004-RMKE-Dissolved.shp
2025-05-14 20:38:41,604 [INFO] Skipped existing: 004-RMKN-Dissolved.shp
2025-05-14 20:38:41,604 [INFO] Skipped existing: 004-RPHX-Dissolved.shp
2025-05-14 20:38:41,605 [INFO] Skipped existing: 004-RPKR-Dissolved.shp
2025-05-14 20:38:41,605 [INFO] Skipped existing: 004-RSAU-Dissolved.shp
2025-05-14 20:38:41,606 [INFO] Skipped existing: 004-RSHE-Dissolved.shp
2025-05-14 20:38:41,606 [INFO] Skipped existing: 004-RTAI-Dissolved.shp
2025-05-14 20:38:41,607 [INFO] Skipped existing: 004-RVHT-Dissolved.shp
2025-05-14 20:38:41,607 [INFO] Skipped existing: 004-RVRH-Dissolved.shp
2025-05-14 20:38:41,608 [INFO] Skipped existing: 004-RWGR-Dissolved.shp
2025-05-14 20:38:41,608 [INFO] Skipped existing: 004-RWRN-Dissolved.shp
2025-05-14 20:38:41,609 [INFO] Skipped existing: 004-RWRS-Dissolved.shp
2025-05-14 20:38:41,609 [INFO] Skipped existing: 004-SDOR-Dissolved.shp
2025-05-14 20:38:41,610 [INFO] Skipped existing: 004-SNEL-Dissolved.shp
2025-05-14 20:38:41,610 [INFO] Skipped existing: 004-STMB-Dissolved.shp
2025-05-14 20:38:41,611 [INFO] Skipped existing: 004-SVDL-Dissolved.shp
2025-05-14 20:38:41,611 [INFO] Skipped existing: 004-TDBH-Dissolved.shp
2025-05-14 20:38:41,612 [INFO] Skipped existing: 004-UORW-Dissolved.shp
2025-05-14 20:38:41,612 [INFO] Skipped existing: 004-VDFT-Dissolved.shp
2025-05-14 20:38:41,613 [INFO] Skipped existing: 004-VKPH-Dissolved.shp
2025-05-14 20:38:41,613 [INFO] Skipped existing: 004-VNME-Dissolved.shp
2025-05-14 20:38:41,614 [INFO] Skipped existing: 004-VTEH-Dissolved.shp
2025-05-14 20:38:41,614 [INFO] Skipped existing: 004-VWDH-Dissolved.shp
2025-05-14 20:38:41,615 [INFO] Skipped existing: 004-WDHD-Dissolved.shp
2025-05-14 20:38:41,615 [INFO] Skipped existing: 004-WELS-Dissolved.shp
2025-05-14 20:38:41,616 [INFO] Skipped existing: 004-WHPR-Dissolved.shp
2025-05-14 20:38:41,616 [INFO] Skipped existing: 004-WKSH-Dissolved.shp
2025-05-14 20:38:41,617 [INFO] Skipped existing: 004-WMKU-Dissolved.shp
2025-05-14 20:38:41,617 [INFO] Skipped existing: 004-WRKW-Dissolved.shp
2025-05-14 20:38:41,618 [INFO] Skipped existing: 004-WTKI-Dissolved.shp
2025-05-14 20:38:41,618 [INFO] Skipped existing: 004-WWRA-Dissolved.shp
2025-05-14 20:38:41,619 [INFO] Skipped existing: 005-ABMC-Dissolved.shp
2025-05-14 20:38:41,619 [INFO] Skipped existing: 005-ASTH-Dissolved.shp
2025-05-14 20:38:41,620 [INFO] Skipped existing: 005-AYET-Dissolved.shp
2025-05-14 20:38:41,620 [INFO] Skipped existing: 005-AYWT-Dissolved.shp
2025-05-14 20:38:41,620 [INFO] Skipped existing: 005-BBCL-Dissolved.shp
2025-05-14 20:38:41,621 [INFO] Skipped existing: 005-BBNH-Dissolved.shp
2025-05-14 20:38:41,621 [INFO] Skipped existing: 005-BBSH-Dissolved.shp
2025-05-14 20:38:41,622 [INFO] Skipped existing: 005-BBWT-Dissolved.shp
2025-05-14 20:38:41,622 [INFO] Skipped existing: 005-BHHN-Dissolved.shp
2025-05-14 20:38:41,623 [INFO] Skipped existing: 005-BHNH-Dissolved.shp
2025-05-14 20:38:41,623 [INFO] Skipped existing: 005-BHSH-Dissolved.shp
2025-05-14 20:38:41,624 [INFO] Skipped existing: 005-BIRK-Dissolved.shp
2025-05-14 20:38:41,624 [INFO] Skipped existing: 005-BKCL-Dissolved.shp
2025-05-14 20:38:41,625 [INFO] Skipped existing: 005-BKWT-Dissolved.shp
2025-05-14 20:38:41,625 [INFO] Skipped existing: 005-BLMT-Dissolved.shp
2025-05-14 20:38:41,626 [INFO] Skipped existing: 005-BRBM-Dissolved.shp
2025-05-14 20:38:41,626 [INFO] Skipped existing: 005-BYPT-Dissolved.shp
2025-05-14 20:38:41,627 [INFO] Skipped existing: 005-BYVW-Dissolved.shp
2025-05-14 20:38:41,628 [INFO] Skipped existing: 005-CBAY-Dissolved.shp
2025-05-14 20:38:41,628 [INFO] Skipped existing: 005-CPBB-Dissolved.shp
2025-05-14 20:38:41,629 [INFO] Skipped existing: 005-CRHL-Dissolved.shp
2025-05-14 20:38:41,629 [INFO] Skipped existing: 005-DNTH-Dissolved.shp
2025-05-14 20:38:41,630 [INFO] Skipped existing: 005-DSTH-Dissolved.shp
2025-05-14 20:38:41,630 [INFO] Skipped existing: 005-ESMD-Dissolved.shp
2025-05-14 20:38:41,631 [INFO] Skipped existing: 005-FRHL-Dissolved.shp
2025-05-14 20:38:41,631 [INFO] Skipped existing: 005-GFCL-Dissolved.shp
2025-05-14 20:38:41,632 [INFO] Skipped existing: 005-GFRD-Dissolved.shp
2025-05-14 20:38:41,632 [INFO] Skipped existing: 005-GLNR-Dissolved.shp
2025-05-14 20:38:41,632 [INFO] Skipped existing: 005-GLSH-Dissolved.shp
2025-05-14 20:38:41,633 [INFO] Skipped existing: 005-GRNC-Dissolved.shp
2025-05-14 20:38:41,633 [INFO] Skipped existing: 005-GRNS-Dissolved.shp
2025-05-14 20:38:41,634 [INFO] Skipped existing: 005-HBBG-Dissolved.shp
2025-05-14 20:38:41,634 [INFO] Skipped existing: 005-HBRN-Dissolved.shp
2025-05-14 20:38:41,635 [INFO] Skipped existing: 005-HKCR-Dissolved.shp
2025-05-14 20:38:41,635 [INFO] Skipped existing: 005-HLCS-Dissolved.shp
2025-05-14 20:38:41,636 [INFO] Skipped existing: 005-HLCW-Dissolved.shp
2025-05-14 20:38:41,636 [INFO] Skipped existing: 005-KPRK-Dissolved.shp
2025-05-14 20:38:41,636 [INFO] Skipped existing: 005-LBAU-Dissolved.shp
2025-05-14 20:38:41,637 [INFO] Skipped existing: 005-LKPP-Dissolved.shp
2025-05-14 20:38:41,637 [INFO] Skipped existing: 005-LOAU-Dissolved.shp
2025-05-14 20:38:41,638 [INFO] Skipped existing: 005-MBYN-Dissolved.shp
2025-05-14 20:38:41,638 [INFO] Skipped existing: 005-MIBY-Dissolved.shp
2025-05-14 20:38:41,639 [INFO] Skipped existing: 005-MLFD-Dissolved.shp
2025-05-14 20:38:41,639 [INFO] Skipped existing: 005-MNCT-Dissolved.shp
2025-05-14 20:38:41,640 [INFO] Skipped existing: 005-MUBY-Dissolved.shp
2025-05-14 20:38:41,640 [INFO] Skipped existing: 005-NCMC-Dissolved.shp
2025-05-14 20:38:41,640 [INFO] Skipped existing: 005-NCOW-Dissolved.shp
2025-05-14 20:38:41,641 [INFO] Skipped existing: 005-NHBR-Dissolved.shp
2025-05-14 20:38:41,641 [INFO] Skipped existing: 005-NHST-Dissolved.shp
2025-05-14 20:38:41,642 [INFO] Skipped existing: 005-NORH-Dissolved.shp
2025-05-14 20:38:41,643 [INFO] Skipped existing: 005-NTHC-Dissolved.shp
2025-05-14 20:38:41,643 [INFO] Skipped existing: 005-NTHM-Dissolved.shp
2025-05-14 20:38:41,644 [INFO] Skipped existing: 005-NTHX-Dissolved.shp
2025-05-14 20:38:41,644 [INFO] Skipped existing: 005-NWST-Dissolved.shp
2025-05-14 20:38:41,645 [INFO] Skipped existing: 005-PNHL-Dissolved.shp
2025-05-14 20:38:41,645 [INFO] Skipped existing: 005-PRMP-Dissolved.shp
2025-05-14 20:38:41,646 [INFO] Skipped existing: 005-RBAY-Dissolved.shp
2025-05-14 20:38:41,646 [INFO] Skipped existing: 005-SNAP-Dissolved.shp
2025-05-14 20:38:41,646 [INFO] Skipped existing: 005-SNTH-Dissolved.shp
2025-05-14 20:38:41,647 [INFO] Skipped existing: 005-STBY-Dissolved.shp
2025-05-14 20:38:41,647 [INFO] Skipped existing: 005-SUNS-Dissolved.shp
2025-05-14 20:38:41,648 [INFO] Skipped existing: 005-SYNK-Dissolved.shp
2025-05-14 20:38:41,648 [INFO] Skipped existing: 005-TBYH-Dissolved.shp
2025-05-14 20:38:41,649 [INFO] Skipped existing: 005-TKPN-Dissolved.shp
2025-05-14 20:38:41,649 [INFO] Skipped existing: 005-TRBY-Dissolved.shp
2025-05-14 20:38:41,649 [INFO] Skipped existing: 005-USWH-Dissolved.shp
2025-05-14 20:38:41,650 [INFO] Skipped existing: 005-WNNI-Dissolved.shp
2025-05-14 20:38:41,650 [INFO] Skipped existing: 005-WRAU-Dissolved.shp
2025-05-14 20:38:41,651 [INFO] Skipped existing: 005-WRNH-Dissolved.shp
2025-05-14 20:38:41,651 [INFO] Skipped existing: 005-WRPK-Dissolved.shp
2025-05-14 20:38:41,651 [INFO] Skipped existing: 005-WRSH-Dissolved.shp
2025-05-14 20:38:41,652 [INFO] Skipped existing: 006-ALBN-Dissolved.shp
2025-05-14 20:38:41,652 [INFO] Skipped existing: 006-COAT-Dissolved.shp
2025-05-14 20:38:41,653 [INFO] Skipped existing: 006-CPKH-Dissolved.shp
2025-05-14 20:38:41,653 [INFO] Skipped existing: 006-CRWC-Dissolved.shp
2025-05-14 20:38:41,653 [INFO] Skipped existing: 006-ERAU-Dissolved.shp
2025-05-14 20:38:41,654 [INFO] Skipped existing: 006-GLDN-Dissolved.shp
2025-05-14 20:38:41,654 [INFO] Skipped existing: 006-GLDR-Dissolved.shp
2025-05-14 20:38:41,655 [INFO] Skipped existing: 006-GLDS-Dissolved.shp
2025-05-14 20:38:41,655 [INFO] Skipped existing: 006-GLNN-Dissolved.shp
2025-05-14 20:38:41,656 [INFO] Skipped existing: 006-GLNW-Dissolved.shp
2025-05-14 20:38:41,656 [INFO] Skipped existing: 006-GRNB-Dissolved.shp
2025-05-14 20:38:41,657 [INFO] Skipped existing: 006-HBVL-Dissolved.shp
2025-05-14 20:38:41,657 [INFO] Skipped existing: 006-HCAU-Dissolved.shp
2025-05-14 20:38:41,658 [INFO] Skipped existing: 006-HDNC-Dissolved.shp
2025-05-14 20:38:41,658 [INFO] Skipped existing: 006-HDNE-Dissolved.shp
2025-05-14 20:38:41,659 [INFO] Skipped existing: 006-HDNS-Dissolved.shp
2025-05-14 20:38:41,659 [INFO] Skipped existing: 006-HOBS-Dissolved.shp
2025-05-14 20:38:41,660 [INFO] Skipped existing: 006-HRBV-Dissolved.shp
2025-05-14 20:38:41,660 [INFO] Skipped existing: 006-HTWL-Dissolved.shp
2025-05-14 20:38:41,661 [INFO] Skipped existing: 006-JCPO-Dissolved.shp
2025-05-14 20:38:41,662 [INFO] Skipped existing: 006-KLST-Dissolved.shp
2025-05-14 20:38:41,662 [INFO] Skipped existing: 006-KSTG-Dissolved.shp
2025-05-14 20:38:41,663 [INFO] Skipped existing: 006-LCAU-Dissolved.shp
2025-05-14 20:38:41,663 [INFO] Skipped existing: 006-LCNN-Dissolved.shp
2025-05-14 20:38:41,663 [INFO] Skipped existing: 006-LCNS-Dissolved.shp
2025-05-14 20:38:41,664 [INFO] Skipped existing: 006-LCNW-Dissolved.shp
2025-05-14 20:38:41,664 [INFO] Skipped existing: 006-LNAU-Dissolved.shp
2025-05-14 20:38:41,665 [INFO] Skipped existing: 006-LNML-Dissolved.shp
2025-05-14 20:38:41,665 [INFO] Skipped existing: 006-MLPK-Dissolved.shp
2025-05-14 20:38:41,666 [INFO] Skipped existing: 006-MNTH-Dissolved.shp
2025-05-14 20:38:41,666 [INFO] Skipped existing: 006-MPRK-Dissolved.shp
2025-05-14 20:38:41,667 [INFO] Skipped existing: 006-MWST-Dissolved.shp
2025-05-14 20:38:41,667 [INFO] Skipped existing: 006-NWSC-Dissolved.shp
2025-05-14 20:38:41,667 [INFO] Skipped existing: 006-PIHA-Dissolved.shp
2025-05-14 20:38:41,668 [INFO] Skipped existing: 006-RANU-Dissolved.shp
2025-05-14 20:38:41,668 [INFO] Skipped existing: 006-RANW-Dissolved.shp
2025-05-14 20:38:41,669 [INFO] Skipped existing: 006-RLGR-Dissolved.shp
2025-05-14 20:38:41,669 [INFO] Skipped existing: 006-RNAU-Dissolved.shp
2025-05-14 20:38:41,670 [INFO] Skipped existing: 006-RSMR-Dissolved.shp
2025-05-14 20:38:41,670 [INFO] Skipped existing: 006-SNVL-Dissolved.shp
2025-05-14 20:38:41,671 [INFO] Skipped existing: 006-SWNS-Dissolved.shp
2025-05-14 20:38:41,671 [INFO] Skipped existing: 006-TATJ-Dissolved.shp
2025-05-14 20:38:41,672 [INFO] Skipped existing: 006-TEAT-Dissolved.shp
2025-05-14 20:38:41,672 [INFO] Skipped existing: 006-TIRE-Dissolved.shp
2025-05-14 20:38:41,672 [INFO] Skipped existing: 006-TIRN-Dissolved.shp
2025-05-14 20:38:41,673 [INFO] Skipped existing: 006-TIRV-Dissolved.shp
2025-05-14 20:38:41,673 [INFO] Skipped existing: 006-TRIR-Dissolved.shp
2025-05-14 20:38:41,674 [INFO] Skipped existing: 006-UDAU-Dissolved.shp
2025-05-14 20:38:41,674 [INFO] Skipped existing: 006-VWTH-Dissolved.shp
2025-05-14 20:38:41,675 [INFO] Skipped existing: 006-WDPK-Dissolved.shp
2025-05-14 20:38:41,675 [INFO] Skipped existing: 006-WHBR-Dissolved.shp
2025-05-14 20:38:41,676 [INFO] Skipped existing: 006-WHNP-Dissolved.shp
2025-05-14 20:38:41,677 [INFO] Skipped existing: 006-WHTS-Dissolved.shp
2025-05-14 20:38:41,677 [INFO] Skipped existing: 006-WKKU-Dissolved.shp
2025-05-14 20:38:41,678 [INFO] Skipped existing: 006-WTKV-Dissolved.shp
2025-05-14 20:38:41,678 [INFO] Skipped existing: 007-ABST-Dissolved.shp
2025-05-14 20:38:41,678 [INFO] Skipped existing: 007-AGPO-Dissolved.shp
2025-05-14 20:38:41,679 [INFO] Skipped existing: 007-AHIB-Dissolved.shp
2025-05-14 20:38:41,679 [INFO] Skipped existing: 007-AKLU-Dissolved.shp
2025-05-14 20:38:41,680 [INFO] Skipped existing: 007-ANZA-Dissolved.shp
2025-05-14 20:38:41,680 [INFO] Skipped existing: 007-ARHH-Dissolved.shp
2025-05-14 20:38:41,680 [INFO] Skipped existing: 007-ASAU-Dissolved.shp
2025-05-14 20:38:41,681 [INFO] Skipped existing: 007-ASHA-Dissolved.shp
2025-05-14 20:38:41,681 [INFO] Skipped existing: 007-ATSQ-Dissolved.shp
2025-05-14 20:38:41,682 [INFO] Skipped existing: 007-AUSY-Dissolved.shp
2025-05-14 20:38:41,682 [INFO] Skipped existing: 007-AVDE-Dissolved.shp
2025-05-14 20:38:41,683 [INFO] Skipped existing: 007-AVDL-Dissolved.shp
2025-05-14 20:38:41,683 [INFO] Skipped existing: 007-AVDR-Dissolved.shp
2025-05-14 20:38:41,683 [INFO] Skipped existing: 007-AVDS-Dissolved.shp
2025-05-14 20:38:41,684 [INFO] Skipped existing: 007-AZIB-Dissolved.shp
2025-05-14 20:38:41,684 [INFO] Skipped existing: 007-BGOC-Dissolved.shp
2025-05-14 20:38:41,685 [INFO] Skipped existing: 007-BHBE-Dissolved.shp
2025-05-14 20:38:41,685 [INFO] Skipped existing: 007-BHBW-Dissolved.shp
2025-05-14 20:38:41,686 [INFO] Skipped existing: 007-BMAU-Dissolved.shp
2025-05-14 20:38:41,686 [INFO] Skipped existing: 007-BMRL-Dissolved.shp
2025-05-14 20:38:41,686 [INFO] Skipped existing: 007-BMRR-Dissolved.shp
2025-05-14 20:38:41,687 [INFO] Skipped existing: 007-BSPO-Dissolved.shp
2025-05-14 20:38:41,688 [INFO] Skipped existing: 007-BSPT-Dissolved.shp
2025-05-14 20:38:41,688 [INFO] Skipped existing: 007-BTAU-Dissolved.shp
2025-05-14 20:38:41,688 [INFO] Skipped existing: 007-BTMR-Dissolved.shp
2025-05-14 20:38:41,689 [INFO] Skipped existing: 007-CBIB-Dissolved.shp
2025-05-14 20:38:41,689 [INFO] Skipped existing: 007-CEAU-Dissolved.shp
2025-05-14 20:38:41,690 [INFO] Skipped existing: 007-CGNH-Dissolved.shp
2025-05-14 20:38:41,690 [INFO] Skipped existing: 007-CRAU-Dissolved.shp
2025-05-14 20:38:41,691 [INFO] Skipped existing: 007-DMRC-Dissolved.shp
2025-05-14 20:38:41,691 [INFO] Skipped existing: 007-DMRN-Dissolved.shp
2025-05-14 20:38:41,691 [INFO] Skipped existing: 007-DTET-Dissolved.shp
2025-05-14 20:38:41,692 [INFO] Skipped existing: 007-DTWT-Dissolved.shp
2025-05-14 20:38:41,692 [INFO] Skipped existing: 007-EDPN-Dissolved.shp
2025-05-14 20:38:41,693 [INFO] Skipped existing: 007-EDPS-Dissolved.shp
2025-05-14 20:38:41,693 [INFO] Skipped existing: 007-EDTR-Dissolved.shp
2025-05-14 20:38:41,694 [INFO] Skipped existing: 007-ELER-Dissolved.shp
2025-05-14 20:38:41,694 [INFO] Skipped existing: 007-ELRN-Dissolved.shp
2025-05-14 20:38:41,695 [INFO] Skipped existing: 007-ELRW-Dissolved.shp
2025-05-14 20:38:41,695 [INFO] Skipped existing: 007-ELSC-Dissolved.shp
2025-05-14 20:38:41,695 [INFO] Skipped existing: 007-EPSM-Dissolved.shp
2025-05-14 20:38:41,696 [INFO] Skipped existing: 007-ESAU-Dissolved.shp
2025-05-14 20:38:41,696 [INFO] Skipped existing: 007-ETBG-Dissolved.shp
2025-05-14 20:38:41,697 [INFO] Skipped existing: 007-EWAU-Dissolved.shp
2025-05-14 20:38:41,697 [INFO] Skipped existing: 007-FKLN-Dissolved.shp
2025-05-14 20:38:41,698 [INFO] Skipped existing: 007-FSAU-Dissolved.shp
2025-05-14 20:38:41,698 [INFO] Skipped existing: 007-FSHQ-Dissolved.shp
2025-05-14 20:38:41,698 [INFO] Skipped existing: 007-FSTM-Dissolved.shp
2025-05-14 20:38:41,699 [INFO] Skipped existing: 007-GDWT-Dissolved.shp
2025-05-14 20:38:41,699 [INFO] Skipped existing: 007-GFTG-Dissolved.shp
2025-05-14 20:38:41,700 [INFO] Skipped existing: 007-GINN-Dissolved.shp
2025-05-14 20:38:41,700 [INFO] Skipped existing: 007-GLAU-Dissolved.shp
2025-05-14 20:38:41,701 [INFO] Skipped existing: 007-GLYN-Dissolved.shp
2025-05-14 20:38:41,701 [INFO] Skipped existing: 007-GLYS-Dissolved.shp
2025-05-14 20:38:41,701 [INFO] Skipped existing: 007-GNLE-Dissolved.shp
2025-05-14 20:38:41,702 [INFO] Skipped existing: 007-GRAU-Dissolved.shp
2025-05-14 20:38:41,702 [INFO] Skipped existing: 007-GWDC-Dissolved.shp
2025-05-14 20:38:41,703 [INFO] Skipped existing: 007-GYLN-Dissolved.shp
2025-05-14 20:38:41,703 [INFO] Skipped existing: 007-HALS-Dissolved.shp
2025-05-14 20:38:41,704 [INFO] Skipped existing: 007-HBBS-Dissolved.shp
2025-05-14 20:38:41,704 [INFO] Skipped existing: 007-HBRS-Dissolved.shp
2025-05-14 20:38:41,704 [INFO] Skipped existing: 007-HERR-Dissolved.shp
2025-05-14 20:38:41,705 [INFO] Skipped existing: 007-HILB-Dissolved.shp
2025-05-14 20:38:41,705 [INFO] Skipped existing: 007-HRBM-Dissolved.shp
2025-05-14 20:38:41,706 [INFO] Skipped existing: 007-HTST-Dissolved.shp
2025-05-14 20:38:41,706 [INFO] Skipped existing: 007-JMWB-Dissolved.shp
2025-05-14 20:38:41,707 [INFO] Skipped existing: 007-KARD-Dissolved.shp
2025-05-14 20:38:41,707 [INFO] Skipped existing: 007-KBPS-Dissolved.shp
2025-05-14 20:38:41,708 [INFO] Skipped existing: 007-KBRP-Dissolved.shp
2025-05-14 20:38:41,708 [INFO] Skipped existing: 007-KGLS-Dissolved.shp
2025-05-14 20:38:41,709 [INFO] Skipped existing: 007-KGSL-Dissolved.shp
2025-05-14 20:38:41,709 [INFO] Skipped existing: 007-KGTN-Dissolved.shp
2025-05-14 20:38:41,709 [INFO] Skipped existing: 007-KHMR-Dissolved.shp
2025-05-14 20:38:41,710 [INFO] Skipped existing: 007-KHMS-Dissolved.shp
2025-05-14 20:38:41,710 [INFO] Skipped existing: 007-KPAU-Dissolved.shp
2025-05-14 20:38:41,711 [INFO] Skipped existing: 007-KPBR-Dissolved.shp
2025-05-14 20:38:41,711 [INFO] Skipped existing: 007-KPIB-Dissolved.shp
2025-05-14 20:38:41,711 [INFO] Skipped existing: 007-KPIG-Dissolved.shp
2025-05-14 20:38:41,712 [INFO] Skipped existing: 007-KPRR-Dissolved.shp
2025-05-14 20:38:41,712 [INFO] Skipped existing: 007-KRAU-Dissolved.shp
2025-05-14 20:38:41,713 [INFO] Skipped existing: 007-LPKW-Dissolved.shp
2025-05-14 20:38:41,713 [INFO] Skipped existing: 007-LYNF-Dissolved.shp
2025-05-14 20:38:41,713 [INFO] Skipped existing: 007-LYNN-Dissolved.shp
2025-05-14 20:38:41,714 [INFO] Skipped existing: 007-MALE-Dissolved.shp
2025-05-14 20:38:41,714 [INFO] Skipped existing: 007-MAPO-Dissolved.shp
2025-05-14 20:38:41,715 [INFO] Skipped existing: 007-MBUR-Dissolved.shp
2025-05-14 20:38:41,715 [INFO] Skipped existing: 007-MCHB-Dissolved.shp
2025-05-14 20:38:41,715 [INFO] Skipped existing: 007-MCMT-Dissolved.shp
2025-05-14 20:38:41,716 [INFO] Skipped existing: 007-MCON-Dissolved.shp
2025-05-14 20:38:41,716 [INFO] Skipped existing: 007-MCOS-Dissolved.shp
2025-05-14 20:38:41,717 [INFO] Skipped existing: 007-MEDM-Dissolved.shp
2025-05-14 20:38:41,717 [INFO] Skipped existing: 007-MEDV-Dissolved.shp
2025-05-14 20:38:41,717 [INFO] Skipped existing: 007-MKTR-Dissolved.shp
2025-05-14 20:38:41,718 [INFO] Skipped existing: 007-MNGS-Dissolved.shp
2025-05-14 20:38:41,718 [INFO] Skipped existing: 007-MRAU-Dissolved.shp
2025-05-14 20:38:41,719 [INFO] Skipped existing: 007-MRKL-Dissolved.shp
2025-05-14 20:38:41,719 [INFO] Skipped existing: 007-MRKS-Dissolved.shp
2025-05-14 20:38:41,720 [INFO] Skipped existing: 007-MSAU-Dissolved.shp
2025-05-14 20:38:41,720 [INFO] Skipped existing: 007-MSBU-Dissolved.shp
2025-05-14 20:38:41,720 [INFO] Skipped existing: 007-MSMT-Dissolved.shp
2025-05-14 20:38:41,721 [INFO] Skipped existing: 007-MSNB-Dissolved.shp
2025-05-14 20:38:41,721 [INFO] Skipped existing: 007-MSNR-Dissolved.shp
2025-05-14 20:38:41,722 [INFO] Skipped existing: 007-MSSD-Dissolved.shp
2025-05-14 20:38:41,722 [INFO] Skipped existing: 007-MSTR-Dissolved.shp
2025-05-14 20:38:41,722 [INFO] Skipped existing: 007-MTAU-Dissolved.shp
2025-05-14 20:38:41,723 [INFO] Skipped existing: 007-MTED-Dissolved.shp
2025-05-14 20:38:41,723 [INFO] Skipped existing: 007-MWGN-Dissolved.shp
2025-05-14 20:38:41,724 [INFO] Skipped existing: 007-MWGT-Dissolved.shp
2025-05-14 20:38:41,724 [INFO] Skipped existing: 007-MWTR-Dissolved.shp
2025-05-14 20:38:41,724 [INFO] Skipped existing: 007-MWTS-Dissolved.shp
2025-05-14 20:38:41,725 [INFO] Skipped existing: 007-MYHP-Dissolved.shp
2025-05-14 20:38:41,725 [INFO] Skipped existing: 007-MYRC-Dissolved.shp
2025-05-14 20:38:41,726 [INFO] Skipped existing: 007-NDAU-Dissolved.shp
2025-05-14 20:38:41,726 [INFO] Skipped existing: 007-NEAU-Dissolved.shp
2025-05-14 20:38:41,727 [INFO] Skipped existing: 007-NLAU-Dissolved.shp
2025-05-14 20:38:41,727 [INFO] Skipped existing: 007-NMKC-Dissolved.shp
2025-05-14 20:38:41,728 [INFO] Skipped existing: 007-NMKS-Dissolved.shp
2025-05-14 20:38:41,728 [INFO] Skipped existing: 007-NMVD-Dissolved.shp
2025-05-14 20:38:41,728 [INFO] Skipped existing: 007-NSON-Dissolved.shp
2025-05-14 20:38:41,729 [INFO] Skipped existing: 007-NTNR-Dissolved.shp
2025-05-14 20:38:41,729 [INFO] Skipped existing: 007-NWAU-Dissolved.shp
2025-05-14 20:38:41,730 [INFO] Skipped existing: 007-NWIN-Dissolved.shp
2025-05-14 20:38:41,730 [INFO] Skipped existing: 007-NWTR-Dissolved.shp
2025-05-14 20:38:41,730 [INFO] Skipped existing: 007-OKHU-Dissolved.shp
2025-05-14 20:38:41,731 [INFO] Skipped existing: 007-OLRD-Dissolved.shp
2025-05-14 20:38:41,731 [INFO] Skipped existing: 007-ONHC-Dissolved.shp
2025-05-14 20:38:41,732 [INFO] Skipped existing: 007-ONHS-Dissolved.shp
2025-05-14 20:38:41,732 [INFO] Skipped existing: 007-ONHW-Dissolved.shp
2025-05-14 20:38:41,732 [INFO] Skipped existing: 007-ORGA-Dissolved.shp
2025-05-14 20:38:41,733 [INFO] Skipped existing: 007-ORKB-Dissolved.shp
2025-05-14 20:38:41,733 [INFO] Skipped existing: 007-ORKL-Dissolved.shp
2025-05-14 20:38:41,734 [INFO] Skipped existing: 007-OTER-Dissolved.shp
2025-05-14 20:38:41,734 [INFO] Skipped existing: 007-OTHE-Dissolved.shp
2025-05-14 20:38:41,734 [INFO] Skipped existing: 007-OTHN-Dissolved.shp
2025-05-14 20:38:41,735 [INFO] Skipped existing: 007-OWAR-Dissolved.shp
2025-05-14 20:38:41,735 [INFO] Skipped existing: 007-PAHR-Dissolved.shp
2025-05-14 20:38:41,736 [INFO] Skipped existing: 007-PAMR-Dissolved.shp
2025-05-14 20:38:41,736 [INFO] Skipped existing: 007-PAMU-Dissolved.shp
2025-05-14 20:38:41,737 [INFO] Skipped existing: 007-PCHV-Dissolved.shp
2025-05-14 20:38:41,737 [INFO] Skipped existing: 007-PCIB-Dissolved.shp
2025-05-14 20:38:41,737 [INFO] Skipped existing: 007-PENG-Dissolved.shp
2025-05-14 20:38:41,738 [INFO] Skipped existing: 007-PHIB-Dissolved.shp
2025-05-14 20:38:41,738 [INFO] Skipped existing: 007-PKRD-Dissolved.shp
2025-05-14 20:38:41,738 [INFO] Skipped existing: 007-PNCR-Dissolved.shp
2025-05-14 20:38:41,739 [INFO] Skipped existing: 007-PNLR-Dissolved.shp
2025-05-14 20:38:41,739 [INFO] Skipped existing: 007-PNRW-Dissolved.shp
2025-05-14 20:38:41,740 [INFO] Skipped existing: 007-PRDL-Dissolved.shp
2025-05-14 20:38:41,740 [INFO] Skipped existing: 007-PRNL-Dissolved.shp
2025-05-14 20:38:41,740 [INFO] Skipped existing: 007-PRSE-Dissolved.shp
2025-05-14 20:38:41,741 [INFO] Skipped existing: 007-PSBS-Dissolved.shp
2025-05-14 20:38:41,741 [INFO] Skipped existing: 007-PTAU-Dissolved.shp
2025-05-14 20:38:41,742 [INFO] Skipped existing: 007-PTCS-Dissolved.shp
2025-05-14 20:38:41,742 [INFO] Skipped existing: 007-QAPK-Dissolved.shp
2025-05-14 20:38:41,742 [INFO] Skipped existing: 007-QNWF-Dissolved.shp
2025-05-14 20:38:41,743 [INFO] Skipped existing: 007-QUNS-Dissolved.shp
2025-05-14 20:38:41,743 [INFO] Skipped existing: 007-QYST-Dissolved.shp
2025-05-14 20:38:41,743 [INFO] Skipped existing: 007-RMAR-Dissolved.shp
2025-05-14 20:38:41,744 [INFO] Skipped existing: 007-RMUA-Dissolved.shp
2025-05-14 20:38:41,744 [INFO] Skipped existing: 007-RMUE-Dissolved.shp
2025-05-14 20:38:41,745 [INFO] Skipped existing: 007-RMUN-Dissolved.shp
2025-05-14 20:38:41,745 [INFO] Skipped existing: 007-RMUR-Dissolved.shp
2025-05-14 20:38:41,745 [INFO] Skipped existing: 007-RMUW-Dissolved.shp
2025-05-14 20:38:41,746 [INFO] Skipped existing: 007-RSBK-Dissolved.shp
2025-05-14 20:38:41,746 [INFO] Skipped existing: 007-RWEK-Dissolved.shp
2025-05-14 20:38:41,747 [INFO] Skipped existing: 007-RYLO-Dissolved.shp
2025-05-14 20:38:41,747 [INFO] Skipped existing: 007-SAAU-Dissolved.shp
2025-05-14 20:38:41,747 [INFO] Skipped existing: 007-SDGH-Dissolved.shp
2025-05-14 20:38:41,748 [INFO] Skipped existing: 007-SDOW-Dissolved.shp
2025-05-14 20:38:41,748 [INFO] Skipped existing: 007-SDWN-Dissolved.shp
2025-05-14 20:38:41,749 [INFO] Skipped existing: 007-SGRB-Dissolved.shp
2025-05-14 20:38:41,749 [INFO] Skipped existing: 007-SHAU-Dissolved.shp
2025-05-14 20:38:41,749 [INFO] Skipped existing: 007-SHLR-Dissolved.shp
2025-05-14 20:38:41,750 [INFO] Skipped existing: 007-SHRR-Dissolved.shp
2025-05-14 20:38:41,750 [INFO] Skipped existing: 007-SHTL-Dissolved.shp
2025-05-14 20:38:41,750 [INFO] Skipped existing: 007-SJHN-Dissolved.shp
2025-05-14 20:38:41,751 [INFO] Skipped existing: 007-SJHS-Dissolved.shp
2025-05-14 20:38:41,751 [INFO] Skipped existing: 007-SKCC-Dissolved.shp
2025-05-14 20:38:41,752 [INFO] Skipped existing: 007-SKCT-Dissolved.shp
2025-05-14 20:38:41,752 [INFO] Skipped existing: 007-SLUK-Dissolved.shp
2025-05-14 20:38:41,753 [INFO] Skipped existing: 007-SLVP-Dissolved.shp
2025-05-14 20:38:41,753 [INFO] Skipped existing: 007-SMAU-Dissolved.shp
2025-05-14 20:38:41,753 [INFO] Skipped existing: 007-SNYH-Dissolved.shp
2025-05-14 20:38:41,754 [INFO] Skipped existing: 007-SPGJ-Dissolved.shp
2025-05-14 20:38:41,754 [INFO] Skipped existing: 007-SPPO-Dissolved.shp
2025-05-14 20:38:41,755 [INFO] Skipped existing: 007-STNF-Dissolved.shp
2025-05-14 20:38:41,755 [INFO] Skipped existing: 007-SVPK-Dissolved.shp
2025-05-14 20:38:41,755 [INFO] Skipped existing: 007-SYLP-Dissolved.shp
2025-05-14 20:38:41,756 [INFO] Skipped existing: 007-SYNT-Dissolved.shp
2025-05-14 20:38:41,756 [INFO] Skipped existing: 007-TDPO-Dissolved.shp
2025-05-14 20:38:41,757 [INFO] Skipped existing: 007-THKG-Dissolved.shp
2025-05-14 20:38:41,757 [INFO] Skipped existing: 007-THRL-Dissolved.shp
2025-05-14 20:38:41,758 [INFO] Skipped existing: 007-TMKI-Dissolved.shp
2025-05-14 20:38:41,758 [INFO] Skipped existing: 007-TPPP-Dissolved.shp
2025-05-14 20:38:41,759 [INFO] Skipped existing: 007-UNIN-Dissolved.shp
2025-05-14 20:38:41,759 [INFO] Skipped existing: 007-UPWF-Dissolved.shp
2025-05-14 20:38:41,759 [INFO] Skipped existing: 007-VBPL-Dissolved.shp
2025-05-14 20:38:41,760 [INFO] Skipped existing: 007-VCLR-Dissolved.shp
2025-05-14 20:38:41,760 [INFO] Skipped existing: 007-VGBI-Dissolved.shp
2025-05-14 20:38:41,760 [INFO] Skipped existing: 007-VHIB-Dissolved.shp
2025-05-14 20:38:41,761 [INFO] Skipped existing: 007-VICG-Dissolved.shp
2025-05-14 20:38:41,761 [INFO] Skipped existing: 007-VICR-Dissolved.shp
2025-05-14 20:38:41,762 [INFO] Skipped existing: 007-VICW-Dissolved.shp
2025-05-14 20:38:41,762 [INFO] Skipped existing: 007-VIDT-Dissolved.shp
2025-05-14 20:38:41,762 [INFO] Skipped existing: 007-VMTI-Dissolved.shp
2025-05-14 20:38:41,763 [INFO] Skipped existing: 007-VOKC-Dissolved.shp
2025-05-14 20:38:41,763 [INFO] Skipped existing: 007-VONT-Dissolved.shp
2025-05-14 20:38:41,763 [INFO] Skipped existing: 007-VOOT-Dissolved.shp
2025-05-14 20:38:41,764 [INFO] Skipped existing: 007-VOST-Dissolved.shp
2025-05-14 20:38:41,764 [INFO] Skipped existing: 007-VOTG-Dissolved.shp
2025-05-14 20:38:41,764 [INFO] Skipped existing: 007-VPBB-Dissolved.shp
2025-05-14 20:38:41,765 [INFO] Skipped existing: 007-VRTI-Dissolved.shp
2025-05-14 20:38:41,765 [INFO] Skipped existing: 007-VSFB-Dissolved.shp
2025-05-14 20:38:41,766 [INFO] Skipped existing: 007-VSFD-Dissolved.shp
2025-05-14 20:38:41,766 [INFO] Skipped existing: 007-VWAU-Dissolved.shp
2025-05-14 20:38:41,767 [INFO] Skipped existing: 007-VWHG-Dissolved.shp
2025-05-14 20:38:41,767 [INFO] Skipped existing: 007-VWHH-Dissolved.shp
2025-05-14 20:38:41,767 [INFO] Skipped existing: 007-VWHI-Dissolved.shp
2025-05-14 20:38:41,768 [INFO] Skipped existing: 007-WESY-Dissolved.shp
2025-05-14 20:38:41,768 [INFO] Skipped existing: 007-WKWH-Dissolved.shp
2025-05-14 20:38:41,768 [INFO] Skipped existing: 007-WLQM-Dissolved.shp
2025-05-14 20:38:41,769 [INFO] Skipped existing: 007-WLSW-Dissolved.shp
2025-05-14 20:38:41,769 [INFO] Skipped existing: 007-WMAU-Dissolved.shp
2025-05-14 20:38:41,770 [INFO] Skipped existing: 007-WNIB-Dissolved.shp
2025-05-14 20:38:41,770 [INFO] Skipped existing: 007-WSAU-Dissolved.shp
2025-05-14 20:38:41,771 [INFO] Skipped existing: 007-WSTH-Dissolved.shp
2025-05-14 20:38:41,771 [INFO] Skipped existing: 007-WSTM-Dissolved.shp
2025-05-14 20:38:41,772 [INFO] Skipped existing: 007-WSTS-Dissolved.shp
2025-05-14 20:38:41,772 [INFO] Skipped existing: 007-WVTL-Dissolved.shp
2025-05-14 20:38:41,773 [INFO] Skipped existing: 008-AADT-Dissolved.shp
2025-05-14 20:38:41,773 [INFO] Skipped existing: 008-AAIB-Dissolved.shp
2025-05-14 20:38:41,774 [INFO] Skipped existing: 008-AAIT-Dissolved.shp
2025-05-14 20:38:41,774 [INFO] Skipped existing: 008-AIPO-Dissolved.shp
2025-05-14 20:38:41,774 [INFO] Skipped existing: 008-APDR-Dissolved.shp
2025-05-14 20:38:41,775 [INFO] Skipped existing: 008-BCLR-Dissolved.shp
2025-05-14 20:38:41,775 [INFO] Skipped existing: 008-BDAU-Dissolved.shp
2025-05-14 20:38:41,776 [INFO] Skipped existing: 008-BIKE-Dissolved.shp
2025-05-14 20:38:41,776 [INFO] Skipped existing: 008-BKLB-Dissolved.shp
2025-05-14 20:38:41,776 [INFO] Skipped existing: 008-BNAU-Dissolved.shp
2025-05-14 20:38:41,777 [INFO] Skipped existing: 008-BOTE-Dissolved.shp
2025-05-14 20:38:41,777 [INFO] Skipped existing: 008-BRAU-Dissolved.shp
2025-05-14 20:38:41,778 [INFO] Skipped existing: 008-BTJN-Dissolved.shp
2025-05-14 20:38:41,778 [INFO] Skipped existing: 008-BVAU-Dissolved.shp
2025-05-14 20:38:41,778 [INFO] Skipped existing: 008-CBAU-Dissolved.shp
2025-05-14 20:38:41,779 [INFO] Skipped existing: 008-CCBR-Dissolved.shp
2025-05-14 20:38:41,779 [INFO] Skipped existing: 008-CLDN-Dissolved.shp
2025-05-14 20:38:41,779 [INFO] Skipped existing: 008-CNAU-Dissolved.shp
2025-05-14 20:38:41,780 [INFO] Skipped existing: 008-CPAU-Dissolved.shp
2025-05-14 20:38:41,780 [INFO] Skipped existing: 008-CVDN-Dissolved.shp
2025-05-14 20:38:41,781 [INFO] Skipped existing: 008-CVPK-Dissolved.shp
2025-05-14 20:38:41,781 [INFO] Skipped existing: 008-DANM-Dissolved.shp
2025-05-14 20:38:41,781 [INFO] Skipped existing: 008-EBCH-Dissolved.shp
2025-05-14 20:38:41,782 [INFO] Skipped existing: 008-EGDR-Dissolved.shp
2025-05-14 20:38:41,782 [INFO] Skipped existing: 008-ETMK-Dissolved.shp
2025-05-14 20:38:41,782 [INFO] Skipped existing: 008-FAVN-Dissolved.shp
2025-05-14 20:38:41,783 [INFO] Skipped existing: 008-FEAU-Dissolved.shp
2025-05-14 20:38:41,783 [INFO] Skipped existing: 008-FLBJ-Dissolved.shp
2025-05-14 20:38:41,784 [INFO] Skipped existing: 008-FLBS-Dissolved.shp
2025-05-14 20:38:41,784 [INFO] Skipped existing: 008-FRMC-Dissolved.shp
2025-05-14 20:38:41,784 [INFO] Skipped existing: 008-GNMT-Dissolved.shp
2025-05-14 20:38:41,785 [INFO] Skipped existing: 008-HAMB-Dissolved.shp
2025-05-14 20:38:41,785 [INFO] Skipped existing: 008-HIBR-Dissolved.shp
2025-05-14 20:38:41,786 [INFO] Skipped existing: 008-HIBS-Dissolved.shp
2025-05-14 20:38:41,786 [INFO] Skipped existing: 008-HIPK-Dissolved.shp
2025-05-14 20:38:41,786 [INFO] Skipped existing: 008-HIPR-Dissolved.shp
2025-05-14 20:38:41,787 [INFO] Skipped existing: 008-HLRA-Dissolved.shp
2025-05-14 20:38:41,787 [INFO] Skipped existing: 008-HOAU-Dissolved.shp
2025-05-14 20:38:41,788 [INFO] Skipped existing: 008-HOMC-Dissolved.shp
2025-05-14 20:38:41,788 [INFO] Skipped existing: 008-HOMW-Dissolved.shp
2025-05-14 20:38:41,788 [INFO] Skipped existing: 008-HOWC-Dissolved.shp
2025-05-14 20:38:41,789 [INFO] Skipped existing: 008-HOWW-Dissolved.shp
2025-05-14 20:38:41,789 [INFO] Skipped existing: 008-HPRU-Dissolved.shp
2025-05-14 20:38:41,790 [INFO] Skipped existing: 008-HRAU-Dissolved.shp
2025-05-14 20:38:41,790 [INFO] Skipped existing: 008-HTPK-Dissolved.shp
2025-05-14 20:38:41,791 [INFO] Skipped existing: 008-JFDR-Dissolved.shp
2025-05-14 20:38:41,791 [INFO] Skipped existing: 008-MDLD-Dissolved.shp
2025-05-14 20:38:41,791 [INFO] Skipped existing: 008-MDMH-Dissolved.shp
2025-05-14 20:38:41,792 [INFO] Skipped existing: 008-MEAU-Dissolved.shp
2025-05-14 20:38:41,792 [INFO] Skipped existing: 008-MELB-Dissolved.shp
2025-05-14 20:38:41,793 [INFO] Skipped existing: 008-MGAU-Dissolved.shp
2025-05-14 20:38:41,793 [INFO] Skipped existing: 008-MGBT-Dissolved.shp
2025-05-14 20:38:41,793 [INFO] Skipped existing: 008-MGEB-Dissolved.shp
2025-05-14 20:38:41,794 [INFO] Skipped existing: 008-MGRB-Dissolved.shp
2025-05-14 20:38:41,794 [INFO] Skipped existing: 008-MGRE-Dissolved.shp
2025-05-14 20:38:41,795 [INFO] Skipped existing: 008-MGRW-Dissolved.shp
2025-05-14 20:38:41,795 [INFO] Skipped existing: 008-MHAU-Dissolved.shp
2025-05-14 20:38:41,795 [INFO] Skipped existing: 008-MIAU-Dissolved.shp
2025-05-14 20:38:41,796 [INFO] Skipped existing: 008-MILS-Dissolved.shp
2025-05-14 20:38:41,796 [INFO] Skipped existing: 008-MNAU-Dissolved.shp
2025-05-14 20:38:41,797 [INFO] Skipped existing: 008-MNKC-Dissolved.shp
2025-05-14 20:38:41,797 [INFO] Skipped existing: 008-MNKJ-Dissolved.shp
2025-05-14 20:38:41,797 [INFO] Skipped existing: 008-MRWC-Dissolved.shp
2025-05-14 20:38:41,798 [INFO] Skipped existing: 008-MRWE-Dissolved.shp
2025-05-14 20:38:41,798 [INFO] Skipped existing: 008-MRWW-Dissolved.shp
2025-05-14 20:38:41,799 [INFO] Skipped existing: 008-MUPT-Dissolved.shp
2025-05-14 20:38:41,799 [INFO] Skipped existing: 008-ORAU-Dissolved.shp
2025-05-14 20:38:41,800 [INFO] Skipped existing: 008-ORRP-Dissolved.shp
2025-05-14 20:38:41,800 [INFO] Skipped existing: 008-OTAR-Dissolved.shp
2025-05-14 20:38:41,800 [INFO] Skipped existing: 008-OTAU-Dissolved.shp
2025-05-14 20:38:41,801 [INFO] Skipped existing: 008-OTAW-Dissolved.shp
2025-05-14 20:38:41,801 [INFO] Skipped existing: 008-OTHH-Dissolved.shp
2025-05-14 20:38:41,802 [INFO] Skipped existing: 008-PCAU-Dissolved.shp
2025-05-14 20:38:41,802 [INFO] Skipped existing: 008-PEAU-Dissolved.shp
2025-05-14 20:38:41,803 [INFO] Skipped existing: 008-PKGN-Dissolved.shp
2025-05-14 20:38:41,803 [INFO] Skipped existing: 008-PKRG-Dissolved.shp
2025-05-14 20:38:41,803 [INFO] Skipped existing: 008-PNAU-Dissolved.shp
2025-05-14 20:38:41,804 [INFO] Skipped existing: 008-PPTC-Dissolved.shp
2025-05-14 20:38:41,804 [INFO] Skipped existing: 008-PPTE-Dissolved.shp
2025-05-14 20:38:41,805 [INFO] Skipped existing: 008-PPTV-Dissolved.shp
2025-05-14 20:38:41,805 [INFO] Skipped existing: 008-PPTW-Dissolved.shp
2025-05-14 20:38:41,806 [INFO] Skipped existing: 008-PSAU-Dissolved.shp
2025-05-14 20:38:41,806 [INFO] Skipped existing: 008-PUHN-Dissolved.shp
2025-05-14 20:38:41,807 [INFO] Skipped existing: 008-PUHW-Dissolved.shp
2025-05-14 20:38:41,807 [INFO] Skipped existing: 008-PUMW-Dissolved.shp
2025-05-14 20:38:41,808 [INFO] Skipped existing: 008-RBRB-Dissolved.shp
2025-05-14 20:38:41,808 [INFO] Skipped existing: 008-RCLN-Dissolved.shp
2025-05-14 20:38:41,809 [INFO] Skipped existing: 008-RDRD-Dissolved.shp
2025-05-14 20:38:41,809 [INFO] Skipped existing: 008-RMNB-Dissolved.shp
2025-05-14 20:38:41,809 [INFO] Skipped existing: 008-RNEV-Dissolved.shp
2025-05-14 20:38:41,810 [INFO] Skipped existing: 008-RPAU-Dissolved.shp
2025-05-14 20:38:41,810 [INFO] Skipped existing: 008-SHPK-Dissolved.shp
2025-05-14 20:38:41,811 [INFO] Skipped existing: 008-SMAL-Dissolved.shp
2025-05-14 20:38:41,811 [INFO] Skipped existing: 008-SNYH-Dissolved.shp
2025-05-14 20:38:41,812 [INFO] Skipped existing: 008-TEIR-Dissolved.shp
2025-05-14 20:38:41,812 [INFO] Skipped existing: 008-TGAR-Dissolved.shp
2025-05-14 20:38:41,812 [INFO] Skipped existing: 008-TIAU-Dissolved.shp
2025-05-14 20:38:41,813 [INFO] Skipped existing: 008-TIRD-Dissolved.shp
2025-05-14 20:38:41,813 [INFO] Skipped existing: 008-TKNE-Dissolved.shp
2025-05-14 20:38:41,814 [INFO] Skipped existing: 008-TKNJ-Dissolved.shp
2025-05-14 20:38:41,814 [INFO] Skipped existing: 008-TOTW-Dissolved.shp
2025-05-14 20:38:41,814 [INFO] Skipped existing: 008-TTAU-Dissolved.shp
2025-05-14 20:38:41,815 [INFO] Skipped existing: 008-TUSH-Dissolved.shp
2025-05-14 20:38:41,815 [INFO] Skipped existing: 008-VKAB-Dissolved.shp
2025-05-14 20:38:41,816 [INFO] Skipped existing: 008-VMAI-Dissolved.shp
2025-05-14 20:38:41,816 [INFO] Skipped existing: 008-VWIT-Dissolved.shp
2025-05-14 20:38:41,816 [INFO] Skipped existing: 008-WEYC-Dissolved.shp
2025-05-14 20:38:41,817 [INFO] Skipped existing: 008-WEYM-Dissolved.shp
2025-05-14 20:38:41,817 [INFO] Skipped existing: 008-WIAU-Dissolved.shp
2025-05-14 20:38:41,818 [INFO] Skipped existing: 008-WIRI-Dissolved.shp
2025-05-14 20:38:41,818 [INFO] Skipped existing: 008-XMAS-Dissolved.shp
2025-05-14 20:38:41,818 [INFO] Skipped existing: 009-ARDM-Dissolved.shp
2025-05-14 20:38:41,819 [INFO] Skipped existing: 009-AUPN-Dissolved.shp
2025-05-14 20:38:41,819 [INFO] Skipped existing: 009-COGR-Dissolved.shp
2025-05-14 20:38:41,820 [INFO] Skipped existing: 009-DRUR-Dissolved.shp
2025-05-14 20:38:41,820 [INFO] Skipped existing: 009-GVAU-Dissolved.shp
2025-05-14 20:38:41,820 [INFO] Skipped existing: 009-HGAU-Dissolved.shp
2025-05-14 20:38:41,821 [INFO] Skipped existing: 009-PDAU-Dissolved.shp
2025-05-14 20:38:41,821 [INFO] Skipped existing: 009-PPKE-Dissolved.shp
2025-05-14 20:38:41,822 [INFO] Skipped existing: 009-PPKJ-Dissolved.shp
2025-05-14 20:38:41,822 [INFO] Skipped existing: 009-PPKR-Dissolved.shp
2025-05-14 20:38:41,823 [INFO] Skipped existing: 009-PPKS-Dissolved.shp
2025-05-14 20:38:41,823 [INFO] Skipped existing: 009-REDH-Dissolved.shp
2025-05-14 20:38:41,824 [INFO] Skipped existing: 009-RHLN-Dissolved.shp
2025-05-14 20:38:41,824 [INFO] Skipped existing: 009-RHNW-Dissolved.shp
2025-05-14 20:38:41,824 [INFO] Skipped existing: 009-TKNS-Dissolved.shp
2025-05-14 20:38:41,825 [INFO] Skipped existing: 010-AWIN-Dissolved.shp
2025-05-14 20:38:41,825 [INFO] Skipped existing: 010-BNTH-Dissolved.shp
2025-05-14 20:38:41,826 [INFO] Skipped existing: 010-BOBY-Dissolved.shp
2025-05-14 20:38:41,826 [INFO] Skipped existing: 010-GNBK-Dissolved.shp
2025-05-14 20:38:41,827 [INFO] Skipped existing: 010-HNUA-Dissolved.shp
2025-05-14 20:38:41,827 [INFO] Skipped existing: 010-NPAU-Dissolved.shp
2025-05-14 20:38:41,827 [INFO] Skipped existing: 010-PKAU-Dissolved.shp
2025-05-14 20:38:41,828 [INFO] Skipped existing: 010-PKKO-Dissolved.shp
2025-05-14 20:38:41,828 [INFO] Skipped existing: 010-PKKR-Dissolved.shp
2025-05-14 20:38:41,828 [INFO] Skipped existing: 010-PKNO-Dissolved.shp
2025-05-14 20:38:41,829 [INFO] Skipped existing: 010-PRAU-Dissolved.shp
2025-05-14 20:38:41,829 [INFO] Skipped existing: 010-PUAU-Dissolved.shp
2025-05-14 20:38:41,830 [INFO] Skipped existing: 010-PUKT-Dissolved.shp
2025-05-14 20:38:41,830 [INFO] Skipped existing: 010-PWKT-Dissolved.shp
2025-05-14 20:38:41,830 [INFO] Skipped existing: 010-RATS-Dissolved.shp
2025-05-14 20:38:41,831 [INFO] Skipped existing: 010-RKRN-Dissolved.shp
2025-05-14 20:38:41,831 [INFO] Skipped existing: 010-ROAW-Dissolved.shp
2025-05-14 20:38:41,832 [INFO] Skipped existing: 010-RONS-Dissolved.shp
2025-05-14 20:38:41,832 [INFO] Skipped existing: 010-RPPV-Dissolved.shp
2025-05-14 20:38:41,833 [INFO] Skipped existing: 010-RTKO-Dissolved.shp
2025-05-14 20:38:41,833 [INFO] Skipped existing: 010-RWET-Dissolved.shp
2025-05-14 20:38:41,833 [INFO] Skipped existing: 010-VARU-Dissolved.shp
2025-05-14 20:38:41,834 [INFO] Skipped existing: 010-VBBS-Dissolved.shp
2025-05-14 20:38:41,834 [INFO] Skipped existing: 010-VCBC-Dissolved.shp
2025-05-14 20:38:41,834 [INFO] Skipped existing: 010-VCKB-Dissolved.shp
2025-05-14 20:38:41,835 [INFO] Skipped existing: 010-VDRU-Dissolved.shp
2025-05-14 20:38:41,835 [INFO] Skipped existing: 010-VGMU-Dissolved.shp
2025-05-14 20:38:41,836 [INFO] Skipped existing: 010-VKAA-Dissolved.shp
2025-05-14 20:38:41,836 [INFO] Skipped existing: 010-VKGS-Dissolved.shp
2025-05-14 20:38:41,837 [INFO] Skipped existing: 010-VMER-Dissolved.shp
2025-05-14 20:38:41,837 [INFO] Skipped existing: 010-VPKH-Dissolved.shp
2025-05-14 20:38:41,837 [INFO] Skipped existing: 010-VPTM-Dissolved.shp
2025-05-14 20:38:41,838 [INFO] Skipped existing: 010-VRRM-Dissolved.shp
2025-05-14 20:38:41,838 [INFO] Skipped existing: 010-WPAU-Dissolved.shp
2025-05-14 20:38:41,838 [INFO] Skipped existing: 010-WUKU-Dissolved.shp
2025-05-14 20:38:41,839 [INFO] Step 0.1: Generating live tower coverage union...
2025-05-14 20:38:41,843 [INFO] [Reuse] Live network coverage already exists: c:\Users\Jeremy\Documents\GitHub\2024-S2-R-D-Adaptive-Network-Management\ranking\tower_analysis\..\output\live_network_coverage_14578b25_batched.shp
2025-05-14 20:38:41,843 [INFO] Live coverage generated in 0.00s
2025-05-14 20:38:41,843 [INFO] Step 0.2: Filtering uncovered facilities...
2025-05-14 20:38:41,845 [INFO] [Reuse] Filtered facilities already exists: c:\Users\Jeremy\Documents\GitHub\2024-S2-R-D-Adaptive-Network-Management\ranking\tower_analysis\..\output\filtered_facilities_14578b25.shp
2025-05-14 20:38:41,845 [INFO] Facility filtering done in 0.00s
2025-05-14 20:38:41,845 [INFO] Step 1: Loading failed tower geometries...
2025-05-14 20:38:44,758 [INFO] Loaded 54 failed tower geometries.
2025-05-14 20:38:44,758 [INFO] Step 2: Loading filtered facility data...
2025-05-14 20:38:44,779 [INFO] Loaded 47 filtered facilities.
2025-05-14 20:38:44,780 [INFO] Step 3: Loading population data...
2025-05-14 20:38:47,981 [INFO] Loaded 196942 population grid cells.
2025-05-14 20:38:47,982 [INFO] Step 4: Calculating exclusive coverage areas (batched with index)...
2025-05-14 20:39:54,411 [INFO] Exclusive coverage calculated in 66.43s
2025-05-14 20:39:54,411 [INFO] Step 5: Getting weights...
2025-05-14 20:41:10,824 [INFO] Using weights: {'hospital': 10, 'police': 8, 'fire_station': 9, 'population_scale': 0.00045}
2025-05-14 20:41:10,824 [INFO] Step 6: Ranking failed towers...
2025-05-14 20:41:15,440 [INFO] Ranking completed in 4.62s
2025-05-14 20:41:15,440 [INFO] Step 7: Saving results...
2025-05-14 20:41:15,445 [INFO] Ranking saved to c:\Users\Jeremy\Documents\GitHub\2024-S2-R-D-Adaptive-Network-Management\ranking\tower_analysis\..\output\tower_priority_ranking.csv
2025-05-14 20:41:15,446 [INFO] Script completed in 154.01 seconds.
