2025-05-15 09:49:26,543 [INFO] Step 0: Preprocessing dissolved shapefiles...
2025-05-15 09:49:27,332 [INFO] Found 577 unique tower prefixes to process.
2025-05-15 09:49:27,353 [INFO] Skipped existing: 004-ABAU-Dissolved.shp
2025-05-15 09:49:27,354 [INFO] Skipped existing: 004-AHRA-Dissolved.shp
2025-05-15 09:49:27,355 [INFO] Skipped existing: 004-ARMB-Dissolved.shp
2025-05-15 09:49:27,356 [INFO] Skipped existing: 004-GHBR-Dissolved.shp
2025-05-15 09:49:27,356 [INFO] Skipped existing: 004-HFAU-Dissolved.shp
2025-05-15 09:49:27,357 [INFO] Skipped existing: 004-HSVL-Dissolved.shp
2025-05-15 09:49:27,357 [INFO] Skipped existing: 004-KPKP-Dissolved.shp
2025-05-15 09:49:27,358 [INFO] Skipped existing: 004-KRKH-Dissolved.shp
2025-05-15 09:49:27,358 [INFO] Skipped existing: 004-KUMU-Dissolved.shp
2025-05-15 09:49:27,359 [INFO] Skipped existing: 004-KWIL-Dissolved.shp
2025-05-15 09:49:27,360 [INFO] Skipped existing: 004-LEGH-Dissolved.shp
2025-05-15 09:49:27,361 [INFO] Skipped existing: 004-MKRU-Dissolved.shp
2025-05-15 09:49:27,362 [INFO] Skipped existing: 004-MNLY-Dissolved.shp
2025-05-15 09:49:27,362 [INFO] Skipped existing: 004-MRWI-Dissolved.shp
2025-05-15 09:49:27,363 [INFO] Skipped existing: 004-MTKA-Dissolved.shp
2025-05-15 09:49:27,364 [INFO] Skipped existing: 004-NSAD-Dissolved.shp
2025-05-15 09:49:27,365 [INFO] Skipped existing: 004-OMAU-Dissolved.shp
2025-05-15 09:49:27,366 [INFO] Skipped existing: 004-OMHA-Dissolved.shp
2025-05-15 09:49:27,367 [INFO] Skipped existing: 004-ORWA-Dissolved.shp
2025-05-15 09:49:27,368 [INFO] Skipped existing: 004-OWAU-Dissolved.shp
2025-05-15 09:49:27,369 [INFO] Skipped existing: 004-PUHB-Dissolved.shp
2025-05-15 09:49:27,370 [INFO] Skipped existing: 004-PUHS-Dissolved.shp
2025-05-15 09:49:27,370 [INFO] Skipped existing: 004-RARV-Dissolved.shp
2025-05-15 09:49:27,371 [INFO] Skipped existing: 004-RARW-Dissolved.shp
2025-05-15 09:49:27,372 [INFO] Skipped existing: 004-RBPL-Dissolved.shp
2025-05-15 09:49:27,373 [INFO] Skipped existing: 004-RBRV-Dissolved.shp
2025-05-15 09:49:27,374 [INFO] Skipped existing: 004-RDVL-Dissolved.shp
2025-05-15 09:49:27,375 [INFO] Skipped existing: 004-REDB-Dissolved.shp
2025-05-15 09:49:27,375 [INFO] Skipped existing: 004-RGLR-Dissolved.shp
2025-05-15 09:49:27,376 [INFO] Skipped existing: 004-RIAU-Dissolved.shp
2025-05-15 09:49:27,377 [INFO] Skipped existing: 004-RKCH-Dissolved.shp
2025-05-15 09:49:27,377 [INFO] Skipped existing: 004-RMKE-Dissolved.shp
2025-05-15 09:49:27,378 [INFO] Skipped existing: 004-RMKN-Dissolved.shp
2025-05-15 09:49:27,379 [INFO] Skipped existing: 004-RPHX-Dissolved.shp
2025-05-15 09:49:27,380 [INFO] Skipped existing: 004-RPKR-Dissolved.shp
2025-05-15 09:49:27,381 [INFO] Skipped existing: 004-RSAU-Dissolved.shp
2025-05-15 09:49:27,382 [INFO] Skipped existing: 004-RSHE-Dissolved.shp
2025-05-15 09:49:27,383 [INFO] Skipped existing: 004-RTAI-Dissolved.shp
2025-05-15 09:49:27,384 [INFO] Skipped existing: 004-RVHT-Dissolved.shp
2025-05-15 09:49:27,385 [INFO] Skipped existing: 004-RVRH-Dissolved.shp
2025-05-15 09:49:27,386 [INFO] Skipped existing: 004-RWGR-Dissolved.shp
2025-05-15 09:49:27,386 [INFO] Skipped existing: 004-RWRN-Dissolved.shp
2025-05-15 09:49:27,387 [INFO] Skipped existing: 004-RWRS-Dissolved.shp
2025-05-15 09:49:27,388 [INFO] Skipped existing: 004-SDOR-Dissolved.shp
2025-05-15 09:49:27,388 [INFO] Skipped existing: 004-SNEL-Dissolved.shp
2025-05-15 09:49:27,389 [INFO] Skipped existing: 004-STMB-Dissolved.shp
2025-05-15 09:49:27,390 [INFO] Skipped existing: 004-SVDL-Dissolved.shp
2025-05-15 09:49:27,390 [INFO] Skipped existing: 004-TDBH-Dissolved.shp
2025-05-15 09:49:27,391 [INFO] Skipped existing: 004-UORW-Dissolved.shp
2025-05-15 09:49:27,392 [INFO] Skipped existing: 004-VDFT-Dissolved.shp
2025-05-15 09:49:27,392 [INFO] Skipped existing: 004-VKPH-Dissolved.shp
2025-05-15 09:49:27,393 [INFO] Skipped existing: 004-VNME-Dissolved.shp
2025-05-15 09:49:27,394 [INFO] Skipped existing: 004-VTEH-Dissolved.shp
2025-05-15 09:49:27,395 [INFO] Skipped existing: 004-VWDH-Dissolved.shp
2025-05-15 09:49:27,395 [INFO] Skipped existing: 004-WDHD-Dissolved.shp
2025-05-15 09:49:27,396 [INFO] Skipped existing: 004-WELS-Dissolved.shp
2025-05-15 09:49:27,397 [INFO] Skipped existing: 004-WHPR-Dissolved.shp
2025-05-15 09:49:27,397 [INFO] Skipped existing: 004-WKSH-Dissolved.shp
2025-05-15 09:49:27,398 [INFO] Skipped existing: 004-WMKU-Dissolved.shp
2025-05-15 09:49:27,399 [INFO] Skipped existing: 004-WRKW-Dissolved.shp
2025-05-15 09:49:27,400 [INFO] Skipped existing: 004-WTKI-Dissolved.shp
2025-05-15 09:49:27,401 [INFO] Skipped existing: 004-WWRA-Dissolved.shp
2025-05-15 09:49:27,402 [INFO] Skipped existing: 005-ABMC-Dissolved.shp
2025-05-15 09:49:27,402 [INFO] Skipped existing: 005-ASTH-Dissolved.shp
2025-05-15 09:49:27,403 [INFO] Skipped existing: 005-AYET-Dissolved.shp
2025-05-15 09:49:27,404 [INFO] Skipped existing: 005-AYWT-Dissolved.shp
2025-05-15 09:49:27,405 [INFO] Skipped existing: 005-BBCL-Dissolved.shp
2025-05-15 09:49:27,406 [INFO] Skipped existing: 005-BBNH-Dissolved.shp
2025-05-15 09:49:27,407 [INFO] Skipped existing: 005-BBSH-Dissolved.shp
2025-05-15 09:49:27,407 [INFO] Skipped existing: 005-BBWT-Dissolved.shp
2025-05-15 09:49:27,408 [INFO] Skipped existing: 005-BHHN-Dissolved.shp
2025-05-15 09:49:27,408 [INFO] Skipped existing: 005-BHNH-Dissolved.shp
2025-05-15 09:49:27,409 [INFO] Skipped existing: 005-BHSH-Dissolved.shp
2025-05-15 09:49:27,409 [INFO] Skipped existing: 005-BIRK-Dissolved.shp
2025-05-15 09:49:27,410 [INFO] Skipped existing: 005-BKCL-Dissolved.shp
2025-05-15 09:49:27,410 [INFO] Skipped existing: 005-BKWT-Dissolved.shp
2025-05-15 09:49:27,411 [INFO] Skipped existing: 005-BLMT-Dissolved.shp
2025-05-15 09:49:27,412 [INFO] Skipped existing: 005-BRBM-Dissolved.shp
2025-05-15 09:49:27,413 [INFO] Skipped existing: 005-BYPT-Dissolved.shp
2025-05-15 09:49:27,413 [INFO] Skipped existing: 005-BYVW-Dissolved.shp
2025-05-15 09:49:27,414 [INFO] Skipped existing: 005-CBAY-Dissolved.shp
2025-05-15 09:49:27,416 [INFO] Skipped existing: 005-CPBB-Dissolved.shp
2025-05-15 09:49:27,417 [INFO] Skipped existing: 005-CRHL-Dissolved.shp
2025-05-15 09:49:27,418 [INFO] Skipped existing: 005-DNTH-Dissolved.shp
2025-05-15 09:49:27,419 [INFO] Skipped existing: 005-DSTH-Dissolved.shp
2025-05-15 09:49:27,420 [INFO] Skipped existing: 005-ESMD-Dissolved.shp
2025-05-15 09:49:27,420 [INFO] Skipped existing: 005-FRHL-Dissolved.shp
2025-05-15 09:49:27,421 [INFO] Skipped existing: 005-GFCL-Dissolved.shp
2025-05-15 09:49:27,422 [INFO] Skipped existing: 005-GFRD-Dissolved.shp
2025-05-15 09:49:27,423 [INFO] Skipped existing: 005-GLNR-Dissolved.shp
2025-05-15 09:49:27,423 [INFO] Skipped existing: 005-GLSH-Dissolved.shp
2025-05-15 09:49:27,424 [INFO] Skipped existing: 005-GRNC-Dissolved.shp
2025-05-15 09:49:27,425 [INFO] Skipped existing: 005-GRNS-Dissolved.shp
2025-05-15 09:49:27,426 [INFO] Skipped existing: 005-HBBG-Dissolved.shp
2025-05-15 09:49:27,427 [INFO] Skipped existing: 005-HBRN-Dissolved.shp
2025-05-15 09:49:27,427 [INFO] Skipped existing: 005-HKCR-Dissolved.shp
2025-05-15 09:49:27,428 [INFO] Skipped existing: 005-HLCS-Dissolved.shp
2025-05-15 09:49:27,429 [INFO] Skipped existing: 005-HLCW-Dissolved.shp
2025-05-15 09:49:27,429 [INFO] Skipped existing: 005-KPRK-Dissolved.shp
2025-05-15 09:49:27,431 [INFO] Skipped existing: 005-LBAU-Dissolved.shp
2025-05-15 09:49:27,432 [INFO] Skipped existing: 005-LKPP-Dissolved.shp
2025-05-15 09:49:27,433 [INFO] Skipped existing: 005-LOAU-Dissolved.shp
2025-05-15 09:49:27,434 [INFO] Skipped existing: 005-MBYN-Dissolved.shp
2025-05-15 09:49:27,435 [INFO] Skipped existing: 005-MIBY-Dissolved.shp
2025-05-15 09:49:27,436 [INFO] Skipped existing: 005-MLFD-Dissolved.shp
2025-05-15 09:49:27,437 [INFO] Skipped existing: 005-MNCT-Dissolved.shp
2025-05-15 09:49:27,438 [INFO] Skipped existing: 005-MUBY-Dissolved.shp
2025-05-15 09:49:27,439 [INFO] Skipped existing: 005-NCMC-Dissolved.shp
2025-05-15 09:49:27,440 [INFO] Skipped existing: 005-NCOW-Dissolved.shp
2025-05-15 09:49:27,441 [INFO] Skipped existing: 005-NHBR-Dissolved.shp
2025-05-15 09:49:27,441 [INFO] Skipped existing: 005-NHST-Dissolved.shp
2025-05-15 09:49:27,442 [INFO] Skipped existing: 005-NORH-Dissolved.shp
2025-05-15 09:49:27,443 [INFO] Skipped existing: 005-NTHC-Dissolved.shp
2025-05-15 09:49:27,444 [INFO] Skipped existing: 005-NTHM-Dissolved.shp
2025-05-15 09:49:27,445 [INFO] Skipped existing: 005-NTHX-Dissolved.shp
2025-05-15 09:49:27,446 [INFO] Skipped existing: 005-NWST-Dissolved.shp
2025-05-15 09:49:27,447 [INFO] Skipped existing: 005-PNHL-Dissolved.shp
2025-05-15 09:49:27,448 [INFO] Skipped existing: 005-PRMP-Dissolved.shp
2025-05-15 09:49:27,449 [INFO] Skipped existing: 005-RBAY-Dissolved.shp
2025-05-15 09:49:27,450 [INFO] Skipped existing: 005-SNAP-Dissolved.shp
2025-05-15 09:49:27,451 [INFO] Skipped existing: 005-SNTH-Dissolved.shp
2025-05-15 09:49:27,452 [INFO] Skipped existing: 005-STBY-Dissolved.shp
2025-05-15 09:49:27,453 [INFO] Skipped existing: 005-SUNS-Dissolved.shp
2025-05-15 09:49:27,454 [INFO] Skipped existing: 005-SYNK-Dissolved.shp
2025-05-15 09:49:27,455 [INFO] Skipped existing: 005-TBYH-Dissolved.shp
2025-05-15 09:49:27,456 [INFO] Skipped existing: 005-TKPN-Dissolved.shp
2025-05-15 09:49:27,457 [INFO] Skipped existing: 005-TRBY-Dissolved.shp
2025-05-15 09:49:27,457 [INFO] Skipped existing: 005-USWH-Dissolved.shp
2025-05-15 09:49:27,458 [INFO] Skipped existing: 005-WNNI-Dissolved.shp
2025-05-15 09:49:27,459 [INFO] Skipped existing: 005-WRAU-Dissolved.shp
2025-05-15 09:49:27,459 [INFO] Skipped existing: 005-WRNH-Dissolved.shp
2025-05-15 09:49:27,460 [INFO] Skipped existing: 005-WRPK-Dissolved.shp
2025-05-15 09:49:27,461 [INFO] Skipped existing: 005-WRSH-Dissolved.shp
2025-05-15 09:49:27,462 [INFO] Skipped existing: 006-ALBN-Dissolved.shp
2025-05-15 09:49:27,463 [INFO] Skipped existing: 006-COAT-Dissolved.shp
2025-05-15 09:49:27,463 [INFO] Skipped existing: 006-CPKH-Dissolved.shp
2025-05-15 09:49:27,464 [INFO] Skipped existing: 006-CRWC-Dissolved.shp
2025-05-15 09:49:27,466 [INFO] Skipped existing: 006-ERAU-Dissolved.shp
2025-05-15 09:49:27,467 [INFO] Skipped existing: 006-GLDN-Dissolved.shp
2025-05-15 09:49:27,468 [INFO] Skipped existing: 006-GLDR-Dissolved.shp
2025-05-15 09:49:27,469 [INFO] Skipped existing: 006-GLDS-Dissolved.shp
2025-05-15 09:49:27,469 [INFO] Skipped existing: 006-GLNN-Dissolved.shp
2025-05-15 09:49:27,470 [INFO] Skipped existing: 006-GLNW-Dissolved.shp
2025-05-15 09:49:27,471 [INFO] Skipped existing: 006-GRNB-Dissolved.shp
2025-05-15 09:49:27,472 [INFO] Skipped existing: 006-HBVL-Dissolved.shp
2025-05-15 09:49:27,472 [INFO] Skipped existing: 006-HCAU-Dissolved.shp
2025-05-15 09:49:27,473 [INFO] Skipped existing: 006-HDNC-Dissolved.shp
2025-05-15 09:49:27,474 [INFO] Skipped existing: 006-HDNE-Dissolved.shp
2025-05-15 09:49:27,474 [INFO] Skipped existing: 006-HDNS-Dissolved.shp
2025-05-15 09:49:27,475 [INFO] Skipped existing: 006-HOBS-Dissolved.shp
2025-05-15 09:49:27,476 [INFO] Skipped existing: 006-HRBV-Dissolved.shp
2025-05-15 09:49:27,477 [INFO] Skipped existing: 006-HTWL-Dissolved.shp
2025-05-15 09:49:27,477 [INFO] Skipped existing: 006-JCPO-Dissolved.shp
2025-05-15 09:49:27,478 [INFO] Skipped existing: 006-KLST-Dissolved.shp
2025-05-15 09:49:27,479 [INFO] Skipped existing: 006-KSTG-Dissolved.shp
2025-05-15 09:49:27,479 [INFO] Skipped existing: 006-LCAU-Dissolved.shp
2025-05-15 09:49:27,480 [INFO] Skipped existing: 006-LCNN-Dissolved.shp
2025-05-15 09:49:27,481 [INFO] Skipped existing: 006-LCNS-Dissolved.shp
2025-05-15 09:49:27,482 [INFO] Skipped existing: 006-LCNW-Dissolved.shp
2025-05-15 09:49:27,483 [INFO] Skipped existing: 006-LNAU-Dissolved.shp
2025-05-15 09:49:27,484 [INFO] Skipped existing: 006-LNML-Dissolved.shp
2025-05-15 09:49:27,485 [INFO] Skipped existing: 006-MLPK-Dissolved.shp
2025-05-15 09:49:27,486 [INFO] Skipped existing: 006-MNTH-Dissolved.shp
2025-05-15 09:49:27,487 [INFO] Skipped existing: 006-MPRK-Dissolved.shp
2025-05-15 09:49:27,487 [INFO] Skipped existing: 006-MWST-Dissolved.shp
2025-05-15 09:49:27,488 [INFO] Skipped existing: 006-NWSC-Dissolved.shp
2025-05-15 09:49:27,489 [INFO] Skipped existing: 006-PIHA-Dissolved.shp
2025-05-15 09:49:27,489 [INFO] Skipped existing: 006-RANU-Dissolved.shp
2025-05-15 09:49:27,490 [INFO] Skipped existing: 006-RANW-Dissolved.shp
2025-05-15 09:49:27,491 [INFO] Skipped existing: 006-RLGR-Dissolved.shp
2025-05-15 09:49:27,491 [INFO] Skipped existing: 006-RNAU-Dissolved.shp
2025-05-15 09:49:27,492 [INFO] Skipped existing: 006-RSMR-Dissolved.shp
2025-05-15 09:49:27,492 [INFO] Skipped existing: 006-SNVL-Dissolved.shp
2025-05-15 09:49:27,493 [INFO] Skipped existing: 006-SWNS-Dissolved.shp
2025-05-15 09:49:27,494 [INFO] Skipped existing: 006-TATJ-Dissolved.shp
2025-05-15 09:49:27,495 [INFO] Skipped existing: 006-TEAT-Dissolved.shp
2025-05-15 09:49:27,496 [INFO] Skipped existing: 006-TIRE-Dissolved.shp
2025-05-15 09:49:27,496 [INFO] Skipped existing: 006-TIRN-Dissolved.shp
2025-05-15 09:49:27,497 [INFO] Skipped existing: 006-TIRV-Dissolved.shp
2025-05-15 09:49:27,498 [INFO] Skipped existing: 006-TRIR-Dissolved.shp
2025-05-15 09:49:27,499 [INFO] Skipped existing: 006-UDAU-Dissolved.shp
2025-05-15 09:49:27,500 [INFO] Skipped existing: 006-VWTH-Dissolved.shp
2025-05-15 09:49:27,501 [INFO] Skipped existing: 006-WDPK-Dissolved.shp
2025-05-15 09:49:27,501 [INFO] Skipped existing: 006-WHBR-Dissolved.shp
2025-05-15 09:49:27,502 [INFO] Skipped existing: 006-WHNP-Dissolved.shp
2025-05-15 09:49:27,503 [INFO] Skipped existing: 006-WHTS-Dissolved.shp
2025-05-15 09:49:27,504 [INFO] Skipped existing: 006-WKKU-Dissolved.shp
2025-05-15 09:49:27,505 [INFO] Skipped existing: 006-WTKV-Dissolved.shp
2025-05-15 09:49:27,506 [INFO] Skipped existing: 007-ABST-Dissolved.shp
2025-05-15 09:49:27,506 [INFO] Skipped existing: 007-AGPO-Dissolved.shp
2025-05-15 09:49:27,507 [INFO] Skipped existing: 007-AHIB-Dissolved.shp
2025-05-15 09:49:27,508 [INFO] Skipped existing: 007-AKLU-Dissolved.shp
2025-05-15 09:49:27,508 [INFO] Skipped existing: 007-ANZA-Dissolved.shp
2025-05-15 09:49:27,509 [INFO] Skipped existing: 007-ARHH-Dissolved.shp
2025-05-15 09:49:27,510 [INFO] Skipped existing: 007-ASAU-Dissolved.shp
2025-05-15 09:49:27,510 [INFO] Skipped existing: 007-ASHA-Dissolved.shp
2025-05-15 09:49:27,511 [INFO] Skipped existing: 007-ATSQ-Dissolved.shp
2025-05-15 09:49:27,512 [INFO] Skipped existing: 007-AUSY-Dissolved.shp
2025-05-15 09:49:27,513 [INFO] Skipped existing: 007-AVDE-Dissolved.shp
2025-05-15 09:49:27,513 [INFO] Skipped existing: 007-AVDL-Dissolved.shp
2025-05-15 09:49:27,515 [INFO] Skipped existing: 007-AVDR-Dissolved.shp
2025-05-15 09:49:27,516 [INFO] Skipped existing: 007-AVDS-Dissolved.shp
2025-05-15 09:49:27,517 [INFO] Skipped existing: 007-AZIB-Dissolved.shp
2025-05-15 09:49:27,518 [INFO] Skipped existing: 007-BGOC-Dissolved.shp
2025-05-15 09:49:27,519 [INFO] Skipped existing: 007-BHBE-Dissolved.shp
2025-05-15 09:49:27,519 [INFO] Skipped existing: 007-BHBW-Dissolved.shp
2025-05-15 09:49:27,520 [INFO] Skipped existing: 007-BMAU-Dissolved.shp
2025-05-15 09:49:27,521 [INFO] Skipped existing: 007-BMRL-Dissolved.shp
2025-05-15 09:49:27,522 [INFO] Skipped existing: 007-BMRR-Dissolved.shp
2025-05-15 09:49:27,522 [INFO] Skipped existing: 007-BSPO-Dissolved.shp
2025-05-15 09:49:27,523 [INFO] Skipped existing: 007-BSPT-Dissolved.shp
2025-05-15 09:49:27,524 [INFO] Skipped existing: 007-BTAU-Dissolved.shp
2025-05-15 09:49:27,525 [INFO] Skipped existing: 007-BTMR-Dissolved.shp
2025-05-15 09:49:27,526 [INFO] Skipped existing: 007-CBIB-Dissolved.shp
2025-05-15 09:49:27,526 [INFO] Skipped existing: 007-CEAU-Dissolved.shp
2025-05-15 09:49:27,527 [INFO] Skipped existing: 007-CGNH-Dissolved.shp
2025-05-15 09:49:27,528 [INFO] Skipped existing: 007-CRAU-Dissolved.shp
2025-05-15 09:49:27,529 [INFO] Skipped existing: 007-DMRC-Dissolved.shp
2025-05-15 09:49:27,529 [INFO] Skipped existing: 007-DMRN-Dissolved.shp
2025-05-15 09:49:27,530 [INFO] Skipped existing: 007-DTET-Dissolved.shp
2025-05-15 09:49:27,531 [INFO] Skipped existing: 007-DTWT-Dissolved.shp
2025-05-15 09:49:27,532 [INFO] Skipped existing: 007-EDPN-Dissolved.shp
2025-05-15 09:49:27,533 [INFO] Skipped existing: 007-EDPS-Dissolved.shp
2025-05-15 09:49:27,535 [INFO] Skipped existing: 007-EDTR-Dissolved.shp
2025-05-15 09:49:27,535 [INFO] Skipped existing: 007-ELER-Dissolved.shp
2025-05-15 09:49:27,536 [INFO] Skipped existing: 007-ELRN-Dissolved.shp
2025-05-15 09:49:27,537 [INFO] Skipped existing: 007-ELRW-Dissolved.shp
2025-05-15 09:49:27,537 [INFO] Skipped existing: 007-ELSC-Dissolved.shp
2025-05-15 09:49:27,538 [INFO] Skipped existing: 007-EPSM-Dissolved.shp
2025-05-15 09:49:27,539 [INFO] Skipped existing: 007-ESAU-Dissolved.shp
2025-05-15 09:49:27,539 [INFO] Skipped existing: 007-ETBG-Dissolved.shp
2025-05-15 09:49:27,540 [INFO] Skipped existing: 007-EWAU-Dissolved.shp
2025-05-15 09:49:27,541 [INFO] Skipped existing: 007-FKLN-Dissolved.shp
2025-05-15 09:49:27,541 [INFO] Skipped existing: 007-FSAU-Dissolved.shp
2025-05-15 09:49:27,542 [INFO] Skipped existing: 007-FSHQ-Dissolved.shp
2025-05-15 09:49:27,543 [INFO] Skipped existing: 007-FSTM-Dissolved.shp
2025-05-15 09:49:27,543 [INFO] Skipped existing: 007-GDWT-Dissolved.shp
2025-05-15 09:49:27,544 [INFO] Skipped existing: 007-GFTG-Dissolved.shp
2025-05-15 09:49:27,545 [INFO] Skipped existing: 007-GINN-Dissolved.shp
2025-05-15 09:49:27,546 [INFO] Skipped existing: 007-GLAU-Dissolved.shp
2025-05-15 09:49:27,547 [INFO] Skipped existing: 007-GLYN-Dissolved.shp
2025-05-15 09:49:27,548 [INFO] Skipped existing: 007-GLYS-Dissolved.shp
2025-05-15 09:49:27,549 [INFO] Skipped existing: 007-GNLE-Dissolved.shp
2025-05-15 09:49:27,551 [INFO] Skipped existing: 007-GRAU-Dissolved.shp
2025-05-15 09:49:27,552 [INFO] Skipped existing: 007-GWDC-Dissolved.shp
2025-05-15 09:49:27,552 [INFO] Skipped existing: 007-GYLN-Dissolved.shp
2025-05-15 09:49:27,553 [INFO] Skipped existing: 007-HALS-Dissolved.shp
2025-05-15 09:49:27,554 [INFO] Skipped existing: 007-HBBS-Dissolved.shp
2025-05-15 09:49:27,554 [INFO] Skipped existing: 007-HBRS-Dissolved.shp
2025-05-15 09:49:27,555 [INFO] Skipped existing: 007-HERR-Dissolved.shp
2025-05-15 09:49:27,556 [INFO] Skipped existing: 007-HILB-Dissolved.shp
2025-05-15 09:49:27,557 [INFO] Skipped existing: 007-HRBM-Dissolved.shp
2025-05-15 09:49:27,558 [INFO] Skipped existing: 007-HTST-Dissolved.shp
2025-05-15 09:49:27,558 [INFO] Skipped existing: 007-JMWB-Dissolved.shp
2025-05-15 09:49:27,559 [INFO] Skipped existing: 007-KARD-Dissolved.shp
2025-05-15 09:49:27,559 [INFO] Skipped existing: 007-KBPS-Dissolved.shp
2025-05-15 09:49:27,560 [INFO] Skipped existing: 007-KBRP-Dissolved.shp
2025-05-15 09:49:27,560 [INFO] Skipped existing: 007-KGLS-Dissolved.shp
2025-05-15 09:49:27,561 [INFO] Skipped existing: 007-KGSL-Dissolved.shp
2025-05-15 09:49:27,562 [INFO] Skipped existing: 007-KGTN-Dissolved.shp
2025-05-15 09:49:27,563 [INFO] Skipped existing: 007-KHMR-Dissolved.shp
2025-05-15 09:49:27,564 [INFO] Skipped existing: 007-KHMS-Dissolved.shp
2025-05-15 09:49:27,566 [INFO] Skipped existing: 007-KPAU-Dissolved.shp
2025-05-15 09:49:27,567 [INFO] Skipped existing: 007-KPBR-Dissolved.shp
2025-05-15 09:49:27,568 [INFO] Skipped existing: 007-KPIB-Dissolved.shp
2025-05-15 09:49:27,569 [INFO] Skipped existing: 007-KPIG-Dissolved.shp
2025-05-15 09:49:27,570 [INFO] Skipped existing: 007-KPRR-Dissolved.shp
2025-05-15 09:49:27,570 [INFO] Skipped existing: 007-KRAU-Dissolved.shp
2025-05-15 09:49:27,571 [INFO] Skipped existing: 007-LPKW-Dissolved.shp
2025-05-15 09:49:27,571 [INFO] Skipped existing: 007-LYNF-Dissolved.shp
2025-05-15 09:49:27,572 [INFO] Skipped existing: 007-LYNN-Dissolved.shp
2025-05-15 09:49:27,573 [INFO] Skipped existing: 007-MALE-Dissolved.shp
2025-05-15 09:49:27,574 [INFO] Skipped existing: 007-MAPO-Dissolved.shp
2025-05-15 09:49:27,574 [INFO] Skipped existing: 007-MBUR-Dissolved.shp
2025-05-15 09:49:27,575 [INFO] Skipped existing: 007-MCHB-Dissolved.shp
2025-05-15 09:49:27,576 [INFO] Skipped existing: 007-MCMT-Dissolved.shp
2025-05-15 09:49:27,577 [INFO] Skipped existing: 007-MCON-Dissolved.shp
2025-05-15 09:49:27,577 [INFO] Skipped existing: 007-MCOS-Dissolved.shp
2025-05-15 09:49:27,578 [INFO] Skipped existing: 007-MEDM-Dissolved.shp
2025-05-15 09:49:27,578 [INFO] Skipped existing: 007-MEDV-Dissolved.shp
2025-05-15 09:49:27,579 [INFO] Skipped existing: 007-MKTR-Dissolved.shp
2025-05-15 09:49:27,580 [INFO] Skipped existing: 007-MNGS-Dissolved.shp
2025-05-15 09:49:27,581 [INFO] Skipped existing: 007-MRAU-Dissolved.shp
2025-05-15 09:49:27,582 [INFO] Skipped existing: 007-MRKL-Dissolved.shp
2025-05-15 09:49:27,584 [INFO] Skipped existing: 007-MRKS-Dissolved.shp
2025-05-15 09:49:27,585 [INFO] Skipped existing: 007-MSAU-Dissolved.shp
2025-05-15 09:49:27,585 [INFO] Skipped existing: 007-MSBU-Dissolved.shp
2025-05-15 09:49:27,586 [INFO] Skipped existing: 007-MSMT-Dissolved.shp
2025-05-15 09:49:27,587 [INFO] Skipped existing: 007-MSNB-Dissolved.shp
2025-05-15 09:49:27,587 [INFO] Skipped existing: 007-MSNR-Dissolved.shp
2025-05-15 09:49:27,588 [INFO] Skipped existing: 007-MSSD-Dissolved.shp
2025-05-15 09:49:27,589 [INFO] Skipped existing: 007-MSTR-Dissolved.shp
2025-05-15 09:49:27,590 [INFO] Skipped existing: 007-MTAU-Dissolved.shp
2025-05-15 09:49:27,590 [INFO] Skipped existing: 007-MTED-Dissolved.shp
2025-05-15 09:49:27,591 [INFO] Skipped existing: 007-MWGN-Dissolved.shp
2025-05-15 09:49:27,592 [INFO] Skipped existing: 007-MWGT-Dissolved.shp
2025-05-15 09:49:27,593 [INFO] Skipped existing: 007-MWTR-Dissolved.shp
2025-05-15 09:49:27,594 [INFO] Skipped existing: 007-MWTS-Dissolved.shp
2025-05-15 09:49:27,594 [INFO] Skipped existing: 007-MYHP-Dissolved.shp
2025-05-15 09:49:27,595 [INFO] Skipped existing: 007-MYRC-Dissolved.shp
2025-05-15 09:49:27,596 [INFO] Skipped existing: 007-NDAU-Dissolved.shp
2025-05-15 09:49:27,596 [INFO] Skipped existing: 007-NEAU-Dissolved.shp
2025-05-15 09:49:27,597 [INFO] Skipped existing: 007-NLAU-Dissolved.shp
2025-05-15 09:49:27,598 [INFO] Skipped existing: 007-NMKC-Dissolved.shp
2025-05-15 09:49:27,600 [INFO] Skipped existing: 007-NMKS-Dissolved.shp
2025-05-15 09:49:27,601 [INFO] Skipped existing: 007-NMVD-Dissolved.shp
2025-05-15 09:49:27,602 [INFO] Skipped existing: 007-NSON-Dissolved.shp
2025-05-15 09:49:27,603 [INFO] Skipped existing: 007-NTNR-Dissolved.shp
2025-05-15 09:49:27,604 [INFO] Skipped existing: 007-NWAU-Dissolved.shp
2025-05-15 09:49:27,604 [INFO] Skipped existing: 007-NWIN-Dissolved.shp
2025-05-15 09:49:27,605 [INFO] Skipped existing: 007-NWTR-Dissolved.shp
2025-05-15 09:49:27,606 [INFO] Skipped existing: 007-OKHU-Dissolved.shp
2025-05-15 09:49:27,606 [INFO] Skipped existing: 007-OLRD-Dissolved.shp
2025-05-15 09:49:27,607 [INFO] Skipped existing: 007-ONHC-Dissolved.shp
2025-05-15 09:49:27,607 [INFO] Skipped existing: 007-ONHS-Dissolved.shp
2025-05-15 09:49:27,608 [INFO] Skipped existing: 007-ONHW-Dissolved.shp
2025-05-15 09:49:27,609 [INFO] Skipped existing: 007-ORGA-Dissolved.shp
2025-05-15 09:49:27,610 [INFO] Skipped existing: 007-ORKB-Dissolved.shp
2025-05-15 09:49:27,610 [INFO] Skipped existing: 007-ORKL-Dissolved.shp
2025-05-15 09:49:27,611 [INFO] Skipped existing: 007-OTER-Dissolved.shp
2025-05-15 09:49:27,612 [INFO] Skipped existing: 007-OTHE-Dissolved.shp
2025-05-15 09:49:27,612 [INFO] Skipped existing: 007-OTHN-Dissolved.shp
2025-05-15 09:49:27,613 [INFO] Skipped existing: 007-OWAR-Dissolved.shp
2025-05-15 09:49:27,614 [INFO] Skipped existing: 007-PAHR-Dissolved.shp
2025-05-15 09:49:27,615 [INFO] Skipped existing: 007-PAMR-Dissolved.shp
2025-05-15 09:49:27,616 [INFO] Skipped existing: 007-PAMU-Dissolved.shp
2025-05-15 09:49:27,617 [INFO] Skipped existing: 007-PCHV-Dissolved.shp
2025-05-15 09:49:27,618 [INFO] Skipped existing: 007-PCIB-Dissolved.shp
2025-05-15 09:49:27,619 [INFO] Skipped existing: 007-PENG-Dissolved.shp
2025-05-15 09:49:27,620 [INFO] Skipped existing: 007-PHIB-Dissolved.shp
2025-05-15 09:49:27,620 [INFO] Skipped existing: 007-PKRD-Dissolved.shp
2025-05-15 09:49:27,621 [INFO] Skipped existing: 007-PNCR-Dissolved.shp
2025-05-15 09:49:27,622 [INFO] Skipped existing: 007-PNLR-Dissolved.shp
2025-05-15 09:49:27,622 [INFO] Skipped existing: 007-PNRW-Dissolved.shp
2025-05-15 09:49:27,623 [INFO] Skipped existing: 007-PRDL-Dissolved.shp
2025-05-15 09:49:27,624 [INFO] Skipped existing: 007-PRNL-Dissolved.shp
2025-05-15 09:49:27,625 [INFO] Skipped existing: 007-PRSE-Dissolved.shp
2025-05-15 09:49:27,626 [INFO] Skipped existing: 007-PSBS-Dissolved.shp
2025-05-15 09:49:27,626 [INFO] Skipped existing: 007-PTAU-Dissolved.shp
2025-05-15 09:49:27,627 [INFO] Skipped existing: 007-PTCS-Dissolved.shp
2025-05-15 09:49:27,628 [INFO] Skipped existing: 007-QAPK-Dissolved.shp
2025-05-15 09:49:27,629 [INFO] Skipped existing: 007-QNWF-Dissolved.shp
2025-05-15 09:49:27,629 [INFO] Skipped existing: 007-QUNS-Dissolved.shp
2025-05-15 09:49:27,630 [INFO] Skipped existing: 007-QYST-Dissolved.shp
2025-05-15 09:49:27,631 [INFO] Skipped existing: 007-RMAR-Dissolved.shp
2025-05-15 09:49:27,632 [INFO] Skipped existing: 007-RMUA-Dissolved.shp
2025-05-15 09:49:27,634 [INFO] Skipped existing: 007-RMUE-Dissolved.shp
2025-05-15 09:49:27,634 [INFO] Skipped existing: 007-RMUN-Dissolved.shp
2025-05-15 09:49:27,635 [INFO] Skipped existing: 007-RMUR-Dissolved.shp
2025-05-15 09:49:27,636 [INFO] Skipped existing: 007-RMUW-Dissolved.shp
2025-05-15 09:49:27,636 [INFO] Skipped existing: 007-RSBK-Dissolved.shp
2025-05-15 09:49:27,637 [INFO] Skipped existing: 007-RWEK-Dissolved.shp
2025-05-15 09:49:27,638 [INFO] Skipped existing: 007-RYLO-Dissolved.shp
2025-05-15 09:49:27,639 [INFO] Skipped existing: 007-SAAU-Dissolved.shp
2025-05-15 09:49:27,640 [INFO] Skipped existing: 007-SDGH-Dissolved.shp
2025-05-15 09:49:27,640 [INFO] Skipped existing: 007-SDOW-Dissolved.shp
2025-05-15 09:49:27,641 [INFO] Skipped existing: 007-SDWN-Dissolved.shp
2025-05-15 09:49:27,642 [INFO] Skipped existing: 007-SGRB-Dissolved.shp
2025-05-15 09:49:27,643 [INFO] Skipped existing: 007-SHAU-Dissolved.shp
2025-05-15 09:49:27,644 [INFO] Skipped existing: 007-SHLR-Dissolved.shp
2025-05-15 09:49:27,645 [INFO] Skipped existing: 007-SHRR-Dissolved.shp
2025-05-15 09:49:27,646 [INFO] Skipped existing: 007-SHTL-Dissolved.shp
2025-05-15 09:49:27,647 [INFO] Skipped existing: 007-SJHN-Dissolved.shp
2025-05-15 09:49:27,648 [INFO] Skipped existing: 007-SJHS-Dissolved.shp
2025-05-15 09:49:27,649 [INFO] Skipped existing: 007-SKCC-Dissolved.shp
2025-05-15 09:49:27,650 [INFO] Skipped existing: 007-SKCT-Dissolved.shp
2025-05-15 09:49:27,651 [INFO] Skipped existing: 007-SLUK-Dissolved.shp
2025-05-15 09:49:27,652 [INFO] Skipped existing: 007-SLVP-Dissolved.shp
2025-05-15 09:49:27,653 [INFO] Skipped existing: 007-SMAU-Dissolved.shp
2025-05-15 09:49:27,654 [INFO] Skipped existing: 007-SNYH-Dissolved.shp
2025-05-15 09:49:27,655 [INFO] Skipped existing: 007-SPGJ-Dissolved.shp
2025-05-15 09:49:27,657 [INFO] Skipped existing: 007-SPPO-Dissolved.shp
2025-05-15 09:49:27,657 [INFO] Skipped existing: 007-STNF-Dissolved.shp
2025-05-15 09:49:27,659 [INFO] Skipped existing: 007-SVPK-Dissolved.shp
2025-05-15 09:49:27,659 [INFO] Skipped existing: 007-SYLP-Dissolved.shp
2025-05-15 09:49:27,661 [INFO] Skipped existing: 007-SYNT-Dissolved.shp
2025-05-15 09:49:27,661 [INFO] Skipped existing: 007-TDPO-Dissolved.shp
2025-05-15 09:49:27,662 [INFO] Skipped existing: 007-THKG-Dissolved.shp
2025-05-15 09:49:27,663 [INFO] Skipped existing: 007-THRL-Dissolved.shp
2025-05-15 09:49:27,664 [INFO] Skipped existing: 007-TMKI-Dissolved.shp
2025-05-15 09:49:27,665 [INFO] Skipped existing: 007-TPPP-Dissolved.shp
2025-05-15 09:49:27,667 [INFO] Skipped existing: 007-UNIN-Dissolved.shp
2025-05-15 09:49:27,668 [INFO] Skipped existing: 007-UPWF-Dissolved.shp
2025-05-15 09:49:27,669 [INFO] Skipped existing: 007-VBPL-Dissolved.shp
2025-05-15 09:49:27,670 [INFO] Skipped existing: 007-VCLR-Dissolved.shp
2025-05-15 09:49:27,671 [INFO] Skipped existing: 007-VGBI-Dissolved.shp
2025-05-15 09:49:27,672 [INFO] Skipped existing: 007-VHIB-Dissolved.shp
2025-05-15 09:49:27,673 [INFO] Skipped existing: 007-VICG-Dissolved.shp
2025-05-15 09:49:27,674 [INFO] Skipped existing: 007-VICR-Dissolved.shp
2025-05-15 09:49:27,675 [INFO] Skipped existing: 007-VICW-Dissolved.shp
2025-05-15 09:49:27,676 [INFO] Skipped existing: 007-VIDT-Dissolved.shp
2025-05-15 09:49:27,677 [INFO] Skipped existing: 007-VMTI-Dissolved.shp
2025-05-15 09:49:27,678 [INFO] Skipped existing: 007-VOKC-Dissolved.shp
2025-05-15 09:49:27,679 [INFO] Skipped existing: 007-VONT-Dissolved.shp
2025-05-15 09:49:27,680 [INFO] Skipped existing: 007-VOOT-Dissolved.shp
2025-05-15 09:49:27,681 [INFO] Skipped existing: 007-VOST-Dissolved.shp
2025-05-15 09:49:27,682 [INFO] Skipped existing: 007-VOTG-Dissolved.shp
2025-05-15 09:49:27,683 [INFO] Skipped existing: 007-VPBB-Dissolved.shp
2025-05-15 09:49:27,684 [INFO] Skipped existing: 007-VRTI-Dissolved.shp
2025-05-15 09:49:27,685 [INFO] Skipped existing: 007-VSFB-Dissolved.shp
2025-05-15 09:49:27,686 [INFO] Skipped existing: 007-VSFD-Dissolved.shp
2025-05-15 09:49:27,687 [INFO] Skipped existing: 007-VWAU-Dissolved.shp
2025-05-15 09:49:27,688 [INFO] Skipped existing: 007-VWHG-Dissolved.shp
2025-05-15 09:49:27,689 [INFO] Skipped existing: 007-VWHH-Dissolved.shp
2025-05-15 09:49:27,690 [INFO] Skipped existing: 007-VWHI-Dissolved.shp
2025-05-15 09:49:27,691 [INFO] Skipped existing: 007-WESY-Dissolved.shp
2025-05-15 09:49:27,692 [INFO] Skipped existing: 007-WKWH-Dissolved.shp
2025-05-15 09:49:27,692 [INFO] Skipped existing: 007-WLQM-Dissolved.shp
2025-05-15 09:49:27,693 [INFO] Skipped existing: 007-WLSW-Dissolved.shp
2025-05-15 09:49:27,694 [INFO] Skipped existing: 007-WMAU-Dissolved.shp
2025-05-15 09:49:27,696 [INFO] Skipped existing: 007-WNIB-Dissolved.shp
2025-05-15 09:49:27,696 [INFO] Skipped existing: 007-WSAU-Dissolved.shp
2025-05-15 09:49:27,697 [INFO] Skipped existing: 007-WSTH-Dissolved.shp
2025-05-15 09:49:27,698 [INFO] Skipped existing: 007-WSTM-Dissolved.shp
2025-05-15 09:49:27,700 [INFO] Skipped existing: 007-WSTS-Dissolved.shp
2025-05-15 09:49:27,701 [INFO] Skipped existing: 007-WVTL-Dissolved.shp
2025-05-15 09:49:27,702 [INFO] Skipped existing: 008-AADT-Dissolved.shp
2025-05-15 09:49:27,702 [INFO] Skipped existing: 008-AAIB-Dissolved.shp
2025-05-15 09:49:27,703 [INFO] Skipped existing: 008-AAIT-Dissolved.shp
2025-05-15 09:49:27,704 [INFO] Skipped existing: 008-AIPO-Dissolved.shp
2025-05-15 09:49:27,705 [INFO] Skipped existing: 008-APDR-Dissolved.shp
2025-05-15 09:49:27,706 [INFO] Skipped existing: 008-BCLR-Dissolved.shp
2025-05-15 09:49:27,707 [INFO] Skipped existing: 008-BDAU-Dissolved.shp
2025-05-15 09:49:27,707 [INFO] Skipped existing: 008-BIKE-Dissolved.shp
2025-05-15 09:49:27,708 [INFO] Skipped existing: 008-BKLB-Dissolved.shp
2025-05-15 09:49:27,709 [INFO] Skipped existing: 008-BNAU-Dissolved.shp
2025-05-15 09:49:27,710 [INFO] Skipped existing: 008-BOTE-Dissolved.shp
2025-05-15 09:49:27,710 [INFO] Skipped existing: 008-BRAU-Dissolved.shp
2025-05-15 09:49:27,711 [INFO] Skipped existing: 008-BTJN-Dissolved.shp
2025-05-15 09:49:27,712 [INFO] Skipped existing: 008-BVAU-Dissolved.shp
2025-05-15 09:49:27,713 [INFO] Skipped existing: 008-CBAU-Dissolved.shp
2025-05-15 09:49:27,714 [INFO] Skipped existing: 008-CCBR-Dissolved.shp
2025-05-15 09:49:27,715 [INFO] Skipped existing: 008-CLDN-Dissolved.shp
2025-05-15 09:49:27,717 [INFO] Skipped existing: 008-CNAU-Dissolved.shp
2025-05-15 09:49:27,718 [INFO] Skipped existing: 008-CPAU-Dissolved.shp
2025-05-15 09:49:27,719 [INFO] Skipped existing: 008-CVDN-Dissolved.shp
2025-05-15 09:49:27,719 [INFO] Skipped existing: 008-CVPK-Dissolved.shp
2025-05-15 09:49:27,720 [INFO] Skipped existing: 008-DANM-Dissolved.shp
2025-05-15 09:49:27,720 [INFO] Skipped existing: 008-EBCH-Dissolved.shp
2025-05-15 09:49:27,721 [INFO] Skipped existing: 008-EGDR-Dissolved.shp
2025-05-15 09:49:27,722 [INFO] Skipped existing: 008-ETMK-Dissolved.shp
2025-05-15 09:49:27,722 [INFO] Skipped existing: 008-FAVN-Dissolved.shp
2025-05-15 09:49:27,723 [INFO] Skipped existing: 008-FEAU-Dissolved.shp
2025-05-15 09:49:27,724 [INFO] Skipped existing: 008-FLBJ-Dissolved.shp
2025-05-15 09:49:27,725 [INFO] Skipped existing: 008-FLBS-Dissolved.shp
2025-05-15 09:49:27,726 [INFO] Skipped existing: 008-FRMC-Dissolved.shp
2025-05-15 09:49:27,727 [INFO] Skipped existing: 008-GNMT-Dissolved.shp
2025-05-15 09:49:27,728 [INFO] Skipped existing: 008-HAMB-Dissolved.shp
2025-05-15 09:49:27,729 [INFO] Skipped existing: 008-HIBR-Dissolved.shp
2025-05-15 09:49:27,730 [INFO] Skipped existing: 008-HIBS-Dissolved.shp
2025-05-15 09:49:27,731 [INFO] Skipped existing: 008-HIPK-Dissolved.shp
2025-05-15 09:49:27,732 [INFO] Skipped existing: 008-HIPR-Dissolved.shp
2025-05-15 09:49:27,733 [INFO] Skipped existing: 008-HLRA-Dissolved.shp
2025-05-15 09:49:27,735 [INFO] Skipped existing: 008-HOAU-Dissolved.shp
2025-05-15 09:49:27,736 [INFO] Skipped existing: 008-HOMC-Dissolved.shp
2025-05-15 09:49:27,737 [INFO] Skipped existing: 008-HOMW-Dissolved.shp
2025-05-15 09:49:27,738 [INFO] Skipped existing: 008-HOWC-Dissolved.shp
2025-05-15 09:49:27,738 [INFO] Skipped existing: 008-HOWW-Dissolved.shp
2025-05-15 09:49:27,739 [INFO] Skipped existing: 008-HPRU-Dissolved.shp
2025-05-15 09:49:27,740 [INFO] Skipped existing: 008-HRAU-Dissolved.shp
2025-05-15 09:49:27,741 [INFO] Skipped existing: 008-HTPK-Dissolved.shp
2025-05-15 09:49:27,742 [INFO] Skipped existing: 008-JFDR-Dissolved.shp
2025-05-15 09:49:27,742 [INFO] Skipped existing: 008-MDLD-Dissolved.shp
2025-05-15 09:49:27,743 [INFO] Skipped existing: 008-MDMH-Dissolved.shp
2025-05-15 09:49:27,744 [INFO] Skipped existing: 008-MEAU-Dissolved.shp
2025-05-15 09:49:27,745 [INFO] Skipped existing: 008-MELB-Dissolved.shp
2025-05-15 09:49:27,746 [INFO] Skipped existing: 008-MGAU-Dissolved.shp
2025-05-15 09:49:27,748 [INFO] Skipped existing: 008-MGBT-Dissolved.shp
2025-05-15 09:49:27,749 [INFO] Skipped existing: 008-MGEB-Dissolved.shp
2025-05-15 09:49:27,750 [INFO] Skipped existing: 008-MGRB-Dissolved.shp
2025-05-15 09:49:27,750 [INFO] Skipped existing: 008-MGRE-Dissolved.shp
2025-05-15 09:49:27,751 [INFO] Skipped existing: 008-MGRW-Dissolved.shp
2025-05-15 09:49:27,752 [INFO] Skipped existing: 008-MHAU-Dissolved.shp
2025-05-15 09:49:27,752 [INFO] Skipped existing: 008-MIAU-Dissolved.shp
2025-05-15 09:49:27,753 [INFO] Skipped existing: 008-MILS-Dissolved.shp
2025-05-15 09:49:27,754 [INFO] Skipped existing: 008-MNAU-Dissolved.shp
2025-05-15 09:49:27,755 [INFO] Skipped existing: 008-MNKC-Dissolved.shp
2025-05-15 09:49:27,756 [INFO] Skipped existing: 008-MNKJ-Dissolved.shp
2025-05-15 09:49:27,757 [INFO] Skipped existing: 008-MRWC-Dissolved.shp
2025-05-15 09:49:27,758 [INFO] Skipped existing: 008-MRWE-Dissolved.shp
2025-05-15 09:49:27,759 [INFO] Skipped existing: 008-MRWW-Dissolved.shp
2025-05-15 09:49:27,760 [INFO] Skipped existing: 008-MUPT-Dissolved.shp
2025-05-15 09:49:27,760 [INFO] Skipped existing: 008-ORAU-Dissolved.shp
2025-05-15 09:49:27,761 [INFO] Skipped existing: 008-ORRP-Dissolved.shp
2025-05-15 09:49:27,762 [INFO] Skipped existing: 008-OTAR-Dissolved.shp
2025-05-15 09:49:27,763 [INFO] Skipped existing: 008-OTAU-Dissolved.shp
2025-05-15 09:49:27,764 [INFO] Skipped existing: 008-OTAW-Dissolved.shp
2025-05-15 09:49:27,765 [INFO] Skipped existing: 008-OTHH-Dissolved.shp
2025-05-15 09:49:27,766 [INFO] Skipped existing: 008-PCAU-Dissolved.shp
2025-05-15 09:49:27,768 [INFO] Skipped existing: 008-PEAU-Dissolved.shp
2025-05-15 09:49:27,768 [INFO] Skipped existing: 008-PKGN-Dissolved.shp
2025-05-15 09:49:27,769 [INFO] Skipped existing: 008-PKRG-Dissolved.shp
2025-05-15 09:49:27,770 [INFO] Skipped existing: 008-PNAU-Dissolved.shp
2025-05-15 09:49:27,771 [INFO] Skipped existing: 008-PPTC-Dissolved.shp
2025-05-15 09:49:27,771 [INFO] Skipped existing: 008-PPTE-Dissolved.shp
2025-05-15 09:49:27,772 [INFO] Skipped existing: 008-PPTV-Dissolved.shp
2025-05-15 09:49:27,773 [INFO] Skipped existing: 008-PPTW-Dissolved.shp
2025-05-15 09:49:27,774 [INFO] Skipped existing: 008-PSAU-Dissolved.shp
2025-05-15 09:49:27,775 [INFO] Skipped existing: 008-PUHN-Dissolved.shp
2025-05-15 09:49:27,776 [INFO] Skipped existing: 008-PUHW-Dissolved.shp
2025-05-15 09:49:27,777 [INFO] Skipped existing: 008-PUMW-Dissolved.shp
2025-05-15 09:49:27,778 [INFO] Skipped existing: 008-RBRB-Dissolved.shp
2025-05-15 09:49:27,779 [INFO] Skipped existing: 008-RCLN-Dissolved.shp
2025-05-15 09:49:27,780 [INFO] Skipped existing: 008-RDRD-Dissolved.shp
2025-05-15 09:49:27,780 [INFO] Skipped existing: 008-RMNB-Dissolved.shp
2025-05-15 09:49:27,781 [INFO] Skipped existing: 008-RNEV-Dissolved.shp
2025-05-15 09:49:27,783 [INFO] Skipped existing: 008-RPAU-Dissolved.shp
2025-05-15 09:49:27,784 [INFO] Skipped existing: 008-SHPK-Dissolved.shp
2025-05-15 09:49:27,785 [INFO] Skipped existing: 008-SMAL-Dissolved.shp
2025-05-15 09:49:27,786 [INFO] Skipped existing: 008-SNYH-Dissolved.shp
2025-05-15 09:49:27,787 [INFO] Skipped existing: 008-TEIR-Dissolved.shp
2025-05-15 09:49:27,788 [INFO] Skipped existing: 008-TGAR-Dissolved.shp
2025-05-15 09:49:27,789 [INFO] Skipped existing: 008-TIAU-Dissolved.shp
2025-05-15 09:49:27,790 [INFO] Skipped existing: 008-TIRD-Dissolved.shp
2025-05-15 09:49:27,791 [INFO] Skipped existing: 008-TKNE-Dissolved.shp
2025-05-15 09:49:27,792 [INFO] Skipped existing: 008-TKNJ-Dissolved.shp
2025-05-15 09:49:27,792 [INFO] Skipped existing: 008-TOTW-Dissolved.shp
2025-05-15 09:49:27,793 [INFO] Skipped existing: 008-TTAU-Dissolved.shp
2025-05-15 09:49:27,794 [INFO] Skipped existing: 008-TUSH-Dissolved.shp
2025-05-15 09:49:27,795 [INFO] Skipped existing: 008-VKAB-Dissolved.shp
2025-05-15 09:49:27,796 [INFO] Skipped existing: 008-VMAI-Dissolved.shp
2025-05-15 09:49:27,797 [INFO] Skipped existing: 008-VWIT-Dissolved.shp
2025-05-15 09:49:27,798 [INFO] Skipped existing: 008-WEYC-Dissolved.shp
2025-05-15 09:49:27,799 [INFO] Skipped existing: 008-WEYM-Dissolved.shp
2025-05-15 09:49:27,800 [INFO] Skipped existing: 008-WIAU-Dissolved.shp
2025-05-15 09:49:27,801 [INFO] Skipped existing: 008-WIRI-Dissolved.shp
2025-05-15 09:49:27,802 [INFO] Skipped existing: 008-XMAS-Dissolved.shp
2025-05-15 09:49:27,803 [INFO] Skipped existing: 009-ARDM-Dissolved.shp
2025-05-15 09:49:27,803 [INFO] Skipped existing: 009-AUPN-Dissolved.shp
2025-05-15 09:49:27,804 [INFO] Skipped existing: 009-COGR-Dissolved.shp
2025-05-15 09:49:27,805 [INFO] Skipped existing: 009-DRUR-Dissolved.shp
2025-05-15 09:49:27,806 [INFO] Skipped existing: 009-GVAU-Dissolved.shp
2025-05-15 09:49:27,807 [INFO] Skipped existing: 009-HGAU-Dissolved.shp
2025-05-15 09:49:27,808 [INFO] Skipped existing: 009-PDAU-Dissolved.shp
2025-05-15 09:49:27,808 [INFO] Skipped existing: 009-PPKE-Dissolved.shp
2025-05-15 09:49:27,809 [INFO] Skipped existing: 009-PPKJ-Dissolved.shp
2025-05-15 09:49:27,810 [INFO] Skipped existing: 009-PPKR-Dissolved.shp
2025-05-15 09:49:27,811 [INFO] Skipped existing: 009-PPKS-Dissolved.shp
2025-05-15 09:49:27,811 [INFO] Skipped existing: 009-REDH-Dissolved.shp
2025-05-15 09:49:27,812 [INFO] Skipped existing: 009-RHLN-Dissolved.shp
2025-05-15 09:49:27,813 [INFO] Skipped existing: 009-RHNW-Dissolved.shp
2025-05-15 09:49:27,814 [INFO] Skipped existing: 009-TKNS-Dissolved.shp
2025-05-15 09:49:27,815 [INFO] Skipped existing: 010-AWIN-Dissolved.shp
2025-05-15 09:49:27,816 [INFO] Skipped existing: 010-BNTH-Dissolved.shp
2025-05-15 09:49:27,817 [INFO] Skipped existing: 010-BOBY-Dissolved.shp
2025-05-15 09:49:27,817 [INFO] Skipped existing: 010-GNBK-Dissolved.shp
2025-05-15 09:49:27,818 [INFO] Skipped existing: 010-HNUA-Dissolved.shp
2025-05-15 09:49:27,819 [INFO] Skipped existing: 010-NPAU-Dissolved.shp
2025-05-15 09:49:27,820 [INFO] Skipped existing: 010-PKAU-Dissolved.shp
2025-05-15 09:49:27,820 [INFO] Skipped existing: 010-PKKO-Dissolved.shp
2025-05-15 09:49:27,821 [INFO] Skipped existing: 010-PKKR-Dissolved.shp
2025-05-15 09:49:27,822 [INFO] Skipped existing: 010-PKNO-Dissolved.shp
2025-05-15 09:49:27,822 [INFO] Skipped existing: 010-PRAU-Dissolved.shp
2025-05-15 09:49:27,823 [INFO] Skipped existing: 010-PUAU-Dissolved.shp
2025-05-15 09:49:27,824 [INFO] Skipped existing: 010-PUKT-Dissolved.shp
2025-05-15 09:49:27,824 [INFO] Skipped existing: 010-PWKT-Dissolved.shp
2025-05-15 09:49:27,825 [INFO] Skipped existing: 010-RATS-Dissolved.shp
2025-05-15 09:49:27,826 [INFO] Skipped existing: 010-RKRN-Dissolved.shp
2025-05-15 09:49:27,826 [INFO] Skipped existing: 010-ROAW-Dissolved.shp
2025-05-15 09:49:27,827 [INFO] Skipped existing: 010-RONS-Dissolved.shp
2025-05-15 09:49:27,828 [INFO] Skipped existing: 010-RPPV-Dissolved.shp
2025-05-15 09:49:27,828 [INFO] Skipped existing: 010-RTKO-Dissolved.shp
2025-05-15 09:49:27,829 [INFO] Skipped existing: 010-RWET-Dissolved.shp
2025-05-15 09:49:27,830 [INFO] Skipped existing: 010-VARU-Dissolved.shp
2025-05-15 09:49:27,831 [INFO] Skipped existing: 010-VBBS-Dissolved.shp
2025-05-15 09:49:27,832 [INFO] Skipped existing: 010-VCBC-Dissolved.shp
2025-05-15 09:49:27,833 [INFO] Skipped existing: 010-VCKB-Dissolved.shp
2025-05-15 09:49:27,833 [INFO] Skipped existing: 010-VDRU-Dissolved.shp
2025-05-15 09:49:27,834 [INFO] Skipped existing: 010-VGMU-Dissolved.shp
2025-05-15 09:49:27,835 [INFO] Skipped existing: 010-VKAA-Dissolved.shp
2025-05-15 09:49:27,836 [INFO] Skipped existing: 010-VKGS-Dissolved.shp
2025-05-15 09:49:27,836 [INFO] Skipped existing: 010-VMER-Dissolved.shp
2025-05-15 09:49:27,837 [INFO] Skipped existing: 010-VPKH-Dissolved.shp
2025-05-15 09:49:27,838 [INFO] Skipped existing: 010-VPTM-Dissolved.shp
2025-05-15 09:49:27,838 [INFO] Skipped existing: 010-VRRM-Dissolved.shp
2025-05-15 09:49:27,839 [INFO] Skipped existing: 010-WPAU-Dissolved.shp
2025-05-15 09:49:27,840 [INFO] Skipped existing: 010-WUKU-Dissolved.shp
2025-05-15 09:49:27,841 [INFO] Step 0.1: Generating live tower coverage union...
2025-05-15 09:49:27,847 [INFO] [Reuse] Live network coverage already exists: c:\Users\Jeremy\Documents\GitHub\2024-S2-R-D-Adaptive-Network-Management\ranking\tower_analysis\..\output\live_network_coverage_14578b25_batched.shp
2025-05-15 09:49:27,847 [INFO] Live coverage generated in 0.01s
2025-05-15 09:49:27,848 [INFO] Step 0.2: Filtering uncovered facilities...
2025-05-15 09:49:27,851 [INFO] [Reuse] Filtered facilities already exists: c:\Users\Jeremy\Documents\GitHub\2024-S2-R-D-Adaptive-Network-Management\ranking\tower_analysis\..\output\filtered_facilities_14578b25.shp
2025-05-15 09:49:27,851 [INFO] Facility filtering done in 0.00s
2025-05-15 09:49:27,851 [INFO] Step 1: Loading failed tower geometries...
2025-05-15 09:49:31,630 [INFO] Loaded 54 failed tower geometries.
2025-05-15 09:49:31,630 [INFO] Step 2: Loading filtered facility data...
2025-05-15 09:49:31,659 [INFO] Loaded 47 filtered facilities.
2025-05-15 09:49:31,659 [INFO] Step 3: Loading population data...
2025-05-15 09:49:35,608 [INFO] Loaded 196942 population grid cells.
2025-05-15 09:49:35,608 [INFO] Step 4: Calculating exclusive coverage areas (batched with index)...
2025-05-15 09:51:04,426 [INFO] Exclusive coverage calculated in 88.82s
2025-05-15 09:51:04,426 [INFO] Step 5: Getting weights...
2025-05-15 09:51:08,175 [INFO] Using weights: {'hospital': 10, 'police': 8, 'fire_station': 9, 'population_scale': 0.00045}
2025-05-15 09:51:08,175 [INFO] Step 6: Ranking failed towers...
2025-05-15 09:51:08,445 [ERROR] An error occurred during execution.
Traceback (most recent call last):
  File "C:\Users\Jeremy\AppData\Local\Programs\Python\Python313\Lib\site-packages\pandas\core\indexes\base.py", line 3805, in get_loc
    return self._engine.get_loc(casted_key)
           ~~~~~~~~~~~~~~~~~~~~^^^^^^^^^^^^
  File "index.pyx", line 167, in pandas._libs.index.IndexEngine.get_loc
  File "index.pyx", line 196, in pandas._libs.index.IndexEngine.get_loc
  File "pandas\\_libs\\hashtable_class_helper.pxi", line 7081, in pandas._libs.hashtable.PyObjectHashTable.get_item
  File "pandas\\_libs\\hashtable_class_helper.pxi", line 7089, in pandas._libs.hashtable.PyObjectHashTable.get_item
KeyError: 'orig_area'

The above exception was the direct cause of the following exception:

Traceback (most recent call last):
  File "c:\Users\Jeremy\Documents\GitHub\2024-S2-R-D-Adaptive-Network-Management\ranking\main.py", line 101, in main
    tower_scores = rank_failed_towers(
        failed_exclusive_coverage,
    ...<2 lines>...
        user_weights
    )
  File "c:\Users\Jeremy\Documents\GitHub\2024-S2-R-D-Adaptive-Network-Management\ranking\tower_analysis\ranking.py", line 30, in rank_failed_towers
    pop_weighted, pop_unweighted = calculate_population_within_coverage(
                                   ~~~~~~~~~~~~~~~~~~~~~~~~~~~~~~~~~~~~^
        failed_exclusive_coverage, population_gdf
        ^^^^^^^^^^^^^^^^^^^^^^^^^^^^^^^^^^^^^^^^^
    )
    ^
  File "c:\Users\Jeremy\Documents\GitHub\2024-S2-R-D-Adaptive-Network-Management\ranking\tower_analysis\coverage_analysis.py", line 124, in calculate_population_within_coverage
    intersection["area_ratio"] = intersection["intersect_area"] / intersection["orig_area"]
                                                                  ~~~~~~~~~~~~^^^^^^^^^^^^^
  File "C:\Users\Jeremy\AppData\Local\Programs\Python\Python313\Lib\site-packages\geopandas\geodataframe.py", line 1750, in __getitem__
    result = super().__getitem__(key)
  File "C:\Users\Jeremy\AppData\Local\Programs\Python\Python313\Lib\site-packages\pandas\core\frame.py", line 4102, in __getitem__
    indexer = self.columns.get_loc(key)
  File "C:\Users\Jeremy\AppData\Local\Programs\Python\Python313\Lib\site-packages\pandas\core\indexes\base.py", line 3812, in get_loc
    raise KeyError(key) from err
KeyError: 'orig_area'
2025-05-15 09:51:08,473 [INFO] Script completed in 101.93 seconds.
