2025-05-15 09:55:46,062 [INFO] Step 0: Preprocessing dissolved shapefiles...
2025-05-15 09:55:46,241 [INFO] Found 577 unique tower prefixes to process.
2025-05-15 09:55:46,249 [INFO] Skipped existing: 004-ABAU-Dissolved.shp
2025-05-15 09:55:46,250 [INFO] Skipped existing: 004-AHRA-Dissolved.shp
2025-05-15 09:55:46,250 [INFO] Skipped existing: 004-ARMB-Dissolved.shp
2025-05-15 09:55:46,251 [INFO] Skipped existing: 004-GHBR-Dissolved.shp
2025-05-15 09:55:46,251 [INFO] Skipped existing: 004-HFAU-Dissolved.shp
2025-05-15 09:55:46,251 [INFO] Skipped existing: 004-HSVL-Dissolved.shp
2025-05-15 09:55:46,255 [INFO] Skipped existing: 004-KPKP-Dissolved.shp
2025-05-15 09:55:46,256 [INFO] Skipped existing: 004-KRKH-Dissolved.shp
2025-05-15 09:55:46,256 [INFO] Skipped existing: 004-KUMU-Dissolved.shp
2025-05-15 09:55:46,257 [INFO] Skipped existing: 004-KWIL-Dissolved.shp
2025-05-15 09:55:46,258 [INFO] Skipped existing: 004-LEGH-Dissolved.shp
2025-05-15 09:55:46,258 [INFO] Skipped existing: 004-MKRU-Dissolved.shp
2025-05-15 09:55:46,259 [INFO] Skipped existing: 004-MNLY-Dissolved.shp
2025-05-15 09:55:46,260 [INFO] Skipped existing: 004-MRWI-Dissolved.shp
2025-05-15 09:55:46,261 [INFO] Skipped existing: 004-MTKA-Dissolved.shp
2025-05-15 09:55:46,262 [INFO] Skipped existing: 004-NSAD-Dissolved.shp
2025-05-15 09:55:46,263 [INFO] Skipped existing: 004-OMAU-Dissolved.shp
2025-05-15 09:55:46,263 [INFO] Skipped existing: 004-OMHA-Dissolved.shp
2025-05-15 09:55:46,264 [INFO] Skipped existing: 004-ORWA-Dissolved.shp
2025-05-15 09:55:46,265 [INFO] Skipped existing: 004-OWAU-Dissolved.shp
2025-05-15 09:55:46,266 [INFO] Skipped existing: 004-PUHB-Dissolved.shp
2025-05-15 09:55:46,267 [INFO] Skipped existing: 004-PUHS-Dissolved.shp
2025-05-15 09:55:46,268 [INFO] Skipped existing: 004-RARV-Dissolved.shp
2025-05-15 09:55:46,269 [INFO] Skipped existing: 004-RARW-Dissolved.shp
2025-05-15 09:55:46,270 [INFO] Skipped existing: 004-RBPL-Dissolved.shp
2025-05-15 09:55:46,271 [INFO] Skipped existing: 004-RBRV-Dissolved.shp
2025-05-15 09:55:46,271 [INFO] Skipped existing: 004-RDVL-Dissolved.shp
2025-05-15 09:55:46,272 [INFO] Skipped existing: 004-REDB-Dissolved.shp
2025-05-15 09:55:46,273 [INFO] Skipped existing: 004-RGLR-Dissolved.shp
2025-05-15 09:55:46,274 [INFO] Skipped existing: 004-RIAU-Dissolved.shp
2025-05-15 09:55:46,275 [INFO] Skipped existing: 004-RKCH-Dissolved.shp
2025-05-15 09:55:46,276 [INFO] Skipped existing: 004-RMKE-Dissolved.shp
2025-05-15 09:55:46,277 [INFO] Skipped existing: 004-RMKN-Dissolved.shp
2025-05-15 09:55:46,278 [INFO] Skipped existing: 004-RPHX-Dissolved.shp
2025-05-15 09:55:46,279 [INFO] Skipped existing: 004-RPKR-Dissolved.shp
2025-05-15 09:55:46,280 [INFO] Skipped existing: 004-RSAU-Dissolved.shp
2025-05-15 09:55:46,280 [INFO] Skipped existing: 004-RSHE-Dissolved.shp
2025-05-15 09:55:46,281 [INFO] Skipped existing: 004-RTAI-Dissolved.shp
2025-05-15 09:55:46,282 [INFO] Skipped existing: 004-RVHT-Dissolved.shp
2025-05-15 09:55:46,282 [INFO] Skipped existing: 004-RVRH-Dissolved.shp
2025-05-15 09:55:46,283 [INFO] Skipped existing: 004-RWGR-Dissolved.shp
2025-05-15 09:55:46,284 [INFO] Skipped existing: 004-RWRN-Dissolved.shp
2025-05-15 09:55:46,285 [INFO] Skipped existing: 004-RWRS-Dissolved.shp
2025-05-15 09:55:46,285 [INFO] Skipped existing: 004-SDOR-Dissolved.shp
2025-05-15 09:55:46,286 [INFO] Skipped existing: 004-SNEL-Dissolved.shp
2025-05-15 09:55:46,287 [INFO] Skipped existing: 004-STMB-Dissolved.shp
2025-05-15 09:55:46,287 [INFO] Skipped existing: 004-SVDL-Dissolved.shp
2025-05-15 09:55:46,288 [INFO] Skipped existing: 004-TDBH-Dissolved.shp
2025-05-15 09:55:46,288 [INFO] Skipped existing: 004-UORW-Dissolved.shp
2025-05-15 09:55:46,289 [INFO] Skipped existing: 004-VDFT-Dissolved.shp
2025-05-15 09:55:46,290 [INFO] Skipped existing: 004-VKPH-Dissolved.shp
2025-05-15 09:55:46,291 [INFO] Skipped existing: 004-VNME-Dissolved.shp
2025-05-15 09:55:46,292 [INFO] Skipped existing: 004-VTEH-Dissolved.shp
2025-05-15 09:55:46,293 [INFO] Skipped existing: 004-VWDH-Dissolved.shp
2025-05-15 09:55:46,294 [INFO] Skipped existing: 004-WDHD-Dissolved.shp
2025-05-15 09:55:46,295 [INFO] Skipped existing: 004-WELS-Dissolved.shp
2025-05-15 09:55:46,296 [INFO] Skipped existing: 004-WHPR-Dissolved.shp
2025-05-15 09:55:46,296 [INFO] Skipped existing: 004-WKSH-Dissolved.shp
2025-05-15 09:55:46,297 [INFO] Skipped existing: 004-WMKU-Dissolved.shp
2025-05-15 09:55:46,298 [INFO] Skipped existing: 004-WRKW-Dissolved.shp
2025-05-15 09:55:46,298 [INFO] Skipped existing: 004-WTKI-Dissolved.shp
2025-05-15 09:55:46,299 [INFO] Skipped existing: 004-WWRA-Dissolved.shp
2025-05-15 09:55:46,300 [INFO] Skipped existing: 005-ABMC-Dissolved.shp
2025-05-15 09:55:46,300 [INFO] Skipped existing: 005-ASTH-Dissolved.shp
2025-05-15 09:55:46,301 [INFO] Skipped existing: 005-AYET-Dissolved.shp
2025-05-15 09:55:46,301 [INFO] Skipped existing: 005-AYWT-Dissolved.shp
2025-05-15 09:55:46,302 [INFO] Skipped existing: 005-BBCL-Dissolved.shp
2025-05-15 09:55:46,302 [INFO] Skipped existing: 005-BBNH-Dissolved.shp
2025-05-15 09:55:46,303 [INFO] Skipped existing: 005-BBSH-Dissolved.shp
2025-05-15 09:55:46,304 [INFO] Skipped existing: 005-BBWT-Dissolved.shp
2025-05-15 09:55:46,305 [INFO] Skipped existing: 005-BHHN-Dissolved.shp
2025-05-15 09:55:46,306 [INFO] Skipped existing: 005-BHNH-Dissolved.shp
2025-05-15 09:55:46,306 [INFO] Skipped existing: 005-BHSH-Dissolved.shp
2025-05-15 09:55:46,307 [INFO] Skipped existing: 005-BIRK-Dissolved.shp
2025-05-15 09:55:46,308 [INFO] Skipped existing: 005-BKCL-Dissolved.shp
2025-05-15 09:55:46,309 [INFO] Skipped existing: 005-BKWT-Dissolved.shp
2025-05-15 09:55:46,310 [INFO] Skipped existing: 005-BLMT-Dissolved.shp
2025-05-15 09:55:46,311 [INFO] Skipped existing: 005-BRBM-Dissolved.shp
2025-05-15 09:55:46,312 [INFO] Skipped existing: 005-BYPT-Dissolved.shp
2025-05-15 09:55:46,313 [INFO] Skipped existing: 005-BYVW-Dissolved.shp
2025-05-15 09:55:46,314 [INFO] Skipped existing: 005-CBAY-Dissolved.shp
2025-05-15 09:55:46,315 [INFO] Skipped existing: 005-CPBB-Dissolved.shp
2025-05-15 09:55:46,316 [INFO] Skipped existing: 005-CRHL-Dissolved.shp
2025-05-15 09:55:46,317 [INFO] Skipped existing: 005-DNTH-Dissolved.shp
2025-05-15 09:55:46,317 [INFO] Skipped existing: 005-DSTH-Dissolved.shp
2025-05-15 09:55:46,318 [INFO] Skipped existing: 005-ESMD-Dissolved.shp
2025-05-15 09:55:46,319 [INFO] Skipped existing: 005-FRHL-Dissolved.shp
2025-05-15 09:55:46,320 [INFO] Skipped existing: 005-GFCL-Dissolved.shp
2025-05-15 09:55:46,320 [INFO] Skipped existing: 005-GFRD-Dissolved.shp
2025-05-15 09:55:46,321 [INFO] Skipped existing: 005-GLNR-Dissolved.shp
2025-05-15 09:55:46,321 [INFO] Skipped existing: 005-GLSH-Dissolved.shp
2025-05-15 09:55:46,322 [INFO] Skipped existing: 005-GRNC-Dissolved.shp
2025-05-15 09:55:46,323 [INFO] Skipped existing: 005-GRNS-Dissolved.shp
2025-05-15 09:55:46,323 [INFO] Skipped existing: 005-HBBG-Dissolved.shp
2025-05-15 09:55:46,324 [INFO] Skipped existing: 005-HBRN-Dissolved.shp
2025-05-15 09:55:46,325 [INFO] Skipped existing: 005-HKCR-Dissolved.shp
2025-05-15 09:55:46,326 [INFO] Skipped existing: 005-HLCS-Dissolved.shp
2025-05-15 09:55:46,327 [INFO] Skipped existing: 005-HLCW-Dissolved.shp
2025-05-15 09:55:46,328 [INFO] Skipped existing: 005-KPRK-Dissolved.shp
2025-05-15 09:55:46,328 [INFO] Skipped existing: 005-LBAU-Dissolved.shp
2025-05-15 09:55:46,329 [INFO] Skipped existing: 005-LKPP-Dissolved.shp
2025-05-15 09:55:46,330 [INFO] Skipped existing: 005-LOAU-Dissolved.shp
2025-05-15 09:55:46,331 [INFO] Skipped existing: 005-MBYN-Dissolved.shp
2025-05-15 09:55:46,332 [INFO] Skipped existing: 005-MIBY-Dissolved.shp
2025-05-15 09:55:46,332 [INFO] Skipped existing: 005-MLFD-Dissolved.shp
2025-05-15 09:55:46,333 [INFO] Skipped existing: 005-MNCT-Dissolved.shp
2025-05-15 09:55:46,333 [INFO] Skipped existing: 005-MUBY-Dissolved.shp
2025-05-15 09:55:46,334 [INFO] Skipped existing: 005-NCMC-Dissolved.shp
2025-05-15 09:55:46,335 [INFO] Skipped existing: 005-NCOW-Dissolved.shp
2025-05-15 09:55:46,336 [INFO] Skipped existing: 005-NHBR-Dissolved.shp
2025-05-15 09:55:46,336 [INFO] Skipped existing: 005-NHST-Dissolved.shp
2025-05-15 09:55:46,337 [INFO] Skipped existing: 005-NORH-Dissolved.shp
2025-05-15 09:55:46,338 [INFO] Skipped existing: 005-NTHC-Dissolved.shp
2025-05-15 09:55:46,339 [INFO] Skipped existing: 005-NTHM-Dissolved.shp
2025-05-15 09:55:46,339 [INFO] Skipped existing: 005-NTHX-Dissolved.shp
2025-05-15 09:55:46,340 [INFO] Skipped existing: 005-NWST-Dissolved.shp
2025-05-15 09:55:46,341 [INFO] Skipped existing: 005-PNHL-Dissolved.shp
2025-05-15 09:55:46,342 [INFO] Skipped existing: 005-PRMP-Dissolved.shp
2025-05-15 09:55:46,343 [INFO] Skipped existing: 005-RBAY-Dissolved.shp
2025-05-15 09:55:46,344 [INFO] Skipped existing: 005-SNAP-Dissolved.shp
2025-05-15 09:55:46,346 [INFO] Skipped existing: 005-SNTH-Dissolved.shp
2025-05-15 09:55:46,347 [INFO] Skipped existing: 005-STBY-Dissolved.shp
2025-05-15 09:55:46,347 [INFO] Skipped existing: 005-SUNS-Dissolved.shp
2025-05-15 09:55:46,348 [INFO] Skipped existing: 005-SYNK-Dissolved.shp
2025-05-15 09:55:46,349 [INFO] Skipped existing: 005-TBYH-Dissolved.shp
2025-05-15 09:55:46,350 [INFO] Skipped existing: 005-TKPN-Dissolved.shp
2025-05-15 09:55:46,351 [INFO] Skipped existing: 005-TRBY-Dissolved.shp
2025-05-15 09:55:46,351 [INFO] Skipped existing: 005-USWH-Dissolved.shp
2025-05-15 09:55:46,352 [INFO] Skipped existing: 005-WNNI-Dissolved.shp
2025-05-15 09:55:46,353 [INFO] Skipped existing: 005-WRAU-Dissolved.shp
2025-05-15 09:55:46,353 [INFO] Skipped existing: 005-WRNH-Dissolved.shp
2025-05-15 09:55:46,354 [INFO] Skipped existing: 005-WRPK-Dissolved.shp
2025-05-15 09:55:46,355 [INFO] Skipped existing: 005-WRSH-Dissolved.shp
2025-05-15 09:55:46,356 [INFO] Skipped existing: 006-ALBN-Dissolved.shp
2025-05-15 09:55:46,357 [INFO] Skipped existing: 006-COAT-Dissolved.shp
2025-05-15 09:55:46,358 [INFO] Skipped existing: 006-CPKH-Dissolved.shp
2025-05-15 09:55:46,359 [INFO] Skipped existing: 006-CRWC-Dissolved.shp
2025-05-15 09:55:46,361 [INFO] Skipped existing: 006-ERAU-Dissolved.shp
2025-05-15 09:55:46,362 [INFO] Skipped existing: 006-GLDN-Dissolved.shp
2025-05-15 09:55:46,362 [INFO] Skipped existing: 006-GLDR-Dissolved.shp
2025-05-15 09:55:46,363 [INFO] Skipped existing: 006-GLDS-Dissolved.shp
2025-05-15 09:55:46,364 [INFO] Skipped existing: 006-GLNN-Dissolved.shp
2025-05-15 09:55:46,365 [INFO] Skipped existing: 006-GLNW-Dissolved.shp
2025-05-15 09:55:46,366 [INFO] Skipped existing: 006-GRNB-Dissolved.shp
2025-05-15 09:55:46,367 [INFO] Skipped existing: 006-HBVL-Dissolved.shp
2025-05-15 09:55:46,367 [INFO] Skipped existing: 006-HCAU-Dissolved.shp
2025-05-15 09:55:46,368 [INFO] Skipped existing: 006-HDNC-Dissolved.shp
2025-05-15 09:55:46,368 [INFO] Skipped existing: 006-HDNE-Dissolved.shp
2025-05-15 09:55:46,369 [INFO] Skipped existing: 006-HDNS-Dissolved.shp
2025-05-15 09:55:46,370 [INFO] Skipped existing: 006-HOBS-Dissolved.shp
2025-05-15 09:55:46,370 [INFO] Skipped existing: 006-HRBV-Dissolved.shp
2025-05-15 09:55:46,371 [INFO] Skipped existing: 006-HTWL-Dissolved.shp
2025-05-15 09:55:46,372 [INFO] Skipped existing: 006-JCPO-Dissolved.shp
2025-05-15 09:55:46,373 [INFO] Skipped existing: 006-KLST-Dissolved.shp
2025-05-15 09:55:46,373 [INFO] Skipped existing: 006-KSTG-Dissolved.shp
2025-05-15 09:55:46,374 [INFO] Skipped existing: 006-LCAU-Dissolved.shp
2025-05-15 09:55:46,375 [INFO] Skipped existing: 006-LCNN-Dissolved.shp
2025-05-15 09:55:46,376 [INFO] Skipped existing: 006-LCNS-Dissolved.shp
2025-05-15 09:55:46,377 [INFO] Skipped existing: 006-LCNW-Dissolved.shp
2025-05-15 09:55:46,378 [INFO] Skipped existing: 006-LNAU-Dissolved.shp
2025-05-15 09:55:46,379 [INFO] Skipped existing: 006-LNML-Dissolved.shp
2025-05-15 09:55:46,380 [INFO] Skipped existing: 006-MLPK-Dissolved.shp
2025-05-15 09:55:46,381 [INFO] Skipped existing: 006-MNTH-Dissolved.shp
2025-05-15 09:55:46,382 [INFO] Skipped existing: 006-MPRK-Dissolved.shp
2025-05-15 09:55:46,383 [INFO] Skipped existing: 006-MWST-Dissolved.shp
2025-05-15 09:55:46,384 [INFO] Skipped existing: 006-NWSC-Dissolved.shp
2025-05-15 09:55:46,385 [INFO] Skipped existing: 006-PIHA-Dissolved.shp
2025-05-15 09:55:46,386 [INFO] Skipped existing: 006-RANU-Dissolved.shp
2025-05-15 09:55:46,386 [INFO] Skipped existing: 006-RANW-Dissolved.shp
2025-05-15 09:55:46,387 [INFO] Skipped existing: 006-RLGR-Dissolved.shp
2025-05-15 09:55:46,388 [INFO] Skipped existing: 006-RNAU-Dissolved.shp
2025-05-15 09:55:46,388 [INFO] Skipped existing: 006-RSMR-Dissolved.shp
2025-05-15 09:55:46,389 [INFO] Skipped existing: 006-SNVL-Dissolved.shp
2025-05-15 09:55:46,390 [INFO] Skipped existing: 006-SWNS-Dissolved.shp
2025-05-15 09:55:46,392 [INFO] Skipped existing: 006-TATJ-Dissolved.shp
2025-05-15 09:55:46,393 [INFO] Skipped existing: 006-TEAT-Dissolved.shp
2025-05-15 09:55:46,394 [INFO] Skipped existing: 006-TIRE-Dissolved.shp
2025-05-15 09:55:46,395 [INFO] Skipped existing: 006-TIRN-Dissolved.shp
2025-05-15 09:55:46,396 [INFO] Skipped existing: 006-TIRV-Dissolved.shp
2025-05-15 09:55:46,397 [INFO] Skipped existing: 006-TRIR-Dissolved.shp
2025-05-15 09:55:46,398 [INFO] Skipped existing: 006-UDAU-Dissolved.shp
2025-05-15 09:55:46,399 [INFO] Skipped existing: 006-VWTH-Dissolved.shp
2025-05-15 09:55:46,400 [INFO] Skipped existing: 006-WDPK-Dissolved.shp
2025-05-15 09:55:46,403 [INFO] Skipped existing: 006-WHBR-Dissolved.shp
2025-05-15 09:55:46,403 [INFO] Skipped existing: 006-WHNP-Dissolved.shp
2025-05-15 09:55:46,404 [INFO] Skipped existing: 006-WHTS-Dissolved.shp
2025-05-15 09:55:46,405 [INFO] Skipped existing: 006-WKKU-Dissolved.shp
2025-05-15 09:55:46,406 [INFO] Skipped existing: 006-WTKV-Dissolved.shp
2025-05-15 09:55:46,407 [INFO] Skipped existing: 007-ABST-Dissolved.shp
2025-05-15 09:55:46,408 [INFO] Skipped existing: 007-AGPO-Dissolved.shp
2025-05-15 09:55:46,409 [INFO] Skipped existing: 007-AHIB-Dissolved.shp
2025-05-15 09:55:46,410 [INFO] Skipped existing: 007-AKLU-Dissolved.shp
2025-05-15 09:55:46,411 [INFO] Skipped existing: 007-ANZA-Dissolved.shp
2025-05-15 09:55:46,411 [INFO] Skipped existing: 007-ARHH-Dissolved.shp
2025-05-15 09:55:46,412 [INFO] Skipped existing: 007-ASAU-Dissolved.shp
2025-05-15 09:55:46,413 [INFO] Skipped existing: 007-ASHA-Dissolved.shp
2025-05-15 09:55:46,414 [INFO] Skipped existing: 007-ATSQ-Dissolved.shp
2025-05-15 09:55:46,414 [INFO] Skipped existing: 007-AUSY-Dissolved.shp
2025-05-15 09:55:46,415 [INFO] Skipped existing: 007-AVDE-Dissolved.shp
2025-05-15 09:55:46,416 [INFO] Skipped existing: 007-AVDL-Dissolved.shp
2025-05-15 09:55:46,417 [INFO] Skipped existing: 007-AVDR-Dissolved.shp
2025-05-15 09:55:46,418 [INFO] Skipped existing: 007-AVDS-Dissolved.shp
2025-05-15 09:55:46,419 [INFO] Skipped existing: 007-AZIB-Dissolved.shp
2025-05-15 09:55:46,420 [INFO] Skipped existing: 007-BGOC-Dissolved.shp
2025-05-15 09:55:46,421 [INFO] Skipped existing: 007-BHBE-Dissolved.shp
2025-05-15 09:55:46,421 [INFO] Skipped existing: 007-BHBW-Dissolved.shp
2025-05-15 09:55:46,422 [INFO] Skipped existing: 007-BMAU-Dissolved.shp
2025-05-15 09:55:46,423 [INFO] Skipped existing: 007-BMRL-Dissolved.shp
2025-05-15 09:55:46,424 [INFO] Skipped existing: 007-BMRR-Dissolved.shp
2025-05-15 09:55:46,425 [INFO] Skipped existing: 007-BSPO-Dissolved.shp
2025-05-15 09:55:46,427 [INFO] Skipped existing: 007-BSPT-Dissolved.shp
2025-05-15 09:55:46,428 [INFO] Skipped existing: 007-BTAU-Dissolved.shp
2025-05-15 09:55:46,428 [INFO] Skipped existing: 007-BTMR-Dissolved.shp
2025-05-15 09:55:46,429 [INFO] Skipped existing: 007-CBIB-Dissolved.shp
2025-05-15 09:55:46,430 [INFO] Skipped existing: 007-CEAU-Dissolved.shp
2025-05-15 09:55:46,431 [INFO] Skipped existing: 007-CGNH-Dissolved.shp
2025-05-15 09:55:46,432 [INFO] Skipped existing: 007-CRAU-Dissolved.shp
2025-05-15 09:55:46,432 [INFO] Skipped existing: 007-DMRC-Dissolved.shp
2025-05-15 09:55:46,433 [INFO] Skipped existing: 007-DMRN-Dissolved.shp
2025-05-15 09:55:46,434 [INFO] Skipped existing: 007-DTET-Dissolved.shp
2025-05-15 09:55:46,435 [INFO] Skipped existing: 007-DTWT-Dissolved.shp
2025-05-15 09:55:46,436 [INFO] Skipped existing: 007-EDPN-Dissolved.shp
2025-05-15 09:55:46,437 [INFO] Skipped existing: 007-EDPS-Dissolved.shp
2025-05-15 09:55:46,438 [INFO] Skipped existing: 007-EDTR-Dissolved.shp
2025-05-15 09:55:46,438 [INFO] Skipped existing: 007-ELER-Dissolved.shp
2025-05-15 09:55:46,439 [INFO] Skipped existing: 007-ELRN-Dissolved.shp
2025-05-15 09:55:46,439 [INFO] Skipped existing: 007-ELRW-Dissolved.shp
2025-05-15 09:55:46,440 [INFO] Skipped existing: 007-ELSC-Dissolved.shp
2025-05-15 09:55:46,441 [INFO] Skipped existing: 007-EPSM-Dissolved.shp
2025-05-15 09:55:46,442 [INFO] Skipped existing: 007-ESAU-Dissolved.shp
2025-05-15 09:55:46,443 [INFO] Skipped existing: 007-ETBG-Dissolved.shp
2025-05-15 09:55:46,445 [INFO] Skipped existing: 007-EWAU-Dissolved.shp
2025-05-15 09:55:46,446 [INFO] Skipped existing: 007-FKLN-Dissolved.shp
2025-05-15 09:55:46,447 [INFO] Skipped existing: 007-FSAU-Dissolved.shp
2025-05-15 09:55:46,448 [INFO] Skipped existing: 007-FSHQ-Dissolved.shp
2025-05-15 09:55:46,448 [INFO] Skipped existing: 007-FSTM-Dissolved.shp
2025-05-15 09:55:46,449 [INFO] Skipped existing: 007-GDWT-Dissolved.shp
2025-05-15 09:55:46,450 [INFO] Skipped existing: 007-GFTG-Dissolved.shp
2025-05-15 09:55:46,451 [INFO] Skipped existing: 007-GINN-Dissolved.shp
2025-05-15 09:55:46,451 [INFO] Skipped existing: 007-GLAU-Dissolved.shp
2025-05-15 09:55:46,452 [INFO] Skipped existing: 007-GLYN-Dissolved.shp
2025-05-15 09:55:46,453 [INFO] Skipped existing: 007-GLYS-Dissolved.shp
2025-05-15 09:55:46,454 [INFO] Skipped existing: 007-GNLE-Dissolved.shp
2025-05-15 09:55:46,455 [INFO] Skipped existing: 007-GRAU-Dissolved.shp
2025-05-15 09:55:46,457 [INFO] Skipped existing: 007-GWDC-Dissolved.shp
2025-05-15 09:55:46,458 [INFO] Skipped existing: 007-GYLN-Dissolved.shp
2025-05-15 09:55:46,459 [INFO] Skipped existing: 007-HALS-Dissolved.shp
2025-05-15 09:55:46,460 [INFO] Skipped existing: 007-HBBS-Dissolved.shp
2025-05-15 09:55:46,461 [INFO] Skipped existing: 007-HBRS-Dissolved.shp
2025-05-15 09:55:46,462 [INFO] Skipped existing: 007-HERR-Dissolved.shp
2025-05-15 09:55:46,463 [INFO] Skipped existing: 007-HILB-Dissolved.shp
2025-05-15 09:55:46,464 [INFO] Skipped existing: 007-HRBM-Dissolved.shp
2025-05-15 09:55:46,466 [INFO] Skipped existing: 007-HTST-Dissolved.shp
2025-05-15 09:55:46,467 [INFO] Skipped existing: 007-JMWB-Dissolved.shp
2025-05-15 09:55:46,468 [INFO] Skipped existing: 007-KARD-Dissolved.shp
2025-05-15 09:55:46,468 [INFO] Skipped existing: 007-KBPS-Dissolved.shp
2025-05-15 09:55:46,469 [INFO] Skipped existing: 007-KBRP-Dissolved.shp
2025-05-15 09:55:46,470 [INFO] Skipped existing: 007-KGLS-Dissolved.shp
2025-05-15 09:55:46,471 [INFO] Skipped existing: 007-KGSL-Dissolved.shp
2025-05-15 09:55:46,471 [INFO] Skipped existing: 007-KGTN-Dissolved.shp
2025-05-15 09:55:46,472 [INFO] Skipped existing: 007-KHMR-Dissolved.shp
2025-05-15 09:55:46,472 [INFO] Skipped existing: 007-KHMS-Dissolved.shp
2025-05-15 09:55:46,473 [INFO] Skipped existing: 007-KPAU-Dissolved.shp
2025-05-15 09:55:46,474 [INFO] Skipped existing: 007-KPBR-Dissolved.shp
2025-05-15 09:55:46,475 [INFO] Skipped existing: 007-KPIB-Dissolved.shp
2025-05-15 09:55:46,476 [INFO] Skipped existing: 007-KPIG-Dissolved.shp
2025-05-15 09:55:46,478 [INFO] Skipped existing: 007-KPRR-Dissolved.shp
2025-05-15 09:55:46,479 [INFO] Skipped existing: 007-KRAU-Dissolved.shp
2025-05-15 09:55:46,479 [INFO] Skipped existing: 007-LPKW-Dissolved.shp
2025-05-15 09:55:46,480 [INFO] Skipped existing: 007-LYNF-Dissolved.shp
2025-05-15 09:55:46,481 [INFO] Skipped existing: 007-LYNN-Dissolved.shp
2025-05-15 09:55:46,482 [INFO] Skipped existing: 007-MALE-Dissolved.shp
2025-05-15 09:55:46,482 [INFO] Skipped existing: 007-MAPO-Dissolved.shp
2025-05-15 09:55:46,483 [INFO] Skipped existing: 007-MBUR-Dissolved.shp
2025-05-15 09:55:46,483 [INFO] Skipped existing: 007-MCHB-Dissolved.shp
2025-05-15 09:55:46,484 [INFO] Skipped existing: 007-MCMT-Dissolved.shp
2025-05-15 09:55:46,485 [INFO] Skipped existing: 007-MCON-Dissolved.shp
2025-05-15 09:55:46,486 [INFO] Skipped existing: 007-MCOS-Dissolved.shp
2025-05-15 09:55:46,487 [INFO] Skipped existing: 007-MEDM-Dissolved.shp
2025-05-15 09:55:46,487 [INFO] Skipped existing: 007-MEDV-Dissolved.shp
2025-05-15 09:55:46,488 [INFO] Skipped existing: 007-MKTR-Dissolved.shp
2025-05-15 09:55:46,488 [INFO] Skipped existing: 007-MNGS-Dissolved.shp
2025-05-15 09:55:46,489 [INFO] Skipped existing: 007-MRAU-Dissolved.shp
2025-05-15 09:55:46,490 [INFO] Skipped existing: 007-MRKL-Dissolved.shp
2025-05-15 09:55:46,491 [INFO] Skipped existing: 007-MRKS-Dissolved.shp
2025-05-15 09:55:46,492 [INFO] Skipped existing: 007-MSAU-Dissolved.shp
2025-05-15 09:55:46,494 [INFO] Skipped existing: 007-MSBU-Dissolved.shp
2025-05-15 09:55:46,494 [INFO] Skipped existing: 007-MSMT-Dissolved.shp
2025-05-15 09:55:46,495 [INFO] Skipped existing: 007-MSNB-Dissolved.shp
2025-05-15 09:55:46,496 [INFO] Skipped existing: 007-MSNR-Dissolved.shp
2025-05-15 09:55:46,497 [INFO] Skipped existing: 007-MSSD-Dissolved.shp
2025-05-15 09:55:46,497 [INFO] Skipped existing: 007-MSTR-Dissolved.shp
2025-05-15 09:55:46,498 [INFO] Skipped existing: 007-MTAU-Dissolved.shp
2025-05-15 09:55:46,499 [INFO] Skipped existing: 007-MTED-Dissolved.shp
2025-05-15 09:55:46,499 [INFO] Skipped existing: 007-MWGN-Dissolved.shp
2025-05-15 09:55:46,500 [INFO] Skipped existing: 007-MWGT-Dissolved.shp
2025-05-15 09:55:46,500 [INFO] Skipped existing: 007-MWTR-Dissolved.shp
2025-05-15 09:55:46,501 [INFO] Skipped existing: 007-MWTS-Dissolved.shp
2025-05-15 09:55:46,502 [INFO] Skipped existing: 007-MYHP-Dissolved.shp
2025-05-15 09:55:46,502 [INFO] Skipped existing: 007-MYRC-Dissolved.shp
2025-05-15 09:55:46,503 [INFO] Skipped existing: 007-NDAU-Dissolved.shp
2025-05-15 09:55:46,504 [INFO] Skipped existing: 007-NEAU-Dissolved.shp
2025-05-15 09:55:46,504 [INFO] Skipped existing: 007-NLAU-Dissolved.shp
2025-05-15 09:55:46,505 [INFO] Skipped existing: 007-NMKC-Dissolved.shp
2025-05-15 09:55:46,506 [INFO] Skipped existing: 007-NMKS-Dissolved.shp
2025-05-15 09:55:46,507 [INFO] Skipped existing: 007-NMVD-Dissolved.shp
2025-05-15 09:55:46,508 [INFO] Skipped existing: 007-NSON-Dissolved.shp
2025-05-15 09:55:46,509 [INFO] Skipped existing: 007-NTNR-Dissolved.shp
2025-05-15 09:55:46,511 [INFO] Skipped existing: 007-NWAU-Dissolved.shp
2025-05-15 09:55:46,511 [INFO] Skipped existing: 007-NWIN-Dissolved.shp
2025-05-15 09:55:46,512 [INFO] Skipped existing: 007-NWTR-Dissolved.shp
2025-05-15 09:55:46,513 [INFO] Skipped existing: 007-OKHU-Dissolved.shp
2025-05-15 09:55:46,513 [INFO] Skipped existing: 007-OLRD-Dissolved.shp
2025-05-15 09:55:46,514 [INFO] Skipped existing: 007-ONHC-Dissolved.shp
2025-05-15 09:55:46,515 [INFO] Skipped existing: 007-ONHS-Dissolved.shp
2025-05-15 09:55:46,516 [INFO] Skipped existing: 007-ONHW-Dissolved.shp
2025-05-15 09:55:46,517 [INFO] Skipped existing: 007-ORGA-Dissolved.shp
2025-05-15 09:55:46,517 [INFO] Skipped existing: 007-ORKB-Dissolved.shp
2025-05-15 09:55:46,518 [INFO] Skipped existing: 007-ORKL-Dissolved.shp
2025-05-15 09:55:46,519 [INFO] Skipped existing: 007-OTER-Dissolved.shp
2025-05-15 09:55:46,519 [INFO] Skipped existing: 007-OTHE-Dissolved.shp
2025-05-15 09:55:46,520 [INFO] Skipped existing: 007-OTHN-Dissolved.shp
2025-05-15 09:55:46,521 [INFO] Skipped existing: 007-OWAR-Dissolved.shp
2025-05-15 09:55:46,522 [INFO] Skipped existing: 007-PAHR-Dissolved.shp
2025-05-15 09:55:46,523 [INFO] Skipped existing: 007-PAMR-Dissolved.shp
2025-05-15 09:55:46,524 [INFO] Skipped existing: 007-PAMU-Dissolved.shp
2025-05-15 09:55:46,525 [INFO] Skipped existing: 007-PCHV-Dissolved.shp
2025-05-15 09:55:46,526 [INFO] Skipped existing: 007-PCIB-Dissolved.shp
2025-05-15 09:55:46,527 [INFO] Skipped existing: 007-PENG-Dissolved.shp
2025-05-15 09:55:46,528 [INFO] Skipped existing: 007-PHIB-Dissolved.shp
2025-05-15 09:55:46,529 [INFO] Skipped existing: 007-PKRD-Dissolved.shp
2025-05-15 09:55:46,529 [INFO] Skipped existing: 007-PNCR-Dissolved.shp
2025-05-15 09:55:46,530 [INFO] Skipped existing: 007-PNLR-Dissolved.shp
2025-05-15 09:55:46,531 [INFO] Skipped existing: 007-PNRW-Dissolved.shp
2025-05-15 09:55:46,532 [INFO] Skipped existing: 007-PRDL-Dissolved.shp
2025-05-15 09:55:46,533 [INFO] Skipped existing: 007-PRNL-Dissolved.shp
2025-05-15 09:55:46,533 [INFO] Skipped existing: 007-PRSE-Dissolved.shp
2025-05-15 09:55:46,534 [INFO] Skipped existing: 007-PSBS-Dissolved.shp
2025-05-15 09:55:46,535 [INFO] Skipped existing: 007-PTAU-Dissolved.shp
2025-05-15 09:55:46,536 [INFO] Skipped existing: 007-PTCS-Dissolved.shp
2025-05-15 09:55:46,537 [INFO] Skipped existing: 007-QAPK-Dissolved.shp
2025-05-15 09:55:46,538 [INFO] Skipped existing: 007-QNWF-Dissolved.shp
2025-05-15 09:55:46,539 [INFO] Skipped existing: 007-QUNS-Dissolved.shp
2025-05-15 09:55:46,540 [INFO] Skipped existing: 007-QYST-Dissolved.shp
2025-05-15 09:55:46,541 [INFO] Skipped existing: 007-RMAR-Dissolved.shp
2025-05-15 09:55:46,542 [INFO] Skipped existing: 007-RMUA-Dissolved.shp
2025-05-15 09:55:46,543 [INFO] Skipped existing: 007-RMUE-Dissolved.shp
2025-05-15 09:55:46,544 [INFO] Skipped existing: 007-RMUN-Dissolved.shp
2025-05-15 09:55:46,545 [INFO] Skipped existing: 007-RMUR-Dissolved.shp
2025-05-15 09:55:46,546 [INFO] Skipped existing: 007-RMUW-Dissolved.shp
2025-05-15 09:55:46,547 [INFO] Skipped existing: 007-RSBK-Dissolved.shp
2025-05-15 09:55:46,547 [INFO] Skipped existing: 007-RWEK-Dissolved.shp
2025-05-15 09:55:46,548 [INFO] Skipped existing: 007-RYLO-Dissolved.shp
2025-05-15 09:55:46,549 [INFO] Skipped existing: 007-SAAU-Dissolved.shp
2025-05-15 09:55:46,550 [INFO] Skipped existing: 007-SDGH-Dissolved.shp
2025-05-15 09:55:46,550 [INFO] Skipped existing: 007-SDOW-Dissolved.shp
2025-05-15 09:55:46,551 [INFO] Skipped existing: 007-SDWN-Dissolved.shp
2025-05-15 09:55:46,552 [INFO] Skipped existing: 007-SGRB-Dissolved.shp
2025-05-15 09:55:46,552 [INFO] Skipped existing: 007-SHAU-Dissolved.shp
2025-05-15 09:55:46,553 [INFO] Skipped existing: 007-SHLR-Dissolved.shp
2025-05-15 09:55:46,554 [INFO] Skipped existing: 007-SHRR-Dissolved.shp
2025-05-15 09:55:46,554 [INFO] Skipped existing: 007-SHTL-Dissolved.shp
2025-05-15 09:55:46,556 [INFO] Skipped existing: 007-SJHN-Dissolved.shp
2025-05-15 09:55:46,557 [INFO] Skipped existing: 007-SJHS-Dissolved.shp
2025-05-15 09:55:46,558 [INFO] Skipped existing: 007-SKCC-Dissolved.shp
2025-05-15 09:55:46,559 [INFO] Skipped existing: 007-SKCT-Dissolved.shp
2025-05-15 09:55:46,560 [INFO] Skipped existing: 007-SLUK-Dissolved.shp
2025-05-15 09:55:46,560 [INFO] Skipped existing: 007-SLVP-Dissolved.shp
2025-05-15 09:55:46,561 [INFO] Skipped existing: 007-SMAU-Dissolved.shp
2025-05-15 09:55:46,562 [INFO] Skipped existing: 007-SNYH-Dissolved.shp
2025-05-15 09:55:46,562 [INFO] Skipped existing: 007-SPGJ-Dissolved.shp
2025-05-15 09:55:46,563 [INFO] Skipped existing: 007-SPPO-Dissolved.shp
2025-05-15 09:55:46,564 [INFO] Skipped existing: 007-STNF-Dissolved.shp
2025-05-15 09:55:46,565 [INFO] Skipped existing: 007-SVPK-Dissolved.shp
2025-05-15 09:55:46,565 [INFO] Skipped existing: 007-SYLP-Dissolved.shp
2025-05-15 09:55:46,566 [INFO] Skipped existing: 007-SYNT-Dissolved.shp
2025-05-15 09:55:46,567 [INFO] Skipped existing: 007-TDPO-Dissolved.shp
2025-05-15 09:55:46,568 [INFO] Skipped existing: 007-THKG-Dissolved.shp
2025-05-15 09:55:46,568 [INFO] Skipped existing: 007-THRL-Dissolved.shp
2025-05-15 09:55:46,569 [INFO] Skipped existing: 007-TMKI-Dissolved.shp
2025-05-15 09:55:46,569 [INFO] Skipped existing: 007-TPPP-Dissolved.shp
2025-05-15 09:55:46,570 [INFO] Skipped existing: 007-UNIN-Dissolved.shp
2025-05-15 09:55:46,570 [INFO] Skipped existing: 007-UPWF-Dissolved.shp
2025-05-15 09:55:46,571 [INFO] Skipped existing: 007-VBPL-Dissolved.shp
2025-05-15 09:55:46,572 [INFO] Skipped existing: 007-VCLR-Dissolved.shp
2025-05-15 09:55:46,573 [INFO] Skipped existing: 007-VGBI-Dissolved.shp
2025-05-15 09:55:46,574 [INFO] Skipped existing: 007-VHIB-Dissolved.shp
2025-05-15 09:55:46,575 [INFO] Skipped existing: 007-VICG-Dissolved.shp
2025-05-15 09:55:46,577 [INFO] Skipped existing: 007-VICR-Dissolved.shp
2025-05-15 09:55:46,578 [INFO] Skipped existing: 007-VICW-Dissolved.shp
2025-05-15 09:55:46,578 [INFO] Skipped existing: 007-VIDT-Dissolved.shp
2025-05-15 09:55:46,579 [INFO] Skipped existing: 007-VMTI-Dissolved.shp
2025-05-15 09:55:46,580 [INFO] Skipped existing: 007-VOKC-Dissolved.shp
2025-05-15 09:55:46,580 [INFO] Skipped existing: 007-VONT-Dissolved.shp
2025-05-15 09:55:46,581 [INFO] Skipped existing: 007-VOOT-Dissolved.shp
2025-05-15 09:55:46,581 [INFO] Skipped existing: 007-VOST-Dissolved.shp
2025-05-15 09:55:46,582 [INFO] Skipped existing: 007-VOTG-Dissolved.shp
2025-05-15 09:55:46,582 [INFO] Skipped existing: 007-VPBB-Dissolved.shp
2025-05-15 09:55:46,583 [INFO] Skipped existing: 007-VRTI-Dissolved.shp
2025-05-15 09:55:46,584 [INFO] Skipped existing: 007-VSFB-Dissolved.shp
2025-05-15 09:55:46,585 [INFO] Skipped existing: 007-VSFD-Dissolved.shp
2025-05-15 09:55:46,585 [INFO] Skipped existing: 007-VWAU-Dissolved.shp
2025-05-15 09:55:46,586 [INFO] Skipped existing: 007-VWHG-Dissolved.shp
2025-05-15 09:55:46,587 [INFO] Skipped existing: 007-VWHH-Dissolved.shp
2025-05-15 09:55:46,587 [INFO] Skipped existing: 007-VWHI-Dissolved.shp
2025-05-15 09:55:46,588 [INFO] Skipped existing: 007-WESY-Dissolved.shp
2025-05-15 09:55:46,588 [INFO] Skipped existing: 007-WKWH-Dissolved.shp
2025-05-15 09:55:46,589 [INFO] Skipped existing: 007-WLQM-Dissolved.shp
2025-05-15 09:55:46,590 [INFO] Skipped existing: 007-WLSW-Dissolved.shp
2025-05-15 09:55:46,591 [INFO] Skipped existing: 007-WMAU-Dissolved.shp
2025-05-15 09:55:46,592 [INFO] Skipped existing: 007-WNIB-Dissolved.shp
2025-05-15 09:55:46,593 [INFO] Skipped existing: 007-WSAU-Dissolved.shp
2025-05-15 09:55:46,595 [INFO] Skipped existing: 007-WSTH-Dissolved.shp
2025-05-15 09:55:46,596 [INFO] Skipped existing: 007-WSTM-Dissolved.shp
2025-05-15 09:55:46,596 [INFO] Skipped existing: 007-WSTS-Dissolved.shp
2025-05-15 09:55:46,597 [INFO] Skipped existing: 007-WVTL-Dissolved.shp
2025-05-15 09:55:46,597 [INFO] Skipped existing: 008-AADT-Dissolved.shp
2025-05-15 09:55:46,598 [INFO] Skipped existing: 008-AAIB-Dissolved.shp
2025-05-15 09:55:46,599 [INFO] Skipped existing: 008-AAIT-Dissolved.shp
2025-05-15 09:55:46,599 [INFO] Skipped existing: 008-AIPO-Dissolved.shp
2025-05-15 09:55:46,600 [INFO] Skipped existing: 008-APDR-Dissolved.shp
2025-05-15 09:55:46,601 [INFO] Skipped existing: 008-BCLR-Dissolved.shp
2025-05-15 09:55:46,602 [INFO] Skipped existing: 008-BDAU-Dissolved.shp
2025-05-15 09:55:46,602 [INFO] Skipped existing: 008-BIKE-Dissolved.shp
2025-05-15 09:55:46,603 [INFO] Skipped existing: 008-BKLB-Dissolved.shp
2025-05-15 09:55:46,604 [INFO] Skipped existing: 008-BNAU-Dissolved.shp
2025-05-15 09:55:46,605 [INFO] Skipped existing: 008-BOTE-Dissolved.shp
2025-05-15 09:55:46,605 [INFO] Skipped existing: 008-BRAU-Dissolved.shp
2025-05-15 09:55:46,606 [INFO] Skipped existing: 008-BTJN-Dissolved.shp
2025-05-15 09:55:46,607 [INFO] Skipped existing: 008-BVAU-Dissolved.shp
2025-05-15 09:55:46,608 [INFO] Skipped existing: 008-CBAU-Dissolved.shp
2025-05-15 09:55:46,609 [INFO] Skipped existing: 008-CCBR-Dissolved.shp
2025-05-15 09:55:46,610 [INFO] Skipped existing: 008-CLDN-Dissolved.shp
2025-05-15 09:55:46,610 [INFO] Skipped existing: 008-CNAU-Dissolved.shp
2025-05-15 09:55:46,611 [INFO] Skipped existing: 008-CPAU-Dissolved.shp
2025-05-15 09:55:46,612 [INFO] Skipped existing: 008-CVDN-Dissolved.shp
2025-05-15 09:55:46,612 [INFO] Skipped existing: 008-CVPK-Dissolved.shp
2025-05-15 09:55:46,613 [INFO] Skipped existing: 008-DANM-Dissolved.shp
2025-05-15 09:55:46,613 [INFO] Skipped existing: 008-EBCH-Dissolved.shp
2025-05-15 09:55:46,614 [INFO] Skipped existing: 008-EGDR-Dissolved.shp
2025-05-15 09:55:46,615 [INFO] Skipped existing: 008-ETMK-Dissolved.shp
2025-05-15 09:55:46,616 [INFO] Skipped existing: 008-FAVN-Dissolved.shp
2025-05-15 09:55:46,617 [INFO] Skipped existing: 008-FEAU-Dissolved.shp
2025-05-15 09:55:46,617 [INFO] Skipped existing: 008-FLBJ-Dissolved.shp
2025-05-15 09:55:46,618 [INFO] Skipped existing: 008-FLBS-Dissolved.shp
2025-05-15 09:55:46,619 [INFO] Skipped existing: 008-FRMC-Dissolved.shp
2025-05-15 09:55:46,619 [INFO] Skipped existing: 008-GNMT-Dissolved.shp
2025-05-15 09:55:46,620 [INFO] Skipped existing: 008-HAMB-Dissolved.shp
2025-05-15 09:55:46,620 [INFO] Skipped existing: 008-HIBR-Dissolved.shp
2025-05-15 09:55:46,621 [INFO] Skipped existing: 008-HIBS-Dissolved.shp
2025-05-15 09:55:46,621 [INFO] Skipped existing: 008-HIPK-Dissolved.shp
2025-05-15 09:55:46,622 [INFO] Skipped existing: 008-HIPR-Dissolved.shp
2025-05-15 09:55:46,623 [INFO] Skipped existing: 008-HLRA-Dissolved.shp
2025-05-15 09:55:46,624 [INFO] Skipped existing: 008-HOAU-Dissolved.shp
2025-05-15 09:55:46,625 [INFO] Skipped existing: 008-HOMC-Dissolved.shp
2025-05-15 09:55:46,626 [INFO] Skipped existing: 008-HOMW-Dissolved.shp
2025-05-15 09:55:46,627 [INFO] Skipped existing: 008-HOWC-Dissolved.shp
2025-05-15 09:55:46,628 [INFO] Skipped existing: 008-HOWW-Dissolved.shp
2025-05-15 09:55:46,629 [INFO] Skipped existing: 008-HPRU-Dissolved.shp
2025-05-15 09:55:46,630 [INFO] Skipped existing: 008-HRAU-Dissolved.shp
2025-05-15 09:55:46,631 [INFO] Skipped existing: 008-HTPK-Dissolved.shp
2025-05-15 09:55:46,631 [INFO] Skipped existing: 008-JFDR-Dissolved.shp
2025-05-15 09:55:46,632 [INFO] Skipped existing: 008-MDLD-Dissolved.shp
2025-05-15 09:55:46,633 [INFO] Skipped existing: 008-MDMH-Dissolved.shp
2025-05-15 09:55:46,634 [INFO] Skipped existing: 008-MEAU-Dissolved.shp
2025-05-15 09:55:46,635 [INFO] Skipped existing: 008-MELB-Dissolved.shp
2025-05-15 09:55:46,636 [INFO] Skipped existing: 008-MGAU-Dissolved.shp
2025-05-15 09:55:46,637 [INFO] Skipped existing: 008-MGBT-Dissolved.shp
2025-05-15 09:55:46,638 [INFO] Skipped existing: 008-MGEB-Dissolved.shp
2025-05-15 09:55:46,638 [INFO] Skipped existing: 008-MGRB-Dissolved.shp
2025-05-15 09:55:46,639 [INFO] Skipped existing: 008-MGRE-Dissolved.shp
2025-05-15 09:55:46,641 [INFO] Skipped existing: 008-MGRW-Dissolved.shp
2025-05-15 09:55:46,642 [INFO] Skipped existing: 008-MHAU-Dissolved.shp
2025-05-15 09:55:46,643 [INFO] Skipped existing: 008-MIAU-Dissolved.shp
2025-05-15 09:55:46,643 [INFO] Skipped existing: 008-MILS-Dissolved.shp
2025-05-15 09:55:46,644 [INFO] Skipped existing: 008-MNAU-Dissolved.shp
2025-05-15 09:55:46,646 [INFO] Skipped existing: 008-MNKC-Dissolved.shp
2025-05-15 09:55:46,647 [INFO] Skipped existing: 008-MNKJ-Dissolved.shp
2025-05-15 09:55:46,648 [INFO] Skipped existing: 008-MRWC-Dissolved.shp
2025-05-15 09:55:46,648 [INFO] Skipped existing: 008-MRWE-Dissolved.shp
2025-05-15 09:55:46,649 [INFO] Skipped existing: 008-MRWW-Dissolved.shp
2025-05-15 09:55:46,650 [INFO] Skipped existing: 008-MUPT-Dissolved.shp
2025-05-15 09:55:46,651 [INFO] Skipped existing: 008-ORAU-Dissolved.shp
2025-05-15 09:55:46,652 [INFO] Skipped existing: 008-ORRP-Dissolved.shp
2025-05-15 09:55:46,653 [INFO] Skipped existing: 008-OTAR-Dissolved.shp
2025-05-15 09:55:46,654 [INFO] Skipped existing: 008-OTAU-Dissolved.shp
2025-05-15 09:55:46,655 [INFO] Skipped existing: 008-OTAW-Dissolved.shp
2025-05-15 09:55:46,655 [INFO] Skipped existing: 008-OTHH-Dissolved.shp
2025-05-15 09:55:46,656 [INFO] Skipped existing: 008-PCAU-Dissolved.shp
2025-05-15 09:55:46,658 [INFO] Skipped existing: 008-PEAU-Dissolved.shp
2025-05-15 09:55:46,659 [INFO] Skipped existing: 008-PKGN-Dissolved.shp
2025-05-15 09:55:46,660 [INFO] Skipped existing: 008-PKRG-Dissolved.shp
2025-05-15 09:55:46,660 [INFO] Skipped existing: 008-PNAU-Dissolved.shp
2025-05-15 09:55:46,661 [INFO] Skipped existing: 008-PPTC-Dissolved.shp
2025-05-15 09:55:46,662 [INFO] Skipped existing: 008-PPTE-Dissolved.shp
2025-05-15 09:55:46,662 [INFO] Skipped existing: 008-PPTV-Dissolved.shp
2025-05-15 09:55:46,663 [INFO] Skipped existing: 008-PPTW-Dissolved.shp
2025-05-15 09:55:46,665 [INFO] Skipped existing: 008-PSAU-Dissolved.shp
2025-05-15 09:55:46,666 [INFO] Skipped existing: 008-PUHN-Dissolved.shp
2025-05-15 09:55:46,666 [INFO] Skipped existing: 008-PUHW-Dissolved.shp
2025-05-15 09:55:46,667 [INFO] Skipped existing: 008-PUMW-Dissolved.shp
2025-05-15 09:55:46,667 [INFO] Skipped existing: 008-RBRB-Dissolved.shp
2025-05-15 09:55:46,668 [INFO] Skipped existing: 008-RCLN-Dissolved.shp
2025-05-15 09:55:46,669 [INFO] Skipped existing: 008-RDRD-Dissolved.shp
2025-05-15 09:55:46,669 [INFO] Skipped existing: 008-RMNB-Dissolved.shp
2025-05-15 09:55:46,670 [INFO] Skipped existing: 008-RNEV-Dissolved.shp
2025-05-15 09:55:46,670 [INFO] Skipped existing: 008-RPAU-Dissolved.shp
2025-05-15 09:55:46,671 [INFO] Skipped existing: 008-SHPK-Dissolved.shp
2025-05-15 09:55:46,671 [INFO] Skipped existing: 008-SMAL-Dissolved.shp
2025-05-15 09:55:46,672 [INFO] Skipped existing: 008-SNYH-Dissolved.shp
2025-05-15 09:55:46,673 [INFO] Skipped existing: 008-TEIR-Dissolved.shp
2025-05-15 09:55:46,673 [INFO] Skipped existing: 008-TGAR-Dissolved.shp
2025-05-15 09:55:46,674 [INFO] Skipped existing: 008-TIAU-Dissolved.shp
2025-05-15 09:55:46,676 [INFO] Skipped existing: 008-TIRD-Dissolved.shp
2025-05-15 09:55:46,677 [INFO] Skipped existing: 008-TKNE-Dissolved.shp
2025-05-15 09:55:46,678 [INFO] Skipped existing: 008-TKNJ-Dissolved.shp
2025-05-15 09:55:46,679 [INFO] Skipped existing: 008-TOTW-Dissolved.shp
2025-05-15 09:55:46,679 [INFO] Skipped existing: 008-TTAU-Dissolved.shp
2025-05-15 09:55:46,680 [INFO] Skipped existing: 008-TUSH-Dissolved.shp
2025-05-15 09:55:46,680 [INFO] Skipped existing: 008-VKAB-Dissolved.shp
2025-05-15 09:55:46,681 [INFO] Skipped existing: 008-VMAI-Dissolved.shp
2025-05-15 09:55:46,681 [INFO] Skipped existing: 008-VWIT-Dissolved.shp
2025-05-15 09:55:46,682 [INFO] Skipped existing: 008-WEYC-Dissolved.shp
2025-05-15 09:55:46,682 [INFO] Skipped existing: 008-WEYM-Dissolved.shp
2025-05-15 09:55:46,683 [INFO] Skipped existing: 008-WIAU-Dissolved.shp
2025-05-15 09:55:46,683 [INFO] Skipped existing: 008-WIRI-Dissolved.shp
2025-05-15 09:55:46,684 [INFO] Skipped existing: 008-XMAS-Dissolved.shp
2025-05-15 09:55:46,686 [INFO] Skipped existing: 009-ARDM-Dissolved.shp
2025-05-15 09:55:46,687 [INFO] Skipped existing: 009-AUPN-Dissolved.shp
2025-05-15 09:55:46,687 [INFO] Skipped existing: 009-COGR-Dissolved.shp
2025-05-15 09:55:46,688 [INFO] Skipped existing: 009-DRUR-Dissolved.shp
2025-05-15 09:55:46,689 [INFO] Skipped existing: 009-GVAU-Dissolved.shp
2025-05-15 09:55:46,689 [INFO] Skipped existing: 009-HGAU-Dissolved.shp
2025-05-15 09:55:46,690 [INFO] Skipped existing: 009-PDAU-Dissolved.shp
2025-05-15 09:55:46,691 [INFO] Skipped existing: 009-PPKE-Dissolved.shp
2025-05-15 09:55:46,692 [INFO] Skipped existing: 009-PPKJ-Dissolved.shp
2025-05-15 09:55:46,693 [INFO] Skipped existing: 009-PPKR-Dissolved.shp
2025-05-15 09:55:46,695 [INFO] Skipped existing: 009-PPKS-Dissolved.shp
2025-05-15 09:55:46,696 [INFO] Skipped existing: 009-REDH-Dissolved.shp
2025-05-15 09:55:46,697 [INFO] Skipped existing: 009-RHLN-Dissolved.shp
2025-05-15 09:55:46,698 [INFO] Skipped existing: 009-RHNW-Dissolved.shp
2025-05-15 09:55:46,699 [INFO] Skipped existing: 009-TKNS-Dissolved.shp
2025-05-15 09:55:46,699 [INFO] Skipped existing: 010-AWIN-Dissolved.shp
2025-05-15 09:55:46,700 [INFO] Skipped existing: 010-BNTH-Dissolved.shp
2025-05-15 09:55:46,701 [INFO] Skipped existing: 010-BOBY-Dissolved.shp
2025-05-15 09:55:46,701 [INFO] Skipped existing: 010-GNBK-Dissolved.shp
2025-05-15 09:55:46,702 [INFO] Skipped existing: 010-HNUA-Dissolved.shp
2025-05-15 09:55:46,703 [INFO] Skipped existing: 010-NPAU-Dissolved.shp
2025-05-15 09:55:46,704 [INFO] Skipped existing: 010-PKAU-Dissolved.shp
2025-05-15 09:55:46,705 [INFO] Skipped existing: 010-PKKO-Dissolved.shp
2025-05-15 09:55:46,705 [INFO] Skipped existing: 010-PKKR-Dissolved.shp
2025-05-15 09:55:46,706 [INFO] Skipped existing: 010-PKNO-Dissolved.shp
2025-05-15 09:55:46,707 [INFO] Skipped existing: 010-PRAU-Dissolved.shp
2025-05-15 09:55:46,708 [INFO] Skipped existing: 010-PUAU-Dissolved.shp
2025-05-15 09:55:46,709 [INFO] Skipped existing: 010-PUKT-Dissolved.shp
2025-05-15 09:55:46,710 [INFO] Skipped existing: 010-PWKT-Dissolved.shp
2025-05-15 09:55:46,711 [INFO] Skipped existing: 010-RATS-Dissolved.shp
2025-05-15 09:55:46,711 [INFO] Skipped existing: 010-RKRN-Dissolved.shp
2025-05-15 09:55:46,712 [INFO] Skipped existing: 010-ROAW-Dissolved.shp
2025-05-15 09:55:46,713 [INFO] Skipped existing: 010-RONS-Dissolved.shp
2025-05-15 09:55:46,713 [INFO] Skipped existing: 010-RPPV-Dissolved.shp
2025-05-15 09:55:46,714 [INFO] Skipped existing: 010-RTKO-Dissolved.shp
2025-05-15 09:55:46,715 [INFO] Skipped existing: 010-RWET-Dissolved.shp
2025-05-15 09:55:46,716 [INFO] Skipped existing: 010-VARU-Dissolved.shp
2025-05-15 09:55:46,717 [INFO] Skipped existing: 010-VBBS-Dissolved.shp
2025-05-15 09:55:46,717 [INFO] Skipped existing: 010-VCBC-Dissolved.shp
2025-05-15 09:55:46,718 [INFO] Skipped existing: 010-VCKB-Dissolved.shp
2025-05-15 09:55:46,719 [INFO] Skipped existing: 010-VDRU-Dissolved.shp
2025-05-15 09:55:46,719 [INFO] Skipped existing: 010-VGMU-Dissolved.shp
2025-05-15 09:55:46,720 [INFO] Skipped existing: 010-VKAA-Dissolved.shp
2025-05-15 09:55:46,721 [INFO] Skipped existing: 010-VKGS-Dissolved.shp
2025-05-15 09:55:46,721 [INFO] Skipped existing: 010-VMER-Dissolved.shp
2025-05-15 09:55:46,722 [INFO] Skipped existing: 010-VPKH-Dissolved.shp
2025-05-15 09:55:46,723 [INFO] Skipped existing: 010-VPTM-Dissolved.shp
2025-05-15 09:55:46,724 [INFO] Skipped existing: 010-VRRM-Dissolved.shp
2025-05-15 09:55:46,725 [INFO] Skipped existing: 010-WPAU-Dissolved.shp
2025-05-15 09:55:46,726 [INFO] Skipped existing: 010-WUKU-Dissolved.shp
2025-05-15 09:55:46,727 [INFO] Step 0.1: Generating live tower coverage union...
2025-05-15 09:55:46,732 [INFO] [Reuse] Live network coverage already exists: c:\Users\Jeremy\Documents\GitHub\2024-S2-R-D-Adaptive-Network-Management\ranking\tower_analysis\..\output\live_network_coverage_14578b25_batched.shp
2025-05-15 09:55:46,732 [INFO] Live coverage generated in 0.00s
2025-05-15 09:55:46,732 [INFO] Step 0.2: Filtering uncovered facilities...
2025-05-15 09:55:46,735 [INFO] [Reuse] Filtered facilities already exists: c:\Users\Jeremy\Documents\GitHub\2024-S2-R-D-Adaptive-Network-Management\ranking\tower_analysis\..\output\filtered_facilities_14578b25.shp
2025-05-15 09:55:46,736 [INFO] Facility filtering done in 0.00s
2025-05-15 09:55:46,736 [INFO] Step 1: Loading failed tower geometries...
2025-05-15 09:55:50,532 [INFO] Loaded 54 failed tower geometries.
2025-05-15 09:55:50,533 [INFO] Step 2: Loading filtered facility data...
2025-05-15 09:55:50,565 [INFO] Loaded 47 filtered facilities.
2025-05-15 09:55:50,566 [INFO] Step 3: Loading population data...
2025-05-15 09:55:54,966 [INFO] Loaded 196942 population grid cells.
2025-05-15 09:55:54,967 [INFO] Step 4: Calculating exclusive coverage areas (batched with index)...
2025-05-15 09:57:20,544 [INFO] Exclusive coverage calculated in 85.58s
2025-05-15 09:57:20,544 [INFO] Step 5: Getting weights...
2025-05-15 09:58:13,852 [INFO] Using weights: {'hospital': 10, 'police': 8, 'fire_station': 9, 'population_scale': 0.00045}
2025-05-15 09:58:13,852 [INFO] Step 6: Ranking failed towers...
2025-05-15 09:58:14,158 [ERROR] An error occurred during execution.
Traceback (most recent call last):
  File "C:\Users\Jeremy\AppData\Local\Programs\Python\Python313\Lib\site-packages\pandas\core\indexes\base.py", line 3805, in get_loc
    return self._engine.get_loc(casted_key)
           ~~~~~~~~~~~~~~~~~~~~^^^^^^^^^^^^
  File "index.pyx", line 167, in pandas._libs.index.IndexEngine.get_loc
  File "index.pyx", line 196, in pandas._libs.index.IndexEngine.get_loc
  File "pandas\\_libs\\hashtable_class_helper.pxi", line 7081, in pandas._libs.hashtable.PyObjectHashTable.get_item
  File "pandas\\_libs\\hashtable_class_helper.pxi", line 7089, in pandas._libs.hashtable.PyObjectHashTable.get_item
KeyError: 'orig_area'

The above exception was the direct cause of the following exception:

Traceback (most recent call last):
  File "c:\Users\Jeremy\Documents\GitHub\2024-S2-R-D-Adaptive-Network-Management\ranking\main.py", line 101, in main
    tower_scores = rank_failed_towers(
        failed_exclusive_coverage,
    ...<2 lines>...
        user_weights
    )
  File "c:\Users\Jeremy\Documents\GitHub\2024-S2-R-D-Adaptive-Network-Management\ranking\tower_analysis\ranking.py", line 30, in rank_failed_towers
    pop_weighted, pop_unweighted = calculate_population_within_coverage(
                                   ~~~~~~~~~~~~~~~~~~~~~~~~~~~~~~~~~~~~^
        failed_exclusive_coverage, population_gdf
        ^^^^^^^^^^^^^^^^^^^^^^^^^^^^^^^^^^^^^^^^^
    )
    ^
  File "c:\Users\Jeremy\Documents\GitHub\2024-S2-R-D-Adaptive-Network-Management\ranking\tower_analysis\coverage_analysis.py", line 110, in calculate_population_within_coverage
    intersection["area_ratio"] = intersection["intersect_area"] / intersection["orig_area"]
                                                                  ~~~~~~~~~~~~^^^^^^^^^^^^^
  File "C:\Users\Jeremy\AppData\Local\Programs\Python\Python313\Lib\site-packages\geopandas\geodataframe.py", line 1750, in __getitem__
    result = super().__getitem__(key)
  File "C:\Users\Jeremy\AppData\Local\Programs\Python\Python313\Lib\site-packages\pandas\core\frame.py", line 4102, in __getitem__
    indexer = self.columns.get_loc(key)
  File "C:\Users\Jeremy\AppData\Local\Programs\Python\Python313\Lib\site-packages\pandas\core\indexes\base.py", line 3812, in get_loc
    raise KeyError(key) from err
KeyError: 'orig_area'
2025-05-15 09:58:14,186 [INFO] Script completed in 148.12 seconds.
