2025-05-22 12:07:48,049 [INFO] Limiting live tower coverage to prefix range: ('001', '006')
2025-05-22 12:07:48,050 [INFO] Step 1: Preprocessing dissolved shapefiles...
2025-05-22 12:07:48,219 [INFO] Found 705 unique tower prefixes to process.
2025-05-22 12:07:48,226 [INFO] Skipped existing: 001-AHPA-Dissolved.shp
2025-05-22 12:07:48,226 [INFO] Skipped existing: 001-COPB-Dissolved.shp
2025-05-22 12:07:48,226 [INFO] Skipped existing: 001-HHRC-Dissolved.shp
2025-05-22 12:07:48,227 [INFO] Skipped existing: 001-KAIH-Dissolved.shp
2025-05-22 12:07:48,227 [INFO] Skipped existing: 001-KIKH-Dissolved.shp
2025-05-22 12:07:48,229 [INFO] Skipped existing: 001-KRIL-Dissolved.shp
2025-05-22 12:07:48,230 [INFO] Skipped existing: 001-KRKC-Dissolved.shp
2025-05-22 12:07:48,231 [INFO] Skipped existing: 001-KRKR-Dissolved.shp
2025-05-22 12:07:48,231 [INFO] Skipped existing: 001-KTIA-Dissolved.shp
2025-05-22 12:07:48,232 [INFO] Skipped existing: 001-KWKA-Dissolved.shp
2025-05-22 12:07:48,233 [INFO] Skipped existing: 001-KWKE-Dissolved.shp
2025-05-22 12:07:48,234 [INFO] Skipped existing: 001-MTWA-Dissolved.shp
2025-05-22 12:07:48,234 [INFO] Skipped existing: 001-PHIA-Dissolved.shp
2025-05-22 12:07:48,235 [INFO] Skipped existing: 001-RAWR-Dissolved.shp
2025-05-22 12:07:48,236 [INFO] Skipped existing: 001-RBRW-Dissolved.shp
2025-05-22 12:07:48,236 [INFO] Skipped existing: 001-RDVB-Dissolved.shp
2025-05-22 12:07:48,237 [INFO] Skipped existing: 001-RFIR-Dissolved.shp
2025-05-22 12:07:48,237 [INFO] Skipped existing: 001-RFRB-Dissolved.shp
2025-05-22 12:07:48,238 [INFO] Skipped existing: 001-RHRK-Dissolved.shp
2025-05-22 12:07:48,239 [INFO] Skipped existing: 001-RLNG-Dissolved.shp
2025-05-22 12:07:48,239 [INFO] Skipped existing: 001-RMGI-Dissolved.shp
2025-05-22 12:07:48,240 [INFO] Skipped existing: 001-RMTC-Dissolved.shp
2025-05-22 12:07:48,240 [INFO] Skipped existing: 001-RNMB-Dissolved.shp
2025-05-22 12:07:48,241 [INFO] Skipped existing: 001-ROMN-Dissolved.shp
2025-05-22 12:07:48,241 [INFO] Skipped existing: 001-ROMR-Dissolved.shp
2025-05-22 12:07:48,241 [INFO] Skipped existing: 001-ROOK-Dissolved.shp
2025-05-22 12:07:48,242 [INFO] Skipped existing: 001-ROUH-Dissolved.shp
2025-05-22 12:07:48,242 [INFO] Skipped existing: 001-RPOI-Dissolved.shp
2025-05-22 12:07:48,243 [INFO] Skipped existing: 001-RPRB-Dissolved.shp
2025-05-22 12:07:48,243 [INFO] Skipped existing: 001-RPTH-Dissolved.shp
2025-05-22 12:07:48,244 [INFO] Skipped existing: 001-RPWE-Dissolved.shp
2025-05-22 12:07:48,244 [INFO] Skipped existing: 001-RSLL-Dissolved.shp
2025-05-22 12:07:48,244 [INFO] Skipped existing: 001-RTAK-Dissolved.shp
2025-05-22 12:07:48,245 [INFO] Skipped existing: 001-RTEP-Dissolved.shp
2025-05-22 12:07:48,245 [INFO] Skipped existing: 001-RTPA-Dissolved.shp
2025-05-22 12:07:48,246 [INFO] Skipped existing: 001-RTSS-Dissolved.shp
2025-05-22 12:07:48,246 [INFO] Skipped existing: 001-RUTK-Dissolved.shp
2025-05-22 12:07:48,246 [INFO] Skipped existing: 001-RWAL-Dissolved.shp
2025-05-22 12:07:48,247 [INFO] Skipped existing: 001-RWAN-Dissolved.shp
2025-05-22 12:07:48,247 [INFO] Skipped existing: 001-RWAR-Dissolved.shp
2025-05-22 12:07:48,248 [INFO] Skipped existing: 001-RWAV-Dissolved.shp
2025-05-22 12:07:48,248 [INFO] Skipped existing: 001-RWMA-Dissolved.shp
2025-05-22 12:07:48,248 [INFO] Skipped existing: 001-RWMK-Dissolved.shp
2025-05-22 12:07:48,249 [INFO] Skipped existing: 001-RWNE-Dissolved.shp
2025-05-22 12:07:48,249 [INFO] Skipped existing: 001-TBAY-Dissolved.shp
2025-05-22 12:07:48,250 [INFO] Skipped existing: 001-VAWN-Dissolved.shp
2025-05-22 12:07:48,251 [INFO] Skipped existing: 001-VCKP-Dissolved.shp
2025-05-22 12:07:48,251 [INFO] Skipped existing: 001-VHRF-Dissolved.shp
2025-05-22 12:07:48,252 [INFO] Skipped existing: 001-VKAO-Dissolved.shp
2025-05-22 12:07:48,252 [INFO] Skipped existing: 001-VMBY-Dissolved.shp
2025-05-22 12:07:48,253 [INFO] Skipped existing: 001-VMHK-Dissolved.shp
2025-05-22 12:07:48,253 [INFO] Skipped existing: 001-VOKI-Dissolved.shp
2025-05-22 12:07:48,253 [INFO] Skipped existing: 001-VOMP-Dissolved.shp
2025-05-22 12:07:48,254 [INFO] Skipped existing: 001-VOPR-Dissolved.shp
2025-05-22 12:07:48,254 [INFO] Skipped existing: 001-VPAR-Dissolved.shp
2025-05-22 12:07:48,255 [INFO] Skipped existing: 001-VTKE-Dissolved.shp
2025-05-22 12:07:48,255 [INFO] Skipped existing: 001-VTOW-Dissolved.shp
2025-05-22 12:07:48,256 [INFO] Skipped existing: 001-VTRB-Dissolved.shp
2025-05-22 12:07:48,256 [INFO] Skipped existing: 001-VWGA-Dissolved.shp
2025-05-22 12:07:48,257 [INFO] Skipped existing: 001-VXHK-Dissolved.shp
2025-05-22 12:07:48,257 [INFO] Skipped existing: 002-BRDW-Dissolved.shp
2025-05-22 12:07:48,258 [INFO] Skipped existing: 002-BUSH-Dissolved.shp
2025-05-22 12:07:48,258 [INFO] Skipped existing: 002-HIKU-Dissolved.shp
2025-05-22 12:07:48,258 [INFO] Skipped existing: 002-KAMO-Dissolved.shp
2025-05-22 12:07:48,259 [INFO] Skipped existing: 002-KENS-Dissolved.shp
2025-05-22 12:07:48,259 [INFO] Skipped existing: 002-KNTH-Dissolved.shp
2025-05-22 12:07:48,259 [INFO] Skipped existing: 002-MARU-Dissolved.shp
2025-05-22 12:07:48,260 [INFO] Skipped existing: 002-MAUN-Dissolved.shp
2025-05-22 12:07:48,260 [INFO] Skipped existing: 002-MGKM-Dissolved.shp
2025-05-22 12:07:48,261 [INFO] Skipped existing: 002-MRPT-Dissolved.shp
2025-05-22 12:07:48,261 [INFO] Skipped existing: 002-MTPR-Dissolved.shp
2025-05-22 12:07:48,262 [INFO] Skipped existing: 002-MVLG-Dissolved.shp
2025-05-22 12:07:48,262 [INFO] Skipped existing: 002-OKAR-Dissolved.shp
2025-05-22 12:07:48,263 [INFO] Skipped existing: 002-OTAN-Dissolved.shp
2025-05-22 12:07:48,263 [INFO] Skipped existing: 002-OTKA-Dissolved.shp
2025-05-22 12:07:48,264 [INFO] Skipped existing: 002-OTPT-Dissolved.shp
2025-05-22 12:07:48,264 [INFO] Skipped existing: 002-PTLD-Dissolved.shp
2025-05-22 12:07:48,264 [INFO] Skipped existing: 002-RARC-Dissolved.shp
2025-05-22 12:07:48,265 [INFO] Skipped existing: 002-RBAU-Dissolved.shp
2025-05-22 12:07:48,265 [INFO] Skipped existing: 002-RDIG-Dissolved.shp
2025-05-22 12:07:48,266 [INFO] Skipped existing: 002-RKAR-Dissolved.shp
2025-05-22 12:07:48,266 [INFO] Skipped existing: 002-RMKA-Dissolved.shp
2025-05-22 12:07:48,267 [INFO] Skipped existing: 002-RMTG-Dissolved.shp
2025-05-22 12:07:48,268 [INFO] Skipped existing: 002-ROMM-Dissolved.shp
2025-05-22 12:07:48,268 [INFO] Skipped existing: 002-ROWB-Dissolved.shp
2025-05-22 12:07:48,269 [INFO] Skipped existing: 002-RPNK-Dissolved.shp
2025-05-22 12:07:48,270 [INFO] Skipped existing: 002-RPPW-Dissolved.shp
2025-05-22 12:07:48,270 [INFO] Skipped existing: 002-RPRK-Dissolved.shp
2025-05-22 12:07:48,271 [INFO] Skipped existing: 002-RRBW-Dissolved.shp
2025-05-22 12:07:48,271 [INFO] Skipped existing: 002-RRKB-Dissolved.shp
2025-05-22 12:07:48,272 [INFO] Skipped existing: 002-RTAH-Dissolved.shp
2025-05-22 12:07:48,272 [INFO] Skipped existing: 002-RTWT-Dissolved.shp
2025-05-22 12:07:48,273 [INFO] Skipped existing: 002-RURQ-Dissolved.shp
2025-05-22 12:07:48,273 [INFO] Skipped existing: 002-RWGH-Dissolved.shp
2025-05-22 12:07:48,274 [INFO] Skipped existing: 002-SHER-Dissolved.shp
2025-05-22 12:07:48,274 [INFO] Skipped existing: 002-SNAU-Dissolved.shp
2025-05-22 12:07:48,275 [INFO] Skipped existing: 002-TPNG-Dissolved.shp
2025-05-22 12:07:48,275 [INFO] Skipped existing: 002-TTKK-Dissolved.shp
2025-05-22 12:07:48,276 [INFO] Skipped existing: 002-VHBY-Dissolved.shp
2025-05-22 12:07:48,276 [INFO] Skipped existing: 002-VHKI-Dissolved.shp
2025-05-22 12:07:48,277 [INFO] Skipped existing: 002-WCAU-Dissolved.shp
2025-05-22 12:07:48,277 [INFO] Skipped existing: 002-WGRU-Dissolved.shp
2025-05-22 12:07:48,278 [INFO] Skipped existing: 002-WHNG-Dissolved.shp
2025-05-22 12:07:48,278 [INFO] Skipped existing: 002-WHOS-Dissolved.shp
2025-05-22 12:07:48,279 [INFO] Skipped existing: 002-WIPU-Dissolved.shp
2025-05-22 12:07:48,279 [INFO] Skipped existing: 002-WVAU-Dissolved.shp
2025-05-22 12:07:48,280 [INFO] Skipped existing: 003-DGVL-Dissolved.shp
2025-05-22 12:07:48,280 [INFO] Skipped existing: 003-HRKA-Dissolved.shp
2025-05-22 12:07:48,280 [INFO] Skipped existing: 003-KAKA-Dissolved.shp
2025-05-22 12:07:48,281 [INFO] Skipped existing: 003-MGTT-Dissolved.shp
2025-05-22 12:07:48,282 [INFO] Skipped existing: 003-MNGW-Dissolved.shp
2025-05-22 12:07:48,282 [INFO] Skipped existing: 003-RAGA-Dissolved.shp
2025-05-22 12:07:48,283 [INFO] Skipped existing: 003-RGLG-Dissolved.shp
2025-05-22 12:07:48,283 [INFO] Skipped existing: 003-RKPE-Dissolved.shp
2025-05-22 12:07:48,284 [INFO] Skipped existing: 003-RMHM-Dissolved.shp
2025-05-22 12:07:48,285 [INFO] Skipped existing: 003-ROOK-Dissolved.shp
2025-05-22 12:07:48,286 [INFO] Skipped existing: 003-RTGO-Dissolved.shp
2025-05-22 12:07:48,286 [INFO] Skipped existing: 003-RTNP-Dissolved.shp
2025-05-22 12:07:48,287 [INFO] Skipped existing: 003-RTRB-Dissolved.shp
2025-05-22 12:07:48,287 [INFO] Skipped existing: 003-RTTM-Dissolved.shp
2025-05-22 12:07:48,288 [INFO] Skipped existing: 003-RWAI-Dissolved.shp
2025-05-22 12:07:48,289 [INFO] Skipped existing: 003-RWFS-Dissolved.shp
2025-05-22 12:07:48,289 [INFO] Skipped existing: 003-RWHP-Dissolved.shp
2025-05-22 12:07:48,290 [INFO] Skipped existing: 003-VBYB-Dissolved.shp
2025-05-22 12:07:48,291 [INFO] Skipped existing: 003-VKAI-Dissolved.shp
2025-05-22 12:07:48,291 [INFO] Skipped existing: 003-VMSO-Dissolved.shp
2025-05-22 12:07:48,292 [INFO] Skipped existing: 003-VPPA-Dissolved.shp
2025-05-22 12:07:48,292 [INFO] Skipped existing: 003-VTGH-Dissolved.shp
2025-05-22 12:07:48,293 [INFO] Skipped existing: 004-ABAU-Dissolved.shp
2025-05-22 12:07:48,294 [INFO] Skipped existing: 004-AHRA-Dissolved.shp
2025-05-22 12:07:48,294 [INFO] Skipped existing: 004-ARMB-Dissolved.shp
2025-05-22 12:07:48,295 [INFO] Skipped existing: 004-GHBR-Dissolved.shp
2025-05-22 12:07:48,296 [INFO] Skipped existing: 004-HFAU-Dissolved.shp
2025-05-22 12:07:48,297 [INFO] Skipped existing: 004-HSVL-Dissolved.shp
2025-05-22 12:07:48,297 [INFO] Skipped existing: 004-KPKP-Dissolved.shp
2025-05-22 12:07:48,298 [INFO] Skipped existing: 004-KRKH-Dissolved.shp
2025-05-22 12:07:48,298 [INFO] Skipped existing: 004-KUMU-Dissolved.shp
2025-05-22 12:07:48,299 [INFO] Skipped existing: 004-KWIL-Dissolved.shp
2025-05-22 12:07:48,299 [INFO] Skipped existing: 004-LEGH-Dissolved.shp
2025-05-22 12:07:48,300 [INFO] Skipped existing: 004-MKRU-Dissolved.shp
2025-05-22 12:07:48,301 [INFO] Skipped existing: 004-MNLY-Dissolved.shp
2025-05-22 12:07:48,301 [INFO] Skipped existing: 004-MRWI-Dissolved.shp
2025-05-22 12:07:48,301 [INFO] Skipped existing: 004-MTKA-Dissolved.shp
2025-05-22 12:07:48,302 [INFO] Skipped existing: 004-NSAD-Dissolved.shp
2025-05-22 12:07:48,302 [INFO] Skipped existing: 004-OMAU-Dissolved.shp
2025-05-22 12:07:48,303 [INFO] Skipped existing: 004-OMHA-Dissolved.shp
2025-05-22 12:07:48,303 [INFO] Skipped existing: 004-ORWA-Dissolved.shp
2025-05-22 12:07:48,304 [INFO] Skipped existing: 004-OWAU-Dissolved.shp
2025-05-22 12:07:48,304 [INFO] Skipped existing: 004-PUHB-Dissolved.shp
2025-05-22 12:07:48,305 [INFO] Skipped existing: 004-PUHS-Dissolved.shp
2025-05-22 12:07:48,307 [INFO] Skipped existing: 004-RARV-Dissolved.shp
2025-05-22 12:07:48,307 [INFO] Skipped existing: 004-RARW-Dissolved.shp
2025-05-22 12:07:48,308 [INFO] Skipped existing: 004-RBPL-Dissolved.shp
2025-05-22 12:07:48,308 [INFO] Skipped existing: 004-RBRV-Dissolved.shp
2025-05-22 12:07:48,308 [INFO] Skipped existing: 004-RDVL-Dissolved.shp
2025-05-22 12:07:48,309 [INFO] Skipped existing: 004-REDB-Dissolved.shp
2025-05-22 12:07:48,309 [INFO] Skipped existing: 004-RGLR-Dissolved.shp
2025-05-22 12:07:48,310 [INFO] Skipped existing: 004-RIAU-Dissolved.shp
2025-05-22 12:07:48,310 [INFO] Skipped existing: 004-RKCH-Dissolved.shp
2025-05-22 12:07:48,310 [INFO] Skipped existing: 004-RMKE-Dissolved.shp
2025-05-22 12:07:48,311 [INFO] Skipped existing: 004-RMKN-Dissolved.shp
2025-05-22 12:07:48,311 [INFO] Skipped existing: 004-RPHX-Dissolved.shp
2025-05-22 12:07:48,312 [INFO] Skipped existing: 004-RPKR-Dissolved.shp
2025-05-22 12:07:48,312 [INFO] Skipped existing: 004-RSAU-Dissolved.shp
2025-05-22 12:07:48,313 [INFO] Skipped existing: 004-RSHE-Dissolved.shp
2025-05-22 12:07:48,313 [INFO] Skipped existing: 004-RTAI-Dissolved.shp
2025-05-22 12:07:48,313 [INFO] Skipped existing: 004-RVHT-Dissolved.shp
2025-05-22 12:07:48,314 [INFO] Skipped existing: 004-RVRH-Dissolved.shp
2025-05-22 12:07:48,314 [INFO] Skipped existing: 004-RWGR-Dissolved.shp
2025-05-22 12:07:48,315 [INFO] Skipped existing: 004-RWRN-Dissolved.shp
2025-05-22 12:07:48,315 [INFO] Skipped existing: 004-RWRS-Dissolved.shp
2025-05-22 12:07:48,315 [INFO] Skipped existing: 004-SDOR-Dissolved.shp
2025-05-22 12:07:48,316 [INFO] Skipped existing: 004-SNEL-Dissolved.shp
2025-05-22 12:07:48,316 [INFO] Skipped existing: 004-STMB-Dissolved.shp
2025-05-22 12:07:48,317 [INFO] Skipped existing: 004-SVDL-Dissolved.shp
2025-05-22 12:07:48,317 [INFO] Skipped existing: 004-TDBH-Dissolved.shp
2025-05-22 12:07:48,318 [INFO] Skipped existing: 004-UORW-Dissolved.shp
2025-05-22 12:07:48,319 [INFO] Skipped existing: 004-VDFT-Dissolved.shp
2025-05-22 12:07:48,319 [INFO] Skipped existing: 004-VKPH-Dissolved.shp
2025-05-22 12:07:48,319 [INFO] Skipped existing: 004-VNME-Dissolved.shp
2025-05-22 12:07:48,320 [INFO] Skipped existing: 004-VTEH-Dissolved.shp
2025-05-22 12:07:48,320 [INFO] Skipped existing: 004-VWDH-Dissolved.shp
2025-05-22 12:07:48,321 [INFO] Skipped existing: 004-WDHD-Dissolved.shp
2025-05-22 12:07:48,321 [INFO] Skipped existing: 004-WELS-Dissolved.shp
2025-05-22 12:07:48,321 [INFO] Skipped existing: 004-WHPR-Dissolved.shp
2025-05-22 12:07:48,322 [INFO] Skipped existing: 004-WKSH-Dissolved.shp
2025-05-22 12:07:48,322 [INFO] Skipped existing: 004-WMKU-Dissolved.shp
2025-05-22 12:07:48,323 [INFO] Skipped existing: 004-WRKW-Dissolved.shp
2025-05-22 12:07:48,323 [INFO] Skipped existing: 004-WTKI-Dissolved.shp
2025-05-22 12:07:48,323 [INFO] Skipped existing: 004-WWRA-Dissolved.shp
2025-05-22 12:07:48,324 [INFO] Skipped existing: 005-ABMC-Dissolved.shp
2025-05-22 12:07:48,324 [INFO] Skipped existing: 005-ASTH-Dissolved.shp
2025-05-22 12:07:48,324 [INFO] Skipped existing: 005-AYET-Dissolved.shp
2025-05-22 12:07:48,325 [INFO] Skipped existing: 005-AYWT-Dissolved.shp
2025-05-22 12:07:48,325 [INFO] Skipped existing: 005-BBCL-Dissolved.shp
2025-05-22 12:07:48,325 [INFO] Skipped existing: 005-BBNH-Dissolved.shp
2025-05-22 12:07:48,326 [INFO] Skipped existing: 005-BBSH-Dissolved.shp
2025-05-22 12:07:48,326 [INFO] Skipped existing: 005-BBWT-Dissolved.shp
2025-05-22 12:07:48,327 [INFO] Skipped existing: 005-BHHN-Dissolved.shp
2025-05-22 12:07:48,327 [INFO] Skipped existing: 005-BHNH-Dissolved.shp
2025-05-22 12:07:48,328 [INFO] Skipped existing: 005-BHSH-Dissolved.shp
2025-05-22 12:07:48,328 [INFO] Skipped existing: 005-BIRK-Dissolved.shp
2025-05-22 12:07:48,328 [INFO] Skipped existing: 005-BKCL-Dissolved.shp
2025-05-22 12:07:48,329 [INFO] Skipped existing: 005-BKWT-Dissolved.shp
2025-05-22 12:07:48,329 [INFO] Skipped existing: 005-BLMT-Dissolved.shp
2025-05-22 12:07:48,330 [INFO] Skipped existing: 005-BRBM-Dissolved.shp
2025-05-22 12:07:48,330 [INFO] Skipped existing: 005-BYPT-Dissolved.shp
2025-05-22 12:07:48,330 [INFO] Skipped existing: 005-BYVW-Dissolved.shp
2025-05-22 12:07:48,331 [INFO] Skipped existing: 005-CBAY-Dissolved.shp
2025-05-22 12:07:48,331 [INFO] Skipped existing: 005-CPBB-Dissolved.shp
2025-05-22 12:07:48,331 [INFO] Skipped existing: 005-CRHL-Dissolved.shp
2025-05-22 12:07:48,332 [INFO] Skipped existing: 005-DNTH-Dissolved.shp
2025-05-22 12:07:48,332 [INFO] Skipped existing: 005-DSTH-Dissolved.shp
2025-05-22 12:07:48,332 [INFO] Skipped existing: 005-ESMD-Dissolved.shp
2025-05-22 12:07:48,333 [INFO] Skipped existing: 005-FRHL-Dissolved.shp
2025-05-22 12:07:48,333 [INFO] Skipped existing: 005-GFCL-Dissolved.shp
2025-05-22 12:07:48,334 [INFO] Skipped existing: 005-GFRD-Dissolved.shp
2025-05-22 12:07:48,334 [INFO] Skipped existing: 005-GLNR-Dissolved.shp
2025-05-22 12:07:48,335 [INFO] Skipped existing: 005-GLSH-Dissolved.shp
2025-05-22 12:07:48,335 [INFO] Skipped existing: 005-GRNC-Dissolved.shp
2025-05-22 12:07:48,335 [INFO] Skipped existing: 005-GRNS-Dissolved.shp
2025-05-22 12:07:48,336 [INFO] Skipped existing: 005-HBBG-Dissolved.shp
2025-05-22 12:07:48,336 [INFO] Skipped existing: 005-HBRN-Dissolved.shp
2025-05-22 12:07:48,336 [INFO] Skipped existing: 005-HKCR-Dissolved.shp
2025-05-22 12:07:48,337 [INFO] Skipped existing: 005-HLCS-Dissolved.shp
2025-05-22 12:07:48,337 [INFO] Skipped existing: 005-HLCW-Dissolved.shp
2025-05-22 12:07:48,338 [INFO] Skipped existing: 005-KPRK-Dissolved.shp
2025-05-22 12:07:48,338 [INFO] Skipped existing: 005-LBAU-Dissolved.shp
2025-05-22 12:07:48,338 [INFO] Skipped existing: 005-LKPP-Dissolved.shp
2025-05-22 12:07:48,339 [INFO] Skipped existing: 005-LOAU-Dissolved.shp
2025-05-22 12:07:48,339 [INFO] Skipped existing: 005-MBYN-Dissolved.shp
2025-05-22 12:07:48,339 [INFO] Skipped existing: 005-MIBY-Dissolved.shp
2025-05-22 12:07:48,340 [INFO] Skipped existing: 005-MLFD-Dissolved.shp
2025-05-22 12:07:48,340 [INFO] Skipped existing: 005-MNCT-Dissolved.shp
2025-05-22 12:07:48,341 [INFO] Skipped existing: 005-MUBY-Dissolved.shp
2025-05-22 12:07:48,341 [INFO] Skipped existing: 005-NCMC-Dissolved.shp
2025-05-22 12:07:48,341 [INFO] Skipped existing: 005-NCOW-Dissolved.shp
2025-05-22 12:07:48,342 [INFO] Skipped existing: 005-NHBR-Dissolved.shp
2025-05-22 12:07:48,342 [INFO] Skipped existing: 005-NHST-Dissolved.shp
2025-05-22 12:07:48,342 [INFO] Skipped existing: 005-NORH-Dissolved.shp
2025-05-22 12:07:48,343 [INFO] Skipped existing: 005-NTHC-Dissolved.shp
2025-05-22 12:07:48,343 [INFO] Skipped existing: 005-NTHM-Dissolved.shp
2025-05-22 12:07:48,343 [INFO] Skipped existing: 005-NTHX-Dissolved.shp
2025-05-22 12:07:48,344 [INFO] Skipped existing: 005-NWST-Dissolved.shp
2025-05-22 12:07:48,344 [INFO] Skipped existing: 005-PNHL-Dissolved.shp
2025-05-22 12:07:48,345 [INFO] Skipped existing: 005-PRMP-Dissolved.shp
2025-05-22 12:07:48,345 [INFO] Skipped existing: 005-RBAY-Dissolved.shp
2025-05-22 12:07:48,345 [INFO] Skipped existing: 005-SNAP-Dissolved.shp
2025-05-22 12:07:48,346 [INFO] Skipped existing: 005-SNTH-Dissolved.shp
2025-05-22 12:07:48,346 [INFO] Skipped existing: 005-STBY-Dissolved.shp
2025-05-22 12:07:48,346 [INFO] Skipped existing: 005-SUNS-Dissolved.shp
2025-05-22 12:07:48,347 [INFO] Skipped existing: 005-SYNK-Dissolved.shp
2025-05-22 12:07:48,347 [INFO] Skipped existing: 005-TBYH-Dissolved.shp
2025-05-22 12:07:48,347 [INFO] Skipped existing: 005-TKPN-Dissolved.shp
2025-05-22 12:07:48,348 [INFO] Skipped existing: 005-TRBY-Dissolved.shp
2025-05-22 12:07:48,348 [INFO] Skipped existing: 005-USWH-Dissolved.shp
2025-05-22 12:07:48,348 [INFO] Skipped existing: 005-WNNI-Dissolved.shp
2025-05-22 12:07:48,349 [INFO] Skipped existing: 005-WRAU-Dissolved.shp
2025-05-22 12:07:48,349 [INFO] Skipped existing: 005-WRNH-Dissolved.shp
2025-05-22 12:07:48,350 [INFO] Skipped existing: 005-WRPK-Dissolved.shp
2025-05-22 12:07:48,350 [INFO] Skipped existing: 005-WRSH-Dissolved.shp
2025-05-22 12:07:48,351 [INFO] Skipped existing: 006-ALBN-Dissolved.shp
2025-05-22 12:07:48,351 [INFO] Skipped existing: 006-COAT-Dissolved.shp
2025-05-22 12:07:48,351 [INFO] Skipped existing: 006-CPKH-Dissolved.shp
2025-05-22 12:07:48,352 [INFO] Skipped existing: 006-CRWC-Dissolved.shp
2025-05-22 12:07:48,352 [INFO] Skipped existing: 006-ERAU-Dissolved.shp
2025-05-22 12:07:48,353 [INFO] Skipped existing: 006-GLDN-Dissolved.shp
2025-05-22 12:07:48,353 [INFO] Skipped existing: 006-GLDR-Dissolved.shp
2025-05-22 12:07:48,353 [INFO] Skipped existing: 006-GLDS-Dissolved.shp
2025-05-22 12:07:48,354 [INFO] Skipped existing: 006-GLNN-Dissolved.shp
2025-05-22 12:07:48,354 [INFO] Skipped existing: 006-GLNW-Dissolved.shp
2025-05-22 12:07:48,354 [INFO] Skipped existing: 006-GRNB-Dissolved.shp
2025-05-22 12:07:48,355 [INFO] Skipped existing: 006-HBVL-Dissolved.shp
2025-05-22 12:07:48,355 [INFO] Skipped existing: 006-HCAU-Dissolved.shp
2025-05-22 12:07:48,355 [INFO] Skipped existing: 006-HDNC-Dissolved.shp
2025-05-22 12:07:48,356 [INFO] Skipped existing: 006-HDNE-Dissolved.shp
2025-05-22 12:07:48,356 [INFO] Skipped existing: 006-HDNS-Dissolved.shp
2025-05-22 12:07:48,357 [INFO] Skipped existing: 006-HOBS-Dissolved.shp
2025-05-22 12:07:48,357 [INFO] Skipped existing: 006-HRBV-Dissolved.shp
2025-05-22 12:07:48,357 [INFO] Skipped existing: 006-HTWL-Dissolved.shp
2025-05-22 12:07:48,358 [INFO] Skipped existing: 006-JCPO-Dissolved.shp
2025-05-22 12:07:48,358 [INFO] Skipped existing: 006-KLST-Dissolved.shp
2025-05-22 12:07:48,358 [INFO] Skipped existing: 006-KSTG-Dissolved.shp
2025-05-22 12:07:48,359 [INFO] Skipped existing: 006-LCAU-Dissolved.shp
2025-05-22 12:07:48,359 [INFO] Skipped existing: 006-LCNN-Dissolved.shp
2025-05-22 12:07:48,360 [INFO] Skipped existing: 006-LCNS-Dissolved.shp
2025-05-22 12:07:48,360 [INFO] Skipped existing: 006-LCNW-Dissolved.shp
2025-05-22 12:07:48,360 [INFO] Skipped existing: 006-LNAU-Dissolved.shp
2025-05-22 12:07:48,361 [INFO] Skipped existing: 006-LNML-Dissolved.shp
2025-05-22 12:07:48,361 [INFO] Skipped existing: 006-MLPK-Dissolved.shp
2025-05-22 12:07:48,361 [INFO] Skipped existing: 006-MNTH-Dissolved.shp
2025-05-22 12:07:48,362 [INFO] Skipped existing: 006-MPRK-Dissolved.shp
2025-05-22 12:07:48,362 [INFO] Skipped existing: 006-MWST-Dissolved.shp
2025-05-22 12:07:48,363 [INFO] Skipped existing: 006-NWSC-Dissolved.shp
2025-05-22 12:07:48,363 [INFO] Skipped existing: 006-PIHA-Dissolved.shp
2025-05-22 12:07:48,363 [INFO] Skipped existing: 006-RANU-Dissolved.shp
2025-05-22 12:07:48,364 [INFO] Skipped existing: 006-RANW-Dissolved.shp
2025-05-22 12:07:48,364 [INFO] Skipped existing: 006-RLGR-Dissolved.shp
2025-05-22 12:07:48,364 [INFO] Skipped existing: 006-RNAU-Dissolved.shp
2025-05-22 12:07:48,365 [INFO] Skipped existing: 006-RSMR-Dissolved.shp
2025-05-22 12:07:48,365 [INFO] Skipped existing: 006-SNVL-Dissolved.shp
2025-05-22 12:07:48,365 [INFO] Skipped existing: 006-SWNS-Dissolved.shp
2025-05-22 12:07:48,366 [INFO] Skipped existing: 006-TATJ-Dissolved.shp
2025-05-22 12:07:48,366 [INFO] Skipped existing: 006-TEAT-Dissolved.shp
2025-05-22 12:07:48,367 [INFO] Skipped existing: 006-TIRE-Dissolved.shp
2025-05-22 12:07:48,367 [INFO] Skipped existing: 006-TIRN-Dissolved.shp
2025-05-22 12:07:48,368 [INFO] Skipped existing: 006-TIRV-Dissolved.shp
2025-05-22 12:07:48,368 [INFO] Skipped existing: 006-TRIR-Dissolved.shp
2025-05-22 12:07:48,368 [INFO] Skipped existing: 006-UDAU-Dissolved.shp
2025-05-22 12:07:48,369 [INFO] Skipped existing: 006-VWTH-Dissolved.shp
2025-05-22 12:07:48,369 [INFO] Skipped existing: 006-WDPK-Dissolved.shp
2025-05-22 12:07:48,370 [INFO] Skipped existing: 006-WHBR-Dissolved.shp
2025-05-22 12:07:48,370 [INFO] Skipped existing: 006-WHNP-Dissolved.shp
2025-05-22 12:07:48,370 [INFO] Skipped existing: 006-WHTS-Dissolved.shp
2025-05-22 12:07:48,371 [INFO] Skipped existing: 006-WKKU-Dissolved.shp
2025-05-22 12:07:48,371 [INFO] Skipped existing: 006-WTKV-Dissolved.shp
2025-05-22 12:07:48,372 [INFO] Skipped existing: 007-ABST-Dissolved.shp
2025-05-22 12:07:48,372 [INFO] Skipped existing: 007-AGPO-Dissolved.shp
2025-05-22 12:07:48,372 [INFO] Skipped existing: 007-AHIB-Dissolved.shp
2025-05-22 12:07:48,373 [INFO] Skipped existing: 007-AKLU-Dissolved.shp
2025-05-22 12:07:48,373 [INFO] Skipped existing: 007-ANZA-Dissolved.shp
2025-05-22 12:07:48,374 [INFO] Skipped existing: 007-ARHH-Dissolved.shp
2025-05-22 12:07:48,374 [INFO] Skipped existing: 007-ASAU-Dissolved.shp
2025-05-22 12:07:48,374 [INFO] Skipped existing: 007-ASHA-Dissolved.shp
2025-05-22 12:07:48,375 [INFO] Skipped existing: 007-ATSQ-Dissolved.shp
2025-05-22 12:07:48,375 [INFO] Skipped existing: 007-AUSY-Dissolved.shp
2025-05-22 12:07:48,376 [INFO] Skipped existing: 007-AVDE-Dissolved.shp
2025-05-22 12:07:48,376 [INFO] Skipped existing: 007-AVDL-Dissolved.shp
2025-05-22 12:07:48,376 [INFO] Skipped existing: 007-AVDR-Dissolved.shp
2025-05-22 12:07:48,377 [INFO] Skipped existing: 007-AVDS-Dissolved.shp
2025-05-22 12:07:48,377 [INFO] Skipped existing: 007-AZIB-Dissolved.shp
2025-05-22 12:07:48,378 [INFO] Skipped existing: 007-BGOC-Dissolved.shp
2025-05-22 12:07:48,378 [INFO] Skipped existing: 007-BHBE-Dissolved.shp
2025-05-22 12:07:48,378 [INFO] Skipped existing: 007-BHBW-Dissolved.shp
2025-05-22 12:07:48,379 [INFO] Skipped existing: 007-BMAU-Dissolved.shp
2025-05-22 12:07:48,379 [INFO] Skipped existing: 007-BMRL-Dissolved.shp
2025-05-22 12:07:48,380 [INFO] Skipped existing: 007-BMRR-Dissolved.shp
2025-05-22 12:07:48,380 [INFO] Skipped existing: 007-BSPO-Dissolved.shp
2025-05-22 12:07:48,380 [INFO] Skipped existing: 007-BSPT-Dissolved.shp
2025-05-22 12:07:48,381 [INFO] Skipped existing: 007-BTAU-Dissolved.shp
2025-05-22 12:07:48,381 [INFO] Skipped existing: 007-BTMR-Dissolved.shp
2025-05-22 12:07:48,382 [INFO] Skipped existing: 007-CBIB-Dissolved.shp
2025-05-22 12:07:48,382 [INFO] Skipped existing: 007-CEAU-Dissolved.shp
2025-05-22 12:07:48,382 [INFO] Skipped existing: 007-CGNH-Dissolved.shp
2025-05-22 12:07:48,383 [INFO] Skipped existing: 007-CRAU-Dissolved.shp
2025-05-22 12:07:48,383 [INFO] Skipped existing: 007-DMRC-Dissolved.shp
2025-05-22 12:07:48,384 [INFO] Skipped existing: 007-DMRN-Dissolved.shp
2025-05-22 12:07:48,384 [INFO] Skipped existing: 007-DTET-Dissolved.shp
2025-05-22 12:07:48,385 [INFO] Skipped existing: 007-DTWT-Dissolved.shp
2025-05-22 12:07:48,385 [INFO] Skipped existing: 007-EDPN-Dissolved.shp
2025-05-22 12:07:48,385 [INFO] Skipped existing: 007-EDPS-Dissolved.shp
2025-05-22 12:07:48,386 [INFO] Skipped existing: 007-EDTR-Dissolved.shp
2025-05-22 12:07:48,386 [INFO] Skipped existing: 007-ELER-Dissolved.shp
2025-05-22 12:07:48,387 [INFO] Skipped existing: 007-ELRN-Dissolved.shp
2025-05-22 12:07:48,387 [INFO] Skipped existing: 007-ELRW-Dissolved.shp
2025-05-22 12:07:48,388 [INFO] Skipped existing: 007-ELSC-Dissolved.shp
2025-05-22 12:07:48,388 [INFO] Skipped existing: 007-EPSM-Dissolved.shp
2025-05-22 12:07:48,388 [INFO] Skipped existing: 007-ESAU-Dissolved.shp
2025-05-22 12:07:48,389 [INFO] Skipped existing: 007-ETBG-Dissolved.shp
2025-05-22 12:07:48,389 [INFO] Skipped existing: 007-EWAU-Dissolved.shp
2025-05-22 12:07:48,389 [INFO] Skipped existing: 007-FKLN-Dissolved.shp
2025-05-22 12:07:48,390 [INFO] Skipped existing: 007-FSAU-Dissolved.shp
2025-05-22 12:07:48,390 [INFO] Skipped existing: 007-FSHQ-Dissolved.shp
2025-05-22 12:07:48,391 [INFO] Skipped existing: 007-FSTM-Dissolved.shp
2025-05-22 12:07:48,391 [INFO] Skipped existing: 007-GDWT-Dissolved.shp
2025-05-22 12:07:48,391 [INFO] Skipped existing: 007-GFTG-Dissolved.shp
2025-05-22 12:07:48,392 [INFO] Skipped existing: 007-GINN-Dissolved.shp
2025-05-22 12:07:48,392 [INFO] Skipped existing: 007-GLAU-Dissolved.shp
2025-05-22 12:07:48,393 [INFO] Skipped existing: 007-GLYN-Dissolved.shp
2025-05-22 12:07:48,393 [INFO] Skipped existing: 007-GLYS-Dissolved.shp
2025-05-22 12:07:48,393 [INFO] Skipped existing: 007-GNLE-Dissolved.shp
2025-05-22 12:07:48,394 [INFO] Skipped existing: 007-GRAU-Dissolved.shp
2025-05-22 12:07:48,394 [INFO] Skipped existing: 007-GWDC-Dissolved.shp
2025-05-22 12:07:48,395 [INFO] Skipped existing: 007-GYLN-Dissolved.shp
2025-05-22 12:07:48,395 [INFO] Skipped existing: 007-HALS-Dissolved.shp
2025-05-22 12:07:48,395 [INFO] Skipped existing: 007-HBBS-Dissolved.shp
2025-05-22 12:07:48,396 [INFO] Skipped existing: 007-HBRS-Dissolved.shp
2025-05-22 12:07:48,396 [INFO] Skipped existing: 007-HERR-Dissolved.shp
2025-05-22 12:07:48,396 [INFO] Skipped existing: 007-HILB-Dissolved.shp
2025-05-22 12:07:48,397 [INFO] Skipped existing: 007-HRBM-Dissolved.shp
2025-05-22 12:07:48,397 [INFO] Skipped existing: 007-HTST-Dissolved.shp
2025-05-22 12:07:48,398 [INFO] Skipped existing: 007-JMWB-Dissolved.shp
2025-05-22 12:07:48,398 [INFO] Skipped existing: 007-KARD-Dissolved.shp
2025-05-22 12:07:48,398 [INFO] Skipped existing: 007-KBPS-Dissolved.shp
2025-05-22 12:07:48,399 [INFO] Skipped existing: 007-KBRP-Dissolved.shp
2025-05-22 12:07:48,399 [INFO] Skipped existing: 007-KGLS-Dissolved.shp
2025-05-22 12:07:48,400 [INFO] Skipped existing: 007-KGSL-Dissolved.shp
2025-05-22 12:07:48,400 [INFO] Skipped existing: 007-KGTN-Dissolved.shp
2025-05-22 12:07:48,401 [INFO] Skipped existing: 007-KHMR-Dissolved.shp
2025-05-22 12:07:48,401 [INFO] Skipped existing: 007-KHMS-Dissolved.shp
2025-05-22 12:07:48,401 [INFO] Skipped existing: 007-KPAU-Dissolved.shp
2025-05-22 12:07:48,402 [INFO] Skipped existing: 007-KPBR-Dissolved.shp
2025-05-22 12:07:48,402 [INFO] Skipped existing: 007-KPIB-Dissolved.shp
2025-05-22 12:07:48,403 [INFO] Skipped existing: 007-KPIG-Dissolved.shp
2025-05-22 12:07:48,403 [INFO] Skipped existing: 007-KPRR-Dissolved.shp
2025-05-22 12:07:48,404 [INFO] Skipped existing: 007-KRAU-Dissolved.shp
2025-05-22 12:07:48,404 [INFO] Skipped existing: 007-LPKW-Dissolved.shp
2025-05-22 12:07:48,404 [INFO] Skipped existing: 007-LYNF-Dissolved.shp
2025-05-22 12:07:48,405 [INFO] Skipped existing: 007-LYNN-Dissolved.shp
2025-05-22 12:07:48,405 [INFO] Skipped existing: 007-MALE-Dissolved.shp
2025-05-22 12:07:48,405 [INFO] Skipped existing: 007-MAPO-Dissolved.shp
2025-05-22 12:07:48,406 [INFO] Skipped existing: 007-MBUR-Dissolved.shp
2025-05-22 12:07:48,406 [INFO] Skipped existing: 007-MCHB-Dissolved.shp
2025-05-22 12:07:48,407 [INFO] Skipped existing: 007-MCMT-Dissolved.shp
2025-05-22 12:07:48,407 [INFO] Skipped existing: 007-MCON-Dissolved.shp
2025-05-22 12:07:48,407 [INFO] Skipped existing: 007-MCOS-Dissolved.shp
2025-05-22 12:07:48,408 [INFO] Skipped existing: 007-MEDM-Dissolved.shp
2025-05-22 12:07:48,408 [INFO] Skipped existing: 007-MEDV-Dissolved.shp
2025-05-22 12:07:48,409 [INFO] Skipped existing: 007-MKTR-Dissolved.shp
2025-05-22 12:07:48,409 [INFO] Skipped existing: 007-MNGS-Dissolved.shp
2025-05-22 12:07:48,409 [INFO] Skipped existing: 007-MRAU-Dissolved.shp
2025-05-22 12:07:48,410 [INFO] Skipped existing: 007-MRKL-Dissolved.shp
2025-05-22 12:07:48,410 [INFO] Skipped existing: 007-MRKS-Dissolved.shp
2025-05-22 12:07:48,410 [INFO] Skipped existing: 007-MSAU-Dissolved.shp
2025-05-22 12:07:48,411 [INFO] Skipped existing: 007-MSBU-Dissolved.shp
2025-05-22 12:07:48,411 [INFO] Skipped existing: 007-MSMT-Dissolved.shp
2025-05-22 12:07:48,412 [INFO] Skipped existing: 007-MSNB-Dissolved.shp
2025-05-22 12:07:48,412 [INFO] Skipped existing: 007-MSNR-Dissolved.shp
2025-05-22 12:07:48,412 [INFO] Skipped existing: 007-MSSD-Dissolved.shp
2025-05-22 12:07:48,413 [INFO] Skipped existing: 007-MSTR-Dissolved.shp
2025-05-22 12:07:48,413 [INFO] Skipped existing: 007-MTAU-Dissolved.shp
2025-05-22 12:07:48,414 [INFO] Skipped existing: 007-MTED-Dissolved.shp
2025-05-22 12:07:48,414 [INFO] Skipped existing: 007-MWGN-Dissolved.shp
2025-05-22 12:07:48,414 [INFO] Skipped existing: 007-MWGT-Dissolved.shp
2025-05-22 12:07:48,415 [INFO] Skipped existing: 007-MWTR-Dissolved.shp
2025-05-22 12:07:48,415 [INFO] Skipped existing: 007-MWTS-Dissolved.shp
2025-05-22 12:07:48,415 [INFO] Skipped existing: 007-MYHP-Dissolved.shp
2025-05-22 12:07:48,416 [INFO] Skipped existing: 007-MYRC-Dissolved.shp
2025-05-22 12:07:48,416 [INFO] Skipped existing: 007-NDAU-Dissolved.shp
2025-05-22 12:07:48,417 [INFO] Skipped existing: 007-NEAU-Dissolved.shp
2025-05-22 12:07:48,417 [INFO] Skipped existing: 007-NLAU-Dissolved.shp
2025-05-22 12:07:48,418 [INFO] Skipped existing: 007-NMKC-Dissolved.shp
2025-05-22 12:07:48,418 [INFO] Skipped existing: 007-NMKS-Dissolved.shp
2025-05-22 12:07:48,419 [INFO] Skipped existing: 007-NMVD-Dissolved.shp
2025-05-22 12:07:48,419 [INFO] Skipped existing: 007-NSON-Dissolved.shp
2025-05-22 12:07:48,419 [INFO] Skipped existing: 007-NTNR-Dissolved.shp
2025-05-22 12:07:48,420 [INFO] Skipped existing: 007-NWAU-Dissolved.shp
2025-05-22 12:07:48,420 [INFO] Skipped existing: 007-NWIN-Dissolved.shp
2025-05-22 12:07:48,420 [INFO] Skipped existing: 007-NWTR-Dissolved.shp
2025-05-22 12:07:48,421 [INFO] Skipped existing: 007-OKHU-Dissolved.shp
2025-05-22 12:07:48,421 [INFO] Skipped existing: 007-OLRD-Dissolved.shp
2025-05-22 12:07:48,422 [INFO] Skipped existing: 007-ONHC-Dissolved.shp
2025-05-22 12:07:48,422 [INFO] Skipped existing: 007-ONHS-Dissolved.shp
2025-05-22 12:07:48,422 [INFO] Skipped existing: 007-ONHW-Dissolved.shp
2025-05-22 12:07:48,423 [INFO] Skipped existing: 007-ORGA-Dissolved.shp
2025-05-22 12:07:48,423 [INFO] Skipped existing: 007-ORKB-Dissolved.shp
2025-05-22 12:07:48,424 [INFO] Skipped existing: 007-ORKL-Dissolved.shp
2025-05-22 12:07:48,424 [INFO] Skipped existing: 007-OTER-Dissolved.shp
2025-05-22 12:07:48,424 [INFO] Skipped existing: 007-OTHE-Dissolved.shp
2025-05-22 12:07:48,425 [INFO] Skipped existing: 007-OTHN-Dissolved.shp
2025-05-22 12:07:48,425 [INFO] Skipped existing: 007-OWAR-Dissolved.shp
2025-05-22 12:07:48,426 [INFO] Skipped existing: 007-PAHR-Dissolved.shp
2025-05-22 12:07:48,426 [INFO] Skipped existing: 007-PAMR-Dissolved.shp
2025-05-22 12:07:48,427 [INFO] Skipped existing: 007-PAMU-Dissolved.shp
2025-05-22 12:07:48,427 [INFO] Skipped existing: 007-PCHV-Dissolved.shp
2025-05-22 12:07:48,428 [INFO] Skipped existing: 007-PCIB-Dissolved.shp
2025-05-22 12:07:48,428 [INFO] Skipped existing: 007-PENG-Dissolved.shp
2025-05-22 12:07:48,428 [INFO] Skipped existing: 007-PHIB-Dissolved.shp
2025-05-22 12:07:48,429 [INFO] Skipped existing: 007-PKRD-Dissolved.shp
2025-05-22 12:07:48,429 [INFO] Skipped existing: 007-PNCR-Dissolved.shp
2025-05-22 12:07:48,429 [INFO] Skipped existing: 007-PNLR-Dissolved.shp
2025-05-22 12:07:48,430 [INFO] Skipped existing: 007-PNRW-Dissolved.shp
2025-05-22 12:07:48,430 [INFO] Skipped existing: 007-PRDL-Dissolved.shp
2025-05-22 12:07:48,431 [INFO] Skipped existing: 007-PRNL-Dissolved.shp
2025-05-22 12:07:48,431 [INFO] Skipped existing: 007-PRSE-Dissolved.shp
2025-05-22 12:07:48,431 [INFO] Skipped existing: 007-PSBS-Dissolved.shp
2025-05-22 12:07:48,432 [INFO] Skipped existing: 007-PTAU-Dissolved.shp
2025-05-22 12:07:48,432 [INFO] Skipped existing: 007-PTCS-Dissolved.shp
2025-05-22 12:07:48,433 [INFO] Skipped existing: 007-QAPK-Dissolved.shp
2025-05-22 12:07:48,433 [INFO] Skipped existing: 007-QNWF-Dissolved.shp
2025-05-22 12:07:48,433 [INFO] Skipped existing: 007-QUNS-Dissolved.shp
2025-05-22 12:07:48,434 [INFO] Skipped existing: 007-QYST-Dissolved.shp
2025-05-22 12:07:48,434 [INFO] Skipped existing: 007-RMAR-Dissolved.shp
2025-05-22 12:07:48,435 [INFO] Skipped existing: 007-RMUA-Dissolved.shp
2025-05-22 12:07:48,435 [INFO] Skipped existing: 007-RMUE-Dissolved.shp
2025-05-22 12:07:48,436 [INFO] Skipped existing: 007-RMUN-Dissolved.shp
2025-05-22 12:07:48,436 [INFO] Skipped existing: 007-RMUR-Dissolved.shp
2025-05-22 12:07:48,436 [INFO] Skipped existing: 007-RMUW-Dissolved.shp
2025-05-22 12:07:48,437 [INFO] Skipped existing: 007-RSBK-Dissolved.shp
2025-05-22 12:07:48,437 [INFO] Skipped existing: 007-RWEK-Dissolved.shp
2025-05-22 12:07:48,438 [INFO] Skipped existing: 007-RYLO-Dissolved.shp
2025-05-22 12:07:48,438 [INFO] Skipped existing: 007-SAAU-Dissolved.shp
2025-05-22 12:07:48,439 [INFO] Skipped existing: 007-SDGH-Dissolved.shp
2025-05-22 12:07:48,439 [INFO] Skipped existing: 007-SDOW-Dissolved.shp
2025-05-22 12:07:48,440 [INFO] Skipped existing: 007-SDWN-Dissolved.shp
2025-05-22 12:07:48,440 [INFO] Skipped existing: 007-SGRB-Dissolved.shp
2025-05-22 12:07:48,440 [INFO] Skipped existing: 007-SHAU-Dissolved.shp
2025-05-22 12:07:48,441 [INFO] Skipped existing: 007-SHLR-Dissolved.shp
2025-05-22 12:07:48,441 [INFO] Skipped existing: 007-SHRR-Dissolved.shp
2025-05-22 12:07:48,441 [INFO] Skipped existing: 007-SHTL-Dissolved.shp
2025-05-22 12:07:48,442 [INFO] Skipped existing: 007-SJHN-Dissolved.shp
2025-05-22 12:07:48,442 [INFO] Skipped existing: 007-SJHS-Dissolved.shp
2025-05-22 12:07:48,443 [INFO] Skipped existing: 007-SKCC-Dissolved.shp
2025-05-22 12:07:48,443 [INFO] Skipped existing: 007-SKCT-Dissolved.shp
2025-05-22 12:07:48,443 [INFO] Skipped existing: 007-SLUK-Dissolved.shp
2025-05-22 12:07:48,444 [INFO] Skipped existing: 007-SLVP-Dissolved.shp
2025-05-22 12:07:48,444 [INFO] Skipped existing: 007-SMAU-Dissolved.shp
2025-05-22 12:07:48,444 [INFO] Skipped existing: 007-SNYH-Dissolved.shp
2025-05-22 12:07:48,445 [INFO] Skipped existing: 007-SPGJ-Dissolved.shp
2025-05-22 12:07:48,445 [INFO] Skipped existing: 007-SPPO-Dissolved.shp
2025-05-22 12:07:48,446 [INFO] Skipped existing: 007-STNF-Dissolved.shp
2025-05-22 12:07:48,446 [INFO] Skipped existing: 007-SVPK-Dissolved.shp
2025-05-22 12:07:48,446 [INFO] Skipped existing: 007-SYLP-Dissolved.shp
2025-05-22 12:07:48,447 [INFO] Skipped existing: 007-SYNT-Dissolved.shp
2025-05-22 12:07:48,447 [INFO] Skipped existing: 007-TDPO-Dissolved.shp
2025-05-22 12:07:48,448 [INFO] Skipped existing: 007-THKG-Dissolved.shp
2025-05-22 12:07:48,448 [INFO] Skipped existing: 007-THRL-Dissolved.shp
2025-05-22 12:07:48,448 [INFO] Skipped existing: 007-TMKI-Dissolved.shp
2025-05-22 12:07:48,449 [INFO] Skipped existing: 007-TPPP-Dissolved.shp
2025-05-22 12:07:48,449 [INFO] Skipped existing: 007-UNIN-Dissolved.shp
2025-05-22 12:07:48,450 [INFO] Skipped existing: 007-UPWF-Dissolved.shp
2025-05-22 12:07:48,450 [INFO] Skipped existing: 007-VBPL-Dissolved.shp
2025-05-22 12:07:48,450 [INFO] Skipped existing: 007-VCLR-Dissolved.shp
2025-05-22 12:07:48,451 [INFO] Skipped existing: 007-VGBI-Dissolved.shp
2025-05-22 12:07:48,451 [INFO] Skipped existing: 007-VHIB-Dissolved.shp
2025-05-22 12:07:48,452 [INFO] Skipped existing: 007-VICG-Dissolved.shp
2025-05-22 12:07:48,452 [INFO] Skipped existing: 007-VICR-Dissolved.shp
2025-05-22 12:07:48,452 [INFO] Skipped existing: 007-VICW-Dissolved.shp
2025-05-22 12:07:48,453 [INFO] Skipped existing: 007-VIDT-Dissolved.shp
2025-05-22 12:07:48,453 [INFO] Skipped existing: 007-VMTI-Dissolved.shp
2025-05-22 12:07:48,454 [INFO] Skipped existing: 007-VOKC-Dissolved.shp
2025-05-22 12:07:48,454 [INFO] Skipped existing: 007-VONT-Dissolved.shp
2025-05-22 12:07:48,454 [INFO] Skipped existing: 007-VOOT-Dissolved.shp
2025-05-22 12:07:48,455 [INFO] Skipped existing: 007-VOST-Dissolved.shp
2025-05-22 12:07:48,455 [INFO] Skipped existing: 007-VOTG-Dissolved.shp
2025-05-22 12:07:48,456 [INFO] Skipped existing: 007-VPBB-Dissolved.shp
2025-05-22 12:07:48,456 [INFO] Skipped existing: 007-VRTI-Dissolved.shp
2025-05-22 12:07:48,456 [INFO] Skipped existing: 007-VSFB-Dissolved.shp
2025-05-22 12:07:48,457 [INFO] Skipped existing: 007-VSFD-Dissolved.shp
2025-05-22 12:07:48,457 [INFO] Skipped existing: 007-VWAU-Dissolved.shp
2025-05-22 12:07:48,458 [INFO] Skipped existing: 007-VWHG-Dissolved.shp
2025-05-22 12:07:48,458 [INFO] Skipped existing: 007-VWHH-Dissolved.shp
2025-05-22 12:07:48,458 [INFO] Skipped existing: 007-VWHI-Dissolved.shp
2025-05-22 12:07:48,459 [INFO] Skipped existing: 007-WESY-Dissolved.shp
2025-05-22 12:07:48,459 [INFO] Skipped existing: 007-WKWH-Dissolved.shp
2025-05-22 12:07:48,460 [INFO] Skipped existing: 007-WLQM-Dissolved.shp
2025-05-22 12:07:48,460 [INFO] Skipped existing: 007-WLSW-Dissolved.shp
2025-05-22 12:07:48,460 [INFO] Skipped existing: 007-WMAU-Dissolved.shp
2025-05-22 12:07:48,461 [INFO] Skipped existing: 007-WNIB-Dissolved.shp
2025-05-22 12:07:48,461 [INFO] Skipped existing: 007-WSAU-Dissolved.shp
2025-05-22 12:07:48,461 [INFO] Skipped existing: 007-WSTH-Dissolved.shp
2025-05-22 12:07:48,462 [INFO] Skipped existing: 007-WSTM-Dissolved.shp
2025-05-22 12:07:48,462 [INFO] Skipped existing: 007-WSTS-Dissolved.shp
2025-05-22 12:07:48,463 [INFO] Skipped existing: 007-WVTL-Dissolved.shp
2025-05-22 12:07:48,463 [INFO] Skipped existing: 008-AADT-Dissolved.shp
2025-05-22 12:07:48,463 [INFO] Skipped existing: 008-AAIB-Dissolved.shp
2025-05-22 12:07:48,464 [INFO] Skipped existing: 008-AAIT-Dissolved.shp
2025-05-22 12:07:48,464 [INFO] Skipped existing: 008-AIPO-Dissolved.shp
2025-05-22 12:07:48,464 [INFO] Skipped existing: 008-APDR-Dissolved.shp
2025-05-22 12:07:48,465 [INFO] Skipped existing: 008-BCLR-Dissolved.shp
2025-05-22 12:07:48,465 [INFO] Skipped existing: 008-BDAU-Dissolved.shp
2025-05-22 12:07:48,466 [INFO] Skipped existing: 008-BIKE-Dissolved.shp
2025-05-22 12:07:48,466 [INFO] Skipped existing: 008-BKLB-Dissolved.shp
2025-05-22 12:07:48,467 [INFO] Skipped existing: 008-BNAU-Dissolved.shp
2025-05-22 12:07:48,467 [INFO] Skipped existing: 008-BOTE-Dissolved.shp
2025-05-22 12:07:48,468 [INFO] Skipped existing: 008-BRAU-Dissolved.shp
2025-05-22 12:07:48,468 [INFO] Skipped existing: 008-BTJN-Dissolved.shp
2025-05-22 12:07:48,469 [INFO] Skipped existing: 008-BVAU-Dissolved.shp
2025-05-22 12:07:48,469 [INFO] Skipped existing: 008-CBAU-Dissolved.shp
2025-05-22 12:07:48,469 [INFO] Skipped existing: 008-CCBR-Dissolved.shp
2025-05-22 12:07:48,470 [INFO] Skipped existing: 008-CLDN-Dissolved.shp
2025-05-22 12:07:48,470 [INFO] Skipped existing: 008-CNAU-Dissolved.shp
2025-05-22 12:07:48,470 [INFO] Skipped existing: 008-CPAU-Dissolved.shp
2025-05-22 12:07:48,471 [INFO] Skipped existing: 008-CVDN-Dissolved.shp
2025-05-22 12:07:48,471 [INFO] Skipped existing: 008-CVPK-Dissolved.shp
2025-05-22 12:07:48,472 [INFO] Skipped existing: 008-DANM-Dissolved.shp
2025-05-22 12:07:48,472 [INFO] Skipped existing: 008-EBCH-Dissolved.shp
2025-05-22 12:07:48,472 [INFO] Skipped existing: 008-EGDR-Dissolved.shp
2025-05-22 12:07:48,473 [INFO] Skipped existing: 008-ETMK-Dissolved.shp
2025-05-22 12:07:48,473 [INFO] Skipped existing: 008-FAVN-Dissolved.shp
2025-05-22 12:07:48,473 [INFO] Skipped existing: 008-FEAU-Dissolved.shp
2025-05-22 12:07:48,474 [INFO] Skipped existing: 008-FLBJ-Dissolved.shp
2025-05-22 12:07:48,474 [INFO] Skipped existing: 008-FLBS-Dissolved.shp
2025-05-22 12:07:48,475 [INFO] Skipped existing: 008-FRMC-Dissolved.shp
2025-05-22 12:07:48,475 [INFO] Skipped existing: 008-GNMT-Dissolved.shp
2025-05-22 12:07:48,475 [INFO] Skipped existing: 008-HAMB-Dissolved.shp
2025-05-22 12:07:48,476 [INFO] Skipped existing: 008-HIBR-Dissolved.shp
2025-05-22 12:07:48,476 [INFO] Skipped existing: 008-HIBS-Dissolved.shp
2025-05-22 12:07:48,477 [INFO] Skipped existing: 008-HIPK-Dissolved.shp
2025-05-22 12:07:48,477 [INFO] Skipped existing: 008-HIPR-Dissolved.shp
2025-05-22 12:07:48,477 [INFO] Skipped existing: 008-HLRA-Dissolved.shp
2025-05-22 12:07:48,478 [INFO] Skipped existing: 008-HOAU-Dissolved.shp
2025-05-22 12:07:48,478 [INFO] Skipped existing: 008-HOMC-Dissolved.shp
2025-05-22 12:07:48,478 [INFO] Skipped existing: 008-HOMW-Dissolved.shp
2025-05-22 12:07:48,479 [INFO] Skipped existing: 008-HOWC-Dissolved.shp
2025-05-22 12:07:48,479 [INFO] Skipped existing: 008-HOWW-Dissolved.shp
2025-05-22 12:07:48,480 [INFO] Skipped existing: 008-HPRU-Dissolved.shp
2025-05-22 12:07:48,480 [INFO] Skipped existing: 008-HRAU-Dissolved.shp
2025-05-22 12:07:48,480 [INFO] Skipped existing: 008-HTPK-Dissolved.shp
2025-05-22 12:07:48,481 [INFO] Skipped existing: 008-JFDR-Dissolved.shp
2025-05-22 12:07:48,481 [INFO] Skipped existing: 008-MDLD-Dissolved.shp
2025-05-22 12:07:48,482 [INFO] Skipped existing: 008-MDMH-Dissolved.shp
2025-05-22 12:07:48,482 [INFO] Skipped existing: 008-MEAU-Dissolved.shp
2025-05-22 12:07:48,482 [INFO] Skipped existing: 008-MELB-Dissolved.shp
2025-05-22 12:07:48,483 [INFO] Skipped existing: 008-MGAU-Dissolved.shp
2025-05-22 12:07:48,483 [INFO] Skipped existing: 008-MGBT-Dissolved.shp
2025-05-22 12:07:48,484 [INFO] Skipped existing: 008-MGEB-Dissolved.shp
2025-05-22 12:07:48,484 [INFO] Skipped existing: 008-MGRB-Dissolved.shp
2025-05-22 12:07:48,485 [INFO] Skipped existing: 008-MGRE-Dissolved.shp
2025-05-22 12:07:48,485 [INFO] Skipped existing: 008-MGRW-Dissolved.shp
2025-05-22 12:07:48,485 [INFO] Skipped existing: 008-MHAU-Dissolved.shp
2025-05-22 12:07:48,486 [INFO] Skipped existing: 008-MIAU-Dissolved.shp
2025-05-22 12:07:48,486 [INFO] Skipped existing: 008-MILS-Dissolved.shp
2025-05-22 12:07:48,487 [INFO] Skipped existing: 008-MNAU-Dissolved.shp
2025-05-22 12:07:48,487 [INFO] Skipped existing: 008-MNKC-Dissolved.shp
2025-05-22 12:07:48,487 [INFO] Skipped existing: 008-MNKJ-Dissolved.shp
2025-05-22 12:07:48,488 [INFO] Skipped existing: 008-MRWC-Dissolved.shp
2025-05-22 12:07:48,488 [INFO] Skipped existing: 008-MRWE-Dissolved.shp
2025-05-22 12:07:48,489 [INFO] Skipped existing: 008-MRWW-Dissolved.shp
2025-05-22 12:07:48,489 [INFO] Skipped existing: 008-MUPT-Dissolved.shp
2025-05-22 12:07:48,489 [INFO] Skipped existing: 008-ORAU-Dissolved.shp
2025-05-22 12:07:48,490 [INFO] Skipped existing: 008-ORRP-Dissolved.shp
2025-05-22 12:07:48,490 [INFO] Skipped existing: 008-OTAR-Dissolved.shp
2025-05-22 12:07:48,491 [INFO] Skipped existing: 008-OTAU-Dissolved.shp
2025-05-22 12:07:48,491 [INFO] Skipped existing: 008-OTAW-Dissolved.shp
2025-05-22 12:07:48,491 [INFO] Skipped existing: 008-OTHH-Dissolved.shp
2025-05-22 12:07:48,492 [INFO] Skipped existing: 008-PCAU-Dissolved.shp
2025-05-22 12:07:48,492 [INFO] Skipped existing: 008-PEAU-Dissolved.shp
2025-05-22 12:07:48,492 [INFO] Skipped existing: 008-PKGN-Dissolved.shp
2025-05-22 12:07:48,493 [INFO] Skipped existing: 008-PKRG-Dissolved.shp
2025-05-22 12:07:48,493 [INFO] Skipped existing: 008-PNAU-Dissolved.shp
2025-05-22 12:07:48,494 [INFO] Skipped existing: 008-PPTC-Dissolved.shp
2025-05-22 12:07:48,494 [INFO] Skipped existing: 008-PPTE-Dissolved.shp
2025-05-22 12:07:48,494 [INFO] Skipped existing: 008-PPTV-Dissolved.shp
2025-05-22 12:07:48,495 [INFO] Skipped existing: 008-PPTW-Dissolved.shp
2025-05-22 12:07:48,495 [INFO] Skipped existing: 008-PSAU-Dissolved.shp
2025-05-22 12:07:48,495 [INFO] Skipped existing: 008-PUHN-Dissolved.shp
2025-05-22 12:07:48,496 [INFO] Skipped existing: 008-PUHW-Dissolved.shp
2025-05-22 12:07:48,496 [INFO] Skipped existing: 008-PUMW-Dissolved.shp
2025-05-22 12:07:48,497 [INFO] Skipped existing: 008-RBRB-Dissolved.shp
2025-05-22 12:07:48,497 [INFO] Skipped existing: 008-RCLN-Dissolved.shp
2025-05-22 12:07:48,497 [INFO] Skipped existing: 008-RDRD-Dissolved.shp
2025-05-22 12:07:48,498 [INFO] Skipped existing: 008-RMNB-Dissolved.shp
2025-05-22 12:07:48,498 [INFO] Skipped existing: 008-RNEV-Dissolved.shp
2025-05-22 12:07:48,499 [INFO] Skipped existing: 008-RPAU-Dissolved.shp
2025-05-22 12:07:48,499 [INFO] Skipped existing: 008-SHPK-Dissolved.shp
2025-05-22 12:07:48,499 [INFO] Skipped existing: 008-SMAL-Dissolved.shp
2025-05-22 12:07:48,500 [INFO] Skipped existing: 008-SNYH-Dissolved.shp
2025-05-22 12:07:48,500 [INFO] Skipped existing: 008-TEIR-Dissolved.shp
2025-05-22 12:07:48,501 [INFO] Skipped existing: 008-TGAR-Dissolved.shp
2025-05-22 12:07:48,501 [INFO] Skipped existing: 008-TIAU-Dissolved.shp
2025-05-22 12:07:48,502 [INFO] Skipped existing: 008-TIRD-Dissolved.shp
2025-05-22 12:07:48,502 [INFO] Skipped existing: 008-TKNE-Dissolved.shp
2025-05-22 12:07:48,503 [INFO] Skipped existing: 008-TKNJ-Dissolved.shp
2025-05-22 12:07:48,503 [INFO] Skipped existing: 008-TOTW-Dissolved.shp
2025-05-22 12:07:48,503 [INFO] Skipped existing: 008-TTAU-Dissolved.shp
2025-05-22 12:07:48,504 [INFO] Skipped existing: 008-TUSH-Dissolved.shp
2025-05-22 12:07:48,504 [INFO] Skipped existing: 008-VKAB-Dissolved.shp
2025-05-22 12:07:48,504 [INFO] Skipped existing: 008-VMAI-Dissolved.shp
2025-05-22 12:07:48,505 [INFO] Skipped existing: 008-VWIT-Dissolved.shp
2025-05-22 12:07:48,505 [INFO] Skipped existing: 008-WEYC-Dissolved.shp
2025-05-22 12:07:48,506 [INFO] Skipped existing: 008-WEYM-Dissolved.shp
2025-05-22 12:07:48,506 [INFO] Skipped existing: 008-WIAU-Dissolved.shp
2025-05-22 12:07:48,506 [INFO] Skipped existing: 008-WIRI-Dissolved.shp
2025-05-22 12:07:48,507 [INFO] Skipped existing: 008-XMAS-Dissolved.shp
2025-05-22 12:07:48,507 [INFO] Skipped existing: 009-ARDM-Dissolved.shp
2025-05-22 12:07:48,508 [INFO] Skipped existing: 009-AUPN-Dissolved.shp
2025-05-22 12:07:48,508 [INFO] Skipped existing: 009-COGR-Dissolved.shp
2025-05-22 12:07:48,508 [INFO] Skipped existing: 009-DRUR-Dissolved.shp
2025-05-22 12:07:48,509 [INFO] Skipped existing: 009-GVAU-Dissolved.shp
2025-05-22 12:07:48,509 [INFO] Skipped existing: 009-HGAU-Dissolved.shp
2025-05-22 12:07:48,509 [INFO] Skipped existing: 009-PDAU-Dissolved.shp
2025-05-22 12:07:48,510 [INFO] Skipped existing: 009-PPKE-Dissolved.shp
2025-05-22 12:07:48,510 [INFO] Skipped existing: 009-PPKJ-Dissolved.shp
2025-05-22 12:07:48,511 [INFO] Skipped existing: 009-PPKR-Dissolved.shp
2025-05-22 12:07:48,511 [INFO] Skipped existing: 009-PPKS-Dissolved.shp
2025-05-22 12:07:48,511 [INFO] Skipped existing: 009-REDH-Dissolved.shp
2025-05-22 12:07:48,512 [INFO] Skipped existing: 009-RHLN-Dissolved.shp
2025-05-22 12:07:48,512 [INFO] Skipped existing: 009-RHNW-Dissolved.shp
2025-05-22 12:07:48,512 [INFO] Skipped existing: 009-TKNS-Dissolved.shp
2025-05-22 12:07:48,513 [INFO] Skipped existing: 010-AWIN-Dissolved.shp
2025-05-22 12:07:48,513 [INFO] Skipped existing: 010-BNTH-Dissolved.shp
2025-05-22 12:07:48,514 [INFO] Skipped existing: 010-BOBY-Dissolved.shp
2025-05-22 12:07:48,514 [INFO] Skipped existing: 010-GNBK-Dissolved.shp
2025-05-22 12:07:48,514 [INFO] Skipped existing: 010-HNUA-Dissolved.shp
2025-05-22 12:07:48,515 [INFO] Skipped existing: 010-NPAU-Dissolved.shp
2025-05-22 12:07:48,515 [INFO] Skipped existing: 010-PKAU-Dissolved.shp
2025-05-22 12:07:48,516 [INFO] Skipped existing: 010-PKKO-Dissolved.shp
2025-05-22 12:07:48,516 [INFO] Skipped existing: 010-PKKR-Dissolved.shp
2025-05-22 12:07:48,517 [INFO] Skipped existing: 010-PKNO-Dissolved.shp
2025-05-22 12:07:48,517 [INFO] Skipped existing: 010-PRAU-Dissolved.shp
2025-05-22 12:07:48,518 [INFO] Skipped existing: 010-PUAU-Dissolved.shp
2025-05-22 12:07:48,518 [INFO] Skipped existing: 010-PUKT-Dissolved.shp
2025-05-22 12:07:48,519 [INFO] Skipped existing: 010-PWKT-Dissolved.shp
2025-05-22 12:07:48,519 [INFO] Skipped existing: 010-RATS-Dissolved.shp
2025-05-22 12:07:48,519 [INFO] Skipped existing: 010-RKRN-Dissolved.shp
2025-05-22 12:07:48,520 [INFO] Skipped existing: 010-ROAW-Dissolved.shp
2025-05-22 12:07:48,520 [INFO] Skipped existing: 010-RONS-Dissolved.shp
2025-05-22 12:07:48,521 [INFO] Skipped existing: 010-RPPV-Dissolved.shp
2025-05-22 12:07:48,521 [INFO] Skipped existing: 010-RTKO-Dissolved.shp
2025-05-22 12:07:48,521 [INFO] Skipped existing: 010-RWET-Dissolved.shp
2025-05-22 12:07:48,522 [INFO] Skipped existing: 010-VARU-Dissolved.shp
2025-05-22 12:07:48,522 [INFO] Skipped existing: 010-VBBS-Dissolved.shp
2025-05-22 12:07:48,522 [INFO] Skipped existing: 010-VCBC-Dissolved.shp
2025-05-22 12:07:48,523 [INFO] Skipped existing: 010-VCKB-Dissolved.shp
2025-05-22 12:07:48,523 [INFO] Skipped existing: 010-VDRU-Dissolved.shp
2025-05-22 12:07:48,524 [INFO] Skipped existing: 010-VGMU-Dissolved.shp
2025-05-22 12:07:48,524 [INFO] Skipped existing: 010-VKAA-Dissolved.shp
2025-05-22 12:07:48,524 [INFO] Skipped existing: 010-VKGS-Dissolved.shp
2025-05-22 12:07:48,525 [INFO] Skipped existing: 010-VMER-Dissolved.shp
2025-05-22 12:07:48,525 [INFO] Skipped existing: 010-VPKH-Dissolved.shp
2025-05-22 12:07:48,525 [INFO] Skipped existing: 010-VPTM-Dissolved.shp
2025-05-22 12:07:48,526 [INFO] Skipped existing: 010-VRRM-Dissolved.shp
2025-05-22 12:07:48,526 [INFO] Skipped existing: 010-WPAU-Dissolved.shp
2025-05-22 12:07:48,527 [INFO] Skipped existing: 010-WUKU-Dissolved.shp
2025-05-22 12:07:48,528 [INFO] Step 2: Generating live tower coverage union...
2025-05-22 12:07:48,542 [INFO] [Reuse] Live network coverage already exists: c:\Users\Jeremy\Documents\GitHub\2024-S2-R-D-Adaptive-Network-Management\ranking\tower_analysis\..\output\live_network_coverage_9e0d2a2f_batched.shp
2025-05-22 12:07:48,542 [INFO] Live coverage generated in 0.01s
2025-05-22 12:07:48,542 [INFO] Step 3: Filtering uncovered facilities...
2025-05-22 12:07:48,544 [INFO] [Reuse] Filtered facilities exist: c:\Users\Jeremy\Documents\GitHub\2024-S2-R-D-Adaptive-Network-Management\ranking\tower_analysis\..\output\filtered_facilities_dfea8989.shp
2025-05-22 12:07:48,544 [INFO] Facility filtering done in 0.00s
2025-05-22 12:07:48,544 [INFO] Step 4: Loading failed tower geometries...
2025-05-22 12:07:49,648 [INFO] Loaded 18 failed tower geometries.
2025-05-22 12:07:49,648 [INFO] Step 5: Loading filtered facility data...
2025-05-22 12:07:49,678 [INFO] Loaded 386 filtered facilities.
2025-05-22 12:07:49,678 [INFO] Step 6: Loading population data...
2025-05-22 12:07:52,785 [INFO] Loaded 196942 population grid cells.
2025-05-22 12:07:52,785 [INFO] Step 7: Calculating exclusive coverage areas (batched with index)...
2025-05-22 12:08:15,951 [INFO] Exclusive coverage calculated in 23.17s
2025-05-22 12:08:15,952 [INFO] Exporting individual exclusive shapefiles to: c:\Users\Jeremy\Documents\GitHub\2024-S2-R-D-Adaptive-Network-Management\ranking\tower_analysis\..\output\exclusive_areas
2025-05-22 12:08:15,981 [INFO] Created 1 records
2025-05-22 12:08:15,988 [INFO] Created 1 records
2025-05-22 12:08:15,996 [INFO] Created 1 records
2025-05-22 12:08:16,004 [INFO] Created 1 records
2025-05-22 12:08:16,014 [INFO] Created 1 records
2025-05-22 12:08:16,021 [INFO] Created 1 records
2025-05-22 12:08:16,029 [INFO] Created 1 records
2025-05-22 12:08:16,037 [INFO] Created 1 records
2025-05-22 12:08:16,047 [INFO] Created 1 records
2025-05-22 12:08:16,054 [INFO] Created 1 records
2025-05-22 12:08:16,063 [INFO] Created 1 records
2025-05-22 12:08:16,071 [INFO] Created 1 records
2025-05-22 12:08:16,080 [INFO] Created 1 records
2025-05-22 12:08:16,087 [INFO] Created 1 records
2025-05-22 12:08:16,096 [INFO] Created 1 records
2025-05-22 12:08:16,104 [INFO] Created 1 records
2025-05-22 12:08:16,112 [INFO] Created 1 records
2025-05-22 12:08:16,119 [INFO] Created 1 records
2025-05-22 12:08:16,120 [INFO] Step 9: Getting weights...
2025-05-22 12:08:18,643 [INFO] Using weights: {'hospital': 10, 'police': 6, 'fire_station': 8, 'population_scale': 0.005}
2025-05-22 12:08:18,643 [INFO] Step 10: Ranking failed towers...
2025-05-22 12:08:27,594 [INFO] Ranking completed in 8.95s
2025-05-22 12:08:27,595 [INFO] Step 11: Saving results...
2025-05-22 12:08:27,599 [INFO] Ranking saved to c:\Users\Jeremy\Documents\GitHub\2024-S2-R-D-Adaptive-Network-Management\ranking\tower_analysis\..\output\tower_priority_ranking.csv
2025-05-22 12:08:27,599 [INFO] Script completed in 43.71 seconds.
