2025-05-08 12:05:38,054 [INFO] Step 0: Checking and preprocessing dissolved shapefiles if missing...
2025-05-08 12:05:38,205 [INFO] Processing 001-AHPA: 12 shapefiles
2025-05-08 12:05:44,907 [INFO] Created 1 records
2025-05-08 12:05:44,907 [INFO] Dissolved shapefile saved: c:\Users\Jeremy\Documents\GitHub\2024-S2-R-D-Adaptive-Network-Management\ranking\tower_analysis\..\data\dissolved_coverage\001-AHPA.shp
2025-05-08 12:05:44,908 [INFO] Processing 001-COPB: 18 shapefiles
2025-05-08 12:05:47,643 [INFO] Created 1 records
2025-05-08 12:05:47,644 [INFO] Dissolved shapefile saved: c:\Users\Jeremy\Documents\GitHub\2024-S2-R-D-Adaptive-Network-Management\ranking\tower_analysis\..\data\dissolved_coverage\001-COPB.shp
2025-05-08 12:05:47,644 [INFO] Processing 001-HHRC: 15 shapefiles
2025-05-08 12:05:49,857 [INFO] Created 1 records
2025-05-08 12:05:49,858 [INFO] Dissolved shapefile saved: c:\Users\Jeremy\Documents\GitHub\2024-S2-R-D-Adaptive-Network-Management\ranking\tower_analysis\..\data\dissolved_coverage\001-HHRC.shp
2025-05-08 12:05:49,859 [INFO] Processing 001-KAIH: 7 shapefiles
2025-05-08 12:05:51,072 [INFO] Created 1 records
2025-05-08 12:05:51,072 [INFO] Dissolved shapefile saved: c:\Users\Jeremy\Documents\GitHub\2024-S2-R-D-Adaptive-Network-Management\ranking\tower_analysis\..\data\dissolved_coverage\001-KAIH.shp
2025-05-08 12:05:51,073 [INFO] Processing 001-KIKH: 18 shapefiles
2025-05-08 12:05:54,755 [INFO] Created 1 records
2025-05-08 12:05:54,755 [INFO] Dissolved shapefile saved: c:\Users\Jeremy\Documents\GitHub\2024-S2-R-D-Adaptive-Network-Management\ranking\tower_analysis\..\data\dissolved_coverage\001-KIKH.shp
2025-05-08 12:05:54,756 [INFO] Processing 001-KRIL: 21 shapefiles
2025-05-08 12:05:59,669 [INFO] Created 1 records
2025-05-08 12:05:59,670 [INFO] Dissolved shapefile saved: c:\Users\Jeremy\Documents\GitHub\2024-S2-R-D-Adaptive-Network-Management\ranking\tower_analysis\..\data\dissolved_coverage\001-KRIL.shp
2025-05-08 12:05:59,670 [INFO] Processing 001-KRKC: 12 shapefiles
2025-05-08 12:06:04,907 [INFO] Created 1 records
2025-05-08 12:06:04,908 [INFO] Dissolved shapefile saved: c:\Users\Jeremy\Documents\GitHub\2024-S2-R-D-Adaptive-Network-Management\ranking\tower_analysis\..\data\dissolved_coverage\001-KRKC.shp
2025-05-08 12:06:04,908 [INFO] Processing 001-KRKR: 21 shapefiles
2025-05-08 12:06:09,539 [INFO] Created 1 records
2025-05-08 12:06:09,539 [INFO] Dissolved shapefile saved: c:\Users\Jeremy\Documents\GitHub\2024-S2-R-D-Adaptive-Network-Management\ranking\tower_analysis\..\data\dissolved_coverage\001-KRKR.shp
2025-05-08 12:06:09,540 [INFO] Processing 001-KTIA: 21 shapefiles
2025-05-08 12:06:13,617 [INFO] Created 1 records
2025-05-08 12:06:13,617 [INFO] Dissolved shapefile saved: c:\Users\Jeremy\Documents\GitHub\2024-S2-R-D-Adaptive-Network-Management\ranking\tower_analysis\..\data\dissolved_coverage\001-KTIA.shp
2025-05-08 12:06:13,618 [INFO] Processing 001-KWKA: 12 shapefiles
2025-05-08 12:06:27,214 [INFO] Created 1 records
2025-05-08 12:06:27,215 [INFO] Dissolved shapefile saved: c:\Users\Jeremy\Documents\GitHub\2024-S2-R-D-Adaptive-Network-Management\ranking\tower_analysis\..\data\dissolved_coverage\001-KWKA.shp
2025-05-08 12:06:27,216 [INFO] Processing 001-KWKE: 12 shapefiles
