2025-06-02 20:12:44,226 [INFO] Logger initialized: logs/log_20250602_201244.log
2025-06-02 20:12:44,226 [INFO] Current working directory: /Users/mesa/Documents/GitHub/2024-S2-R-D-Adaptive-Network-Management/Backend
2025-06-02 20:12:44,235 [INFO] Received analysis request for disaster type: Flood
2025-06-02 20:12:44,235 [INFO] Limiting live tower coverage to prefix range: ('001', '006')
2025-06-02 20:12:44,305 [INFO] Found 316 tower groups to process (within range).
2025-06-02 20:12:44,313 [INFO] Skipped existing: 004-RKCH-Dissolved.shp
2025-06-02 20:12:44,313 [INFO] Skipped existing: 005-HBBG-Dissolved.shp
2025-06-02 20:12:44,314 [INFO] Skipped existing: 005-BKCL-Dissolved.shp
2025-06-02 20:12:44,314 [INFO] Skipped existing: 004-OMAU-Dissolved.shp
2025-06-02 20:12:44,314 [INFO] Skipped existing: 002-RTWT-Dissolved.shp
2025-06-02 20:12:44,316 [INFO] Skipped existing: 004-RGLR-Dissolved.shp
2025-06-02 20:12:44,316 [INFO] Skipped existing: 005-BLMT-Dissolved.shp
2025-06-02 20:12:44,316 [INFO] Skipped existing: 006-SWNS-Dissolved.shp
2025-06-02 20:12:44,317 [INFO] Skipped existing: 006-TATJ-Dissolved.shp
2025-06-02 20:12:44,318 [INFO] Skipped existing: 005-MIBY-Dissolved.shp
2025-06-02 20:12:44,318 [INFO] Skipped existing: 005-ESMD-Dissolved.shp
2025-06-02 20:12:44,318 [INFO] Skipped existing: 004-WRKW-Dissolved.shp
2025-06-02 20:12:44,319 [INFO] Skipped existing: 005-KPRK-Dissolved.shp
2025-06-02 20:12:44,319 [INFO] Skipped existing: 006-TIRN-Dissolved.shp
2025-06-02 20:12:44,319 [INFO] Skipped existing: 002-TTKK-Dissolved.shp
2025-06-02 20:12:44,319 [INFO] Skipped existing: 004-REDB-Dissolved.shp
2025-06-02 20:12:44,320 [INFO] Skipped existing: 005-DSTH-Dissolved.shp
2025-06-02 20:12:44,320 [INFO] Skipped existing: 001-RWNE-Dissolved.shp
2025-06-02 20:12:44,321 [INFO] Skipped existing: 004-VTEH-Dissolved.shp
2025-06-02 20:12:44,322 [INFO] Skipped existing: 006-HDNC-Dissolved.shp
2025-06-02 20:12:44,322 [INFO] Skipped existing: 006-SNVL-Dissolved.shp
2025-06-02 20:12:44,322 [INFO] Skipped existing: 006-RANU-Dissolved.shp
2025-06-02 20:12:44,322 [INFO] Skipped existing: 005-LOAU-Dissolved.shp
2025-06-02 20:12:44,322 [INFO] Skipped existing: 005-BIRK-Dissolved.shp
2025-06-02 20:12:44,322 [INFO] Skipped existing: 004-VNME-Dissolved.shp
2025-06-02 20:12:44,323 [INFO] Skipped existing: 006-GLNN-Dissolved.shp
2025-06-02 20:12:44,323 [INFO] Skipped existing: 002-WHNG-Dissolved.shp
2025-06-02 20:12:44,323 [INFO] Skipped existing: 001-COPB-Dissolved.shp
2025-06-02 20:12:44,324 [INFO] Skipped existing: 003-MGTT-Dissolved.shp
2025-06-02 20:12:44,324 [INFO] Skipped existing: 006-HDNS-Dissolved.shp
2025-06-02 20:12:44,324 [INFO] Skipped existing: 001-RFIR-Dissolved.shp
2025-06-02 20:12:44,324 [INFO] Skipped existing: 006-NWSC-Dissolved.shp
2025-06-02 20:12:44,324 [INFO] Skipped existing: 005-STBY-Dissolved.shp
2025-06-02 20:12:44,325 [INFO] Skipped existing: 006-WDPK-Dissolved.shp
2025-06-02 20:12:44,325 [INFO] Skipped existing: 002-BUSH-Dissolved.shp
2025-06-02 20:12:44,325 [INFO] Skipped existing: 005-NORH-Dissolved.shp
2025-06-02 20:12:44,325 [INFO] Skipped existing: 004-NSAD-Dissolved.shp
2025-06-02 20:12:44,326 [INFO] Skipped existing: 002-BRDW-Dissolved.shp
2025-06-02 20:12:44,326 [INFO] Skipped existing: 002-OKAR-Dissolved.shp
2025-06-02 20:12:44,328 [INFO] Skipped existing: 005-ASTH-Dissolved.shp
2025-06-02 20:12:44,328 [INFO] Skipped existing: 004-WKSH-Dissolved.shp
2025-06-02 20:12:44,328 [INFO] Skipped existing: 002-TPNG-Dissolved.shp
2025-06-02 20:12:44,329 [INFO] Skipped existing: 005-NTHC-Dissolved.shp
2025-06-02 20:12:44,329 [INFO] Skipped existing: 005-BBCL-Dissolved.shp
2025-06-02 20:12:44,329 [INFO] Skipped existing: 006-WHNP-Dissolved.shp
2025-06-02 20:12:44,329 [INFO] Skipped existing: 001-RWAL-Dissolved.shp
2025-06-02 20:12:44,329 [INFO] Skipped existing: 006-TRIR-Dissolved.shp
2025-06-02 20:12:44,330 [INFO] Skipped existing: 004-VDFT-Dissolved.shp
2025-06-02 20:12:44,330 [INFO] Skipped existing: 006-GRNB-Dissolved.shp
2025-06-02 20:12:44,330 [INFO] Skipped existing: 006-TIRV-Dissolved.shp
2025-06-02 20:12:44,330 [INFO] Skipped existing: 006-GLDR-Dissolved.shp
2025-06-02 20:12:44,330 [INFO] Skipped existing: 002-MVLG-Dissolved.shp
2025-06-02 20:12:44,330 [INFO] Skipped existing: 001-AHPA-Dissolved.shp
2025-06-02 20:12:44,330 [INFO] Skipped existing: 005-GRNC-Dissolved.shp
2025-06-02 20:12:44,331 [INFO] Skipped existing: 001-KWKE-Dissolved.shp
2025-06-02 20:12:44,332 [INFO] Skipped existing: 003-RTRB-Dissolved.shp
2025-06-02 20:12:44,332 [INFO] Skipped existing: 005-BHSH-Dissolved.shp
2025-06-02 20:12:44,332 [INFO] Skipped existing: 001-RLNG-Dissolved.shp
2025-06-02 20:12:44,333 [INFO] Skipped existing: 004-RTAI-Dissolved.shp
2025-06-02 20:12:44,333 [INFO] Skipped existing: 004-RDVL-Dissolved.shp
2025-06-02 20:12:44,333 [INFO] Skipped existing: 005-NTHM-Dissolved.shp
2025-06-02 20:12:44,333 [INFO] Skipped existing: 001-KRIL-Dissolved.shp
2025-06-02 20:12:44,333 [INFO] Skipped existing: 002-KAMO-Dissolved.shp
2025-06-02 20:12:44,333 [INFO] Skipped existing: 005-AYWT-Dissolved.shp
2025-06-02 20:12:44,333 [INFO] Skipped existing: 005-WRAU-Dissolved.shp
2025-06-02 20:12:44,333 [INFO] Skipped existing: 002-SHER-Dissolved.shp
2025-06-02 20:12:44,333 [INFO] Skipped existing: 002-KENS-Dissolved.shp
2025-06-02 20:12:44,334 [INFO] Skipped existing: 003-VMSO-Dissolved.shp
2025-06-02 20:12:44,334 [INFO] Skipped existing: 004-WHPR-Dissolved.shp
2025-06-02 20:12:44,334 [INFO] Skipped existing: 006-HBVL-Dissolved.shp
2025-06-02 20:12:44,334 [INFO] Skipped existing: 004-SVDL-Dissolved.shp
2025-06-02 20:12:44,334 [INFO] Skipped existing: 006-KLST-Dissolved.shp
2025-06-02 20:12:44,334 [INFO] Skipped existing: 005-LKPP-Dissolved.shp
2025-06-02 20:12:44,334 [INFO] Skipped existing: 006-PIHA-Dissolved.shp
2025-06-02 20:12:44,334 [INFO] Skipped existing: 005-HLCS-Dissolved.shp
2025-06-02 20:12:44,334 [INFO] Skipped existing: 003-MNGW-Dissolved.shp
2025-06-02 20:12:44,335 [INFO] Skipped existing: 003-RTNP-Dissolved.shp
2025-06-02 20:12:44,335 [INFO] Skipped existing: 003-DGVL-Dissolved.shp
2025-06-02 20:12:44,335 [INFO] Skipped existing: 003-RKPE-Dissolved.shp
2025-06-02 20:12:44,335 [INFO] Skipped existing: 001-RPOI-Dissolved.shp
2025-06-02 20:12:44,335 [INFO] Skipped existing: 005-BHHN-Dissolved.shp
2025-06-02 20:12:44,335 [INFO] Skipped existing: 003-ROOK-Dissolved.shp
2025-06-02 20:12:44,335 [INFO] Skipped existing: 006-MNTH-Dissolved.shp
2025-06-02 20:12:44,336 [INFO] Skipped existing: 006-LNML-Dissolved.shp
2025-06-02 20:12:44,336 [INFO] Skipped existing: 001-KRKC-Dissolved.shp
2025-06-02 20:12:44,336 [INFO] Skipped existing: 004-WDHD-Dissolved.shp
2025-06-02 20:12:44,336 [INFO] Skipped existing: 006-ERAU-Dissolved.shp
2025-06-02 20:12:44,336 [INFO] Skipped existing: 005-DNTH-Dissolved.shp
2025-06-02 20:12:44,336 [INFO] Skipped existing: 004-GHBR-Dissolved.shp
2025-06-02 20:12:44,336 [INFO] Skipped existing: 001-PHIA-Dissolved.shp
2025-06-02 20:12:44,336 [INFO] Skipped existing: 004-ABAU-Dissolved.shp
2025-06-02 20:12:44,336 [INFO] Skipped existing: 006-RNAU-Dissolved.shp
2025-06-02 20:12:44,336 [INFO] Skipped existing: 002-WIPU-Dissolved.shp
2025-06-02 20:12:44,337 [INFO] Skipped existing: 004-RWRN-Dissolved.shp
2025-06-02 20:12:44,337 [INFO] Skipped existing: 004-RARV-Dissolved.shp
2025-06-02 20:12:44,337 [INFO] Skipped existing: 004-OWAU-Dissolved.shp
2025-06-02 20:12:44,337 [INFO] Skipped existing: 006-LCNS-Dissolved.shp
2025-06-02 20:12:44,337 [INFO] Skipped existing: 005-TKPN-Dissolved.shp
2025-06-02 20:12:44,337 [INFO] Skipped existing: 005-GLNR-Dissolved.shp
2025-06-02 20:12:44,337 [INFO] Skipped existing: 006-HDNE-Dissolved.shp
2025-06-02 20:12:44,337 [INFO] Skipped existing: 004-RPKR-Dissolved.shp
2025-06-02 20:12:44,338 [INFO] Skipped existing: 002-MGKM-Dissolved.shp
2025-06-02 20:12:44,338 [INFO] Skipped existing: 004-HFAU-Dissolved.shp
2025-06-02 20:12:44,338 [INFO] Skipped existing: 005-BHNH-Dissolved.shp
2025-06-02 20:12:44,338 [INFO] Skipped existing: 001-ROUH-Dissolved.shp
2025-06-02 20:12:44,338 [INFO] Skipped existing: 006-LCNN-Dissolved.shp
2025-06-02 20:12:44,338 [INFO] Skipped existing: 004-OMHA-Dissolved.shp
2025-06-02 20:12:44,338 [INFO] Skipped existing: 002-MRPT-Dissolved.shp
2025-06-02 20:12:44,338 [INFO] Skipped existing: 005-RBAY-Dissolved.shp
2025-06-02 20:12:44,338 [INFO] Skipped existing: 006-WHBR-Dissolved.shp
2025-06-02 20:12:44,338 [INFO] Skipped existing: 005-CPBB-Dissolved.shp
2025-06-02 20:12:44,338 [INFO] Skipped existing: 006-LNAU-Dissolved.shp
2025-06-02 20:12:44,338 [INFO] Skipped existing: 005-NTHX-Dissolved.shp
2025-06-02 20:12:44,338 [INFO] Skipped existing: 003-HRKA-Dissolved.shp
2025-06-02 20:12:44,339 [INFO] Skipped existing: 003-KAKA-Dissolved.shp
2025-06-02 20:12:44,339 [INFO] Skipped existing: 002-RPRK-Dissolved.shp
2025-06-02 20:12:44,339 [INFO] Skipped existing: 005-NWST-Dissolved.shp
2025-06-02 20:12:44,339 [INFO] Skipped existing: 002-HIKU-Dissolved.shp
2025-06-02 20:12:44,339 [INFO] Skipped existing: 006-CRWC-Dissolved.shp
2025-06-02 20:12:44,339 [INFO] Skipped existing: 006-TIRE-Dissolved.shp
2025-06-02 20:12:44,339 [INFO] Skipped existing: 001-VCKP-Dissolved.shp
2025-06-02 20:12:44,339 [INFO] Skipped existing: 005-NHST-Dissolved.shp
2025-06-02 20:12:44,339 [INFO] Skipped existing: 005-GRNS-Dissolved.shp
2025-06-02 20:12:44,339 [INFO] Skipped existing: 002-WHOS-Dissolved.shp
2025-06-02 20:12:44,339 [INFO] Skipped existing: 002-PTLD-Dissolved.shp
2025-06-02 20:12:44,339 [INFO] Skipped existing: 004-TDBH-Dissolved.shp
2025-06-02 20:12:44,339 [INFO] Skipped existing: 003-VBYB-Dissolved.shp
2025-06-02 20:12:44,340 [INFO] Skipped existing: 004-RSHE-Dissolved.shp
2025-06-02 20:12:44,340 [INFO] Skipped existing: 005-GFRD-Dissolved.shp
2025-06-02 20:12:44,340 [INFO] Skipped existing: 001-RWMK-Dissolved.shp
2025-06-02 20:12:44,340 [INFO] Skipped existing: 004-MNLY-Dissolved.shp
2025-06-02 20:12:44,340 [INFO] Skipped existing: 002-RRKB-Dissolved.shp
2025-06-02 20:12:44,340 [INFO] Skipped existing: 004-AHRA-Dissolved.shp
2025-06-02 20:12:44,340 [INFO] Skipped existing: 001-ROMN-Dissolved.shp
2025-06-02 20:12:44,340 [INFO] Skipped existing: 002-WCAU-Dissolved.shp
2025-06-02 20:12:44,340 [INFO] Skipped existing: 002-RARC-Dissolved.shp
2025-06-02 20:12:44,340 [INFO] Skipped existing: 001-VHRF-Dissolved.shp
2025-06-02 20:12:44,340 [INFO] Skipped existing: 005-BKWT-Dissolved.shp
2025-06-02 20:12:44,340 [INFO] Skipped existing: 004-RVHT-Dissolved.shp
2025-06-02 20:12:44,340 [INFO] Skipped existing: 004-STMB-Dissolved.shp
2025-06-02 20:12:44,341 [INFO] Skipped existing: 006-COAT-Dissolved.shp
2025-06-02 20:12:44,341 [INFO] Skipped existing: 001-KIKH-Dissolved.shp
2025-06-02 20:12:44,341 [INFO] Skipped existing: 004-KRKH-Dissolved.shp
2025-06-02 20:12:44,341 [INFO] Skipped existing: 005-BBSH-Dissolved.shp
2025-06-02 20:12:44,341 [INFO] Skipped existing: 006-HTWL-Dissolved.shp
2025-06-02 20:12:44,341 [INFO] Skipped existing: 006-GLDS-Dissolved.shp
2025-06-02 20:12:44,341 [INFO] Skipped existing: 001-KWKA-Dissolved.shp
2025-06-02 20:12:44,341 [INFO] Skipped existing: 001-RBRW-Dissolved.shp
2025-06-02 20:12:44,341 [INFO] Skipped existing: 002-MTPR-Dissolved.shp
2025-06-02 20:12:44,341 [INFO] Skipped existing: 004-RIAU-Dissolved.shp
2025-06-02 20:12:44,341 [INFO] Skipped existing: 004-LEGH-Dissolved.shp
2025-06-02 20:12:44,341 [INFO] Skipped existing: 001-VOKI-Dissolved.shp
2025-06-02 20:12:44,342 [INFO] Skipped existing: 001-KTIA-Dissolved.shp
2025-06-02 20:12:44,342 [INFO] Skipped existing: 001-TBAY-Dissolved.shp
2025-06-02 20:12:44,342 [INFO] Skipped existing: 005-GLSH-Dissolved.shp
2025-06-02 20:12:44,342 [INFO] Skipped existing: 004-UORW-Dissolved.shp
2025-06-02 20:12:44,342 [INFO] Skipped existing: 006-CPKH-Dissolved.shp
2025-06-02 20:12:44,342 [INFO] Skipped existing: 003-RAGA-Dissolved.shp
2025-06-02 20:12:44,342 [INFO] Skipped existing: 005-USWH-Dissolved.shp
2025-06-02 20:12:44,342 [INFO] Skipped existing: 001-KRKR-Dissolved.shp
2025-06-02 20:12:44,342 [INFO] Skipped existing: 004-SDOR-Dissolved.shp
2025-06-02 20:12:44,342 [INFO] Skipped existing: 005-AYET-Dissolved.shp
2025-06-02 20:12:44,342 [INFO] Skipped existing: 005-NHBR-Dissolved.shp
2025-06-02 20:12:44,342 [INFO] Skipped existing: 006-WKKU-Dissolved.shp
2025-06-02 20:12:44,342 [INFO] Skipped existing: 005-MLFD-Dissolved.shp
2025-06-02 20:12:44,342 [INFO] Skipped existing: 006-GLDN-Dissolved.shp
2025-06-02 20:12:44,342 [INFO] Skipped existing: 006-KSTG-Dissolved.shp
2025-06-02 20:12:44,343 [INFO] Skipped existing: 006-MWST-Dissolved.shp
2025-06-02 20:12:44,343 [INFO] Skipped existing: 006-HRBV-Dissolved.shp
2025-06-02 20:12:44,343 [INFO] Skipped existing: 005-FRHL-Dissolved.shp
2025-06-02 20:12:44,343 [INFO] Skipped existing: 005-PRMP-Dissolved.shp
2025-06-02 20:12:44,343 [INFO] Skipped existing: 003-RMHM-Dissolved.shp
2025-06-02 20:12:44,343 [INFO] Skipped existing: 005-HBRN-Dissolved.shp
2025-06-02 20:12:44,343 [INFO] Skipped existing: 005-WRPK-Dissolved.shp
2025-06-02 20:12:44,343 [INFO] Skipped existing: 006-WTKV-Dissolved.shp
2025-06-02 20:12:44,343 [INFO] Skipped existing: 006-TEAT-Dissolved.shp
2025-06-02 20:12:44,343 [INFO] Skipped existing: 004-WMKU-Dissolved.shp
2025-06-02 20:12:44,343 [INFO] Skipped existing: 005-BBWT-Dissolved.shp
2025-06-02 20:12:44,343 [INFO] Skipped existing: 004-RMKN-Dissolved.shp
2025-06-02 20:12:44,343 [INFO] Skipped existing: 006-WHTS-Dissolved.shp
2025-06-02 20:12:44,343 [INFO] Skipped existing: 002-MAUN-Dissolved.shp
2025-06-02 20:12:44,343 [INFO] Skipped existing: 002-OTAN-Dissolved.shp
2025-06-02 20:12:44,343 [INFO] Skipped existing: 005-HKCR-Dissolved.shp
2025-06-02 20:12:44,343 [INFO] Skipped existing: 005-WNNI-Dissolved.shp
2025-06-02 20:12:44,343 [INFO] Skipped existing: 005-TRBY-Dissolved.shp
2025-06-02 20:12:44,344 [INFO] Skipped existing: 002-KNTH-Dissolved.shp
2025-06-02 20:12:44,344 [INFO] Skipped existing: 005-NCOW-Dissolved.shp
2025-06-02 20:12:44,344 [INFO] Skipped existing: 005-SNTH-Dissolved.shp
2025-06-02 20:12:44,344 [INFO] Skipped existing: 005-SYNK-Dissolved.shp
2025-06-02 20:12:44,344 [INFO] Skipped existing: 005-ABMC-Dissolved.shp
2025-06-02 20:12:44,344 [INFO] Skipped existing: 006-ALBN-Dissolved.shp
2025-06-02 20:12:44,344 [INFO] Skipped existing: 004-MRWI-Dissolved.shp
2025-06-02 20:12:44,344 [INFO] Skipped existing: 003-VTGH-Dissolved.shp
2025-06-02 20:12:44,344 [INFO] Skipped existing: 002-RTAH-Dissolved.shp
2025-06-02 20:12:44,345 [INFO] Skipped existing: 005-HLCW-Dissolved.shp
2025-06-02 20:12:44,345 [INFO] Skipped existing: 004-PUHS-Dissolved.shp
2025-06-02 20:12:44,345 [INFO] Skipped existing: 005-LBAU-Dissolved.shp
2025-06-02 20:12:44,345 [INFO] Skipped existing: 006-VWTH-Dissolved.shp
2025-06-02 20:12:44,345 [INFO] Skipped existing: 006-RANW-Dissolved.shp
2025-06-02 20:12:44,345 [INFO] Skipped existing: 006-LCAU-Dissolved.shp
2025-06-02 20:12:44,345 [INFO] Skipped existing: 005-GFCL-Dissolved.shp
2025-06-02 20:12:44,345 [INFO] Skipped existing: 005-CRHL-Dissolved.shp
2025-06-02 20:12:44,345 [INFO] Skipped existing: 006-HOBS-Dissolved.shp
2025-06-02 20:12:44,345 [INFO] Skipped existing: 001-MTWA-Dissolved.shp
2025-06-02 20:12:44,345 [INFO] Skipped existing: 005-CBAY-Dissolved.shp
2025-06-02 20:12:44,345 [INFO] Skipped existing: 001-RTEP-Dissolved.shp
2025-06-02 20:12:44,345 [INFO] Skipped existing: 005-BBNH-Dissolved.shp
2025-06-02 20:12:44,346 [INFO] Skipped existing: 006-MLPK-Dissolved.shp
2025-06-02 20:12:44,346 [INFO] Skipped existing: 006-JCPO-Dissolved.shp
2025-06-02 20:12:44,346 [INFO] Skipped existing: 002-WGRU-Dissolved.shp
2025-06-02 20:12:44,346 [INFO] Skipped existing: 006-MPRK-Dissolved.shp
2025-06-02 20:12:44,346 [INFO] Skipped existing: 001-RWMA-Dissolved.shp
2025-06-02 20:12:44,346 [INFO] Skipped existing: 004-HSVL-Dissolved.shp
2025-06-02 20:12:44,346 [INFO] Skipped existing: 001-KAIH-Dissolved.shp
2025-06-02 20:12:44,346 [INFO] Skipped existing: 005-WRSH-Dissolved.shp
2025-06-02 20:12:44,346 [INFO] Skipped existing: 005-SNAP-Dissolved.shp
2025-06-02 20:12:44,346 [INFO] Skipped existing: 002-OTKA-Dissolved.shp
2025-06-02 20:12:44,347 [INFO] Skipped existing: 004-MKRU-Dissolved.shp
2025-06-02 20:12:44,347 [INFO] Skipped existing: 004-RARW-Dissolved.shp
2025-06-02 20:12:44,347 [INFO] Skipped existing: 005-MNCT-Dissolved.shp
2025-06-02 20:12:44,347 [INFO] Skipped existing: 004-ORWA-Dissolved.shp
2025-06-02 20:12:44,347 [INFO] Skipped existing: 005-BRBM-Dissolved.shp
2025-06-02 20:12:44,347 [INFO] Skipped existing: 004-RBRV-Dissolved.shp
2025-06-02 20:12:44,347 [INFO] Skipped existing: 005-NCMC-Dissolved.shp
2025-06-02 20:12:44,347 [INFO] Skipped existing: 001-RSLL-Dissolved.shp
2025-06-02 20:12:44,347 [INFO] Skipped existing: 001-RTSS-Dissolved.shp
2025-06-02 20:12:44,347 [INFO] Skipped existing: 002-WVAU-Dissolved.shp
2025-06-02 20:12:44,347 [INFO] Skipped existing: 005-SUNS-Dissolved.shp
2025-06-02 20:12:44,347 [INFO] Skipped existing: 001-RPTH-Dissolved.shp
2025-06-02 20:12:44,347 [INFO] Skipped existing: 004-SNEL-Dissolved.shp
2025-06-02 20:12:44,347 [INFO] Skipped existing: 001-RWAN-Dissolved.shp
2025-06-02 20:12:44,347 [INFO] Skipped existing: 005-BYPT-Dissolved.shp
2025-06-02 20:12:44,347 [INFO] Skipped existing: 006-UDAU-Dissolved.shp
2025-06-02 20:12:44,347 [INFO] Skipped existing: 005-PNHL-Dissolved.shp
2025-06-02 20:12:44,348 [INFO] Skipped existing: 004-RSAU-Dissolved.shp
2025-06-02 20:12:44,348 [INFO] Skipped existing: 006-HCAU-Dissolved.shp
2025-06-02 20:12:44,348 [INFO] Skipped existing: 006-LCNW-Dissolved.shp
2025-06-02 20:12:44,348 [INFO] Skipped existing: 006-GLNW-Dissolved.shp
2025-06-02 20:12:44,348 [INFO] Skipped existing: 005-MBYN-Dissolved.shp
2025-06-02 20:12:44,348 [INFO] Skipped existing: 004-WWRA-Dissolved.shp
2025-06-02 20:12:44,348 [INFO] Skipped existing: 002-RMTG-Dissolved.shp
2025-06-02 20:12:44,348 [INFO] Skipped existing: 005-TBYH-Dissolved.shp
2025-06-02 20:12:44,348 [INFO] Skipped existing: 001-HHRC-Dissolved.shp
2025-06-02 20:12:44,348 [INFO] Skipped existing: 003-RWAI-Dissolved.shp
2025-06-02 20:12:44,349 [INFO] Skipped existing: 005-BYVW-Dissolved.shp
2025-06-02 20:12:44,349 [INFO] Skipped existing: 003-RWFS-Dissolved.shp
2025-06-02 20:12:44,349 [INFO] Skipped existing: 004-KUMU-Dissolved.shp
2025-06-02 20:12:44,349 [INFO] Skipped existing: 004-RVRH-Dissolved.shp
2025-06-02 20:12:44,349 [INFO] Skipped existing: 004-ARMB-Dissolved.shp
2025-06-02 20:12:44,349 [INFO] Skipped existing: 004-WTKI-Dissolved.shp
2025-06-02 20:12:44,349 [INFO] Skipped existing: 005-WRNH-Dissolved.shp
2025-06-02 20:12:44,349 [INFO] Skipped existing: 004-KPKP-Dissolved.shp
2025-06-02 20:12:44,349 [INFO] Skipped existing: 005-MUBY-Dissolved.shp
2025-06-02 20:12:44,349 [INFO] Skipped existing: 002-OTPT-Dissolved.shp
2025-06-02 20:12:44,349 [INFO] Skipped existing: 001-VTOW-Dissolved.shp
2025-06-02 20:12:44,349 [INFO] Skipped existing: 002-RPNK-Dissolved.shp
2025-06-02 20:12:44,349 [INFO] Skipped existing: 003-RTTM-Dissolved.shp
2025-06-02 20:12:44,350 [INFO] Skipped existing: 004-RWGR-Dissolved.shp
2025-06-02 20:12:44,350 [INFO] Skipped existing: 004-WELS-Dissolved.shp
2025-06-02 20:12:44,350 [INFO] Skipped existing: 004-RMKE-Dissolved.shp
2025-06-02 20:12:44,350 [INFO] Skipped existing: 002-RBAU-Dissolved.shp
2025-06-02 20:12:44,351 [INFO] Skipped existing: 002-SNAU-Dissolved.shp
2025-06-02 20:12:44,351 [INFO] Skipped existing: 001-RWAV-Dissolved.shp
2025-06-02 20:12:44,351 [INFO] Skipped existing: 004-MTKA-Dissolved.shp
2025-06-02 20:12:44,351 [INFO] Skipped existing: 001-RUTK-Dissolved.shp
2025-06-02 20:12:44,351 [INFO] Skipped existing: 002-ROWB-Dissolved.shp
2025-06-02 20:12:44,351 [INFO] Skipped existing: 002-VHBY-Dissolved.shp
2025-06-02 20:12:44,351 [INFO] Skipped existing: 001-VAWN-Dissolved.shp
2025-06-02 20:12:44,351 [INFO] Skipped existing: 001-ROMR-Dissolved.shp
2025-06-02 20:12:44,352 [INFO] Skipped existing: 001-RDVB-Dissolved.shp
2025-06-02 20:12:44,352 [INFO] Skipped existing: 001-VTKE-Dissolved.shp
2025-06-02 20:12:44,352 [INFO] Skipped existing: 002-RDIG-Dissolved.shp
2025-06-02 20:12:44,352 [INFO] Skipped existing: 004-KWIL-Dissolved.shp
2025-06-02 20:12:44,352 [INFO] Skipped existing: 001-VXHK-Dissolved.shp
2025-06-02 20:12:44,352 [INFO] Skipped existing: 001-VKAO-Dissolved.shp
2025-06-02 20:12:44,352 [INFO] Skipped existing: 006-RLGR-Dissolved.shp
2025-06-02 20:12:44,352 [INFO] Skipped existing: 004-RBPL-Dissolved.shp
2025-06-02 20:12:44,352 [INFO] Skipped existing: 001-RHRK-Dissolved.shp
2025-06-02 20:12:44,352 [INFO] Skipped existing: 002-RRBW-Dissolved.shp
2025-06-02 20:12:44,352 [INFO] Skipped existing: 001-VTRB-Dissolved.shp
2025-06-02 20:12:44,352 [INFO] Skipped existing: 001-RPWE-Dissolved.shp
2025-06-02 20:12:44,352 [INFO] Skipped existing: 001-ROOK-Dissolved.shp
2025-06-02 20:12:44,352 [INFO] Skipped existing: 001-RMTC-Dissolved.shp
2025-06-02 20:12:44,352 [INFO] Skipped existing: 003-RWHP-Dissolved.shp
2025-06-02 20:12:44,352 [INFO] Skipped existing: 002-ROMM-Dissolved.shp
2025-06-02 20:12:44,352 [INFO] Skipped existing: 004-RPHX-Dissolved.shp
2025-06-02 20:12:44,352 [INFO] Skipped existing: 001-VOPR-Dissolved.shp
2025-06-02 20:12:44,353 [INFO] Skipped existing: 002-RURQ-Dissolved.shp
2025-06-02 20:12:44,353 [INFO] Skipped existing: 003-VKAI-Dissolved.shp
2025-06-02 20:12:44,353 [INFO] Skipped existing: 004-VKPH-Dissolved.shp
2025-06-02 20:12:44,353 [INFO] Skipped existing: 002-RPPW-Dissolved.shp
2025-06-02 20:12:44,353 [INFO] Skipped existing: 001-RAWR-Dissolved.shp
2025-06-02 20:12:44,353 [INFO] Skipped existing: 001-RTPA-Dissolved.shp
2025-06-02 20:12:44,353 [INFO] Skipped existing: 001-RFRB-Dissolved.shp
2025-06-02 20:12:44,353 [INFO] Skipped existing: 001-VOMP-Dissolved.shp
2025-06-02 20:12:44,353 [INFO] Skipped existing: 004-VWDH-Dissolved.shp
2025-06-02 20:12:44,353 [INFO] Skipped existing: 001-RWAR-Dissolved.shp
2025-06-02 20:12:44,353 [INFO] Skipped existing: 001-RPRB-Dissolved.shp
2025-06-02 20:12:44,353 [INFO] Skipped existing: 004-RWRS-Dissolved.shp
2025-06-02 20:12:44,353 [INFO] Skipped existing: 002-RWGH-Dissolved.shp
2025-06-02 20:12:44,353 [INFO] Skipped existing: 001-RNMB-Dissolved.shp
2025-06-02 20:12:44,353 [INFO] Skipped existing: 003-VPPA-Dissolved.shp
2025-06-02 20:12:44,353 [INFO] Skipped existing: 003-RGLG-Dissolved.shp
2025-06-02 20:12:44,354 [INFO] Skipped existing: 002-MARU-Dissolved.shp
2025-06-02 20:12:44,354 [INFO] Skipped existing: 001-VWGA-Dissolved.shp
2025-06-02 20:12:44,354 [INFO] Skipped existing: 002-RKAR-Dissolved.shp
2025-06-02 20:12:44,354 [INFO] Skipped existing: 001-VMHK-Dissolved.shp
2025-06-02 20:12:44,354 [INFO] Skipped existing: 002-VHKI-Dissolved.shp
2025-06-02 20:12:44,354 [INFO] Skipped existing: 002-RMKA-Dissolved.shp
2025-06-02 20:12:44,354 [INFO] Skipped existing: 001-VPAR-Dissolved.shp
2025-06-02 20:12:44,354 [INFO] Skipped existing: 001-VMBY-Dissolved.shp
2025-06-02 20:12:44,354 [INFO] Skipped existing: 004-PUHB-Dissolved.shp
2025-06-02 20:12:44,354 [INFO] Skipped existing: 003-RTGO-Dissolved.shp
2025-06-02 20:12:44,354 [INFO] Skipped existing: 006-RSMR-Dissolved.shp
2025-06-02 20:12:44,354 [INFO] Skipped existing: 001-RTAK-Dissolved.shp
2025-06-02 20:12:44,354 [INFO] Skipped existing: 001-RMGI-Dissolved.shp
2025-06-02 20:12:44,369 [INFO] Selected 298 live towers for union.
2025-06-02 20:12:56,992 [INFO] Starting batched unary_union...
2025-06-02 20:15:52,455 [INFO] Final union of batch results...
2025-06-02 20:16:25,096 [INFO] [Generated] Live network coverage saved to /Users/mesa/Documents/GitHub/2024-S2-R-D-Adaptive-Network-Management/Backend/tower_analysis/../output/live_network_coverage_bb086608_batched.shp
2025-06-02 20:16:25,945 [INFO] 457 uncovered facilities identified.
2025-06-02 20:16:25,953 [INFO] [Generated] Saved to /Users/mesa/Documents/GitHub/2024-S2-R-D-Adaptive-Network-Management/Backend/tower_analysis/../output/filtered_facilities_7ba5c6d7.shp
2025-06-02 20:17:51,097 [INFO] Received analysis request for disaster type: Flood
2025-06-02 20:17:51,098 [INFO] Limiting live tower coverage to prefix range: ('001', '004')
2025-06-02 20:17:51,147 [INFO] Found 190 tower groups to process (within range).
2025-06-02 20:17:51,148 [INFO] Skipped existing: 004-RKCH-Dissolved.shp
2025-06-02 20:17:51,148 [INFO] Skipped existing: 004-OMAU-Dissolved.shp
2025-06-02 20:17:51,148 [INFO] Skipped existing: 002-RTWT-Dissolved.shp
2025-06-02 20:17:51,148 [INFO] Skipped existing: 004-RGLR-Dissolved.shp
2025-06-02 20:17:51,148 [INFO] Skipped existing: 004-WRKW-Dissolved.shp
2025-06-02 20:17:51,149 [INFO] Skipped existing: 002-TTKK-Dissolved.shp
2025-06-02 20:17:51,149 [INFO] Skipped existing: 004-REDB-Dissolved.shp
2025-06-02 20:17:51,149 [INFO] Skipped existing: 001-RWNE-Dissolved.shp
2025-06-02 20:17:51,149 [INFO] Skipped existing: 004-VTEH-Dissolved.shp
2025-06-02 20:17:51,149 [INFO] Skipped existing: 004-VNME-Dissolved.shp
2025-06-02 20:17:51,149 [INFO] Skipped existing: 002-WHNG-Dissolved.shp
2025-06-02 20:17:51,149 [INFO] Skipped existing: 001-COPB-Dissolved.shp
2025-06-02 20:17:51,149 [INFO] Skipped existing: 003-MGTT-Dissolved.shp
2025-06-02 20:17:51,149 [INFO] Skipped existing: 001-RFIR-Dissolved.shp
2025-06-02 20:17:51,149 [INFO] Skipped existing: 002-BUSH-Dissolved.shp
2025-06-02 20:17:51,149 [INFO] Skipped existing: 004-NSAD-Dissolved.shp
2025-06-02 20:17:51,149 [INFO] Skipped existing: 002-BRDW-Dissolved.shp
2025-06-02 20:17:51,149 [INFO] Skipped existing: 002-OKAR-Dissolved.shp
2025-06-02 20:17:51,149 [INFO] Skipped existing: 004-WKSH-Dissolved.shp
2025-06-02 20:17:51,149 [INFO] Skipped existing: 002-TPNG-Dissolved.shp
2025-06-02 20:17:51,149 [INFO] Skipped existing: 001-RWAL-Dissolved.shp
2025-06-02 20:17:51,149 [INFO] Skipped existing: 004-VDFT-Dissolved.shp
2025-06-02 20:17:51,149 [INFO] Skipped existing: 002-MVLG-Dissolved.shp
2025-06-02 20:17:51,149 [INFO] Skipped existing: 001-AHPA-Dissolved.shp
2025-06-02 20:17:51,149 [INFO] Skipped existing: 001-KWKE-Dissolved.shp
2025-06-02 20:17:51,149 [INFO] Skipped existing: 003-RTRB-Dissolved.shp
2025-06-02 20:17:51,149 [INFO] Skipped existing: 001-RLNG-Dissolved.shp
2025-06-02 20:17:51,149 [INFO] Skipped existing: 004-RTAI-Dissolved.shp
2025-06-02 20:17:51,149 [INFO] Skipped existing: 004-RDVL-Dissolved.shp
2025-06-02 20:17:51,149 [INFO] Skipped existing: 001-KRIL-Dissolved.shp
2025-06-02 20:17:51,150 [INFO] Skipped existing: 002-KAMO-Dissolved.shp
2025-06-02 20:17:51,150 [INFO] Skipped existing: 002-SHER-Dissolved.shp
2025-06-02 20:17:51,150 [INFO] Skipped existing: 002-KENS-Dissolved.shp
2025-06-02 20:17:51,150 [INFO] Skipped existing: 003-VMSO-Dissolved.shp
2025-06-02 20:17:51,150 [INFO] Skipped existing: 004-WHPR-Dissolved.shp
2025-06-02 20:17:51,150 [INFO] Skipped existing: 004-SVDL-Dissolved.shp
2025-06-02 20:17:51,150 [INFO] Skipped existing: 003-MNGW-Dissolved.shp
2025-06-02 20:17:51,150 [INFO] Skipped existing: 003-RTNP-Dissolved.shp
2025-06-02 20:17:51,150 [INFO] Skipped existing: 003-DGVL-Dissolved.shp
2025-06-02 20:17:51,150 [INFO] Skipped existing: 003-RKPE-Dissolved.shp
2025-06-02 20:17:51,150 [INFO] Skipped existing: 001-RPOI-Dissolved.shp
2025-06-02 20:17:51,150 [INFO] Skipped existing: 003-ROOK-Dissolved.shp
2025-06-02 20:17:51,150 [INFO] Skipped existing: 001-KRKC-Dissolved.shp
2025-06-02 20:17:51,150 [INFO] Skipped existing: 004-WDHD-Dissolved.shp
2025-06-02 20:17:51,150 [INFO] Skipped existing: 004-GHBR-Dissolved.shp
2025-06-02 20:17:51,150 [INFO] Skipped existing: 001-PHIA-Dissolved.shp
2025-06-02 20:17:51,150 [INFO] Skipped existing: 004-ABAU-Dissolved.shp
2025-06-02 20:17:51,150 [INFO] Skipped existing: 002-WIPU-Dissolved.shp
2025-06-02 20:17:51,150 [INFO] Skipped existing: 004-RWRN-Dissolved.shp
2025-06-02 20:17:51,150 [INFO] Skipped existing: 004-RARV-Dissolved.shp
2025-06-02 20:17:51,150 [INFO] Skipped existing: 004-OWAU-Dissolved.shp
2025-06-02 20:17:51,150 [INFO] Skipped existing: 004-RPKR-Dissolved.shp
2025-06-02 20:17:51,150 [INFO] Skipped existing: 002-MGKM-Dissolved.shp
2025-06-02 20:17:51,150 [INFO] Skipped existing: 004-HFAU-Dissolved.shp
2025-06-02 20:17:51,150 [INFO] Skipped existing: 001-ROUH-Dissolved.shp
2025-06-02 20:17:51,150 [INFO] Skipped existing: 004-OMHA-Dissolved.shp
2025-06-02 20:17:51,150 [INFO] Skipped existing: 002-MRPT-Dissolved.shp
2025-06-02 20:17:51,150 [INFO] Skipped existing: 003-HRKA-Dissolved.shp
2025-06-02 20:17:51,150 [INFO] Skipped existing: 003-KAKA-Dissolved.shp
2025-06-02 20:17:51,150 [INFO] Skipped existing: 002-RPRK-Dissolved.shp
2025-06-02 20:17:51,150 [INFO] Skipped existing: 002-HIKU-Dissolved.shp
2025-06-02 20:17:51,150 [INFO] Skipped existing: 001-VCKP-Dissolved.shp
2025-06-02 20:17:51,150 [INFO] Skipped existing: 002-WHOS-Dissolved.shp
2025-06-02 20:17:51,153 [INFO] Skipped existing: 002-PTLD-Dissolved.shp
2025-06-02 20:17:51,153 [INFO] Skipped existing: 004-TDBH-Dissolved.shp
2025-06-02 20:17:51,153 [INFO] Skipped existing: 003-VBYB-Dissolved.shp
2025-06-02 20:17:51,153 [INFO] Skipped existing: 004-RSHE-Dissolved.shp
2025-06-02 20:17:51,153 [INFO] Skipped existing: 001-RWMK-Dissolved.shp
2025-06-02 20:17:51,153 [INFO] Skipped existing: 004-MNLY-Dissolved.shp
2025-06-02 20:17:51,153 [INFO] Skipped existing: 002-RRKB-Dissolved.shp
2025-06-02 20:17:51,153 [INFO] Skipped existing: 004-AHRA-Dissolved.shp
2025-06-02 20:17:51,153 [INFO] Skipped existing: 001-ROMN-Dissolved.shp
2025-06-02 20:17:51,153 [INFO] Skipped existing: 002-WCAU-Dissolved.shp
2025-06-02 20:17:51,153 [INFO] Skipped existing: 002-RARC-Dissolved.shp
2025-06-02 20:17:51,153 [INFO] Skipped existing: 001-VHRF-Dissolved.shp
2025-06-02 20:17:51,153 [INFO] Skipped existing: 004-RVHT-Dissolved.shp
2025-06-02 20:17:51,153 [INFO] Skipped existing: 004-STMB-Dissolved.shp
2025-06-02 20:17:51,153 [INFO] Skipped existing: 001-KIKH-Dissolved.shp
2025-06-02 20:17:51,153 [INFO] Skipped existing: 004-KRKH-Dissolved.shp
2025-06-02 20:17:51,153 [INFO] Skipped existing: 001-KWKA-Dissolved.shp
2025-06-02 20:17:51,153 [INFO] Skipped existing: 001-RBRW-Dissolved.shp
2025-06-02 20:17:51,153 [INFO] Skipped existing: 002-MTPR-Dissolved.shp
2025-06-02 20:17:51,153 [INFO] Skipped existing: 004-RIAU-Dissolved.shp
2025-06-02 20:17:51,153 [INFO] Skipped existing: 004-LEGH-Dissolved.shp
2025-06-02 20:17:51,157 [INFO] Skipped existing: 001-VOKI-Dissolved.shp
2025-06-02 20:17:51,157 [INFO] Skipped existing: 001-KTIA-Dissolved.shp
2025-06-02 20:17:51,157 [INFO] Skipped existing: 001-TBAY-Dissolved.shp
2025-06-02 20:17:51,157 [INFO] Skipped existing: 004-UORW-Dissolved.shp
2025-06-02 20:17:51,157 [INFO] Skipped existing: 003-RAGA-Dissolved.shp
2025-06-02 20:17:51,157 [INFO] Skipped existing: 001-KRKR-Dissolved.shp
2025-06-02 20:17:51,157 [INFO] Skipped existing: 004-SDOR-Dissolved.shp
2025-06-02 20:17:51,157 [INFO] Skipped existing: 003-RMHM-Dissolved.shp
2025-06-02 20:17:51,157 [INFO] Skipped existing: 004-WMKU-Dissolved.shp
2025-06-02 20:17:51,161 [INFO] Skipped existing: 004-RMKN-Dissolved.shp
2025-06-02 20:17:51,161 [INFO] Skipped existing: 002-MAUN-Dissolved.shp
2025-06-02 20:17:51,161 [INFO] Skipped existing: 002-OTAN-Dissolved.shp
2025-06-02 20:17:51,161 [INFO] Skipped existing: 002-KNTH-Dissolved.shp
2025-06-02 20:17:51,161 [INFO] Skipped existing: 004-MRWI-Dissolved.shp
2025-06-02 20:17:51,161 [INFO] Skipped existing: 003-VTGH-Dissolved.shp
2025-06-02 20:17:51,161 [INFO] Skipped existing: 002-RTAH-Dissolved.shp
2025-06-02 20:17:51,161 [INFO] Skipped existing: 004-PUHS-Dissolved.shp
2025-06-02 20:17:51,161 [INFO] Skipped existing: 001-MTWA-Dissolved.shp
2025-06-02 20:17:51,161 [INFO] Skipped existing: 001-RTEP-Dissolved.shp
2025-06-02 20:17:51,161 [INFO] Skipped existing: 002-WGRU-Dissolved.shp
2025-06-02 20:17:51,161 [INFO] Skipped existing: 001-RWMA-Dissolved.shp
2025-06-02 20:17:51,161 [INFO] Skipped existing: 004-HSVL-Dissolved.shp
2025-06-02 20:17:51,161 [INFO] Skipped existing: 001-KAIH-Dissolved.shp
2025-06-02 20:17:51,161 [INFO] Skipped existing: 002-OTKA-Dissolved.shp
2025-06-02 20:17:51,161 [INFO] Skipped existing: 004-MKRU-Dissolved.shp
2025-06-02 20:17:51,161 [INFO] Skipped existing: 004-RARW-Dissolved.shp
2025-06-02 20:17:51,161 [INFO] Skipped existing: 004-ORWA-Dissolved.shp
2025-06-02 20:17:51,161 [INFO] Skipped existing: 004-RBRV-Dissolved.shp
2025-06-02 20:17:51,161 [INFO] Skipped existing: 001-RSLL-Dissolved.shp
2025-06-02 20:17:51,161 [INFO] Skipped existing: 001-RTSS-Dissolved.shp
2025-06-02 20:17:51,161 [INFO] Skipped existing: 002-WVAU-Dissolved.shp
2025-06-02 20:17:51,161 [INFO] Skipped existing: 001-RPTH-Dissolved.shp
2025-06-02 20:17:51,161 [INFO] Skipped existing: 004-SNEL-Dissolved.shp
2025-06-02 20:17:51,161 [INFO] Skipped existing: 001-RWAN-Dissolved.shp
2025-06-02 20:17:51,162 [INFO] Skipped existing: 004-RSAU-Dissolved.shp
2025-06-02 20:17:51,162 [INFO] Skipped existing: 004-WWRA-Dissolved.shp
2025-06-02 20:17:51,162 [INFO] Skipped existing: 002-RMTG-Dissolved.shp
2025-06-02 20:17:51,162 [INFO] Skipped existing: 001-HHRC-Dissolved.shp
2025-06-02 20:17:51,162 [INFO] Skipped existing: 003-RWAI-Dissolved.shp
2025-06-02 20:17:51,162 [INFO] Skipped existing: 003-RWFS-Dissolved.shp
2025-06-02 20:17:51,162 [INFO] Skipped existing: 004-KUMU-Dissolved.shp
2025-06-02 20:17:51,162 [INFO] Skipped existing: 004-RVRH-Dissolved.shp
2025-06-02 20:17:51,162 [INFO] Skipped existing: 004-ARMB-Dissolved.shp
2025-06-02 20:17:51,162 [INFO] Skipped existing: 004-WTKI-Dissolved.shp
2025-06-02 20:17:51,162 [INFO] Skipped existing: 004-KPKP-Dissolved.shp
2025-06-02 20:17:51,162 [INFO] Skipped existing: 002-OTPT-Dissolved.shp
2025-06-02 20:17:51,162 [INFO] Skipped existing: 001-VTOW-Dissolved.shp
2025-06-02 20:17:51,162 [INFO] Skipped existing: 002-RPNK-Dissolved.shp
2025-06-02 20:17:51,162 [INFO] Skipped existing: 003-RTTM-Dissolved.shp
2025-06-02 20:17:51,162 [INFO] Skipped existing: 004-RWGR-Dissolved.shp
2025-06-02 20:17:51,162 [INFO] Skipped existing: 004-WELS-Dissolved.shp
2025-06-02 20:17:51,162 [INFO] Skipped existing: 004-RMKE-Dissolved.shp
2025-06-02 20:17:51,165 [INFO] Skipped existing: 002-RBAU-Dissolved.shp
2025-06-02 20:17:51,165 [INFO] Skipped existing: 002-SNAU-Dissolved.shp
2025-06-02 20:17:51,165 [INFO] Skipped existing: 001-RWAV-Dissolved.shp
2025-06-02 20:17:51,165 [INFO] Skipped existing: 004-MTKA-Dissolved.shp
2025-06-02 20:17:51,165 [INFO] Skipped existing: 001-RUTK-Dissolved.shp
2025-06-02 20:17:51,165 [INFO] Skipped existing: 002-ROWB-Dissolved.shp
2025-06-02 20:17:51,165 [INFO] Skipped existing: 002-VHBY-Dissolved.shp
2025-06-02 20:17:51,165 [INFO] Skipped existing: 001-VAWN-Dissolved.shp
2025-06-02 20:17:51,165 [INFO] Skipped existing: 001-ROMR-Dissolved.shp
2025-06-02 20:17:51,165 [INFO] Skipped existing: 001-RDVB-Dissolved.shp
2025-06-02 20:17:51,165 [INFO] Skipped existing: 001-VTKE-Dissolved.shp
2025-06-02 20:17:51,165 [INFO] Skipped existing: 002-RDIG-Dissolved.shp
2025-06-02 20:17:51,165 [INFO] Skipped existing: 004-KWIL-Dissolved.shp
2025-06-02 20:17:51,165 [INFO] Skipped existing: 001-VXHK-Dissolved.shp
2025-06-02 20:17:51,165 [INFO] Skipped existing: 001-VKAO-Dissolved.shp
2025-06-02 20:17:51,165 [INFO] Skipped existing: 004-RBPL-Dissolved.shp
2025-06-02 20:17:51,165 [INFO] Skipped existing: 001-RHRK-Dissolved.shp
2025-06-02 20:17:51,165 [INFO] Skipped existing: 002-RRBW-Dissolved.shp
2025-06-02 20:17:51,165 [INFO] Skipped existing: 001-VTRB-Dissolved.shp
2025-06-02 20:17:51,165 [INFO] Skipped existing: 001-RPWE-Dissolved.shp
2025-06-02 20:17:51,165 [INFO] Skipped existing: 001-ROOK-Dissolved.shp
2025-06-02 20:17:51,165 [INFO] Skipped existing: 001-RMTC-Dissolved.shp
2025-06-02 20:17:51,165 [INFO] Skipped existing: 003-RWHP-Dissolved.shp
2025-06-02 20:17:51,165 [INFO] Skipped existing: 002-ROMM-Dissolved.shp
2025-06-02 20:17:51,165 [INFO] Skipped existing: 004-RPHX-Dissolved.shp
2025-06-02 20:17:51,165 [INFO] Skipped existing: 001-VOPR-Dissolved.shp
2025-06-02 20:17:51,166 [INFO] Skipped existing: 002-RURQ-Dissolved.shp
2025-06-02 20:17:51,166 [INFO] Skipped existing: 003-VKAI-Dissolved.shp
2025-06-02 20:17:51,166 [INFO] Skipped existing: 004-VKPH-Dissolved.shp
2025-06-02 20:17:51,166 [INFO] Skipped existing: 002-RPPW-Dissolved.shp
2025-06-02 20:17:51,166 [INFO] Skipped existing: 001-RAWR-Dissolved.shp
2025-06-02 20:17:51,166 [INFO] Skipped existing: 001-RTPA-Dissolved.shp
2025-06-02 20:17:51,166 [INFO] Skipped existing: 001-RFRB-Dissolved.shp
2025-06-02 20:17:51,166 [INFO] Skipped existing: 001-VOMP-Dissolved.shp
2025-06-02 20:17:51,166 [INFO] Skipped existing: 004-VWDH-Dissolved.shp
2025-06-02 20:17:51,166 [INFO] Skipped existing: 001-RWAR-Dissolved.shp
2025-06-02 20:17:51,166 [INFO] Skipped existing: 001-RPRB-Dissolved.shp
2025-06-02 20:17:51,166 [INFO] Skipped existing: 004-RWRS-Dissolved.shp
2025-06-02 20:17:51,166 [INFO] Skipped existing: 002-RWGH-Dissolved.shp
2025-06-02 20:17:51,166 [INFO] Skipped existing: 001-RNMB-Dissolved.shp
2025-06-02 20:17:51,166 [INFO] Skipped existing: 003-VPPA-Dissolved.shp
2025-06-02 20:17:51,166 [INFO] Skipped existing: 003-RGLG-Dissolved.shp
2025-06-02 20:17:51,166 [INFO] Skipped existing: 002-MARU-Dissolved.shp
2025-06-02 20:17:51,166 [INFO] Skipped existing: 001-VWGA-Dissolved.shp
2025-06-02 20:17:51,166 [INFO] Skipped existing: 002-RKAR-Dissolved.shp
2025-06-02 20:17:51,166 [INFO] Skipped existing: 001-VMHK-Dissolved.shp
2025-06-02 20:17:51,166 [INFO] Skipped existing: 002-VHKI-Dissolved.shp
2025-06-02 20:17:51,166 [INFO] Skipped existing: 002-RMKA-Dissolved.shp
2025-06-02 20:17:51,166 [INFO] Skipped existing: 001-VPAR-Dissolved.shp
2025-06-02 20:17:51,166 [INFO] Skipped existing: 001-VMBY-Dissolved.shp
2025-06-02 20:17:51,166 [INFO] Skipped existing: 004-PUHB-Dissolved.shp
2025-06-02 20:17:51,166 [INFO] Skipped existing: 003-RTGO-Dissolved.shp
2025-06-02 20:17:51,166 [INFO] Skipped existing: 001-RTAK-Dissolved.shp
2025-06-02 20:17:51,166 [INFO] Skipped existing: 001-RMGI-Dissolved.shp
2025-06-02 20:17:51,190 [INFO] Selected 187 live towers for union.
2025-06-02 20:17:57,973 [INFO] Starting batched unary_union...
2025-06-02 20:19:47,276 [INFO] Final union of batch results...
2025-06-02 20:19:54,259 [INFO] [Generated] Live network coverage saved to /Users/mesa/Documents/GitHub/2024-S2-R-D-Adaptive-Network-Management/Backend/tower_analysis/../output/live_network_coverage_f3aa66cf_batched.shp
2025-06-02 20:19:54,948 [INFO] 487 uncovered facilities identified.
2025-06-02 20:19:54,955 [INFO] [Generated] Saved to /Users/mesa/Documents/GitHub/2024-S2-R-D-Adaptive-Network-Management/Backend/tower_analysis/../output/filtered_facilities_aa55cbad.shp
