2025-05-14 12:01:38,214 [INFO] Step 0: Preprocessing dissolved shapefiles...
2025-05-14 12:01:38,372 [INFO] Found 577 unique tower prefixes to process.
2025-05-14 12:01:38,382 [INFO] Skipped existing: 004-ABAU-Dissolved.shp
2025-05-14 12:01:38,382 [INFO] Skipped existing: 004-AHRA-Dissolved.shp
2025-05-14 12:01:38,382 [INFO] Skipped existing: 004-ARMB-Dissolved.shp
2025-05-14 12:01:38,383 [INFO] Skipped existing: 004-GHBR-Dissolved.shp
2025-05-14 12:01:38,383 [INFO] Skipped existing: 004-HFAU-Dissolved.shp
2025-05-14 12:01:38,384 [INFO] Skipped existing: 004-HSVL-Dissolved.shp
2025-05-14 12:01:38,385 [INFO] Skipped existing: 004-KPKP-Dissolved.shp
2025-05-14 12:01:38,385 [INFO] Skipped existing: 004-KRKH-Dissolved.shp
2025-05-14 12:01:38,385 [INFO] Skipped existing: 004-KUMU-Dissolved.shp
2025-05-14 12:01:38,386 [INFO] Skipped existing: 004-KWIL-Dissolved.shp
2025-05-14 12:01:38,387 [INFO] Skipped existing: 004-LEGH-Dissolved.shp
2025-05-14 12:01:38,387 [INFO] Skipped existing: 004-MKRU-Dissolved.shp
2025-05-14 12:01:38,388 [INFO] Skipped existing: 004-MNLY-Dissolved.shp
2025-05-14 12:01:38,388 [INFO] Skipped existing: 004-MRWI-Dissolved.shp
2025-05-14 12:01:38,388 [INFO] Skipped existing: 004-MTKA-Dissolved.shp
2025-05-14 12:01:38,389 [INFO] Skipped existing: 004-NSAD-Dissolved.shp
2025-05-14 12:01:38,389 [INFO] Skipped existing: 004-OMAU-Dissolved.shp
2025-05-14 12:01:38,390 [INFO] Skipped existing: 004-OMHA-Dissolved.shp
2025-05-14 12:01:38,390 [INFO] Skipped existing: 004-ORWA-Dissolved.shp
2025-05-14 12:01:38,391 [INFO] Skipped existing: 004-OWAU-Dissolved.shp
2025-05-14 12:01:38,391 [INFO] Skipped existing: 004-PUHB-Dissolved.shp
2025-05-14 12:01:38,392 [INFO] Skipped existing: 004-PUHS-Dissolved.shp
2025-05-14 12:01:38,392 [INFO] Skipped existing: 004-RARV-Dissolved.shp
2025-05-14 12:01:38,393 [INFO] Skipped existing: 004-RARW-Dissolved.shp
2025-05-14 12:01:38,393 [INFO] Skipped existing: 004-RBPL-Dissolved.shp
2025-05-14 12:01:38,394 [INFO] Skipped existing: 004-RBRV-Dissolved.shp
2025-05-14 12:01:38,394 [INFO] Skipped existing: 004-RDVL-Dissolved.shp
2025-05-14 12:01:38,395 [INFO] Skipped existing: 004-REDB-Dissolved.shp
2025-05-14 12:01:38,395 [INFO] Skipped existing: 004-RGLR-Dissolved.shp
2025-05-14 12:01:38,396 [INFO] Skipped existing: 004-RIAU-Dissolved.shp
2025-05-14 12:01:38,396 [INFO] Skipped existing: 004-RKCH-Dissolved.shp
2025-05-14 12:01:38,397 [INFO] Skipped existing: 004-RMKE-Dissolved.shp
2025-05-14 12:01:38,398 [INFO] Skipped existing: 004-RMKN-Dissolved.shp
2025-05-14 12:01:38,398 [INFO] Skipped existing: 004-RPHX-Dissolved.shp
2025-05-14 12:01:38,399 [INFO] Skipped existing: 004-RPKR-Dissolved.shp
2025-05-14 12:01:38,399 [INFO] Skipped existing: 004-RSAU-Dissolved.shp
2025-05-14 12:01:38,400 [INFO] Skipped existing: 004-RSHE-Dissolved.shp
2025-05-14 12:01:38,400 [INFO] Skipped existing: 004-RTAI-Dissolved.shp
2025-05-14 12:01:38,401 [INFO] Skipped existing: 004-RVHT-Dissolved.shp
2025-05-14 12:01:38,401 [INFO] Skipped existing: 004-RVRH-Dissolved.shp
2025-05-14 12:01:38,402 [INFO] Skipped existing: 004-RWGR-Dissolved.shp
2025-05-14 12:01:38,402 [INFO] Skipped existing: 004-RWRN-Dissolved.shp
2025-05-14 12:01:38,403 [INFO] Skipped existing: 004-RWRS-Dissolved.shp
2025-05-14 12:01:38,403 [INFO] Skipped existing: 004-SDOR-Dissolved.shp
2025-05-14 12:01:38,404 [INFO] Skipped existing: 004-SNEL-Dissolved.shp
2025-05-14 12:01:38,404 [INFO] Skipped existing: 004-STMB-Dissolved.shp
2025-05-14 12:01:38,404 [INFO] Skipped existing: 004-SVDL-Dissolved.shp
2025-05-14 12:01:38,405 [INFO] Skipped existing: 004-TDBH-Dissolved.shp
2025-05-14 12:01:38,405 [INFO] Skipped existing: 004-UORW-Dissolved.shp
2025-05-14 12:01:38,406 [INFO] Skipped existing: 004-VDFT-Dissolved.shp
2025-05-14 12:01:38,406 [INFO] Skipped existing: 004-VKPH-Dissolved.shp
2025-05-14 12:01:38,407 [INFO] Skipped existing: 004-VNME-Dissolved.shp
2025-05-14 12:01:38,407 [INFO] Skipped existing: 004-VTEH-Dissolved.shp
2025-05-14 12:01:38,408 [INFO] Skipped existing: 004-VWDH-Dissolved.shp
2025-05-14 12:01:38,408 [INFO] Skipped existing: 004-WDHD-Dissolved.shp
2025-05-14 12:01:38,409 [INFO] Skipped existing: 004-WELS-Dissolved.shp
2025-05-14 12:01:38,409 [INFO] Skipped existing: 004-WHPR-Dissolved.shp
2025-05-14 12:01:38,410 [INFO] Skipped existing: 004-WKSH-Dissolved.shp
2025-05-14 12:01:38,410 [INFO] Skipped existing: 004-WMKU-Dissolved.shp
2025-05-14 12:01:38,411 [INFO] Skipped existing: 004-WRKW-Dissolved.shp
2025-05-14 12:01:38,411 [INFO] Skipped existing: 004-WTKI-Dissolved.shp
2025-05-14 12:01:38,412 [INFO] Skipped existing: 004-WWRA-Dissolved.shp
2025-05-14 12:01:38,413 [INFO] Skipped existing: 005-ABMC-Dissolved.shp
2025-05-14 12:01:38,413 [INFO] Skipped existing: 005-ASTH-Dissolved.shp
2025-05-14 12:01:38,414 [INFO] Skipped existing: 005-AYET-Dissolved.shp
2025-05-14 12:01:38,415 [INFO] Skipped existing: 005-AYWT-Dissolved.shp
2025-05-14 12:01:38,416 [INFO] Skipped existing: 005-BBCL-Dissolved.shp
2025-05-14 12:01:38,416 [INFO] Skipped existing: 005-BBNH-Dissolved.shp
2025-05-14 12:01:38,417 [INFO] Skipped existing: 005-BBSH-Dissolved.shp
2025-05-14 12:01:38,418 [INFO] Skipped existing: 005-BBWT-Dissolved.shp
2025-05-14 12:01:38,418 [INFO] Skipped existing: 005-BHHN-Dissolved.shp
2025-05-14 12:01:38,419 [INFO] Skipped existing: 005-BHNH-Dissolved.shp
2025-05-14 12:01:38,419 [INFO] Skipped existing: 005-BHSH-Dissolved.shp
2025-05-14 12:01:38,420 [INFO] Skipped existing: 005-BIRK-Dissolved.shp
2025-05-14 12:01:38,420 [INFO] Skipped existing: 005-BKCL-Dissolved.shp
2025-05-14 12:01:38,421 [INFO] Skipped existing: 005-BKWT-Dissolved.shp
2025-05-14 12:01:38,421 [INFO] Skipped existing: 005-BLMT-Dissolved.shp
2025-05-14 12:01:38,422 [INFO] Skipped existing: 005-BRBM-Dissolved.shp
2025-05-14 12:01:38,422 [INFO] Skipped existing: 005-BYPT-Dissolved.shp
2025-05-14 12:01:38,423 [INFO] Skipped existing: 005-BYVW-Dissolved.shp
2025-05-14 12:01:38,423 [INFO] Skipped existing: 005-CBAY-Dissolved.shp
2025-05-14 12:01:38,424 [INFO] Skipped existing: 005-CPBB-Dissolved.shp
2025-05-14 12:01:38,424 [INFO] Skipped existing: 005-CRHL-Dissolved.shp
2025-05-14 12:01:38,424 [INFO] Skipped existing: 005-DNTH-Dissolved.shp
2025-05-14 12:01:38,425 [INFO] Skipped existing: 005-DSTH-Dissolved.shp
2025-05-14 12:01:38,425 [INFO] Skipped existing: 005-ESMD-Dissolved.shp
2025-05-14 12:01:38,426 [INFO] Skipped existing: 005-FRHL-Dissolved.shp
2025-05-14 12:01:38,426 [INFO] Skipped existing: 005-GFCL-Dissolved.shp
2025-05-14 12:01:38,426 [INFO] Skipped existing: 005-GFRD-Dissolved.shp
2025-05-14 12:01:38,427 [INFO] Skipped existing: 005-GLNR-Dissolved.shp
2025-05-14 12:01:38,427 [INFO] Skipped existing: 005-GLSH-Dissolved.shp
2025-05-14 12:01:38,428 [INFO] Skipped existing: 005-GRNC-Dissolved.shp
2025-05-14 12:01:38,429 [INFO] Skipped existing: 005-GRNS-Dissolved.shp
2025-05-14 12:01:38,429 [INFO] Skipped existing: 005-HBBG-Dissolved.shp
2025-05-14 12:01:38,430 [INFO] Skipped existing: 005-HBRN-Dissolved.shp
2025-05-14 12:01:38,431 [INFO] Skipped existing: 005-HKCR-Dissolved.shp
2025-05-14 12:01:38,432 [INFO] Skipped existing: 005-HLCS-Dissolved.shp
2025-05-14 12:01:38,432 [INFO] Skipped existing: 005-HLCW-Dissolved.shp
2025-05-14 12:01:38,433 [INFO] Skipped existing: 005-KPRK-Dissolved.shp
2025-05-14 12:01:38,434 [INFO] Skipped existing: 005-LBAU-Dissolved.shp
2025-05-14 12:01:38,435 [INFO] Skipped existing: 005-LKPP-Dissolved.shp
2025-05-14 12:01:38,435 [INFO] Skipped existing: 005-LOAU-Dissolved.shp
2025-05-14 12:01:38,436 [INFO] Skipped existing: 005-MBYN-Dissolved.shp
2025-05-14 12:01:38,436 [INFO] Skipped existing: 005-MIBY-Dissolved.shp
2025-05-14 12:01:38,437 [INFO] Skipped existing: 005-MLFD-Dissolved.shp
2025-05-14 12:01:38,437 [INFO] Skipped existing: 005-MNCT-Dissolved.shp
2025-05-14 12:01:38,438 [INFO] Skipped existing: 005-MUBY-Dissolved.shp
2025-05-14 12:01:38,439 [INFO] Skipped existing: 005-NCMC-Dissolved.shp
2025-05-14 12:01:38,439 [INFO] Skipped existing: 005-NCOW-Dissolved.shp
2025-05-14 12:01:38,440 [INFO] Skipped existing: 005-NHBR-Dissolved.shp
2025-05-14 12:01:38,440 [INFO] Skipped existing: 005-NHST-Dissolved.shp
2025-05-14 12:01:38,440 [INFO] Skipped existing: 005-NORH-Dissolved.shp
2025-05-14 12:01:38,441 [INFO] Skipped existing: 005-NTHC-Dissolved.shp
2025-05-14 12:01:38,441 [INFO] Skipped existing: 005-NTHM-Dissolved.shp
2025-05-14 12:01:38,442 [INFO] Skipped existing: 005-NTHX-Dissolved.shp
2025-05-14 12:01:38,442 [INFO] Skipped existing: 005-NWST-Dissolved.shp
2025-05-14 12:01:38,443 [INFO] Skipped existing: 005-PNHL-Dissolved.shp
2025-05-14 12:01:38,443 [INFO] Skipped existing: 005-PRMP-Dissolved.shp
2025-05-14 12:01:38,444 [INFO] Skipped existing: 005-RBAY-Dissolved.shp
2025-05-14 12:01:38,444 [INFO] Skipped existing: 005-SNAP-Dissolved.shp
2025-05-14 12:01:38,445 [INFO] Skipped existing: 005-SNTH-Dissolved.shp
2025-05-14 12:01:38,445 [INFO] Skipped existing: 005-STBY-Dissolved.shp
2025-05-14 12:01:38,446 [INFO] Skipped existing: 005-SUNS-Dissolved.shp
2025-05-14 12:01:38,447 [INFO] Skipped existing: 005-SYNK-Dissolved.shp
2025-05-14 12:01:38,447 [INFO] Skipped existing: 005-TBYH-Dissolved.shp
2025-05-14 12:01:38,448 [INFO] Skipped existing: 005-TKPN-Dissolved.shp
2025-05-14 12:01:38,449 [INFO] Skipped existing: 005-TRBY-Dissolved.shp
2025-05-14 12:01:38,449 [INFO] Skipped existing: 005-USWH-Dissolved.shp
2025-05-14 12:01:38,450 [INFO] Skipped existing: 005-WNNI-Dissolved.shp
2025-05-14 12:01:38,450 [INFO] Skipped existing: 005-WRAU-Dissolved.shp
2025-05-14 12:01:38,451 [INFO] Skipped existing: 005-WRNH-Dissolved.shp
2025-05-14 12:01:38,451 [INFO] Skipped existing: 005-WRPK-Dissolved.shp
2025-05-14 12:01:38,452 [INFO] Skipped existing: 005-WRSH-Dissolved.shp
2025-05-14 12:01:38,452 [INFO] Skipped existing: 006-ALBN-Dissolved.shp
2025-05-14 12:01:38,453 [INFO] Skipped existing: 006-COAT-Dissolved.shp
2025-05-14 12:01:38,453 [INFO] Skipped existing: 006-CPKH-Dissolved.shp
2025-05-14 12:01:38,454 [INFO] Skipped existing: 006-CRWC-Dissolved.shp
2025-05-14 12:01:38,454 [INFO] Skipped existing: 006-ERAU-Dissolved.shp
2025-05-14 12:01:38,455 [INFO] Skipped existing: 006-GLDN-Dissolved.shp
2025-05-14 12:01:38,455 [INFO] Skipped existing: 006-GLDR-Dissolved.shp
2025-05-14 12:01:38,455 [INFO] Skipped existing: 006-GLDS-Dissolved.shp
2025-05-14 12:01:38,456 [INFO] Skipped existing: 006-GLNN-Dissolved.shp
2025-05-14 12:01:38,456 [INFO] Skipped existing: 006-GLNW-Dissolved.shp
2025-05-14 12:01:38,457 [INFO] Skipped existing: 006-GRNB-Dissolved.shp
2025-05-14 12:01:38,457 [INFO] Skipped existing: 006-HBVL-Dissolved.shp
2025-05-14 12:01:38,458 [INFO] Skipped existing: 006-HCAU-Dissolved.shp
2025-05-14 12:01:38,458 [INFO] Skipped existing: 006-HDNC-Dissolved.shp
2025-05-14 12:01:38,459 [INFO] Skipped existing: 006-HDNE-Dissolved.shp
2025-05-14 12:01:38,459 [INFO] Skipped existing: 006-HDNS-Dissolved.shp
2025-05-14 12:01:38,460 [INFO] Skipped existing: 006-HOBS-Dissolved.shp
2025-05-14 12:01:38,460 [INFO] Skipped existing: 006-HRBV-Dissolved.shp
2025-05-14 12:01:38,461 [INFO] Skipped existing: 006-HTWL-Dissolved.shp
2025-05-14 12:01:38,461 [INFO] Skipped existing: 006-JCPO-Dissolved.shp
2025-05-14 12:01:38,462 [INFO] Skipped existing: 006-KLST-Dissolved.shp
2025-05-14 12:01:38,462 [INFO] Skipped existing: 006-KSTG-Dissolved.shp
2025-05-14 12:01:38,463 [INFO] Skipped existing: 006-LCAU-Dissolved.shp
2025-05-14 12:01:38,463 [INFO] Skipped existing: 006-LCNN-Dissolved.shp
2025-05-14 12:01:38,464 [INFO] Skipped existing: 006-LCNS-Dissolved.shp
2025-05-14 12:01:38,465 [INFO] Skipped existing: 006-LCNW-Dissolved.shp
2025-05-14 12:01:38,465 [INFO] Skipped existing: 006-LNAU-Dissolved.shp
2025-05-14 12:01:38,465 [INFO] Skipped existing: 006-LNML-Dissolved.shp
2025-05-14 12:01:38,466 [INFO] Skipped existing: 006-MLPK-Dissolved.shp
2025-05-14 12:01:38,467 [INFO] Skipped existing: 006-MNTH-Dissolved.shp
2025-05-14 12:01:38,467 [INFO] Skipped existing: 006-MPRK-Dissolved.shp
2025-05-14 12:01:38,468 [INFO] Skipped existing: 006-MWST-Dissolved.shp
2025-05-14 12:01:38,468 [INFO] Skipped existing: 006-NWSC-Dissolved.shp
2025-05-14 12:01:38,469 [INFO] Skipped existing: 006-PIHA-Dissolved.shp
2025-05-14 12:01:38,469 [INFO] Skipped existing: 006-RANU-Dissolved.shp
2025-05-14 12:01:38,470 [INFO] Skipped existing: 006-RANW-Dissolved.shp
2025-05-14 12:01:38,470 [INFO] Skipped existing: 006-RLGR-Dissolved.shp
2025-05-14 12:01:38,470 [INFO] Skipped existing: 006-RNAU-Dissolved.shp
2025-05-14 12:01:38,471 [INFO] Skipped existing: 006-RSMR-Dissolved.shp
2025-05-14 12:01:38,471 [INFO] Skipped existing: 006-SNVL-Dissolved.shp
2025-05-14 12:01:38,472 [INFO] Skipped existing: 006-SWNS-Dissolved.shp
2025-05-14 12:01:38,472 [INFO] Skipped existing: 006-TATJ-Dissolved.shp
2025-05-14 12:01:38,473 [INFO] Skipped existing: 006-TEAT-Dissolved.shp
2025-05-14 12:01:38,473 [INFO] Skipped existing: 006-TIRE-Dissolved.shp
2025-05-14 12:01:38,473 [INFO] Skipped existing: 006-TIRN-Dissolved.shp
2025-05-14 12:01:38,474 [INFO] Skipped existing: 006-TIRV-Dissolved.shp
2025-05-14 12:01:38,474 [INFO] Skipped existing: 006-TRIR-Dissolved.shp
2025-05-14 12:01:38,475 [INFO] Skipped existing: 006-UDAU-Dissolved.shp
2025-05-14 12:01:38,475 [INFO] Skipped existing: 006-VWTH-Dissolved.shp
2025-05-14 12:01:38,476 [INFO] Skipped existing: 006-WDPK-Dissolved.shp
2025-05-14 12:01:38,476 [INFO] Skipped existing: 006-WHBR-Dissolved.shp
2025-05-14 12:01:38,477 [INFO] Skipped existing: 006-WHNP-Dissolved.shp
2025-05-14 12:01:38,477 [INFO] Skipped existing: 006-WHTS-Dissolved.shp
2025-05-14 12:01:38,478 [INFO] Skipped existing: 006-WKKU-Dissolved.shp
2025-05-14 12:01:38,478 [INFO] Skipped existing: 006-WTKV-Dissolved.shp
2025-05-14 12:01:38,479 [INFO] Skipped existing: 007-ABST-Dissolved.shp
2025-05-14 12:01:38,479 [INFO] Skipped existing: 007-AGPO-Dissolved.shp
2025-05-14 12:01:38,480 [INFO] Skipped existing: 007-AHIB-Dissolved.shp
2025-05-14 12:01:38,480 [INFO] Skipped existing: 007-AKLU-Dissolved.shp
2025-05-14 12:01:38,481 [INFO] Skipped existing: 007-ANZA-Dissolved.shp
2025-05-14 12:01:38,481 [INFO] Skipped existing: 007-ARHH-Dissolved.shp
2025-05-14 12:01:38,482 [INFO] Skipped existing: 007-ASAU-Dissolved.shp
2025-05-14 12:01:38,482 [INFO] Skipped existing: 007-ASHA-Dissolved.shp
2025-05-14 12:01:38,483 [INFO] Skipped existing: 007-ATSQ-Dissolved.shp
2025-05-14 12:01:38,483 [INFO] Skipped existing: 007-AUSY-Dissolved.shp
2025-05-14 12:01:38,484 [INFO] Skipped existing: 007-AVDE-Dissolved.shp
2025-05-14 12:01:38,484 [INFO] Skipped existing: 007-AVDL-Dissolved.shp
2025-05-14 12:01:38,485 [INFO] Skipped existing: 007-AVDR-Dissolved.shp
2025-05-14 12:01:38,485 [INFO] Skipped existing: 007-AVDS-Dissolved.shp
2025-05-14 12:01:38,486 [INFO] Skipped existing: 007-AZIB-Dissolved.shp
2025-05-14 12:01:38,486 [INFO] Skipped existing: 007-BGOC-Dissolved.shp
2025-05-14 12:01:38,487 [INFO] Skipped existing: 007-BHBE-Dissolved.shp
2025-05-14 12:01:38,487 [INFO] Skipped existing: 007-BHBW-Dissolved.shp
2025-05-14 12:01:38,488 [INFO] Skipped existing: 007-BMAU-Dissolved.shp
2025-05-14 12:01:38,488 [INFO] Skipped existing: 007-BMRL-Dissolved.shp
2025-05-14 12:01:38,489 [INFO] Skipped existing: 007-BMRR-Dissolved.shp
2025-05-14 12:01:38,489 [INFO] Skipped existing: 007-BSPO-Dissolved.shp
2025-05-14 12:01:38,490 [INFO] Skipped existing: 007-BSPT-Dissolved.shp
2025-05-14 12:01:38,490 [INFO] Skipped existing: 007-BTAU-Dissolved.shp
2025-05-14 12:01:38,491 [INFO] Skipped existing: 007-BTMR-Dissolved.shp
2025-05-14 12:01:38,491 [INFO] Skipped existing: 007-CBIB-Dissolved.shp
2025-05-14 12:01:38,492 [INFO] Skipped existing: 007-CEAU-Dissolved.shp
2025-05-14 12:01:38,492 [INFO] Skipped existing: 007-CGNH-Dissolved.shp
2025-05-14 12:01:38,492 [INFO] Skipped existing: 007-CRAU-Dissolved.shp
2025-05-14 12:01:38,493 [INFO] Skipped existing: 007-DMRC-Dissolved.shp
2025-05-14 12:01:38,493 [INFO] Skipped existing: 007-DMRN-Dissolved.shp
2025-05-14 12:01:38,494 [INFO] Skipped existing: 007-DTET-Dissolved.shp
2025-05-14 12:01:38,494 [INFO] Skipped existing: 007-DTWT-Dissolved.shp
2025-05-14 12:01:38,495 [INFO] Skipped existing: 007-EDPN-Dissolved.shp
2025-05-14 12:01:38,495 [INFO] Skipped existing: 007-EDPS-Dissolved.shp
2025-05-14 12:01:38,496 [INFO] Skipped existing: 007-EDTR-Dissolved.shp
2025-05-14 12:01:38,497 [INFO] Skipped existing: 007-ELER-Dissolved.shp
2025-05-14 12:01:38,497 [INFO] Skipped existing: 007-ELRN-Dissolved.shp
2025-05-14 12:01:38,498 [INFO] Skipped existing: 007-ELRW-Dissolved.shp
2025-05-14 12:01:38,498 [INFO] Skipped existing: 007-ELSC-Dissolved.shp
2025-05-14 12:01:38,499 [INFO] Skipped existing: 007-EPSM-Dissolved.shp
2025-05-14 12:01:38,499 [INFO] Skipped existing: 007-ESAU-Dissolved.shp
2025-05-14 12:01:38,500 [INFO] Skipped existing: 007-ETBG-Dissolved.shp
2025-05-14 12:01:38,500 [INFO] Skipped existing: 007-EWAU-Dissolved.shp
2025-05-14 12:01:38,501 [INFO] Skipped existing: 007-FKLN-Dissolved.shp
2025-05-14 12:01:38,501 [INFO] Skipped existing: 007-FSAU-Dissolved.shp
2025-05-14 12:01:38,502 [INFO] Skipped existing: 007-FSHQ-Dissolved.shp
2025-05-14 12:01:38,502 [INFO] Skipped existing: 007-FSTM-Dissolved.shp
2025-05-14 12:01:38,503 [INFO] Skipped existing: 007-GDWT-Dissolved.shp
2025-05-14 12:01:38,503 [INFO] Skipped existing: 007-GFTG-Dissolved.shp
2025-05-14 12:01:38,504 [INFO] Skipped existing: 007-GINN-Dissolved.shp
2025-05-14 12:01:38,504 [INFO] Skipped existing: 007-GLAU-Dissolved.shp
2025-05-14 12:01:38,504 [INFO] Skipped existing: 007-GLYN-Dissolved.shp
2025-05-14 12:01:38,505 [INFO] Skipped existing: 007-GLYS-Dissolved.shp
2025-05-14 12:01:38,505 [INFO] Skipped existing: 007-GNLE-Dissolved.shp
2025-05-14 12:01:38,506 [INFO] Skipped existing: 007-GRAU-Dissolved.shp
2025-05-14 12:01:38,506 [INFO] Skipped existing: 007-GWDC-Dissolved.shp
2025-05-14 12:01:38,507 [INFO] Skipped existing: 007-GYLN-Dissolved.shp
2025-05-14 12:01:38,507 [INFO] Skipped existing: 007-HALS-Dissolved.shp
2025-05-14 12:01:38,508 [INFO] Skipped existing: 007-HBBS-Dissolved.shp
2025-05-14 12:01:38,509 [INFO] Skipped existing: 007-HBRS-Dissolved.shp
2025-05-14 12:01:38,509 [INFO] Skipped existing: 007-HERR-Dissolved.shp
2025-05-14 12:01:38,510 [INFO] Skipped existing: 007-HILB-Dissolved.shp
2025-05-14 12:01:38,510 [INFO] Skipped existing: 007-HRBM-Dissolved.shp
2025-05-14 12:01:38,511 [INFO] Skipped existing: 007-HTST-Dissolved.shp
2025-05-14 12:01:38,511 [INFO] Skipped existing: 007-JMWB-Dissolved.shp
2025-05-14 12:01:38,512 [INFO] Skipped existing: 007-KARD-Dissolved.shp
2025-05-14 12:01:38,512 [INFO] Skipped existing: 007-KBPS-Dissolved.shp
2025-05-14 12:01:38,513 [INFO] Skipped existing: 007-KBRP-Dissolved.shp
2025-05-14 12:01:38,514 [INFO] Skipped existing: 007-KGLS-Dissolved.shp
2025-05-14 12:01:38,514 [INFO] Skipped existing: 007-KGSL-Dissolved.shp
2025-05-14 12:01:38,515 [INFO] Skipped existing: 007-KGTN-Dissolved.shp
2025-05-14 12:01:38,515 [INFO] Skipped existing: 007-KHMR-Dissolved.shp
2025-05-14 12:01:38,516 [INFO] Skipped existing: 007-KHMS-Dissolved.shp
2025-05-14 12:01:38,516 [INFO] Skipped existing: 007-KPAU-Dissolved.shp
2025-05-14 12:01:38,517 [INFO] Skipped existing: 007-KPBR-Dissolved.shp
2025-05-14 12:01:38,517 [INFO] Skipped existing: 007-KPIB-Dissolved.shp
2025-05-14 12:01:38,518 [INFO] Skipped existing: 007-KPIG-Dissolved.shp
2025-05-14 12:01:38,518 [INFO] Skipped existing: 007-KPRR-Dissolved.shp
2025-05-14 12:01:38,519 [INFO] Skipped existing: 007-KRAU-Dissolved.shp
2025-05-14 12:01:38,519 [INFO] Skipped existing: 007-LPKW-Dissolved.shp
2025-05-14 12:01:38,520 [INFO] Skipped existing: 007-LYNF-Dissolved.shp
2025-05-14 12:01:38,520 [INFO] Skipped existing: 007-LYNN-Dissolved.shp
2025-05-14 12:01:38,521 [INFO] Skipped existing: 007-MALE-Dissolved.shp
2025-05-14 12:01:38,521 [INFO] Skipped existing: 007-MAPO-Dissolved.shp
2025-05-14 12:01:38,522 [INFO] Skipped existing: 007-MBUR-Dissolved.shp
2025-05-14 12:01:38,522 [INFO] Skipped existing: 007-MCHB-Dissolved.shp
2025-05-14 12:01:38,523 [INFO] Skipped existing: 007-MCMT-Dissolved.shp
2025-05-14 12:01:38,523 [INFO] Skipped existing: 007-MCON-Dissolved.shp
2025-05-14 12:01:38,524 [INFO] Skipped existing: 007-MCOS-Dissolved.shp
2025-05-14 12:01:38,524 [INFO] Skipped existing: 007-MEDM-Dissolved.shp
2025-05-14 12:01:38,525 [INFO] Skipped existing: 007-MEDV-Dissolved.shp
2025-05-14 12:01:38,525 [INFO] Skipped existing: 007-MKTR-Dissolved.shp
2025-05-14 12:01:38,526 [INFO] Skipped existing: 007-MNGS-Dissolved.shp
2025-05-14 12:01:38,526 [INFO] Skipped existing: 007-MRAU-Dissolved.shp
2025-05-14 12:01:38,526 [INFO] Skipped existing: 007-MRKL-Dissolved.shp
2025-05-14 12:01:38,527 [INFO] Skipped existing: 007-MRKS-Dissolved.shp
2025-05-14 12:01:38,527 [INFO] Skipped existing: 007-MSAU-Dissolved.shp
2025-05-14 12:01:38,528 [INFO] Skipped existing: 007-MSBU-Dissolved.shp
2025-05-14 12:01:38,528 [INFO] Skipped existing: 007-MSMT-Dissolved.shp
2025-05-14 12:01:38,529 [INFO] Skipped existing: 007-MSNB-Dissolved.shp
2025-05-14 12:01:38,529 [INFO] Skipped existing: 007-MSNR-Dissolved.shp
2025-05-14 12:01:38,530 [INFO] Skipped existing: 007-MSSD-Dissolved.shp
2025-05-14 12:01:38,531 [INFO] Skipped existing: 007-MSTR-Dissolved.shp
2025-05-14 12:01:38,531 [INFO] Skipped existing: 007-MTAU-Dissolved.shp
2025-05-14 12:01:38,531 [INFO] Skipped existing: 007-MTED-Dissolved.shp
2025-05-14 12:01:38,532 [INFO] Skipped existing: 007-MWGN-Dissolved.shp
2025-05-14 12:01:38,532 [INFO] Skipped existing: 007-MWGT-Dissolved.shp
2025-05-14 12:01:38,533 [INFO] Skipped existing: 007-MWTR-Dissolved.shp
2025-05-14 12:01:38,533 [INFO] Skipped existing: 007-MWTS-Dissolved.shp
2025-05-14 12:01:38,534 [INFO] Skipped existing: 007-MYHP-Dissolved.shp
2025-05-14 12:01:38,534 [INFO] Skipped existing: 007-MYRC-Dissolved.shp
2025-05-14 12:01:38,535 [INFO] Skipped existing: 007-NDAU-Dissolved.shp
2025-05-14 12:01:38,535 [INFO] Skipped existing: 007-NEAU-Dissolved.shp
2025-05-14 12:01:38,536 [INFO] Skipped existing: 007-NLAU-Dissolved.shp
2025-05-14 12:01:38,536 [INFO] Skipped existing: 007-NMKC-Dissolved.shp
2025-05-14 12:01:38,537 [INFO] Skipped existing: 007-NMKS-Dissolved.shp
2025-05-14 12:01:38,537 [INFO] Skipped existing: 007-NMVD-Dissolved.shp
2025-05-14 12:01:38,537 [INFO] Skipped existing: 007-NSON-Dissolved.shp
2025-05-14 12:01:38,538 [INFO] Skipped existing: 007-NTNR-Dissolved.shp
2025-05-14 12:01:38,538 [INFO] Skipped existing: 007-NWAU-Dissolved.shp
2025-05-14 12:01:38,539 [INFO] Skipped existing: 007-NWIN-Dissolved.shp
2025-05-14 12:01:38,539 [INFO] Skipped existing: 007-NWTR-Dissolved.shp
2025-05-14 12:01:38,540 [INFO] Skipped existing: 007-OKHU-Dissolved.shp
2025-05-14 12:01:38,540 [INFO] Skipped existing: 007-OLRD-Dissolved.shp
2025-05-14 12:01:38,541 [INFO] Skipped existing: 007-ONHC-Dissolved.shp
2025-05-14 12:01:38,541 [INFO] Skipped existing: 007-ONHS-Dissolved.shp
2025-05-14 12:01:38,541 [INFO] Skipped existing: 007-ONHW-Dissolved.shp
2025-05-14 12:01:38,542 [INFO] Skipped existing: 007-ORGA-Dissolved.shp
2025-05-14 12:01:38,542 [INFO] Skipped existing: 007-ORKB-Dissolved.shp
2025-05-14 12:01:38,543 [INFO] Skipped existing: 007-ORKL-Dissolved.shp
2025-05-14 12:01:38,543 [INFO] Skipped existing: 007-OTER-Dissolved.shp
2025-05-14 12:01:38,543 [INFO] Skipped existing: 007-OTHE-Dissolved.shp
2025-05-14 12:01:38,544 [INFO] Skipped existing: 007-OTHN-Dissolved.shp
2025-05-14 12:01:38,544 [INFO] Skipped existing: 007-OWAR-Dissolved.shp
2025-05-14 12:01:38,544 [INFO] Skipped existing: 007-PAHR-Dissolved.shp
2025-05-14 12:01:38,545 [INFO] Skipped existing: 007-PAMR-Dissolved.shp
2025-05-14 12:01:38,545 [INFO] Skipped existing: 007-PAMU-Dissolved.shp
2025-05-14 12:01:38,546 [INFO] Skipped existing: 007-PCHV-Dissolved.shp
2025-05-14 12:01:38,546 [INFO] Skipped existing: 007-PCIB-Dissolved.shp
2025-05-14 12:01:38,547 [INFO] Skipped existing: 007-PENG-Dissolved.shp
2025-05-14 12:01:38,547 [INFO] Skipped existing: 007-PHIB-Dissolved.shp
2025-05-14 12:01:38,548 [INFO] Skipped existing: 007-PKRD-Dissolved.shp
2025-05-14 12:01:38,548 [INFO] Skipped existing: 007-PNCR-Dissolved.shp
2025-05-14 12:01:38,548 [INFO] Skipped existing: 007-PNLR-Dissolved.shp
2025-05-14 12:01:38,549 [INFO] Skipped existing: 007-PNRW-Dissolved.shp
2025-05-14 12:01:38,549 [INFO] Skipped existing: 007-PRDL-Dissolved.shp
2025-05-14 12:01:38,550 [INFO] Skipped existing: 007-PRNL-Dissolved.shp
2025-05-14 12:01:38,550 [INFO] Skipped existing: 007-PRSE-Dissolved.shp
2025-05-14 12:01:38,550 [INFO] Skipped existing: 007-PSBS-Dissolved.shp
2025-05-14 12:01:38,551 [INFO] Skipped existing: 007-PTAU-Dissolved.shp
2025-05-14 12:01:38,551 [INFO] Skipped existing: 007-PTCS-Dissolved.shp
2025-05-14 12:01:38,551 [INFO] Skipped existing: 007-QAPK-Dissolved.shp
2025-05-14 12:01:38,552 [INFO] Skipped existing: 007-QNWF-Dissolved.shp
2025-05-14 12:01:38,552 [INFO] Skipped existing: 007-QUNS-Dissolved.shp
2025-05-14 12:01:38,553 [INFO] Skipped existing: 007-QYST-Dissolved.shp
2025-05-14 12:01:38,553 [INFO] Skipped existing: 007-RMAR-Dissolved.shp
2025-05-14 12:01:38,553 [INFO] Skipped existing: 007-RMUA-Dissolved.shp
2025-05-14 12:01:38,554 [INFO] Skipped existing: 007-RMUE-Dissolved.shp
2025-05-14 12:01:38,554 [INFO] Skipped existing: 007-RMUN-Dissolved.shp
2025-05-14 12:01:38,555 [INFO] Skipped existing: 007-RMUR-Dissolved.shp
2025-05-14 12:01:38,555 [INFO] Skipped existing: 007-RMUW-Dissolved.shp
2025-05-14 12:01:38,555 [INFO] Skipped existing: 007-RSBK-Dissolved.shp
2025-05-14 12:01:38,556 [INFO] Skipped existing: 007-RWEK-Dissolved.shp
2025-05-14 12:01:38,556 [INFO] Skipped existing: 007-RYLO-Dissolved.shp
2025-05-14 12:01:38,556 [INFO] Skipped existing: 007-SAAU-Dissolved.shp
2025-05-14 12:01:38,557 [INFO] Skipped existing: 007-SDGH-Dissolved.shp
2025-05-14 12:01:38,557 [INFO] Skipped existing: 007-SDOW-Dissolved.shp
2025-05-14 12:01:38,558 [INFO] Skipped existing: 007-SDWN-Dissolved.shp
2025-05-14 12:01:38,558 [INFO] Skipped existing: 007-SGRB-Dissolved.shp
2025-05-14 12:01:38,558 [INFO] Skipped existing: 007-SHAU-Dissolved.shp
2025-05-14 12:01:38,559 [INFO] Skipped existing: 007-SHLR-Dissolved.shp
2025-05-14 12:01:38,559 [INFO] Skipped existing: 007-SHRR-Dissolved.shp
2025-05-14 12:01:38,560 [INFO] Skipped existing: 007-SHTL-Dissolved.shp
2025-05-14 12:01:38,563 [INFO] Skipped existing: 007-SJHN-Dissolved.shp
2025-05-14 12:01:38,565 [INFO] Skipped existing: 007-SJHS-Dissolved.shp
2025-05-14 12:01:38,566 [INFO] Skipped existing: 007-SKCC-Dissolved.shp
2025-05-14 12:01:38,567 [INFO] Skipped existing: 007-SKCT-Dissolved.shp
2025-05-14 12:01:38,567 [INFO] Skipped existing: 007-SLUK-Dissolved.shp
2025-05-14 12:01:38,568 [INFO] Skipped existing: 007-SLVP-Dissolved.shp
2025-05-14 12:01:38,568 [INFO] Skipped existing: 007-SMAU-Dissolved.shp
2025-05-14 12:01:38,569 [INFO] Skipped existing: 007-SNYH-Dissolved.shp
2025-05-14 12:01:38,569 [INFO] Skipped existing: 007-SPGJ-Dissolved.shp
2025-05-14 12:01:38,571 [INFO] Skipped existing: 007-SPPO-Dissolved.shp
2025-05-14 12:01:38,571 [INFO] Skipped existing: 007-STNF-Dissolved.shp
2025-05-14 12:01:38,572 [INFO] Skipped existing: 007-SVPK-Dissolved.shp
2025-05-14 12:01:38,572 [INFO] Skipped existing: 007-SYLP-Dissolved.shp
2025-05-14 12:01:38,573 [INFO] Skipped existing: 007-SYNT-Dissolved.shp
2025-05-14 12:01:38,574 [INFO] Skipped existing: 007-TDPO-Dissolved.shp
2025-05-14 12:01:38,574 [INFO] Skipped existing: 007-THKG-Dissolved.shp
2025-05-14 12:01:38,575 [INFO] Skipped existing: 007-THRL-Dissolved.shp
2025-05-14 12:01:38,576 [INFO] Skipped existing: 007-TMKI-Dissolved.shp
2025-05-14 12:01:38,577 [INFO] Skipped existing: 007-TPPP-Dissolved.shp
2025-05-14 12:01:38,577 [INFO] Skipped existing: 007-UNIN-Dissolved.shp
2025-05-14 12:01:38,578 [INFO] Skipped existing: 007-UPWF-Dissolved.shp
2025-05-14 12:01:38,579 [INFO] Skipped existing: 007-VBPL-Dissolved.shp
2025-05-14 12:01:38,581 [INFO] Skipped existing: 007-VCLR-Dissolved.shp
2025-05-14 12:01:38,584 [INFO] Skipped existing: 007-VGBI-Dissolved.shp
2025-05-14 12:01:38,585 [INFO] Skipped existing: 007-VHIB-Dissolved.shp
2025-05-14 12:01:38,585 [INFO] Skipped existing: 007-VICG-Dissolved.shp
2025-05-14 12:01:38,586 [INFO] Skipped existing: 007-VICR-Dissolved.shp
2025-05-14 12:01:38,587 [INFO] Skipped existing: 007-VICW-Dissolved.shp
2025-05-14 12:01:38,588 [INFO] Skipped existing: 007-VIDT-Dissolved.shp
2025-05-14 12:01:38,588 [INFO] Skipped existing: 007-VMTI-Dissolved.shp
2025-05-14 12:01:38,589 [INFO] Skipped existing: 007-VOKC-Dissolved.shp
2025-05-14 12:01:38,590 [INFO] Skipped existing: 007-VONT-Dissolved.shp
2025-05-14 12:01:38,590 [INFO] Skipped existing: 007-VOOT-Dissolved.shp
2025-05-14 12:01:38,591 [INFO] Skipped existing: 007-VOST-Dissolved.shp
2025-05-14 12:01:38,591 [INFO] Skipped existing: 007-VOTG-Dissolved.shp
2025-05-14 12:01:38,592 [INFO] Skipped existing: 007-VPBB-Dissolved.shp
2025-05-14 12:01:38,593 [INFO] Skipped existing: 007-VRTI-Dissolved.shp
2025-05-14 12:01:38,593 [INFO] Skipped existing: 007-VSFB-Dissolved.shp
2025-05-14 12:01:38,594 [INFO] Skipped existing: 007-VSFD-Dissolved.shp
2025-05-14 12:01:38,595 [INFO] Skipped existing: 007-VWAU-Dissolved.shp
2025-05-14 12:01:38,596 [INFO] Skipped existing: 007-VWHG-Dissolved.shp
2025-05-14 12:01:38,597 [INFO] Skipped existing: 007-VWHH-Dissolved.shp
2025-05-14 12:01:38,598 [INFO] Skipped existing: 007-VWHI-Dissolved.shp
2025-05-14 12:01:38,599 [INFO] Skipped existing: 007-WESY-Dissolved.shp
2025-05-14 12:01:38,599 [INFO] Skipped existing: 007-WKWH-Dissolved.shp
2025-05-14 12:01:38,600 [INFO] Skipped existing: 007-WLQM-Dissolved.shp
2025-05-14 12:01:38,600 [INFO] Skipped existing: 007-WLSW-Dissolved.shp
2025-05-14 12:01:38,601 [INFO] Skipped existing: 007-WMAU-Dissolved.shp
2025-05-14 12:01:38,602 [INFO] Skipped existing: 007-WNIB-Dissolved.shp
2025-05-14 12:01:38,602 [INFO] Skipped existing: 007-WSAU-Dissolved.shp
2025-05-14 12:01:38,602 [INFO] Skipped existing: 007-WSTH-Dissolved.shp
2025-05-14 12:01:38,603 [INFO] Skipped existing: 007-WSTM-Dissolved.shp
2025-05-14 12:01:38,603 [INFO] Skipped existing: 007-WSTS-Dissolved.shp
2025-05-14 12:01:38,604 [INFO] Skipped existing: 007-WVTL-Dissolved.shp
2025-05-14 12:01:38,604 [INFO] Skipped existing: 008-AADT-Dissolved.shp
2025-05-14 12:01:38,605 [INFO] Skipped existing: 008-AAIB-Dissolved.shp
2025-05-14 12:01:38,605 [INFO] Skipped existing: 008-AAIT-Dissolved.shp
2025-05-14 12:01:38,606 [INFO] Skipped existing: 008-AIPO-Dissolved.shp
2025-05-14 12:01:38,607 [INFO] Skipped existing: 008-APDR-Dissolved.shp
2025-05-14 12:01:38,607 [INFO] Skipped existing: 008-BCLR-Dissolved.shp
2025-05-14 12:01:38,608 [INFO] Skipped existing: 008-BDAU-Dissolved.shp
2025-05-14 12:01:38,608 [INFO] Skipped existing: 008-BIKE-Dissolved.shp
2025-05-14 12:01:38,609 [INFO] Skipped existing: 008-BKLB-Dissolved.shp
2025-05-14 12:01:38,610 [INFO] Skipped existing: 008-BNAU-Dissolved.shp
2025-05-14 12:01:38,610 [INFO] Skipped existing: 008-BOTE-Dissolved.shp
2025-05-14 12:01:38,611 [INFO] Skipped existing: 008-BRAU-Dissolved.shp
2025-05-14 12:01:38,611 [INFO] Skipped existing: 008-BTJN-Dissolved.shp
2025-05-14 12:01:38,612 [INFO] Skipped existing: 008-BVAU-Dissolved.shp
2025-05-14 12:01:38,613 [INFO] Skipped existing: 008-CBAU-Dissolved.shp
2025-05-14 12:01:38,614 [INFO] Skipped existing: 008-CCBR-Dissolved.shp
2025-05-14 12:01:38,614 [INFO] Skipped existing: 008-CLDN-Dissolved.shp
2025-05-14 12:01:38,615 [INFO] Skipped existing: 008-CNAU-Dissolved.shp
2025-05-14 12:01:38,615 [INFO] Skipped existing: 008-CPAU-Dissolved.shp
2025-05-14 12:01:38,616 [INFO] Skipped existing: 008-CVDN-Dissolved.shp
2025-05-14 12:01:38,616 [INFO] Skipped existing: 008-CVPK-Dissolved.shp
2025-05-14 12:01:38,617 [INFO] Skipped existing: 008-DANM-Dissolved.shp
2025-05-14 12:01:38,617 [INFO] Skipped existing: 008-EBCH-Dissolved.shp
2025-05-14 12:01:38,618 [INFO] Skipped existing: 008-EGDR-Dissolved.shp
2025-05-14 12:01:38,618 [INFO] Skipped existing: 008-ETMK-Dissolved.shp
2025-05-14 12:01:38,618 [INFO] Skipped existing: 008-FAVN-Dissolved.shp
2025-05-14 12:01:38,619 [INFO] Skipped existing: 008-FEAU-Dissolved.shp
2025-05-14 12:01:38,619 [INFO] Skipped existing: 008-FLBJ-Dissolved.shp
2025-05-14 12:01:38,620 [INFO] Skipped existing: 008-FLBS-Dissolved.shp
2025-05-14 12:01:38,620 [INFO] Skipped existing: 008-FRMC-Dissolved.shp
2025-05-14 12:01:38,620 [INFO] Skipped existing: 008-GNMT-Dissolved.shp
2025-05-14 12:01:38,621 [INFO] Skipped existing: 008-HAMB-Dissolved.shp
2025-05-14 12:01:38,621 [INFO] Skipped existing: 008-HIBR-Dissolved.shp
2025-05-14 12:01:38,622 [INFO] Skipped existing: 008-HIBS-Dissolved.shp
2025-05-14 12:01:38,622 [INFO] Skipped existing: 008-HIPK-Dissolved.shp
2025-05-14 12:01:38,622 [INFO] Skipped existing: 008-HIPR-Dissolved.shp
2025-05-14 12:01:38,623 [INFO] Skipped existing: 008-HLRA-Dissolved.shp
2025-05-14 12:01:38,623 [INFO] Skipped existing: 008-HOAU-Dissolved.shp
2025-05-14 12:01:38,624 [INFO] Skipped existing: 008-HOMC-Dissolved.shp
2025-05-14 12:01:38,624 [INFO] Skipped existing: 008-HOMW-Dissolved.shp
2025-05-14 12:01:38,624 [INFO] Skipped existing: 008-HOWC-Dissolved.shp
2025-05-14 12:01:38,625 [INFO] Skipped existing: 008-HOWW-Dissolved.shp
2025-05-14 12:01:38,625 [INFO] Skipped existing: 008-HPRU-Dissolved.shp
2025-05-14 12:01:38,626 [INFO] Skipped existing: 008-HRAU-Dissolved.shp
2025-05-14 12:01:38,626 [INFO] Skipped existing: 008-HTPK-Dissolved.shp
2025-05-14 12:01:38,626 [INFO] Skipped existing: 008-JFDR-Dissolved.shp
2025-05-14 12:01:38,627 [INFO] Skipped existing: 008-MDLD-Dissolved.shp
2025-05-14 12:01:38,628 [INFO] Skipped existing: 008-MDMH-Dissolved.shp
2025-05-14 12:01:38,628 [INFO] Skipped existing: 008-MEAU-Dissolved.shp
2025-05-14 12:01:38,629 [INFO] Skipped existing: 008-MELB-Dissolved.shp
2025-05-14 12:01:38,629 [INFO] Skipped existing: 008-MGAU-Dissolved.shp
2025-05-14 12:01:38,630 [INFO] Skipped existing: 008-MGBT-Dissolved.shp
2025-05-14 12:01:38,630 [INFO] Skipped existing: 008-MGEB-Dissolved.shp
2025-05-14 12:01:38,631 [INFO] Skipped existing: 008-MGRB-Dissolved.shp
2025-05-14 12:01:38,631 [INFO] Skipped existing: 008-MGRE-Dissolved.shp
2025-05-14 12:01:38,632 [INFO] Skipped existing: 008-MGRW-Dissolved.shp
2025-05-14 12:01:38,632 [INFO] Skipped existing: 008-MHAU-Dissolved.shp
2025-05-14 12:01:38,633 [INFO] Skipped existing: 008-MIAU-Dissolved.shp
2025-05-14 12:01:38,633 [INFO] Skipped existing: 008-MILS-Dissolved.shp
2025-05-14 12:01:38,633 [INFO] Skipped existing: 008-MNAU-Dissolved.shp
2025-05-14 12:01:38,634 [INFO] Skipped existing: 008-MNKC-Dissolved.shp
2025-05-14 12:01:38,634 [INFO] Skipped existing: 008-MNKJ-Dissolved.shp
2025-05-14 12:01:38,635 [INFO] Skipped existing: 008-MRWC-Dissolved.shp
2025-05-14 12:01:38,635 [INFO] Skipped existing: 008-MRWE-Dissolved.shp
2025-05-14 12:01:38,636 [INFO] Skipped existing: 008-MRWW-Dissolved.shp
2025-05-14 12:01:38,636 [INFO] Skipped existing: 008-MUPT-Dissolved.shp
2025-05-14 12:01:38,637 [INFO] Skipped existing: 008-ORAU-Dissolved.shp
2025-05-14 12:01:38,637 [INFO] Skipped existing: 008-ORRP-Dissolved.shp
2025-05-14 12:01:38,638 [INFO] Skipped existing: 008-OTAR-Dissolved.shp
2025-05-14 12:01:38,638 [INFO] Skipped existing: 008-OTAU-Dissolved.shp
2025-05-14 12:01:38,638 [INFO] Skipped existing: 008-OTAW-Dissolved.shp
2025-05-14 12:01:38,639 [INFO] Skipped existing: 008-OTHH-Dissolved.shp
2025-05-14 12:01:38,639 [INFO] Skipped existing: 008-PCAU-Dissolved.shp
2025-05-14 12:01:38,640 [INFO] Skipped existing: 008-PEAU-Dissolved.shp
2025-05-14 12:01:38,640 [INFO] Skipped existing: 008-PKGN-Dissolved.shp
2025-05-14 12:01:38,641 [INFO] Skipped existing: 008-PKRG-Dissolved.shp
2025-05-14 12:01:38,641 [INFO] Skipped existing: 008-PNAU-Dissolved.shp
2025-05-14 12:01:38,642 [INFO] Skipped existing: 008-PPTC-Dissolved.shp
2025-05-14 12:01:38,642 [INFO] Skipped existing: 008-PPTE-Dissolved.shp
2025-05-14 12:01:38,643 [INFO] Skipped existing: 008-PPTV-Dissolved.shp
2025-05-14 12:01:38,643 [INFO] Skipped existing: 008-PPTW-Dissolved.shp
2025-05-14 12:01:38,644 [INFO] Skipped existing: 008-PSAU-Dissolved.shp
2025-05-14 12:01:38,644 [INFO] Skipped existing: 008-PUHN-Dissolved.shp
2025-05-14 12:01:38,645 [INFO] Skipped existing: 008-PUHW-Dissolved.shp
2025-05-14 12:01:38,646 [INFO] Skipped existing: 008-PUMW-Dissolved.shp
2025-05-14 12:01:38,646 [INFO] Skipped existing: 008-RBRB-Dissolved.shp
2025-05-14 12:01:38,647 [INFO] Skipped existing: 008-RCLN-Dissolved.shp
2025-05-14 12:01:38,647 [INFO] Skipped existing: 008-RDRD-Dissolved.shp
2025-05-14 12:01:38,648 [INFO] Skipped existing: 008-RMNB-Dissolved.shp
2025-05-14 12:01:38,648 [INFO] Skipped existing: 008-RNEV-Dissolved.shp
2025-05-14 12:01:38,649 [INFO] Skipped existing: 008-RPAU-Dissolved.shp
2025-05-14 12:01:38,649 [INFO] Skipped existing: 008-SHPK-Dissolved.shp
2025-05-14 12:01:38,649 [INFO] Skipped existing: 008-SMAL-Dissolved.shp
2025-05-14 12:01:38,650 [INFO] Skipped existing: 008-SNYH-Dissolved.shp
2025-05-14 12:01:38,650 [INFO] Skipped existing: 008-TEIR-Dissolved.shp
2025-05-14 12:01:38,651 [INFO] Skipped existing: 008-TGAR-Dissolved.shp
2025-05-14 12:01:38,651 [INFO] Skipped existing: 008-TIAU-Dissolved.shp
2025-05-14 12:01:38,651 [INFO] Skipped existing: 008-TIRD-Dissolved.shp
2025-05-14 12:01:38,652 [INFO] Skipped existing: 008-TKNE-Dissolved.shp
2025-05-14 12:01:38,652 [INFO] Skipped existing: 008-TKNJ-Dissolved.shp
2025-05-14 12:01:38,653 [INFO] Skipped existing: 008-TOTW-Dissolved.shp
2025-05-14 12:01:38,653 [INFO] Skipped existing: 008-TTAU-Dissolved.shp
2025-05-14 12:01:38,653 [INFO] Skipped existing: 008-TUSH-Dissolved.shp
2025-05-14 12:01:38,654 [INFO] Skipped existing: 008-VKAB-Dissolved.shp
2025-05-14 12:01:38,654 [INFO] Skipped existing: 008-VMAI-Dissolved.shp
2025-05-14 12:01:38,655 [INFO] Skipped existing: 008-VWIT-Dissolved.shp
2025-05-14 12:01:38,655 [INFO] Skipped existing: 008-WEYC-Dissolved.shp
2025-05-14 12:01:38,656 [INFO] Skipped existing: 008-WEYM-Dissolved.shp
2025-05-14 12:01:38,656 [INFO] Skipped existing: 008-WIAU-Dissolved.shp
2025-05-14 12:01:38,657 [INFO] Skipped existing: 008-WIRI-Dissolved.shp
2025-05-14 12:01:38,657 [INFO] Skipped existing: 008-XMAS-Dissolved.shp
2025-05-14 12:01:38,658 [INFO] Skipped existing: 009-ARDM-Dissolved.shp
2025-05-14 12:01:38,658 [INFO] Skipped existing: 009-AUPN-Dissolved.shp
2025-05-14 12:01:38,659 [INFO] Skipped existing: 009-COGR-Dissolved.shp
2025-05-14 12:01:38,659 [INFO] Skipped existing: 009-DRUR-Dissolved.shp
2025-05-14 12:01:38,660 [INFO] Skipped existing: 009-GVAU-Dissolved.shp
2025-05-14 12:01:38,660 [INFO] Skipped existing: 009-HGAU-Dissolved.shp
2025-05-14 12:01:38,661 [INFO] Skipped existing: 009-PDAU-Dissolved.shp
2025-05-14 12:01:38,661 [INFO] Skipped existing: 009-PPKE-Dissolved.shp
2025-05-14 12:01:38,662 [INFO] Skipped existing: 009-PPKJ-Dissolved.shp
2025-05-14 12:01:38,662 [INFO] Skipped existing: 009-PPKR-Dissolved.shp
2025-05-14 12:01:38,663 [INFO] Skipped existing: 009-PPKS-Dissolved.shp
2025-05-14 12:01:38,663 [INFO] Skipped existing: 009-REDH-Dissolved.shp
2025-05-14 12:01:38,664 [INFO] Skipped existing: 009-RHLN-Dissolved.shp
2025-05-14 12:01:38,664 [INFO] Skipped existing: 009-RHNW-Dissolved.shp
2025-05-14 12:01:38,665 [INFO] Skipped existing: 009-TKNS-Dissolved.shp
2025-05-14 12:01:38,665 [INFO] Skipped existing: 010-AWIN-Dissolved.shp
2025-05-14 12:01:38,666 [INFO] Skipped existing: 010-BNTH-Dissolved.shp
2025-05-14 12:01:38,666 [INFO] Skipped existing: 010-BOBY-Dissolved.shp
2025-05-14 12:01:38,666 [INFO] Skipped existing: 010-GNBK-Dissolved.shp
2025-05-14 12:01:38,667 [INFO] Skipped existing: 010-HNUA-Dissolved.shp
2025-05-14 12:01:38,667 [INFO] Skipped existing: 010-NPAU-Dissolved.shp
2025-05-14 12:01:38,668 [INFO] Skipped existing: 010-PKAU-Dissolved.shp
2025-05-14 12:01:38,668 [INFO] Skipped existing: 010-PKKO-Dissolved.shp
2025-05-14 12:01:38,669 [INFO] Skipped existing: 010-PKKR-Dissolved.shp
2025-05-14 12:01:38,669 [INFO] Skipped existing: 010-PKNO-Dissolved.shp
2025-05-14 12:01:38,669 [INFO] Skipped existing: 010-PRAU-Dissolved.shp
2025-05-14 12:01:38,670 [INFO] Skipped existing: 010-PUAU-Dissolved.shp
2025-05-14 12:01:38,670 [INFO] Skipped existing: 010-PUKT-Dissolved.shp
2025-05-14 12:01:38,671 [INFO] Skipped existing: 010-PWKT-Dissolved.shp
2025-05-14 12:01:38,671 [INFO] Skipped existing: 010-RATS-Dissolved.shp
2025-05-14 12:01:38,671 [INFO] Skipped existing: 010-RKRN-Dissolved.shp
2025-05-14 12:01:38,672 [INFO] Skipped existing: 010-ROAW-Dissolved.shp
2025-05-14 12:01:38,672 [INFO] Skipped existing: 010-RONS-Dissolved.shp
2025-05-14 12:01:38,673 [INFO] Skipped existing: 010-RPPV-Dissolved.shp
2025-05-14 12:01:38,673 [INFO] Skipped existing: 010-RTKO-Dissolved.shp
2025-05-14 12:01:38,674 [INFO] Skipped existing: 010-RWET-Dissolved.shp
2025-05-14 12:01:38,674 [INFO] Skipped existing: 010-VARU-Dissolved.shp
2025-05-14 12:01:38,675 [INFO] Skipped existing: 010-VBBS-Dissolved.shp
2025-05-14 12:01:38,675 [INFO] Skipped existing: 010-VCBC-Dissolved.shp
2025-05-14 12:01:38,675 [INFO] Skipped existing: 010-VCKB-Dissolved.shp
2025-05-14 12:01:38,676 [INFO] Skipped existing: 010-VDRU-Dissolved.shp
2025-05-14 12:01:38,676 [INFO] Skipped existing: 010-VGMU-Dissolved.shp
2025-05-14 12:01:38,677 [INFO] Skipped existing: 010-VKAA-Dissolved.shp
2025-05-14 12:01:38,677 [INFO] Skipped existing: 010-VKGS-Dissolved.shp
2025-05-14 12:01:38,678 [INFO] Skipped existing: 010-VMER-Dissolved.shp
2025-05-14 12:01:38,678 [INFO] Skipped existing: 010-VPKH-Dissolved.shp
2025-05-14 12:01:38,679 [INFO] Skipped existing: 010-VPTM-Dissolved.shp
2025-05-14 12:01:38,679 [INFO] Skipped existing: 010-VRRM-Dissolved.shp
2025-05-14 12:01:38,680 [INFO] Skipped existing: 010-WPAU-Dissolved.shp
2025-05-14 12:01:38,681 [INFO] Skipped existing: 010-WUKU-Dissolved.shp
2025-05-14 12:01:38,682 [INFO] Step 0.1: Generating live tower coverage union...
2025-05-14 12:01:38,691 [INFO] Filtering 555 live towers for batch dissolve...
2025-05-14 12:02:13,987 [INFO] Starting batched unary_union...
2025-05-14 12:14:03,021 [INFO] Final union of batch results...
2025-05-14 12:14:37,701 [INFO] Created 1 records
2025-05-14 12:14:37,702 [INFO] [Generated] Batched live network coverage saved to c:\Users\Jeremy\Documents\GitHub\2024-S2-R-D-Adaptive-Network-Management\ranking\tower_analysis\..\output\live_network_coverage_c246c21f_batched.shp
2025-05-14 12:14:38,259 [INFO] Live coverage generated in 779.58s
2025-05-14 12:14:38,260 [INFO] Step 0.2: Filtering uncovered facilities...
2025-05-14 12:14:51,251 [INFO] Created 45 records
2025-05-14 12:14:51,252 [INFO] [Generated] Saved 45 uncovered facilities to c:\Users\Jeremy\Documents\GitHub\2024-S2-R-D-Adaptive-Network-Management\ranking\tower_analysis\..\output\filtered_facilities_c246c21f.shp
2025-05-14 12:14:51,268 [INFO] Facility filtering done in 13.01s
2025-05-14 12:14:51,268 [INFO] Step 1: Loading failed tower geometries...
2025-05-14 12:14:52,493 [INFO] Loaded 22 failed tower geometries.
2025-05-14 12:14:52,493 [INFO] Step 2: Loading filtered facility data...
2025-05-14 12:14:52,503 [INFO] Loaded 45 filtered facilities.
2025-05-14 12:14:52,503 [INFO] Step 3: Loading population data...
2025-05-14 12:14:55,697 [INFO] Loaded 196942 population grid cells.
2025-05-14 12:14:55,697 [INFO] Step 4: Calculating exclusive coverage areas (batched with index)...
2025-05-14 12:15:23,425 [INFO] Exclusive coverage calculated in 27.73s
2025-05-14 12:15:23,426 [INFO] Step 5: Getting weights...
2025-05-14 12:15:27,402 [INFO] Using weights: {'hospital': 10, 'police': 8, 'fire_station': 9, 'population_scale': 0.00045}
2025-05-14 12:15:27,402 [INFO] Step 6: Ranking failed towers...
2025-05-14 12:15:27,834 [INFO] Ranking completed in 0.43s
2025-05-14 12:15:27,834 [INFO] Step 7: Saving results...
2025-05-14 12:15:27,836 [INFO] Ranking saved to c:\Users\Jeremy\Documents\GitHub\2024-S2-R-D-Adaptive-Network-Management\ranking\tower_analysis\..\output\tower_priority_ranking.csv
2025-05-14 12:15:27,837 [INFO] Script completed in 829.62 seconds.
