2025-05-15 10:26:12,821 [INFO] Step 0: Preprocessing dissolved shapefiles...
2025-05-15 10:26:12,966 [INFO] Found 577 unique tower prefixes to process.
2025-05-15 10:26:12,975 [INFO] Skipped existing: 004-ABAU-Dissolved.shp
2025-05-15 10:26:12,975 [INFO] Skipped existing: 004-AHRA-Dissolved.shp
2025-05-15 10:26:12,976 [INFO] Skipped existing: 004-ARMB-Dissolved.shp
2025-05-15 10:26:12,976 [INFO] Skipped existing: 004-GHBR-Dissolved.shp
2025-05-15 10:26:12,977 [INFO] Skipped existing: 004-HFAU-Dissolved.shp
2025-05-15 10:26:12,977 [INFO] Skipped existing: 004-HSVL-Dissolved.shp
2025-05-15 10:26:12,978 [INFO] Skipped existing: 004-KPKP-Dissolved.shp
2025-05-15 10:26:12,979 [INFO] Skipped existing: 004-KRKH-Dissolved.shp
2025-05-15 10:26:12,979 [INFO] Skipped existing: 004-KUMU-Dissolved.shp
2025-05-15 10:26:12,980 [INFO] Skipped existing: 004-KWIL-Dissolved.shp
2025-05-15 10:26:12,980 [INFO] Skipped existing: 004-LEGH-Dissolved.shp
2025-05-15 10:26:12,981 [INFO] Skipped existing: 004-MKRU-Dissolved.shp
2025-05-15 10:26:12,981 [INFO] Skipped existing: 004-MNLY-Dissolved.shp
2025-05-15 10:26:12,982 [INFO] Skipped existing: 004-MRWI-Dissolved.shp
2025-05-15 10:26:12,982 [INFO] Skipped existing: 004-MTKA-Dissolved.shp
2025-05-15 10:26:12,982 [INFO] Skipped existing: 004-NSAD-Dissolved.shp
2025-05-15 10:26:12,983 [INFO] Skipped existing: 004-OMAU-Dissolved.shp
2025-05-15 10:26:12,983 [INFO] Skipped existing: 004-OMHA-Dissolved.shp
2025-05-15 10:26:12,984 [INFO] Skipped existing: 004-ORWA-Dissolved.shp
2025-05-15 10:26:12,984 [INFO] Skipped existing: 004-OWAU-Dissolved.shp
2025-05-15 10:26:12,985 [INFO] Skipped existing: 004-PUHB-Dissolved.shp
2025-05-15 10:26:12,985 [INFO] Skipped existing: 004-PUHS-Dissolved.shp
2025-05-15 10:26:12,985 [INFO] Skipped existing: 004-RARV-Dissolved.shp
2025-05-15 10:26:12,986 [INFO] Skipped existing: 004-RARW-Dissolved.shp
2025-05-15 10:26:12,986 [INFO] Skipped existing: 004-RBPL-Dissolved.shp
2025-05-15 10:26:12,987 [INFO] Skipped existing: 004-RBRV-Dissolved.shp
2025-05-15 10:26:12,987 [INFO] Skipped existing: 004-RDVL-Dissolved.shp
2025-05-15 10:26:12,987 [INFO] Skipped existing: 004-REDB-Dissolved.shp
2025-05-15 10:26:12,988 [INFO] Skipped existing: 004-RGLR-Dissolved.shp
2025-05-15 10:26:12,988 [INFO] Skipped existing: 004-RIAU-Dissolved.shp
2025-05-15 10:26:12,989 [INFO] Skipped existing: 004-RKCH-Dissolved.shp
2025-05-15 10:26:12,989 [INFO] Skipped existing: 004-RMKE-Dissolved.shp
2025-05-15 10:26:12,990 [INFO] Skipped existing: 004-RMKN-Dissolved.shp
2025-05-15 10:26:12,990 [INFO] Skipped existing: 004-RPHX-Dissolved.shp
2025-05-15 10:26:12,990 [INFO] Skipped existing: 004-RPKR-Dissolved.shp
2025-05-15 10:26:12,991 [INFO] Skipped existing: 004-RSAU-Dissolved.shp
2025-05-15 10:26:12,991 [INFO] Skipped existing: 004-RSHE-Dissolved.shp
2025-05-15 10:26:12,992 [INFO] Skipped existing: 004-RTAI-Dissolved.shp
2025-05-15 10:26:12,992 [INFO] Skipped existing: 004-RVHT-Dissolved.shp
2025-05-15 10:26:12,993 [INFO] Skipped existing: 004-RVRH-Dissolved.shp
2025-05-15 10:26:12,993 [INFO] Skipped existing: 004-RWGR-Dissolved.shp
2025-05-15 10:26:12,994 [INFO] Skipped existing: 004-RWRN-Dissolved.shp
2025-05-15 10:26:12,994 [INFO] Skipped existing: 004-RWRS-Dissolved.shp
2025-05-15 10:26:12,995 [INFO] Skipped existing: 004-SDOR-Dissolved.shp
2025-05-15 10:26:12,996 [INFO] Skipped existing: 004-SNEL-Dissolved.shp
2025-05-15 10:26:12,996 [INFO] Skipped existing: 004-STMB-Dissolved.shp
2025-05-15 10:26:12,997 [INFO] Skipped existing: 004-SVDL-Dissolved.shp
2025-05-15 10:26:12,997 [INFO] Skipped existing: 004-TDBH-Dissolved.shp
2025-05-15 10:26:12,998 [INFO] Skipped existing: 004-UORW-Dissolved.shp
2025-05-15 10:26:12,998 [INFO] Skipped existing: 004-VDFT-Dissolved.shp
2025-05-15 10:26:12,998 [INFO] Skipped existing: 004-VKPH-Dissolved.shp
2025-05-15 10:26:12,999 [INFO] Skipped existing: 004-VNME-Dissolved.shp
2025-05-15 10:26:12,999 [INFO] Skipped existing: 004-VTEH-Dissolved.shp
2025-05-15 10:26:13,000 [INFO] Skipped existing: 004-VWDH-Dissolved.shp
2025-05-15 10:26:13,000 [INFO] Skipped existing: 004-WDHD-Dissolved.shp
2025-05-15 10:26:13,001 [INFO] Skipped existing: 004-WELS-Dissolved.shp
2025-05-15 10:26:13,001 [INFO] Skipped existing: 004-WHPR-Dissolved.shp
2025-05-15 10:26:13,002 [INFO] Skipped existing: 004-WKSH-Dissolved.shp
2025-05-15 10:26:13,002 [INFO] Skipped existing: 004-WMKU-Dissolved.shp
2025-05-15 10:26:13,003 [INFO] Skipped existing: 004-WRKW-Dissolved.shp
2025-05-15 10:26:13,003 [INFO] Skipped existing: 004-WTKI-Dissolved.shp
2025-05-15 10:26:13,003 [INFO] Skipped existing: 004-WWRA-Dissolved.shp
2025-05-15 10:26:13,004 [INFO] Skipped existing: 005-ABMC-Dissolved.shp
2025-05-15 10:26:13,004 [INFO] Skipped existing: 005-ASTH-Dissolved.shp
2025-05-15 10:26:13,005 [INFO] Skipped existing: 005-AYET-Dissolved.shp
2025-05-15 10:26:13,005 [INFO] Skipped existing: 005-AYWT-Dissolved.shp
2025-05-15 10:26:13,006 [INFO] Skipped existing: 005-BBCL-Dissolved.shp
2025-05-15 10:26:13,006 [INFO] Skipped existing: 005-BBNH-Dissolved.shp
2025-05-15 10:26:13,007 [INFO] Skipped existing: 005-BBSH-Dissolved.shp
2025-05-15 10:26:13,008 [INFO] Skipped existing: 005-BBWT-Dissolved.shp
2025-05-15 10:26:13,008 [INFO] Skipped existing: 005-BHHN-Dissolved.shp
2025-05-15 10:26:13,009 [INFO] Skipped existing: 005-BHNH-Dissolved.shp
2025-05-15 10:26:13,009 [INFO] Skipped existing: 005-BHSH-Dissolved.shp
2025-05-15 10:26:13,010 [INFO] Skipped existing: 005-BIRK-Dissolved.shp
2025-05-15 10:26:13,010 [INFO] Skipped existing: 005-BKCL-Dissolved.shp
2025-05-15 10:26:13,011 [INFO] Skipped existing: 005-BKWT-Dissolved.shp
2025-05-15 10:26:13,011 [INFO] Skipped existing: 005-BLMT-Dissolved.shp
2025-05-15 10:26:13,012 [INFO] Skipped existing: 005-BRBM-Dissolved.shp
2025-05-15 10:26:13,012 [INFO] Skipped existing: 005-BYPT-Dissolved.shp
2025-05-15 10:26:13,013 [INFO] Skipped existing: 005-BYVW-Dissolved.shp
2025-05-15 10:26:13,013 [INFO] Skipped existing: 005-CBAY-Dissolved.shp
2025-05-15 10:26:13,014 [INFO] Skipped existing: 005-CPBB-Dissolved.shp
2025-05-15 10:26:13,014 [INFO] Skipped existing: 005-CRHL-Dissolved.shp
2025-05-15 10:26:13,015 [INFO] Skipped existing: 005-DNTH-Dissolved.shp
2025-05-15 10:26:13,015 [INFO] Skipped existing: 005-DSTH-Dissolved.shp
2025-05-15 10:26:13,015 [INFO] Skipped existing: 005-ESMD-Dissolved.shp
2025-05-15 10:26:13,016 [INFO] Skipped existing: 005-FRHL-Dissolved.shp
2025-05-15 10:26:13,016 [INFO] Skipped existing: 005-GFCL-Dissolved.shp
2025-05-15 10:26:13,017 [INFO] Skipped existing: 005-GFRD-Dissolved.shp
2025-05-15 10:26:13,017 [INFO] Skipped existing: 005-GLNR-Dissolved.shp
2025-05-15 10:26:13,018 [INFO] Skipped existing: 005-GLSH-Dissolved.shp
2025-05-15 10:26:13,018 [INFO] Skipped existing: 005-GRNC-Dissolved.shp
2025-05-15 10:26:13,019 [INFO] Skipped existing: 005-GRNS-Dissolved.shp
2025-05-15 10:26:13,019 [INFO] Skipped existing: 005-HBBG-Dissolved.shp
2025-05-15 10:26:13,019 [INFO] Skipped existing: 005-HBRN-Dissolved.shp
2025-05-15 10:26:13,020 [INFO] Skipped existing: 005-HKCR-Dissolved.shp
2025-05-15 10:26:13,020 [INFO] Skipped existing: 005-HLCS-Dissolved.shp
2025-05-15 10:26:13,021 [INFO] Skipped existing: 005-HLCW-Dissolved.shp
2025-05-15 10:26:13,021 [INFO] Skipped existing: 005-KPRK-Dissolved.shp
2025-05-15 10:26:13,022 [INFO] Skipped existing: 005-LBAU-Dissolved.shp
2025-05-15 10:26:13,022 [INFO] Skipped existing: 005-LKPP-Dissolved.shp
2025-05-15 10:26:13,023 [INFO] Skipped existing: 005-LOAU-Dissolved.shp
2025-05-15 10:26:13,023 [INFO] Skipped existing: 005-MBYN-Dissolved.shp
2025-05-15 10:26:13,024 [INFO] Skipped existing: 005-MIBY-Dissolved.shp
2025-05-15 10:26:13,024 [INFO] Skipped existing: 005-MLFD-Dissolved.shp
2025-05-15 10:26:13,025 [INFO] Skipped existing: 005-MNCT-Dissolved.shp
2025-05-15 10:26:13,025 [INFO] Skipped existing: 005-MUBY-Dissolved.shp
2025-05-15 10:26:13,026 [INFO] Skipped existing: 005-NCMC-Dissolved.shp
2025-05-15 10:26:13,027 [INFO] Skipped existing: 005-NCOW-Dissolved.shp
2025-05-15 10:26:13,027 [INFO] Skipped existing: 005-NHBR-Dissolved.shp
2025-05-15 10:26:13,028 [INFO] Skipped existing: 005-NHST-Dissolved.shp
2025-05-15 10:26:13,028 [INFO] Skipped existing: 005-NORH-Dissolved.shp
2025-05-15 10:26:13,029 [INFO] Skipped existing: 005-NTHC-Dissolved.shp
2025-05-15 10:26:13,029 [INFO] Skipped existing: 005-NTHM-Dissolved.shp
2025-05-15 10:26:13,029 [INFO] Skipped existing: 005-NTHX-Dissolved.shp
2025-05-15 10:26:13,030 [INFO] Skipped existing: 005-NWST-Dissolved.shp
2025-05-15 10:26:13,030 [INFO] Skipped existing: 005-PNHL-Dissolved.shp
2025-05-15 10:26:13,031 [INFO] Skipped existing: 005-PRMP-Dissolved.shp
2025-05-15 10:26:13,031 [INFO] Skipped existing: 005-RBAY-Dissolved.shp
2025-05-15 10:26:13,032 [INFO] Skipped existing: 005-SNAP-Dissolved.shp
2025-05-15 10:26:13,032 [INFO] Skipped existing: 005-SNTH-Dissolved.shp
2025-05-15 10:26:13,033 [INFO] Skipped existing: 005-STBY-Dissolved.shp
2025-05-15 10:26:13,033 [INFO] Skipped existing: 005-SUNS-Dissolved.shp
2025-05-15 10:26:13,033 [INFO] Skipped existing: 005-SYNK-Dissolved.shp
2025-05-15 10:26:13,034 [INFO] Skipped existing: 005-TBYH-Dissolved.shp
2025-05-15 10:26:13,034 [INFO] Skipped existing: 005-TKPN-Dissolved.shp
2025-05-15 10:26:13,035 [INFO] Skipped existing: 005-TRBY-Dissolved.shp
2025-05-15 10:26:13,035 [INFO] Skipped existing: 005-USWH-Dissolved.shp
2025-05-15 10:26:13,036 [INFO] Skipped existing: 005-WNNI-Dissolved.shp
2025-05-15 10:26:13,036 [INFO] Skipped existing: 005-WRAU-Dissolved.shp
2025-05-15 10:26:13,037 [INFO] Skipped existing: 005-WRNH-Dissolved.shp
2025-05-15 10:26:13,037 [INFO] Skipped existing: 005-WRPK-Dissolved.shp
2025-05-15 10:26:13,038 [INFO] Skipped existing: 005-WRSH-Dissolved.shp
2025-05-15 10:26:13,038 [INFO] Skipped existing: 006-ALBN-Dissolved.shp
2025-05-15 10:26:13,039 [INFO] Skipped existing: 006-COAT-Dissolved.shp
2025-05-15 10:26:13,039 [INFO] Skipped existing: 006-CPKH-Dissolved.shp
2025-05-15 10:26:13,040 [INFO] Skipped existing: 006-CRWC-Dissolved.shp
2025-05-15 10:26:13,040 [INFO] Skipped existing: 006-ERAU-Dissolved.shp
2025-05-15 10:26:13,041 [INFO] Skipped existing: 006-GLDN-Dissolved.shp
2025-05-15 10:26:13,041 [INFO] Skipped existing: 006-GLDR-Dissolved.shp
2025-05-15 10:26:13,041 [INFO] Skipped existing: 006-GLDS-Dissolved.shp
2025-05-15 10:26:13,042 [INFO] Skipped existing: 006-GLNN-Dissolved.shp
2025-05-15 10:26:13,043 [INFO] Skipped existing: 006-GLNW-Dissolved.shp
2025-05-15 10:26:13,043 [INFO] Skipped existing: 006-GRNB-Dissolved.shp
2025-05-15 10:26:13,044 [INFO] Skipped existing: 006-HBVL-Dissolved.shp
2025-05-15 10:26:13,044 [INFO] Skipped existing: 006-HCAU-Dissolved.shp
2025-05-15 10:26:13,045 [INFO] Skipped existing: 006-HDNC-Dissolved.shp
2025-05-15 10:26:13,045 [INFO] Skipped existing: 006-HDNE-Dissolved.shp
2025-05-15 10:26:13,045 [INFO] Skipped existing: 006-HDNS-Dissolved.shp
2025-05-15 10:26:13,046 [INFO] Skipped existing: 006-HOBS-Dissolved.shp
2025-05-15 10:26:13,046 [INFO] Skipped existing: 006-HRBV-Dissolved.shp
2025-05-15 10:26:13,047 [INFO] Skipped existing: 006-HTWL-Dissolved.shp
2025-05-15 10:26:13,047 [INFO] Skipped existing: 006-JCPO-Dissolved.shp
2025-05-15 10:26:13,048 [INFO] Skipped existing: 006-KLST-Dissolved.shp
2025-05-15 10:26:13,048 [INFO] Skipped existing: 006-KSTG-Dissolved.shp
2025-05-15 10:26:13,049 [INFO] Skipped existing: 006-LCAU-Dissolved.shp
2025-05-15 10:26:13,049 [INFO] Skipped existing: 006-LCNN-Dissolved.shp
2025-05-15 10:26:13,049 [INFO] Skipped existing: 006-LCNS-Dissolved.shp
2025-05-15 10:26:13,050 [INFO] Skipped existing: 006-LCNW-Dissolved.shp
2025-05-15 10:26:13,050 [INFO] Skipped existing: 006-LNAU-Dissolved.shp
2025-05-15 10:26:13,051 [INFO] Skipped existing: 006-LNML-Dissolved.shp
2025-05-15 10:26:13,051 [INFO] Skipped existing: 006-MLPK-Dissolved.shp
2025-05-15 10:26:13,052 [INFO] Skipped existing: 006-MNTH-Dissolved.shp
2025-05-15 10:26:13,052 [INFO] Skipped existing: 006-MPRK-Dissolved.shp
2025-05-15 10:26:13,053 [INFO] Skipped existing: 006-MWST-Dissolved.shp
2025-05-15 10:26:13,053 [INFO] Skipped existing: 006-NWSC-Dissolved.shp
2025-05-15 10:26:13,054 [INFO] Skipped existing: 006-PIHA-Dissolved.shp
2025-05-15 10:26:13,054 [INFO] Skipped existing: 006-RANU-Dissolved.shp
2025-05-15 10:26:13,055 [INFO] Skipped existing: 006-RANW-Dissolved.shp
2025-05-15 10:26:13,055 [INFO] Skipped existing: 006-RLGR-Dissolved.shp
2025-05-15 10:26:13,056 [INFO] Skipped existing: 006-RNAU-Dissolved.shp
2025-05-15 10:26:13,056 [INFO] Skipped existing: 006-RSMR-Dissolved.shp
2025-05-15 10:26:13,057 [INFO] Skipped existing: 006-SNVL-Dissolved.shp
2025-05-15 10:26:13,057 [INFO] Skipped existing: 006-SWNS-Dissolved.shp
2025-05-15 10:26:13,058 [INFO] Skipped existing: 006-TATJ-Dissolved.shp
2025-05-15 10:26:13,058 [INFO] Skipped existing: 006-TEAT-Dissolved.shp
2025-05-15 10:26:13,059 [INFO] Skipped existing: 006-TIRE-Dissolved.shp
2025-05-15 10:26:13,059 [INFO] Skipped existing: 006-TIRN-Dissolved.shp
2025-05-15 10:26:13,060 [INFO] Skipped existing: 006-TIRV-Dissolved.shp
2025-05-15 10:26:13,060 [INFO] Skipped existing: 006-TRIR-Dissolved.shp
2025-05-15 10:26:13,061 [INFO] Skipped existing: 006-UDAU-Dissolved.shp
2025-05-15 10:26:13,061 [INFO] Skipped existing: 006-VWTH-Dissolved.shp
2025-05-15 10:26:13,062 [INFO] Skipped existing: 006-WDPK-Dissolved.shp
2025-05-15 10:26:13,062 [INFO] Skipped existing: 006-WHBR-Dissolved.shp
2025-05-15 10:26:13,063 [INFO] Skipped existing: 006-WHNP-Dissolved.shp
2025-05-15 10:26:13,063 [INFO] Skipped existing: 006-WHTS-Dissolved.shp
2025-05-15 10:26:13,064 [INFO] Skipped existing: 006-WKKU-Dissolved.shp
2025-05-15 10:26:13,064 [INFO] Skipped existing: 006-WTKV-Dissolved.shp
2025-05-15 10:26:13,064 [INFO] Skipped existing: 007-ABST-Dissolved.shp
2025-05-15 10:26:13,065 [INFO] Skipped existing: 007-AGPO-Dissolved.shp
2025-05-15 10:26:13,065 [INFO] Skipped existing: 007-AHIB-Dissolved.shp
2025-05-15 10:26:13,066 [INFO] Skipped existing: 007-AKLU-Dissolved.shp
2025-05-15 10:26:13,066 [INFO] Skipped existing: 007-ANZA-Dissolved.shp
2025-05-15 10:26:13,067 [INFO] Skipped existing: 007-ARHH-Dissolved.shp
2025-05-15 10:26:13,067 [INFO] Skipped existing: 007-ASAU-Dissolved.shp
2025-05-15 10:26:13,068 [INFO] Skipped existing: 007-ASHA-Dissolved.shp
2025-05-15 10:26:13,068 [INFO] Skipped existing: 007-ATSQ-Dissolved.shp
2025-05-15 10:26:13,069 [INFO] Skipped existing: 007-AUSY-Dissolved.shp
2025-05-15 10:26:13,069 [INFO] Skipped existing: 007-AVDE-Dissolved.shp
2025-05-15 10:26:13,070 [INFO] Skipped existing: 007-AVDL-Dissolved.shp
2025-05-15 10:26:13,070 [INFO] Skipped existing: 007-AVDR-Dissolved.shp
2025-05-15 10:26:13,070 [INFO] Skipped existing: 007-AVDS-Dissolved.shp
2025-05-15 10:26:13,071 [INFO] Skipped existing: 007-AZIB-Dissolved.shp
2025-05-15 10:26:13,071 [INFO] Skipped existing: 007-BGOC-Dissolved.shp
2025-05-15 10:26:13,072 [INFO] Skipped existing: 007-BHBE-Dissolved.shp
2025-05-15 10:26:13,072 [INFO] Skipped existing: 007-BHBW-Dissolved.shp
2025-05-15 10:26:13,073 [INFO] Skipped existing: 007-BMAU-Dissolved.shp
2025-05-15 10:26:13,074 [INFO] Skipped existing: 007-BMRL-Dissolved.shp
2025-05-15 10:26:13,074 [INFO] Skipped existing: 007-BMRR-Dissolved.shp
2025-05-15 10:26:13,075 [INFO] Skipped existing: 007-BSPO-Dissolved.shp
2025-05-15 10:26:13,076 [INFO] Skipped existing: 007-BSPT-Dissolved.shp
2025-05-15 10:26:13,076 [INFO] Skipped existing: 007-BTAU-Dissolved.shp
2025-05-15 10:26:13,076 [INFO] Skipped existing: 007-BTMR-Dissolved.shp
2025-05-15 10:26:13,077 [INFO] Skipped existing: 007-CBIB-Dissolved.shp
2025-05-15 10:26:13,077 [INFO] Skipped existing: 007-CEAU-Dissolved.shp
2025-05-15 10:26:13,078 [INFO] Skipped existing: 007-CGNH-Dissolved.shp
2025-05-15 10:26:13,078 [INFO] Skipped existing: 007-CRAU-Dissolved.shp
2025-05-15 10:26:13,078 [INFO] Skipped existing: 007-DMRC-Dissolved.shp
2025-05-15 10:26:13,079 [INFO] Skipped existing: 007-DMRN-Dissolved.shp
2025-05-15 10:26:13,079 [INFO] Skipped existing: 007-DTET-Dissolved.shp
2025-05-15 10:26:13,080 [INFO] Skipped existing: 007-DTWT-Dissolved.shp
2025-05-15 10:26:13,080 [INFO] Skipped existing: 007-EDPN-Dissolved.shp
2025-05-15 10:26:13,080 [INFO] Skipped existing: 007-EDPS-Dissolved.shp
2025-05-15 10:26:13,081 [INFO] Skipped existing: 007-EDTR-Dissolved.shp
2025-05-15 10:26:13,081 [INFO] Skipped existing: 007-ELER-Dissolved.shp
2025-05-15 10:26:13,081 [INFO] Skipped existing: 007-ELRN-Dissolved.shp
2025-05-15 10:26:13,082 [INFO] Skipped existing: 007-ELRW-Dissolved.shp
2025-05-15 10:26:13,082 [INFO] Skipped existing: 007-ELSC-Dissolved.shp
2025-05-15 10:26:13,083 [INFO] Skipped existing: 007-EPSM-Dissolved.shp
2025-05-15 10:26:13,083 [INFO] Skipped existing: 007-ESAU-Dissolved.shp
2025-05-15 10:26:13,083 [INFO] Skipped existing: 007-ETBG-Dissolved.shp
2025-05-15 10:26:13,084 [INFO] Skipped existing: 007-EWAU-Dissolved.shp
2025-05-15 10:26:13,084 [INFO] Skipped existing: 007-FKLN-Dissolved.shp
2025-05-15 10:26:13,085 [INFO] Skipped existing: 007-FSAU-Dissolved.shp
2025-05-15 10:26:13,085 [INFO] Skipped existing: 007-FSHQ-Dissolved.shp
2025-05-15 10:26:13,085 [INFO] Skipped existing: 007-FSTM-Dissolved.shp
2025-05-15 10:26:13,086 [INFO] Skipped existing: 007-GDWT-Dissolved.shp
2025-05-15 10:26:13,086 [INFO] Skipped existing: 007-GFTG-Dissolved.shp
2025-05-15 10:26:13,087 [INFO] Skipped existing: 007-GINN-Dissolved.shp
2025-05-15 10:26:13,087 [INFO] Skipped existing: 007-GLAU-Dissolved.shp
2025-05-15 10:26:13,087 [INFO] Skipped existing: 007-GLYN-Dissolved.shp
2025-05-15 10:26:13,088 [INFO] Skipped existing: 007-GLYS-Dissolved.shp
2025-05-15 10:26:13,088 [INFO] Skipped existing: 007-GNLE-Dissolved.shp
2025-05-15 10:26:13,089 [INFO] Skipped existing: 007-GRAU-Dissolved.shp
2025-05-15 10:26:13,089 [INFO] Skipped existing: 007-GWDC-Dissolved.shp
2025-05-15 10:26:13,090 [INFO] Skipped existing: 007-GYLN-Dissolved.shp
2025-05-15 10:26:13,090 [INFO] Skipped existing: 007-HALS-Dissolved.shp
2025-05-15 10:26:13,091 [INFO] Skipped existing: 007-HBBS-Dissolved.shp
2025-05-15 10:26:13,091 [INFO] Skipped existing: 007-HBRS-Dissolved.shp
2025-05-15 10:26:13,092 [INFO] Skipped existing: 007-HERR-Dissolved.shp
2025-05-15 10:26:13,092 [INFO] Skipped existing: 007-HILB-Dissolved.shp
2025-05-15 10:26:13,092 [INFO] Skipped existing: 007-HRBM-Dissolved.shp
2025-05-15 10:26:13,093 [INFO] Skipped existing: 007-HTST-Dissolved.shp
2025-05-15 10:26:13,093 [INFO] Skipped existing: 007-JMWB-Dissolved.shp
2025-05-15 10:26:13,094 [INFO] Skipped existing: 007-KARD-Dissolved.shp
2025-05-15 10:26:13,094 [INFO] Skipped existing: 007-KBPS-Dissolved.shp
2025-05-15 10:26:13,094 [INFO] Skipped existing: 007-KBRP-Dissolved.shp
2025-05-15 10:26:13,095 [INFO] Skipped existing: 007-KGLS-Dissolved.shp
2025-05-15 10:26:13,095 [INFO] Skipped existing: 007-KGSL-Dissolved.shp
2025-05-15 10:26:13,096 [INFO] Skipped existing: 007-KGTN-Dissolved.shp
2025-05-15 10:26:13,096 [INFO] Skipped existing: 007-KHMR-Dissolved.shp
2025-05-15 10:26:13,096 [INFO] Skipped existing: 007-KHMS-Dissolved.shp
2025-05-15 10:26:13,097 [INFO] Skipped existing: 007-KPAU-Dissolved.shp
2025-05-15 10:26:13,097 [INFO] Skipped existing: 007-KPBR-Dissolved.shp
2025-05-15 10:26:13,097 [INFO] Skipped existing: 007-KPIB-Dissolved.shp
2025-05-15 10:26:13,098 [INFO] Skipped existing: 007-KPIG-Dissolved.shp
2025-05-15 10:26:13,098 [INFO] Skipped existing: 007-KPRR-Dissolved.shp
2025-05-15 10:26:13,099 [INFO] Skipped existing: 007-KRAU-Dissolved.shp
2025-05-15 10:26:13,099 [INFO] Skipped existing: 007-LPKW-Dissolved.shp
2025-05-15 10:26:13,100 [INFO] Skipped existing: 007-LYNF-Dissolved.shp
2025-05-15 10:26:13,100 [INFO] Skipped existing: 007-LYNN-Dissolved.shp
2025-05-15 10:26:13,100 [INFO] Skipped existing: 007-MALE-Dissolved.shp
2025-05-15 10:26:13,101 [INFO] Skipped existing: 007-MAPO-Dissolved.shp
2025-05-15 10:26:13,101 [INFO] Skipped existing: 007-MBUR-Dissolved.shp
2025-05-15 10:26:13,102 [INFO] Skipped existing: 007-MCHB-Dissolved.shp
2025-05-15 10:26:13,102 [INFO] Skipped existing: 007-MCMT-Dissolved.shp
2025-05-15 10:26:13,102 [INFO] Skipped existing: 007-MCON-Dissolved.shp
2025-05-15 10:26:13,103 [INFO] Skipped existing: 007-MCOS-Dissolved.shp
2025-05-15 10:26:13,103 [INFO] Skipped existing: 007-MEDM-Dissolved.shp
2025-05-15 10:26:13,104 [INFO] Skipped existing: 007-MEDV-Dissolved.shp
2025-05-15 10:26:13,104 [INFO] Skipped existing: 007-MKTR-Dissolved.shp
2025-05-15 10:26:13,104 [INFO] Skipped existing: 007-MNGS-Dissolved.shp
2025-05-15 10:26:13,105 [INFO] Skipped existing: 007-MRAU-Dissolved.shp
2025-05-15 10:26:13,105 [INFO] Skipped existing: 007-MRKL-Dissolved.shp
2025-05-15 10:26:13,106 [INFO] Skipped existing: 007-MRKS-Dissolved.shp
2025-05-15 10:26:13,106 [INFO] Skipped existing: 007-MSAU-Dissolved.shp
2025-05-15 10:26:13,107 [INFO] Skipped existing: 007-MSBU-Dissolved.shp
2025-05-15 10:26:13,107 [INFO] Skipped existing: 007-MSMT-Dissolved.shp
2025-05-15 10:26:13,107 [INFO] Skipped existing: 007-MSNB-Dissolved.shp
2025-05-15 10:26:13,108 [INFO] Skipped existing: 007-MSNR-Dissolved.shp
2025-05-15 10:26:13,108 [INFO] Skipped existing: 007-MSSD-Dissolved.shp
2025-05-15 10:26:13,109 [INFO] Skipped existing: 007-MSTR-Dissolved.shp
2025-05-15 10:26:13,109 [INFO] Skipped existing: 007-MTAU-Dissolved.shp
2025-05-15 10:26:13,110 [INFO] Skipped existing: 007-MTED-Dissolved.shp
2025-05-15 10:26:13,110 [INFO] Skipped existing: 007-MWGN-Dissolved.shp
2025-05-15 10:26:13,110 [INFO] Skipped existing: 007-MWGT-Dissolved.shp
2025-05-15 10:26:13,111 [INFO] Skipped existing: 007-MWTR-Dissolved.shp
2025-05-15 10:26:13,111 [INFO] Skipped existing: 007-MWTS-Dissolved.shp
2025-05-15 10:26:13,112 [INFO] Skipped existing: 007-MYHP-Dissolved.shp
2025-05-15 10:26:13,112 [INFO] Skipped existing: 007-MYRC-Dissolved.shp
2025-05-15 10:26:13,112 [INFO] Skipped existing: 007-NDAU-Dissolved.shp
2025-05-15 10:26:13,113 [INFO] Skipped existing: 007-NEAU-Dissolved.shp
2025-05-15 10:26:13,113 [INFO] Skipped existing: 007-NLAU-Dissolved.shp
2025-05-15 10:26:13,113 [INFO] Skipped existing: 007-NMKC-Dissolved.shp
2025-05-15 10:26:13,114 [INFO] Skipped existing: 007-NMKS-Dissolved.shp
2025-05-15 10:26:13,114 [INFO] Skipped existing: 007-NMVD-Dissolved.shp
2025-05-15 10:26:13,115 [INFO] Skipped existing: 007-NSON-Dissolved.shp
2025-05-15 10:26:13,115 [INFO] Skipped existing: 007-NTNR-Dissolved.shp
2025-05-15 10:26:13,115 [INFO] Skipped existing: 007-NWAU-Dissolved.shp
2025-05-15 10:26:13,116 [INFO] Skipped existing: 007-NWIN-Dissolved.shp
2025-05-15 10:26:13,116 [INFO] Skipped existing: 007-NWTR-Dissolved.shp
2025-05-15 10:26:13,117 [INFO] Skipped existing: 007-OKHU-Dissolved.shp
2025-05-15 10:26:13,117 [INFO] Skipped existing: 007-OLRD-Dissolved.shp
2025-05-15 10:26:13,117 [INFO] Skipped existing: 007-ONHC-Dissolved.shp
2025-05-15 10:26:13,118 [INFO] Skipped existing: 007-ONHS-Dissolved.shp
2025-05-15 10:26:13,118 [INFO] Skipped existing: 007-ONHW-Dissolved.shp
2025-05-15 10:26:13,119 [INFO] Skipped existing: 007-ORGA-Dissolved.shp
2025-05-15 10:26:13,119 [INFO] Skipped existing: 007-ORKB-Dissolved.shp
2025-05-15 10:26:13,119 [INFO] Skipped existing: 007-ORKL-Dissolved.shp
2025-05-15 10:26:13,120 [INFO] Skipped existing: 007-OTER-Dissolved.shp
2025-05-15 10:26:13,120 [INFO] Skipped existing: 007-OTHE-Dissolved.shp
2025-05-15 10:26:13,121 [INFO] Skipped existing: 007-OTHN-Dissolved.shp
2025-05-15 10:26:13,121 [INFO] Skipped existing: 007-OWAR-Dissolved.shp
2025-05-15 10:26:13,121 [INFO] Skipped existing: 007-PAHR-Dissolved.shp
2025-05-15 10:26:13,122 [INFO] Skipped existing: 007-PAMR-Dissolved.shp
2025-05-15 10:26:13,122 [INFO] Skipped existing: 007-PAMU-Dissolved.shp
2025-05-15 10:26:13,123 [INFO] Skipped existing: 007-PCHV-Dissolved.shp
2025-05-15 10:26:13,123 [INFO] Skipped existing: 007-PCIB-Dissolved.shp
2025-05-15 10:26:13,124 [INFO] Skipped existing: 007-PENG-Dissolved.shp
2025-05-15 10:26:13,124 [INFO] Skipped existing: 007-PHIB-Dissolved.shp
2025-05-15 10:26:13,124 [INFO] Skipped existing: 007-PKRD-Dissolved.shp
2025-05-15 10:26:13,125 [INFO] Skipped existing: 007-PNCR-Dissolved.shp
2025-05-15 10:26:13,125 [INFO] Skipped existing: 007-PNLR-Dissolved.shp
2025-05-15 10:26:13,126 [INFO] Skipped existing: 007-PNRW-Dissolved.shp
2025-05-15 10:26:13,126 [INFO] Skipped existing: 007-PRDL-Dissolved.shp
2025-05-15 10:26:13,126 [INFO] Skipped existing: 007-PRNL-Dissolved.shp
2025-05-15 10:26:13,127 [INFO] Skipped existing: 007-PRSE-Dissolved.shp
2025-05-15 10:26:13,127 [INFO] Skipped existing: 007-PSBS-Dissolved.shp
2025-05-15 10:26:13,127 [INFO] Skipped existing: 007-PTAU-Dissolved.shp
2025-05-15 10:26:13,128 [INFO] Skipped existing: 007-PTCS-Dissolved.shp
2025-05-15 10:26:13,128 [INFO] Skipped existing: 007-QAPK-Dissolved.shp
2025-05-15 10:26:13,129 [INFO] Skipped existing: 007-QNWF-Dissolved.shp
2025-05-15 10:26:13,129 [INFO] Skipped existing: 007-QUNS-Dissolved.shp
2025-05-15 10:26:13,130 [INFO] Skipped existing: 007-QYST-Dissolved.shp
2025-05-15 10:26:13,130 [INFO] Skipped existing: 007-RMAR-Dissolved.shp
2025-05-15 10:26:13,130 [INFO] Skipped existing: 007-RMUA-Dissolved.shp
2025-05-15 10:26:13,131 [INFO] Skipped existing: 007-RMUE-Dissolved.shp
2025-05-15 10:26:13,131 [INFO] Skipped existing: 007-RMUN-Dissolved.shp
2025-05-15 10:26:13,131 [INFO] Skipped existing: 007-RMUR-Dissolved.shp
2025-05-15 10:26:13,132 [INFO] Skipped existing: 007-RMUW-Dissolved.shp
2025-05-15 10:26:13,132 [INFO] Skipped existing: 007-RSBK-Dissolved.shp
2025-05-15 10:26:13,133 [INFO] Skipped existing: 007-RWEK-Dissolved.shp
2025-05-15 10:26:13,133 [INFO] Skipped existing: 007-RYLO-Dissolved.shp
2025-05-15 10:26:13,134 [INFO] Skipped existing: 007-SAAU-Dissolved.shp
2025-05-15 10:26:13,134 [INFO] Skipped existing: 007-SDGH-Dissolved.shp
2025-05-15 10:26:13,135 [INFO] Skipped existing: 007-SDOW-Dissolved.shp
2025-05-15 10:26:13,135 [INFO] Skipped existing: 007-SDWN-Dissolved.shp
2025-05-15 10:26:13,136 [INFO] Skipped existing: 007-SGRB-Dissolved.shp
2025-05-15 10:26:13,136 [INFO] Skipped existing: 007-SHAU-Dissolved.shp
2025-05-15 10:26:13,137 [INFO] Skipped existing: 007-SHLR-Dissolved.shp
2025-05-15 10:26:13,137 [INFO] Skipped existing: 007-SHRR-Dissolved.shp
2025-05-15 10:26:13,137 [INFO] Skipped existing: 007-SHTL-Dissolved.shp
2025-05-15 10:26:13,138 [INFO] Skipped existing: 007-SJHN-Dissolved.shp
2025-05-15 10:26:13,138 [INFO] Skipped existing: 007-SJHS-Dissolved.shp
2025-05-15 10:26:13,139 [INFO] Skipped existing: 007-SKCC-Dissolved.shp
2025-05-15 10:26:13,139 [INFO] Skipped existing: 007-SKCT-Dissolved.shp
2025-05-15 10:26:13,140 [INFO] Skipped existing: 007-SLUK-Dissolved.shp
2025-05-15 10:26:13,140 [INFO] Skipped existing: 007-SLVP-Dissolved.shp
2025-05-15 10:26:13,140 [INFO] Skipped existing: 007-SMAU-Dissolved.shp
2025-05-15 10:26:13,141 [INFO] Skipped existing: 007-SNYH-Dissolved.shp
2025-05-15 10:26:13,141 [INFO] Skipped existing: 007-SPGJ-Dissolved.shp
2025-05-15 10:26:13,142 [INFO] Skipped existing: 007-SPPO-Dissolved.shp
2025-05-15 10:26:13,142 [INFO] Skipped existing: 007-STNF-Dissolved.shp
2025-05-15 10:26:13,142 [INFO] Skipped existing: 007-SVPK-Dissolved.shp
2025-05-15 10:26:13,143 [INFO] Skipped existing: 007-SYLP-Dissolved.shp
2025-05-15 10:26:13,143 [INFO] Skipped existing: 007-SYNT-Dissolved.shp
2025-05-15 10:26:13,144 [INFO] Skipped existing: 007-TDPO-Dissolved.shp
2025-05-15 10:26:13,144 [INFO] Skipped existing: 007-THKG-Dissolved.shp
2025-05-15 10:26:13,145 [INFO] Skipped existing: 007-THRL-Dissolved.shp
2025-05-15 10:26:13,145 [INFO] Skipped existing: 007-TMKI-Dissolved.shp
2025-05-15 10:26:13,145 [INFO] Skipped existing: 007-TPPP-Dissolved.shp
2025-05-15 10:26:13,146 [INFO] Skipped existing: 007-UNIN-Dissolved.shp
2025-05-15 10:26:13,146 [INFO] Skipped existing: 007-UPWF-Dissolved.shp
2025-05-15 10:26:13,147 [INFO] Skipped existing: 007-VBPL-Dissolved.shp
2025-05-15 10:26:13,147 [INFO] Skipped existing: 007-VCLR-Dissolved.shp
2025-05-15 10:26:13,147 [INFO] Skipped existing: 007-VGBI-Dissolved.shp
2025-05-15 10:26:13,148 [INFO] Skipped existing: 007-VHIB-Dissolved.shp
2025-05-15 10:26:13,148 [INFO] Skipped existing: 007-VICG-Dissolved.shp
2025-05-15 10:26:13,149 [INFO] Skipped existing: 007-VICR-Dissolved.shp
2025-05-15 10:26:13,149 [INFO] Skipped existing: 007-VICW-Dissolved.shp
2025-05-15 10:26:13,150 [INFO] Skipped existing: 007-VIDT-Dissolved.shp
2025-05-15 10:26:13,150 [INFO] Skipped existing: 007-VMTI-Dissolved.shp
2025-05-15 10:26:13,150 [INFO] Skipped existing: 007-VOKC-Dissolved.shp
2025-05-15 10:26:13,151 [INFO] Skipped existing: 007-VONT-Dissolved.shp
2025-05-15 10:26:13,151 [INFO] Skipped existing: 007-VOOT-Dissolved.shp
2025-05-15 10:26:13,152 [INFO] Skipped existing: 007-VOST-Dissolved.shp
2025-05-15 10:26:13,152 [INFO] Skipped existing: 007-VOTG-Dissolved.shp
2025-05-15 10:26:13,152 [INFO] Skipped existing: 007-VPBB-Dissolved.shp
2025-05-15 10:26:13,153 [INFO] Skipped existing: 007-VRTI-Dissolved.shp
2025-05-15 10:26:13,153 [INFO] Skipped existing: 007-VSFB-Dissolved.shp
2025-05-15 10:26:13,153 [INFO] Skipped existing: 007-VSFD-Dissolved.shp
2025-05-15 10:26:13,154 [INFO] Skipped existing: 007-VWAU-Dissolved.shp
2025-05-15 10:26:13,154 [INFO] Skipped existing: 007-VWHG-Dissolved.shp
2025-05-15 10:26:13,155 [INFO] Skipped existing: 007-VWHH-Dissolved.shp
2025-05-15 10:26:13,155 [INFO] Skipped existing: 007-VWHI-Dissolved.shp
2025-05-15 10:26:13,156 [INFO] Skipped existing: 007-WESY-Dissolved.shp
2025-05-15 10:26:13,156 [INFO] Skipped existing: 007-WKWH-Dissolved.shp
2025-05-15 10:26:13,156 [INFO] Skipped existing: 007-WLQM-Dissolved.shp
2025-05-15 10:26:13,157 [INFO] Skipped existing: 007-WLSW-Dissolved.shp
2025-05-15 10:26:13,157 [INFO] Skipped existing: 007-WMAU-Dissolved.shp
2025-05-15 10:26:13,158 [INFO] Skipped existing: 007-WNIB-Dissolved.shp
2025-05-15 10:26:13,158 [INFO] Skipped existing: 007-WSAU-Dissolved.shp
2025-05-15 10:26:13,158 [INFO] Skipped existing: 007-WSTH-Dissolved.shp
2025-05-15 10:26:13,159 [INFO] Skipped existing: 007-WSTM-Dissolved.shp
2025-05-15 10:26:13,159 [INFO] Skipped existing: 007-WSTS-Dissolved.shp
2025-05-15 10:26:13,160 [INFO] Skipped existing: 007-WVTL-Dissolved.shp
2025-05-15 10:26:13,160 [INFO] Skipped existing: 008-AADT-Dissolved.shp
2025-05-15 10:26:13,160 [INFO] Skipped existing: 008-AAIB-Dissolved.shp
2025-05-15 10:26:13,161 [INFO] Skipped existing: 008-AAIT-Dissolved.shp
2025-05-15 10:26:13,161 [INFO] Skipped existing: 008-AIPO-Dissolved.shp
2025-05-15 10:26:13,161 [INFO] Skipped existing: 008-APDR-Dissolved.shp
2025-05-15 10:26:13,162 [INFO] Skipped existing: 008-BCLR-Dissolved.shp
2025-05-15 10:26:13,162 [INFO] Skipped existing: 008-BDAU-Dissolved.shp
2025-05-15 10:26:13,163 [INFO] Skipped existing: 008-BIKE-Dissolved.shp
2025-05-15 10:26:13,163 [INFO] Skipped existing: 008-BKLB-Dissolved.shp
2025-05-15 10:26:13,163 [INFO] Skipped existing: 008-BNAU-Dissolved.shp
2025-05-15 10:26:13,164 [INFO] Skipped existing: 008-BOTE-Dissolved.shp
2025-05-15 10:26:13,164 [INFO] Skipped existing: 008-BRAU-Dissolved.shp
2025-05-15 10:26:13,164 [INFO] Skipped existing: 008-BTJN-Dissolved.shp
2025-05-15 10:26:13,165 [INFO] Skipped existing: 008-BVAU-Dissolved.shp
2025-05-15 10:26:13,165 [INFO] Skipped existing: 008-CBAU-Dissolved.shp
2025-05-15 10:26:13,165 [INFO] Skipped existing: 008-CCBR-Dissolved.shp
2025-05-15 10:26:13,166 [INFO] Skipped existing: 008-CLDN-Dissolved.shp
2025-05-15 10:26:13,166 [INFO] Skipped existing: 008-CNAU-Dissolved.shp
2025-05-15 10:26:13,166 [INFO] Skipped existing: 008-CPAU-Dissolved.shp
2025-05-15 10:26:13,167 [INFO] Skipped existing: 008-CVDN-Dissolved.shp
2025-05-15 10:26:13,167 [INFO] Skipped existing: 008-CVPK-Dissolved.shp
2025-05-15 10:26:13,168 [INFO] Skipped existing: 008-DANM-Dissolved.shp
2025-05-15 10:26:13,168 [INFO] Skipped existing: 008-EBCH-Dissolved.shp
2025-05-15 10:26:13,168 [INFO] Skipped existing: 008-EGDR-Dissolved.shp
2025-05-15 10:26:13,169 [INFO] Skipped existing: 008-ETMK-Dissolved.shp
2025-05-15 10:26:13,169 [INFO] Skipped existing: 008-FAVN-Dissolved.shp
2025-05-15 10:26:13,169 [INFO] Skipped existing: 008-FEAU-Dissolved.shp
2025-05-15 10:26:13,170 [INFO] Skipped existing: 008-FLBJ-Dissolved.shp
2025-05-15 10:26:13,170 [INFO] Skipped existing: 008-FLBS-Dissolved.shp
2025-05-15 10:26:13,170 [INFO] Skipped existing: 008-FRMC-Dissolved.shp
2025-05-15 10:26:13,171 [INFO] Skipped existing: 008-GNMT-Dissolved.shp
2025-05-15 10:26:13,171 [INFO] Skipped existing: 008-HAMB-Dissolved.shp
2025-05-15 10:26:13,171 [INFO] Skipped existing: 008-HIBR-Dissolved.shp
2025-05-15 10:26:13,172 [INFO] Skipped existing: 008-HIBS-Dissolved.shp
2025-05-15 10:26:13,172 [INFO] Skipped existing: 008-HIPK-Dissolved.shp
2025-05-15 10:26:13,173 [INFO] Skipped existing: 008-HIPR-Dissolved.shp
2025-05-15 10:26:13,173 [INFO] Skipped existing: 008-HLRA-Dissolved.shp
2025-05-15 10:26:13,174 [INFO] Skipped existing: 008-HOAU-Dissolved.shp
2025-05-15 10:26:13,174 [INFO] Skipped existing: 008-HOMC-Dissolved.shp
2025-05-15 10:26:13,174 [INFO] Skipped existing: 008-HOMW-Dissolved.shp
2025-05-15 10:26:13,175 [INFO] Skipped existing: 008-HOWC-Dissolved.shp
2025-05-15 10:26:13,175 [INFO] Skipped existing: 008-HOWW-Dissolved.shp
2025-05-15 10:26:13,176 [INFO] Skipped existing: 008-HPRU-Dissolved.shp
2025-05-15 10:26:13,176 [INFO] Skipped existing: 008-HRAU-Dissolved.shp
2025-05-15 10:26:13,176 [INFO] Skipped existing: 008-HTPK-Dissolved.shp
2025-05-15 10:26:13,177 [INFO] Skipped existing: 008-JFDR-Dissolved.shp
2025-05-15 10:26:13,177 [INFO] Skipped existing: 008-MDLD-Dissolved.shp
2025-05-15 10:26:13,178 [INFO] Skipped existing: 008-MDMH-Dissolved.shp
2025-05-15 10:26:13,178 [INFO] Skipped existing: 008-MEAU-Dissolved.shp
2025-05-15 10:26:13,178 [INFO] Skipped existing: 008-MELB-Dissolved.shp
2025-05-15 10:26:13,179 [INFO] Skipped existing: 008-MGAU-Dissolved.shp
2025-05-15 10:26:13,179 [INFO] Skipped existing: 008-MGBT-Dissolved.shp
2025-05-15 10:26:13,180 [INFO] Skipped existing: 008-MGEB-Dissolved.shp
2025-05-15 10:26:13,180 [INFO] Skipped existing: 008-MGRB-Dissolved.shp
2025-05-15 10:26:13,180 [INFO] Skipped existing: 008-MGRE-Dissolved.shp
2025-05-15 10:26:13,181 [INFO] Skipped existing: 008-MGRW-Dissolved.shp
2025-05-15 10:26:13,181 [INFO] Skipped existing: 008-MHAU-Dissolved.shp
2025-05-15 10:26:13,182 [INFO] Skipped existing: 008-MIAU-Dissolved.shp
2025-05-15 10:26:13,182 [INFO] Skipped existing: 008-MILS-Dissolved.shp
2025-05-15 10:26:13,182 [INFO] Skipped existing: 008-MNAU-Dissolved.shp
2025-05-15 10:26:13,183 [INFO] Skipped existing: 008-MNKC-Dissolved.shp
2025-05-15 10:26:13,183 [INFO] Skipped existing: 008-MNKJ-Dissolved.shp
2025-05-15 10:26:13,184 [INFO] Skipped existing: 008-MRWC-Dissolved.shp
2025-05-15 10:26:13,184 [INFO] Skipped existing: 008-MRWE-Dissolved.shp
2025-05-15 10:26:13,185 [INFO] Skipped existing: 008-MRWW-Dissolved.shp
2025-05-15 10:26:13,185 [INFO] Skipped existing: 008-MUPT-Dissolved.shp
2025-05-15 10:26:13,185 [INFO] Skipped existing: 008-ORAU-Dissolved.shp
2025-05-15 10:26:13,186 [INFO] Skipped existing: 008-ORRP-Dissolved.shp
2025-05-15 10:26:13,186 [INFO] Skipped existing: 008-OTAR-Dissolved.shp
2025-05-15 10:26:13,186 [INFO] Skipped existing: 008-OTAU-Dissolved.shp
2025-05-15 10:26:13,187 [INFO] Skipped existing: 008-OTAW-Dissolved.shp
2025-05-15 10:26:13,187 [INFO] Skipped existing: 008-OTHH-Dissolved.shp
2025-05-15 10:26:13,188 [INFO] Skipped existing: 008-PCAU-Dissolved.shp
2025-05-15 10:26:13,188 [INFO] Skipped existing: 008-PEAU-Dissolved.shp
2025-05-15 10:26:13,188 [INFO] Skipped existing: 008-PKGN-Dissolved.shp
2025-05-15 10:26:13,189 [INFO] Skipped existing: 008-PKRG-Dissolved.shp
2025-05-15 10:26:13,189 [INFO] Skipped existing: 008-PNAU-Dissolved.shp
2025-05-15 10:26:13,190 [INFO] Skipped existing: 008-PPTC-Dissolved.shp
2025-05-15 10:26:13,190 [INFO] Skipped existing: 008-PPTE-Dissolved.shp
2025-05-15 10:26:13,191 [INFO] Skipped existing: 008-PPTV-Dissolved.shp
2025-05-15 10:26:13,191 [INFO] Skipped existing: 008-PPTW-Dissolved.shp
2025-05-15 10:26:13,192 [INFO] Skipped existing: 008-PSAU-Dissolved.shp
2025-05-15 10:26:13,192 [INFO] Skipped existing: 008-PUHN-Dissolved.shp
2025-05-15 10:26:13,192 [INFO] Skipped existing: 008-PUHW-Dissolved.shp
2025-05-15 10:26:13,193 [INFO] Skipped existing: 008-PUMW-Dissolved.shp
2025-05-15 10:26:13,193 [INFO] Skipped existing: 008-RBRB-Dissolved.shp
2025-05-15 10:26:13,194 [INFO] Skipped existing: 008-RCLN-Dissolved.shp
2025-05-15 10:26:13,194 [INFO] Skipped existing: 008-RDRD-Dissolved.shp
2025-05-15 10:26:13,195 [INFO] Skipped existing: 008-RMNB-Dissolved.shp
2025-05-15 10:26:13,195 [INFO] Skipped existing: 008-RNEV-Dissolved.shp
2025-05-15 10:26:13,195 [INFO] Skipped existing: 008-RPAU-Dissolved.shp
2025-05-15 10:26:13,196 [INFO] Skipped existing: 008-SHPK-Dissolved.shp
2025-05-15 10:26:13,196 [INFO] Skipped existing: 008-SMAL-Dissolved.shp
2025-05-15 10:26:13,197 [INFO] Skipped existing: 008-SNYH-Dissolved.shp
2025-05-15 10:26:13,197 [INFO] Skipped existing: 008-TEIR-Dissolved.shp
2025-05-15 10:26:13,197 [INFO] Skipped existing: 008-TGAR-Dissolved.shp
2025-05-15 10:26:13,198 [INFO] Skipped existing: 008-TIAU-Dissolved.shp
2025-05-15 10:26:13,198 [INFO] Skipped existing: 008-TIRD-Dissolved.shp
2025-05-15 10:26:13,199 [INFO] Skipped existing: 008-TKNE-Dissolved.shp
2025-05-15 10:26:13,199 [INFO] Skipped existing: 008-TKNJ-Dissolved.shp
2025-05-15 10:26:13,199 [INFO] Skipped existing: 008-TOTW-Dissolved.shp
2025-05-15 10:26:13,200 [INFO] Skipped existing: 008-TTAU-Dissolved.shp
2025-05-15 10:26:13,200 [INFO] Skipped existing: 008-TUSH-Dissolved.shp
2025-05-15 10:26:13,200 [INFO] Skipped existing: 008-VKAB-Dissolved.shp
2025-05-15 10:26:13,201 [INFO] Skipped existing: 008-VMAI-Dissolved.shp
2025-05-15 10:26:13,201 [INFO] Skipped existing: 008-VWIT-Dissolved.shp
2025-05-15 10:26:13,202 [INFO] Skipped existing: 008-WEYC-Dissolved.shp
2025-05-15 10:26:13,202 [INFO] Skipped existing: 008-WEYM-Dissolved.shp
2025-05-15 10:26:13,202 [INFO] Skipped existing: 008-WIAU-Dissolved.shp
2025-05-15 10:26:13,203 [INFO] Skipped existing: 008-WIRI-Dissolved.shp
2025-05-15 10:26:13,203 [INFO] Skipped existing: 008-XMAS-Dissolved.shp
2025-05-15 10:26:13,204 [INFO] Skipped existing: 009-ARDM-Dissolved.shp
2025-05-15 10:26:13,204 [INFO] Skipped existing: 009-AUPN-Dissolved.shp
2025-05-15 10:26:13,204 [INFO] Skipped existing: 009-COGR-Dissolved.shp
2025-05-15 10:26:13,205 [INFO] Skipped existing: 009-DRUR-Dissolved.shp
2025-05-15 10:26:13,205 [INFO] Skipped existing: 009-GVAU-Dissolved.shp
2025-05-15 10:26:13,206 [INFO] Skipped existing: 009-HGAU-Dissolved.shp
2025-05-15 10:26:13,206 [INFO] Skipped existing: 009-PDAU-Dissolved.shp
2025-05-15 10:26:13,206 [INFO] Skipped existing: 009-PPKE-Dissolved.shp
2025-05-15 10:26:13,207 [INFO] Skipped existing: 009-PPKJ-Dissolved.shp
2025-05-15 10:26:13,207 [INFO] Skipped existing: 009-PPKR-Dissolved.shp
2025-05-15 10:26:13,208 [INFO] Skipped existing: 009-PPKS-Dissolved.shp
2025-05-15 10:26:13,208 [INFO] Skipped existing: 009-REDH-Dissolved.shp
2025-05-15 10:26:13,209 [INFO] Skipped existing: 009-RHLN-Dissolved.shp
2025-05-15 10:26:13,209 [INFO] Skipped existing: 009-RHNW-Dissolved.shp
2025-05-15 10:26:13,209 [INFO] Skipped existing: 009-TKNS-Dissolved.shp
2025-05-15 10:26:13,210 [INFO] Skipped existing: 010-AWIN-Dissolved.shp
2025-05-15 10:26:13,210 [INFO] Skipped existing: 010-BNTH-Dissolved.shp
2025-05-15 10:26:13,211 [INFO] Skipped existing: 010-BOBY-Dissolved.shp
2025-05-15 10:26:13,211 [INFO] Skipped existing: 010-GNBK-Dissolved.shp
2025-05-15 10:26:13,211 [INFO] Skipped existing: 010-HNUA-Dissolved.shp
2025-05-15 10:26:13,212 [INFO] Skipped existing: 010-NPAU-Dissolved.shp
2025-05-15 10:26:13,212 [INFO] Skipped existing: 010-PKAU-Dissolved.shp
2025-05-15 10:26:13,212 [INFO] Skipped existing: 010-PKKO-Dissolved.shp
2025-05-15 10:26:13,213 [INFO] Skipped existing: 010-PKKR-Dissolved.shp
2025-05-15 10:26:13,213 [INFO] Skipped existing: 010-PKNO-Dissolved.shp
2025-05-15 10:26:13,214 [INFO] Skipped existing: 010-PRAU-Dissolved.shp
2025-05-15 10:26:13,214 [INFO] Skipped existing: 010-PUAU-Dissolved.shp
2025-05-15 10:26:13,214 [INFO] Skipped existing: 010-PUKT-Dissolved.shp
2025-05-15 10:26:13,215 [INFO] Skipped existing: 010-PWKT-Dissolved.shp
2025-05-15 10:26:13,215 [INFO] Skipped existing: 010-RATS-Dissolved.shp
2025-05-15 10:26:13,216 [INFO] Skipped existing: 010-RKRN-Dissolved.shp
2025-05-15 10:26:13,216 [INFO] Skipped existing: 010-ROAW-Dissolved.shp
2025-05-15 10:26:13,216 [INFO] Skipped existing: 010-RONS-Dissolved.shp
2025-05-15 10:26:13,217 [INFO] Skipped existing: 010-RPPV-Dissolved.shp
2025-05-15 10:26:13,217 [INFO] Skipped existing: 010-RTKO-Dissolved.shp
2025-05-15 10:26:13,217 [INFO] Skipped existing: 010-RWET-Dissolved.shp
2025-05-15 10:26:13,218 [INFO] Skipped existing: 010-VARU-Dissolved.shp
2025-05-15 10:26:13,218 [INFO] Skipped existing: 010-VBBS-Dissolved.shp
2025-05-15 10:26:13,219 [INFO] Skipped existing: 010-VCBC-Dissolved.shp
2025-05-15 10:26:13,219 [INFO] Skipped existing: 010-VCKB-Dissolved.shp
2025-05-15 10:26:13,219 [INFO] Skipped existing: 010-VDRU-Dissolved.shp
2025-05-15 10:26:13,220 [INFO] Skipped existing: 010-VGMU-Dissolved.shp
2025-05-15 10:26:13,220 [INFO] Skipped existing: 010-VKAA-Dissolved.shp
2025-05-15 10:26:13,221 [INFO] Skipped existing: 010-VKGS-Dissolved.shp
2025-05-15 10:26:13,221 [INFO] Skipped existing: 010-VMER-Dissolved.shp
2025-05-15 10:26:13,221 [INFO] Skipped existing: 010-VPKH-Dissolved.shp
2025-05-15 10:26:13,222 [INFO] Skipped existing: 010-VPTM-Dissolved.shp
2025-05-15 10:26:13,222 [INFO] Skipped existing: 010-VRRM-Dissolved.shp
2025-05-15 10:26:13,223 [INFO] Skipped existing: 010-WPAU-Dissolved.shp
2025-05-15 10:26:13,223 [INFO] Skipped existing: 010-WUKU-Dissolved.shp
2025-05-15 10:26:13,224 [INFO] Step 0.1: Generating live tower coverage union...
2025-05-15 10:26:13,228 [INFO] [Reuse] Live network coverage already exists: c:\Users\Jeremy\Documents\GitHub\2024-S2-R-D-Adaptive-Network-Management\ranking\tower_analysis\..\output\live_network_coverage_c246c21f_batched.shp
2025-05-15 10:26:13,228 [INFO] Live coverage generated in 0.00s
2025-05-15 10:26:13,228 [INFO] Step 0.2: Filtering uncovered facilities...
2025-05-15 10:26:13,230 [INFO] [Reuse] Filtered facilities already exists: c:\Users\Jeremy\Documents\GitHub\2024-S2-R-D-Adaptive-Network-Management\ranking\tower_analysis\..\output\filtered_facilities_c246c21f.shp
2025-05-15 10:26:13,230 [INFO] Facility filtering done in 0.00s
2025-05-15 10:26:13,230 [INFO] Step 1: Loading failed tower geometries...
2025-05-15 10:26:14,569 [INFO] Loaded 22 failed tower geometries.
2025-05-15 10:26:14,569 [INFO] Step 2: Loading filtered facility data...
2025-05-15 10:26:14,590 [INFO] Loaded 45 filtered facilities.
2025-05-15 10:26:14,590 [INFO] Step 3: Loading population data...
2025-05-15 10:26:17,856 [INFO] Loaded 196942 population grid cells.
2025-05-15 10:26:17,856 [INFO] Step 4: Calculating exclusive coverage areas (batched with index)...
2025-05-15 10:26:46,116 [INFO] Exclusive coverage calculated in 28.26s
2025-05-15 10:26:46,117 [INFO] Step 5: Getting weights...
2025-05-15 10:28:08,744 [INFO] Using weights: {'hospital': 10, 'police': 8, 'fire_station': 9, 'population_scale': 0.00045}
2025-05-15 10:28:08,744 [INFO] Step 6: Ranking failed towers...
2025-05-15 10:28:08,946 [ERROR] An error occurred during execution.
Traceback (most recent call last):
  File "C:\Users\Jeremy\AppData\Local\Programs\Python\Python313\Lib\site-packages\pandas\core\indexes\base.py", line 3805, in get_loc
    return self._engine.get_loc(casted_key)
           ~~~~~~~~~~~~~~~~~~~~^^^^^^^^^^^^
  File "index.pyx", line 167, in pandas._libs.index.IndexEngine.get_loc
  File "index.pyx", line 196, in pandas._libs.index.IndexEngine.get_loc
  File "pandas\\_libs\\hashtable_class_helper.pxi", line 7081, in pandas._libs.hashtable.PyObjectHashTable.get_item
  File "pandas\\_libs\\hashtable_class_helper.pxi", line 7089, in pandas._libs.hashtable.PyObjectHashTable.get_item
KeyError: 'PopEst2023'

The above exception was the direct cause of the following exception:

Traceback (most recent call last):
  File "c:\Users\Jeremy\Documents\GitHub\2024-S2-R-D-Adaptive-Network-Management\ranking\main.py", line 101, in main
    tower_scores = rank_failed_towers(
        failed_exclusive_coverage,
    ...<2 lines>...
        user_weights
    )
  File "c:\Users\Jeremy\Documents\GitHub\2024-S2-R-D-Adaptive-Network-Management\ranking\tower_analysis\ranking.py", line 30, in rank_failed_towers
    pop_weighted, pop_unweighted = calculate_population_within_coverage(
                                   ~~~~~~~~~~~~~~~~~~~~~~~~~~~~~~~~~~~~^
        failed_exclusive_coverage, population_gdf
        ^^^^^^^^^^^^^^^^^^^^^^^^^^^^^^^^^^^^^^^^^
    )
    ^
  File "c:\Users\Jeremy\Documents\GitHub\2024-S2-R-D-Adaptive-Network-Management\ranking\tower_analysis\coverage_analysis.py", line 111, in calculate_population_within_coverage
    intersection["weighted_pop"] = intersection["area_ratio"] * intersection["PopEst2023"]
                                                                ~~~~~~~~~~~~^^^^^^^^^^^^^^
  File "C:\Users\Jeremy\AppData\Local\Programs\Python\Python313\Lib\site-packages\geopandas\geodataframe.py", line 1750, in __getitem__
    result = super().__getitem__(key)
  File "C:\Users\Jeremy\AppData\Local\Programs\Python\Python313\Lib\site-packages\pandas\core\frame.py", line 4102, in __getitem__
    indexer = self.columns.get_loc(key)
  File "C:\Users\Jeremy\AppData\Local\Programs\Python\Python313\Lib\site-packages\pandas\core\indexes\base.py", line 3812, in get_loc
    raise KeyError(key) from err
KeyError: 'PopEst2023'
2025-05-15 10:28:08,963 [INFO] Script completed in 116.14 seconds.
