2025-05-22 13:17:24,020 [INFO] Logger initialized: logs\log_20250522_131724.log
2025-05-22 13:17:24,020 [INFO] Current working directory: C:\Users\Jeremy\Documents\GitHub\2024-S2-R-D-Adaptive-Network-Management\ranking
2025-05-22 13:18:01,309 [INFO] Limiting live tower coverage to prefix range: ('001', '005')
2025-05-22 13:18:01,309 [INFO] Step 1: Preprocessing dissolved shapefiles...
2025-05-22 13:18:01,491 [INFO] Found 261 tower groups to process (within range).
2025-05-22 13:18:01,499 [INFO] Skipped existing: 001-AHPA-Dissolved.shp
2025-05-22 13:18:01,500 [INFO] Skipped existing: 001-COPB-Dissolved.shp
2025-05-22 13:18:01,503 [INFO] Skipped existing: 001-HHRC-Dissolved.shp
2025-05-22 13:18:01,504 [INFO] Skipped existing: 001-KAIH-Dissolved.shp
2025-05-22 13:18:01,505 [INFO] Skipped existing: 001-KIKH-Dissolved.shp
2025-05-22 13:18:01,506 [INFO] Skipped existing: 001-KRIL-Dissolved.shp
2025-05-22 13:18:01,507 [INFO] Skipped existing: 001-KRKC-Dissolved.shp
2025-05-22 13:18:01,507 [INFO] Skipped existing: 001-KRKR-Dissolved.shp
2025-05-22 13:18:01,508 [INFO] Skipped existing: 001-KTIA-Dissolved.shp
2025-05-22 13:18:01,509 [INFO] Skipped existing: 001-KWKA-Dissolved.shp
2025-05-22 13:18:01,510 [INFO] Skipped existing: 001-KWKE-Dissolved.shp
2025-05-22 13:18:01,510 [INFO] Skipped existing: 001-MTWA-Dissolved.shp
2025-05-22 13:18:01,511 [INFO] Skipped existing: 001-PHIA-Dissolved.shp
2025-05-22 13:18:01,512 [INFO] Skipped existing: 001-RAWR-Dissolved.shp
2025-05-22 13:18:01,513 [INFO] Skipped existing: 001-RBRW-Dissolved.shp
2025-05-22 13:18:01,513 [INFO] Skipped existing: 001-RDVB-Dissolved.shp
2025-05-22 13:18:01,514 [INFO] Skipped existing: 001-RFIR-Dissolved.shp
2025-05-22 13:18:01,514 [INFO] Skipped existing: 001-RFRB-Dissolved.shp
2025-05-22 13:18:01,515 [INFO] Skipped existing: 001-RHRK-Dissolved.shp
2025-05-22 13:18:01,516 [INFO] Skipped existing: 001-RLNG-Dissolved.shp
2025-05-22 13:18:01,516 [INFO] Skipped existing: 001-RMGI-Dissolved.shp
2025-05-22 13:18:01,517 [INFO] Skipped existing: 001-RMTC-Dissolved.shp
2025-05-22 13:18:01,519 [INFO] Skipped existing: 001-RNMB-Dissolved.shp
2025-05-22 13:18:01,520 [INFO] Skipped existing: 001-ROMN-Dissolved.shp
2025-05-22 13:18:01,521 [INFO] Skipped existing: 001-ROMR-Dissolved.shp
2025-05-22 13:18:01,522 [INFO] Skipped existing: 001-ROOK-Dissolved.shp
2025-05-22 13:18:01,522 [INFO] Skipped existing: 001-ROUH-Dissolved.shp
2025-05-22 13:18:01,523 [INFO] Skipped existing: 001-RPOI-Dissolved.shp
2025-05-22 13:18:01,524 [INFO] Skipped existing: 001-RPRB-Dissolved.shp
2025-05-22 13:18:01,526 [INFO] Skipped existing: 001-RPTH-Dissolved.shp
2025-05-22 13:18:01,527 [INFO] Skipped existing: 001-RPWE-Dissolved.shp
2025-05-22 13:18:01,528 [INFO] Skipped existing: 001-RSLL-Dissolved.shp
2025-05-22 13:18:01,529 [INFO] Skipped existing: 001-RTAK-Dissolved.shp
2025-05-22 13:18:01,529 [INFO] Skipped existing: 001-RTEP-Dissolved.shp
2025-05-22 13:18:01,530 [INFO] Skipped existing: 001-RTPA-Dissolved.shp
2025-05-22 13:18:01,531 [INFO] Skipped existing: 001-RTSS-Dissolved.shp
2025-05-22 13:18:01,531 [INFO] Skipped existing: 001-RUTK-Dissolved.shp
2025-05-22 13:18:01,532 [INFO] Skipped existing: 001-RWAL-Dissolved.shp
2025-05-22 13:18:01,533 [INFO] Skipped existing: 001-RWAN-Dissolved.shp
2025-05-22 13:18:01,534 [INFO] Skipped existing: 001-RWAR-Dissolved.shp
2025-05-22 13:18:01,535 [INFO] Skipped existing: 001-RWAV-Dissolved.shp
2025-05-22 13:18:01,536 [INFO] Skipped existing: 001-RWMA-Dissolved.shp
2025-05-22 13:18:01,536 [INFO] Skipped existing: 001-RWMK-Dissolved.shp
2025-05-22 13:18:01,537 [INFO] Skipped existing: 001-RWNE-Dissolved.shp
2025-05-22 13:18:01,538 [INFO] Skipped existing: 001-TBAY-Dissolved.shp
2025-05-22 13:18:01,538 [INFO] Skipped existing: 001-VAWN-Dissolved.shp
2025-05-22 13:18:01,539 [INFO] Skipped existing: 001-VCKP-Dissolved.shp
2025-05-22 13:18:01,540 [INFO] Skipped existing: 001-VHRF-Dissolved.shp
2025-05-22 13:18:01,540 [INFO] Skipped existing: 001-VKAO-Dissolved.shp
2025-05-22 13:18:01,541 [INFO] Skipped existing: 001-VMBY-Dissolved.shp
2025-05-22 13:18:01,543 [INFO] Skipped existing: 001-VMHK-Dissolved.shp
2025-05-22 13:18:01,543 [INFO] Skipped existing: 001-VOKI-Dissolved.shp
2025-05-22 13:18:01,544 [INFO] Skipped existing: 001-VOMP-Dissolved.shp
2025-05-22 13:18:01,545 [INFO] Skipped existing: 001-VOPR-Dissolved.shp
2025-05-22 13:18:01,546 [INFO] Skipped existing: 001-VPAR-Dissolved.shp
2025-05-22 13:18:01,546 [INFO] Skipped existing: 001-VTKE-Dissolved.shp
2025-05-22 13:18:01,547 [INFO] Skipped existing: 001-VTOW-Dissolved.shp
2025-05-22 13:18:01,548 [INFO] Skipped existing: 001-VTRB-Dissolved.shp
2025-05-22 13:18:01,549 [INFO] Skipped existing: 001-VWGA-Dissolved.shp
2025-05-22 13:18:01,549 [INFO] Skipped existing: 001-VXHK-Dissolved.shp
2025-05-22 13:18:01,550 [INFO] Skipped existing: 002-BRDW-Dissolved.shp
2025-05-22 13:18:01,551 [INFO] Skipped existing: 002-BUSH-Dissolved.shp
2025-05-22 13:18:01,552 [INFO] Skipped existing: 002-HIKU-Dissolved.shp
2025-05-22 13:18:01,553 [INFO] Skipped existing: 002-KAMO-Dissolved.shp
2025-05-22 13:18:01,554 [INFO] Skipped existing: 002-KENS-Dissolved.shp
2025-05-22 13:18:01,555 [INFO] Skipped existing: 002-KNTH-Dissolved.shp
2025-05-22 13:18:01,556 [INFO] Skipped existing: 002-MARU-Dissolved.shp
2025-05-22 13:18:01,557 [INFO] Skipped existing: 002-MAUN-Dissolved.shp
2025-05-22 13:18:01,558 [INFO] Skipped existing: 002-MGKM-Dissolved.shp
2025-05-22 13:18:01,558 [INFO] Skipped existing: 002-MRPT-Dissolved.shp
2025-05-22 13:18:01,559 [INFO] Skipped existing: 002-MTPR-Dissolved.shp
2025-05-22 13:18:01,560 [INFO] Skipped existing: 002-MVLG-Dissolved.shp
2025-05-22 13:18:01,561 [INFO] Skipped existing: 002-OKAR-Dissolved.shp
2025-05-22 13:18:01,561 [INFO] Skipped existing: 002-OTAN-Dissolved.shp
2025-05-22 13:18:01,562 [INFO] Skipped existing: 002-OTKA-Dissolved.shp
2025-05-22 13:18:01,563 [INFO] Skipped existing: 002-OTPT-Dissolved.shp
2025-05-22 13:18:01,563 [INFO] Skipped existing: 002-PTLD-Dissolved.shp
2025-05-22 13:18:01,564 [INFO] Skipped existing: 002-RARC-Dissolved.shp
2025-05-22 13:18:01,564 [INFO] Skipped existing: 002-RBAU-Dissolved.shp
2025-05-22 13:18:01,565 [INFO] Skipped existing: 002-RDIG-Dissolved.shp
2025-05-22 13:18:01,566 [INFO] Skipped existing: 002-RKAR-Dissolved.shp
2025-05-22 13:18:01,567 [INFO] Skipped existing: 002-RMKA-Dissolved.shp
2025-05-22 13:18:01,568 [INFO] Skipped existing: 002-RMTG-Dissolved.shp
2025-05-22 13:18:01,569 [INFO] Skipped existing: 002-ROMM-Dissolved.shp
2025-05-22 13:18:01,569 [INFO] Skipped existing: 002-ROWB-Dissolved.shp
2025-05-22 13:18:01,570 [INFO] Skipped existing: 002-RPNK-Dissolved.shp
2025-05-22 13:18:01,571 [INFO] Skipped existing: 002-RPPW-Dissolved.shp
2025-05-22 13:18:01,572 [INFO] Skipped existing: 002-RPRK-Dissolved.shp
2025-05-22 13:18:01,573 [INFO] Skipped existing: 002-RRBW-Dissolved.shp
2025-05-22 13:18:01,574 [INFO] Skipped existing: 002-RRKB-Dissolved.shp
2025-05-22 13:18:01,575 [INFO] Skipped existing: 002-RTAH-Dissolved.shp
2025-05-22 13:18:01,576 [INFO] Skipped existing: 002-RTWT-Dissolved.shp
2025-05-22 13:18:01,577 [INFO] Skipped existing: 002-RURQ-Dissolved.shp
2025-05-22 13:18:01,577 [INFO] Skipped existing: 002-RWGH-Dissolved.shp
2025-05-22 13:18:01,578 [INFO] Skipped existing: 002-SHER-Dissolved.shp
2025-05-22 13:18:01,578 [INFO] Skipped existing: 002-SNAU-Dissolved.shp
2025-05-22 13:18:01,579 [INFO] Skipped existing: 002-TPNG-Dissolved.shp
2025-05-22 13:18:01,580 [INFO] Skipped existing: 002-TTKK-Dissolved.shp
2025-05-22 13:18:01,580 [INFO] Skipped existing: 002-VHBY-Dissolved.shp
2025-05-22 13:18:01,581 [INFO] Skipped existing: 002-VHKI-Dissolved.shp
2025-05-22 13:18:01,582 [INFO] Skipped existing: 002-WCAU-Dissolved.shp
2025-05-22 13:18:01,583 [INFO] Skipped existing: 002-WGRU-Dissolved.shp
2025-05-22 13:18:01,584 [INFO] Skipped existing: 002-WHNG-Dissolved.shp
2025-05-22 13:18:01,585 [INFO] Skipped existing: 002-WHOS-Dissolved.shp
2025-05-22 13:18:01,586 [INFO] Skipped existing: 002-WIPU-Dissolved.shp
2025-05-22 13:18:01,586 [INFO] Skipped existing: 002-WVAU-Dissolved.shp
2025-05-22 13:18:01,587 [INFO] Skipped existing: 003-DGVL-Dissolved.shp
2025-05-22 13:18:01,588 [INFO] Skipped existing: 003-HRKA-Dissolved.shp
2025-05-22 13:18:01,589 [INFO] Skipped existing: 003-KAKA-Dissolved.shp
2025-05-22 13:18:01,590 [INFO] Skipped existing: 003-MGTT-Dissolved.shp
2025-05-22 13:18:01,590 [INFO] Skipped existing: 003-MNGW-Dissolved.shp
2025-05-22 13:18:01,591 [INFO] Skipped existing: 003-RAGA-Dissolved.shp
2025-05-22 13:18:01,592 [INFO] Skipped existing: 003-RGLG-Dissolved.shp
2025-05-22 13:18:01,593 [INFO] Skipped existing: 003-RKPE-Dissolved.shp
2025-05-22 13:18:01,593 [INFO] Skipped existing: 003-RMHM-Dissolved.shp
2025-05-22 13:18:01,594 [INFO] Skipped existing: 003-ROOK-Dissolved.shp
2025-05-22 13:18:01,595 [INFO] Skipped existing: 003-RTGO-Dissolved.shp
2025-05-22 13:18:01,595 [INFO] Skipped existing: 003-RTNP-Dissolved.shp
2025-05-22 13:18:01,596 [INFO] Skipped existing: 003-RTRB-Dissolved.shp
2025-05-22 13:18:01,597 [INFO] Skipped existing: 003-RTTM-Dissolved.shp
2025-05-22 13:18:01,597 [INFO] Skipped existing: 003-RWAI-Dissolved.shp
2025-05-22 13:18:01,598 [INFO] Skipped existing: 003-RWFS-Dissolved.shp
2025-05-22 13:18:01,599 [INFO] Skipped existing: 003-RWHP-Dissolved.shp
2025-05-22 13:18:01,600 [INFO] Skipped existing: 003-VBYB-Dissolved.shp
2025-05-22 13:18:01,601 [INFO] Skipped existing: 003-VKAI-Dissolved.shp
2025-05-22 13:18:01,602 [INFO] Skipped existing: 003-VMSO-Dissolved.shp
2025-05-22 13:18:01,603 [INFO] Skipped existing: 003-VPPA-Dissolved.shp
2025-05-22 13:18:01,604 [INFO] Skipped existing: 003-VTGH-Dissolved.shp
2025-05-22 13:18:01,604 [INFO] Skipped existing: 004-ABAU-Dissolved.shp
2025-05-22 13:18:01,605 [INFO] Skipped existing: 004-AHRA-Dissolved.shp
2025-05-22 13:18:01,606 [INFO] Skipped existing: 004-ARMB-Dissolved.shp
2025-05-22 13:18:01,607 [INFO] Skipped existing: 004-GHBR-Dissolved.shp
2025-05-22 13:18:01,608 [INFO] Skipped existing: 004-HFAU-Dissolved.shp
2025-05-22 13:18:01,608 [INFO] Skipped existing: 004-HSVL-Dissolved.shp
2025-05-22 13:18:01,609 [INFO] Skipped existing: 004-KPKP-Dissolved.shp
2025-05-22 13:18:01,610 [INFO] Skipped existing: 004-KRKH-Dissolved.shp
2025-05-22 13:18:01,610 [INFO] Skipped existing: 004-KUMU-Dissolved.shp
2025-05-22 13:18:01,611 [INFO] Skipped existing: 004-KWIL-Dissolved.shp
2025-05-22 13:18:01,612 [INFO] Skipped existing: 004-LEGH-Dissolved.shp
2025-05-22 13:18:01,612 [INFO] Skipped existing: 004-MKRU-Dissolved.shp
2025-05-22 13:18:01,613 [INFO] Skipped existing: 004-MNLY-Dissolved.shp
2025-05-22 13:18:01,613 [INFO] Skipped existing: 004-MRWI-Dissolved.shp
2025-05-22 13:18:01,614 [INFO] Skipped existing: 004-MTKA-Dissolved.shp
2025-05-22 13:18:01,615 [INFO] Skipped existing: 004-NSAD-Dissolved.shp
2025-05-22 13:18:01,616 [INFO] Skipped existing: 004-OMAU-Dissolved.shp
2025-05-22 13:18:01,616 [INFO] Skipped existing: 004-OMHA-Dissolved.shp
2025-05-22 13:18:01,617 [INFO] Skipped existing: 004-ORWA-Dissolved.shp
2025-05-22 13:18:01,618 [INFO] Skipped existing: 004-OWAU-Dissolved.shp
2025-05-22 13:18:01,619 [INFO] Skipped existing: 004-PUHB-Dissolved.shp
2025-05-22 13:18:01,620 [INFO] Skipped existing: 004-PUHS-Dissolved.shp
2025-05-22 13:18:01,621 [INFO] Skipped existing: 004-RARV-Dissolved.shp
2025-05-22 13:18:01,622 [INFO] Skipped existing: 004-RARW-Dissolved.shp
2025-05-22 13:18:01,623 [INFO] Skipped existing: 004-RBPL-Dissolved.shp
2025-05-22 13:18:01,624 [INFO] Skipped existing: 004-RBRV-Dissolved.shp
2025-05-22 13:18:01,624 [INFO] Skipped existing: 004-RDVL-Dissolved.shp
2025-05-22 13:18:01,625 [INFO] Skipped existing: 004-REDB-Dissolved.shp
2025-05-22 13:18:01,626 [INFO] Skipped existing: 004-RGLR-Dissolved.shp
2025-05-22 13:18:01,627 [INFO] Skipped existing: 004-RIAU-Dissolved.shp
2025-05-22 13:18:01,627 [INFO] Skipped existing: 004-RKCH-Dissolved.shp
2025-05-22 13:18:01,628 [INFO] Skipped existing: 004-RMKE-Dissolved.shp
2025-05-22 13:18:01,629 [INFO] Skipped existing: 004-RMKN-Dissolved.shp
2025-05-22 13:18:01,630 [INFO] Skipped existing: 004-RPHX-Dissolved.shp
2025-05-22 13:18:01,631 [INFO] Skipped existing: 004-RPKR-Dissolved.shp
2025-05-22 13:18:01,631 [INFO] Skipped existing: 004-RSAU-Dissolved.shp
2025-05-22 13:18:01,632 [INFO] Skipped existing: 004-RSHE-Dissolved.shp
2025-05-22 13:18:01,633 [INFO] Skipped existing: 004-RTAI-Dissolved.shp
2025-05-22 13:18:01,634 [INFO] Skipped existing: 004-RVHT-Dissolved.shp
2025-05-22 13:18:01,635 [INFO] Skipped existing: 004-RVRH-Dissolved.shp
2025-05-22 13:18:01,636 [INFO] Skipped existing: 004-RWGR-Dissolved.shp
2025-05-22 13:18:01,637 [INFO] Skipped existing: 004-RWRN-Dissolved.shp
2025-05-22 13:18:01,637 [INFO] Skipped existing: 004-RWRS-Dissolved.shp
2025-05-22 13:18:01,638 [INFO] Skipped existing: 004-SDOR-Dissolved.shp
2025-05-22 13:18:01,639 [INFO] Skipped existing: 004-SNEL-Dissolved.shp
2025-05-22 13:18:01,640 [INFO] Skipped existing: 004-STMB-Dissolved.shp
2025-05-22 13:18:01,641 [INFO] Skipped existing: 004-SVDL-Dissolved.shp
2025-05-22 13:18:01,642 [INFO] Skipped existing: 004-TDBH-Dissolved.shp
2025-05-22 13:18:01,643 [INFO] Skipped existing: 004-UORW-Dissolved.shp
2025-05-22 13:18:01,644 [INFO] Skipped existing: 004-VDFT-Dissolved.shp
2025-05-22 13:18:01,645 [INFO] Skipped existing: 004-VKPH-Dissolved.shp
2025-05-22 13:18:01,646 [INFO] Skipped existing: 004-VNME-Dissolved.shp
2025-05-22 13:18:01,647 [INFO] Skipped existing: 004-VTEH-Dissolved.shp
2025-05-22 13:18:01,647 [INFO] Skipped existing: 004-VWDH-Dissolved.shp
2025-05-22 13:18:01,648 [INFO] Skipped existing: 004-WDHD-Dissolved.shp
2025-05-22 13:18:01,649 [INFO] Skipped existing: 004-WELS-Dissolved.shp
2025-05-22 13:18:01,649 [INFO] Skipped existing: 004-WHPR-Dissolved.shp
2025-05-22 13:18:01,650 [INFO] Skipped existing: 004-WKSH-Dissolved.shp
2025-05-22 13:18:01,651 [INFO] Skipped existing: 004-WMKU-Dissolved.shp
2025-05-22 13:18:01,651 [INFO] Skipped existing: 004-WRKW-Dissolved.shp
2025-05-22 13:18:01,652 [INFO] Skipped existing: 004-WTKI-Dissolved.shp
2025-05-22 13:18:01,653 [INFO] Skipped existing: 004-WWRA-Dissolved.shp
2025-05-22 13:18:01,653 [INFO] Skipped existing: 005-ABMC-Dissolved.shp
2025-05-22 13:18:01,654 [INFO] Skipped existing: 005-ASTH-Dissolved.shp
2025-05-22 13:18:01,655 [INFO] Skipped existing: 005-AYET-Dissolved.shp
2025-05-22 13:18:01,656 [INFO] Skipped existing: 005-AYWT-Dissolved.shp
2025-05-22 13:18:01,657 [INFO] Skipped existing: 005-BBCL-Dissolved.shp
2025-05-22 13:18:01,658 [INFO] Skipped existing: 005-BBNH-Dissolved.shp
2025-05-22 13:18:01,658 [INFO] Skipped existing: 005-BBSH-Dissolved.shp
2025-05-22 13:18:01,659 [INFO] Skipped existing: 005-BBWT-Dissolved.shp
2025-05-22 13:18:01,660 [INFO] Skipped existing: 005-BHHN-Dissolved.shp
2025-05-22 13:18:01,661 [INFO] Skipped existing: 005-BHNH-Dissolved.shp
2025-05-22 13:18:01,661 [INFO] Skipped existing: 005-BHSH-Dissolved.shp
2025-05-22 13:18:01,662 [INFO] Skipped existing: 005-BIRK-Dissolved.shp
2025-05-22 13:18:01,662 [INFO] Skipped existing: 005-BKCL-Dissolved.shp
2025-05-22 13:18:01,663 [INFO] Skipped existing: 005-BKWT-Dissolved.shp
2025-05-22 13:18:01,664 [INFO] Skipped existing: 005-BLMT-Dissolved.shp
2025-05-22 13:18:01,665 [INFO] Skipped existing: 005-BRBM-Dissolved.shp
2025-05-22 13:18:01,665 [INFO] Skipped existing: 005-BYPT-Dissolved.shp
2025-05-22 13:18:01,666 [INFO] Skipped existing: 005-BYVW-Dissolved.shp
2025-05-22 13:18:01,667 [INFO] Skipped existing: 005-CBAY-Dissolved.shp
2025-05-22 13:18:01,668 [INFO] Skipped existing: 005-CPBB-Dissolved.shp
2025-05-22 13:18:01,669 [INFO] Skipped existing: 005-CRHL-Dissolved.shp
2025-05-22 13:18:01,670 [INFO] Skipped existing: 005-DNTH-Dissolved.shp
2025-05-22 13:18:01,671 [INFO] Skipped existing: 005-DSTH-Dissolved.shp
2025-05-22 13:18:01,672 [INFO] Skipped existing: 005-ESMD-Dissolved.shp
2025-05-22 13:18:01,672 [INFO] Skipped existing: 005-FRHL-Dissolved.shp
2025-05-22 13:18:01,673 [INFO] Skipped existing: 005-GFCL-Dissolved.shp
2025-05-22 13:18:01,674 [INFO] Skipped existing: 005-GFRD-Dissolved.shp
2025-05-22 13:18:01,676 [INFO] Skipped existing: 005-GLNR-Dissolved.shp
2025-05-22 13:18:01,677 [INFO] Skipped existing: 005-GLSH-Dissolved.shp
2025-05-22 13:18:01,677 [INFO] Skipped existing: 005-GRNC-Dissolved.shp
2025-05-22 13:18:01,678 [INFO] Skipped existing: 005-GRNS-Dissolved.shp
2025-05-22 13:18:01,678 [INFO] Skipped existing: 005-HBBG-Dissolved.shp
2025-05-22 13:18:01,679 [INFO] Skipped existing: 005-HBRN-Dissolved.shp
2025-05-22 13:18:01,680 [INFO] Skipped existing: 005-HKCR-Dissolved.shp
2025-05-22 13:18:01,680 [INFO] Skipped existing: 005-HLCS-Dissolved.shp
2025-05-22 13:18:01,681 [INFO] Skipped existing: 005-HLCW-Dissolved.shp
2025-05-22 13:18:01,682 [INFO] Skipped existing: 005-KPRK-Dissolved.shp
2025-05-22 13:18:01,682 [INFO] Skipped existing: 005-LBAU-Dissolved.shp
2025-05-22 13:18:01,683 [INFO] Skipped existing: 005-LKPP-Dissolved.shp
2025-05-22 13:18:01,684 [INFO] Skipped existing: 005-LOAU-Dissolved.shp
2025-05-22 13:18:01,685 [INFO] Skipped existing: 005-MBYN-Dissolved.shp
2025-05-22 13:18:01,686 [INFO] Skipped existing: 005-MIBY-Dissolved.shp
2025-05-22 13:18:01,688 [INFO] Skipped existing: 005-MLFD-Dissolved.shp
2025-05-22 13:18:01,689 [INFO] Skipped existing: 005-MNCT-Dissolved.shp
2025-05-22 13:18:01,689 [INFO] Skipped existing: 005-MUBY-Dissolved.shp
2025-05-22 13:18:01,690 [INFO] Skipped existing: 005-NCMC-Dissolved.shp
2025-05-22 13:18:01,691 [INFO] Skipped existing: 005-NCOW-Dissolved.shp
2025-05-22 13:18:01,691 [INFO] Skipped existing: 005-NHBR-Dissolved.shp
2025-05-22 13:18:01,692 [INFO] Skipped existing: 005-NHST-Dissolved.shp
2025-05-22 13:18:01,693 [INFO] Skipped existing: 005-NORH-Dissolved.shp
2025-05-22 13:18:01,693 [INFO] Skipped existing: 005-NTHC-Dissolved.shp
2025-05-22 13:18:01,694 [INFO] Skipped existing: 005-NTHM-Dissolved.shp
2025-05-22 13:18:01,695 [INFO] Skipped existing: 005-NTHX-Dissolved.shp
2025-05-22 13:18:01,696 [INFO] Skipped existing: 005-NWST-Dissolved.shp
2025-05-22 13:18:01,697 [INFO] Skipped existing: 005-PNHL-Dissolved.shp
2025-05-22 13:18:01,697 [INFO] Skipped existing: 005-PRMP-Dissolved.shp
2025-05-22 13:18:01,698 [INFO] Skipped existing: 005-RBAY-Dissolved.shp
2025-05-22 13:18:01,698 [INFO] Skipped existing: 005-SNAP-Dissolved.shp
2025-05-22 13:18:01,699 [INFO] Skipped existing: 005-SNTH-Dissolved.shp
2025-05-22 13:18:01,701 [INFO] Skipped existing: 005-STBY-Dissolved.shp
2025-05-22 13:18:01,702 [INFO] Skipped existing: 005-SUNS-Dissolved.shp
2025-05-22 13:18:01,703 [INFO] Skipped existing: 005-SYNK-Dissolved.shp
2025-05-22 13:18:01,704 [INFO] Skipped existing: 005-TBYH-Dissolved.shp
2025-05-22 13:18:01,706 [INFO] Skipped existing: 005-TKPN-Dissolved.shp
2025-05-22 13:18:01,707 [INFO] Skipped existing: 005-TRBY-Dissolved.shp
2025-05-22 13:18:01,708 [INFO] Skipped existing: 005-USWH-Dissolved.shp
2025-05-22 13:18:01,708 [INFO] Skipped existing: 005-WNNI-Dissolved.shp
2025-05-22 13:18:01,709 [INFO] Skipped existing: 005-WRAU-Dissolved.shp
2025-05-22 13:18:01,710 [INFO] Skipped existing: 005-WRNH-Dissolved.shp
2025-05-22 13:18:01,710 [INFO] Skipped existing: 005-WRPK-Dissolved.shp
2025-05-22 13:18:01,711 [INFO] Skipped existing: 005-WRSH-Dissolved.shp
2025-05-22 13:18:01,712 [INFO] Step 2: Generating live tower coverage union...
2025-05-22 13:18:01,730 [INFO] Selected 247 live towers for union.
