2025-05-22 13:08:27,488 [INFO] Logger initialized: logs\log_20250522_130827.log
2025-05-22 13:08:27,488 [INFO] Current working directory: C:\Users\Jeremy\Documents\GitHub\2024-S2-R-D-Adaptive-Network-Management\ranking
2025-05-22 13:08:48,172 [INFO] Limiting live tower coverage to prefix range: ('005', 'jlkj')
2025-05-22 13:08:48,172 [INFO] Step 1: Preprocessing dissolved shapefiles...
2025-05-22 13:08:48,361 [INFO] Found 1240 tower groups to process (within range).
2025-05-22 13:08:48,370 [INFO] Skipped existing: 005-ABMC-Dissolved.shp
2025-05-22 13:08:48,370 [INFO] Skipped existing: 005-ASTH-Dissolved.shp
2025-05-22 13:08:48,372 [INFO] Skipped existing: 005-AYET-Dissolved.shp
2025-05-22 13:08:48,373 [INFO] Skipped existing: 005-AYWT-Dissolved.shp
2025-05-22 13:08:48,374 [INFO] Skipped existing: 005-BBCL-Dissolved.shp
2025-05-22 13:08:48,375 [INFO] Skipped existing: 005-BBNH-Dissolved.shp
2025-05-22 13:08:48,376 [INFO] Skipped existing: 005-BBSH-Dissolved.shp
2025-05-22 13:08:48,377 [INFO] Skipped existing: 005-BBWT-Dissolved.shp
2025-05-22 13:08:48,378 [INFO] Skipped existing: 005-BHHN-Dissolved.shp
2025-05-22 13:08:48,379 [INFO] Skipped existing: 005-BHNH-Dissolved.shp
2025-05-22 13:08:48,379 [INFO] Skipped existing: 005-BHSH-Dissolved.shp
2025-05-22 13:08:48,380 [INFO] Skipped existing: 005-BIRK-Dissolved.shp
2025-05-22 13:08:48,381 [INFO] Skipped existing: 005-BKCL-Dissolved.shp
2025-05-22 13:08:48,382 [INFO] Skipped existing: 005-BKWT-Dissolved.shp
2025-05-22 13:08:48,382 [INFO] Skipped existing: 005-BLMT-Dissolved.shp
2025-05-22 13:08:48,383 [INFO] Skipped existing: 005-BRBM-Dissolved.shp
2025-05-22 13:08:48,384 [INFO] Skipped existing: 005-BYPT-Dissolved.shp
2025-05-22 13:08:48,385 [INFO] Skipped existing: 005-BYVW-Dissolved.shp
2025-05-22 13:08:48,385 [INFO] Skipped existing: 005-CBAY-Dissolved.shp
2025-05-22 13:08:48,386 [INFO] Skipped existing: 005-CPBB-Dissolved.shp
2025-05-22 13:08:48,387 [INFO] Skipped existing: 005-CRHL-Dissolved.shp
2025-05-22 13:08:48,388 [INFO] Skipped existing: 005-DNTH-Dissolved.shp
2025-05-22 13:08:48,389 [INFO] Skipped existing: 005-DSTH-Dissolved.shp
2025-05-22 13:08:48,390 [INFO] Skipped existing: 005-ESMD-Dissolved.shp
2025-05-22 13:08:48,390 [INFO] Skipped existing: 005-FRHL-Dissolved.shp
2025-05-22 13:08:48,391 [INFO] Skipped existing: 005-GFCL-Dissolved.shp
2025-05-22 13:08:48,392 [INFO] Skipped existing: 005-GFRD-Dissolved.shp
2025-05-22 13:08:48,393 [INFO] Skipped existing: 005-GLNR-Dissolved.shp
2025-05-22 13:08:48,394 [INFO] Skipped existing: 005-GLSH-Dissolved.shp
2025-05-22 13:08:48,395 [INFO] Skipped existing: 005-GRNC-Dissolved.shp
2025-05-22 13:08:48,396 [INFO] Skipped existing: 005-GRNS-Dissolved.shp
2025-05-22 13:08:48,396 [INFO] Skipped existing: 005-HBBG-Dissolved.shp
2025-05-22 13:08:48,397 [INFO] Skipped existing: 005-HBRN-Dissolved.shp
2025-05-22 13:08:48,398 [INFO] Skipped existing: 005-HKCR-Dissolved.shp
2025-05-22 13:08:48,398 [INFO] Skipped existing: 005-HLCS-Dissolved.shp
2025-05-22 13:08:48,399 [INFO] Skipped existing: 005-HLCW-Dissolved.shp
2025-05-22 13:08:48,400 [INFO] Skipped existing: 005-KPRK-Dissolved.shp
2025-05-22 13:08:48,401 [INFO] Skipped existing: 005-LBAU-Dissolved.shp
2025-05-22 13:08:48,401 [INFO] Skipped existing: 005-LKPP-Dissolved.shp
2025-05-22 13:08:48,402 [INFO] Skipped existing: 005-LOAU-Dissolved.shp
2025-05-22 13:08:48,403 [INFO] Skipped existing: 005-MBYN-Dissolved.shp
2025-05-22 13:08:48,403 [INFO] Skipped existing: 005-MIBY-Dissolved.shp
2025-05-22 13:08:48,405 [INFO] Skipped existing: 005-MLFD-Dissolved.shp
2025-05-22 13:08:48,406 [INFO] Skipped existing: 005-MNCT-Dissolved.shp
2025-05-22 13:08:48,406 [INFO] Skipped existing: 005-MUBY-Dissolved.shp
2025-05-22 13:08:48,407 [INFO] Skipped existing: 005-NCMC-Dissolved.shp
2025-05-22 13:08:48,408 [INFO] Skipped existing: 005-NCOW-Dissolved.shp
2025-05-22 13:08:48,409 [INFO] Skipped existing: 005-NHBR-Dissolved.shp
2025-05-22 13:08:48,410 [INFO] Skipped existing: 005-NHST-Dissolved.shp
2025-05-22 13:08:48,411 [INFO] Skipped existing: 005-NORH-Dissolved.shp
2025-05-22 13:08:48,412 [INFO] Skipped existing: 005-NTHC-Dissolved.shp
2025-05-22 13:08:48,413 [INFO] Skipped existing: 005-NTHM-Dissolved.shp
2025-05-22 13:08:48,414 [INFO] Skipped existing: 005-NTHX-Dissolved.shp
2025-05-22 13:08:48,415 [INFO] Skipped existing: 005-NWST-Dissolved.shp
2025-05-22 13:08:48,416 [INFO] Skipped existing: 005-PNHL-Dissolved.shp
2025-05-22 13:08:48,416 [INFO] Skipped existing: 005-PRMP-Dissolved.shp
2025-05-22 13:08:48,417 [INFO] Skipped existing: 005-RBAY-Dissolved.shp
2025-05-22 13:08:48,418 [INFO] Skipped existing: 005-SNAP-Dissolved.shp
2025-05-22 13:08:48,418 [INFO] Skipped existing: 005-SNTH-Dissolved.shp
2025-05-22 13:08:48,419 [INFO] Skipped existing: 005-STBY-Dissolved.shp
2025-05-22 13:08:48,420 [INFO] Skipped existing: 005-SUNS-Dissolved.shp
2025-05-22 13:08:48,421 [INFO] Skipped existing: 005-SYNK-Dissolved.shp
2025-05-22 13:08:48,422 [INFO] Skipped existing: 005-TBYH-Dissolved.shp
2025-05-22 13:08:48,423 [INFO] Skipped existing: 005-TKPN-Dissolved.shp
2025-05-22 13:08:48,423 [INFO] Skipped existing: 005-TRBY-Dissolved.shp
2025-05-22 13:08:48,424 [INFO] Skipped existing: 005-USWH-Dissolved.shp
2025-05-22 13:08:48,425 [INFO] Skipped existing: 005-WNNI-Dissolved.shp
2025-05-22 13:08:48,426 [INFO] Skipped existing: 005-WRAU-Dissolved.shp
2025-05-22 13:08:48,427 [INFO] Skipped existing: 005-WRNH-Dissolved.shp
2025-05-22 13:08:48,428 [INFO] Skipped existing: 005-WRPK-Dissolved.shp
2025-05-22 13:08:48,429 [INFO] Skipped existing: 005-WRSH-Dissolved.shp
2025-05-22 13:08:48,429 [INFO] Skipped existing: 006-ALBN-Dissolved.shp
2025-05-22 13:08:48,430 [INFO] Skipped existing: 006-COAT-Dissolved.shp
2025-05-22 13:08:48,431 [INFO] Skipped existing: 006-CPKH-Dissolved.shp
2025-05-22 13:08:48,432 [INFO] Skipped existing: 006-CRWC-Dissolved.shp
2025-05-22 13:08:48,433 [INFO] Skipped existing: 006-ERAU-Dissolved.shp
2025-05-22 13:08:48,433 [INFO] Skipped existing: 006-GLDN-Dissolved.shp
2025-05-22 13:08:48,434 [INFO] Skipped existing: 006-GLDR-Dissolved.shp
2025-05-22 13:08:48,434 [INFO] Skipped existing: 006-GLDS-Dissolved.shp
2025-05-22 13:08:48,435 [INFO] Skipped existing: 006-GLNN-Dissolved.shp
2025-05-22 13:08:48,436 [INFO] Skipped existing: 006-GLNW-Dissolved.shp
2025-05-22 13:08:48,437 [INFO] Skipped existing: 006-GRNB-Dissolved.shp
2025-05-22 13:08:48,437 [INFO] Skipped existing: 006-HBVL-Dissolved.shp
2025-05-22 13:08:48,438 [INFO] Skipped existing: 006-HCAU-Dissolved.shp
2025-05-22 13:08:48,439 [INFO] Skipped existing: 006-HDNC-Dissolved.shp
2025-05-22 13:08:48,440 [INFO] Skipped existing: 006-HDNE-Dissolved.shp
2025-05-22 13:08:48,441 [INFO] Skipped existing: 006-HDNS-Dissolved.shp
2025-05-22 13:08:48,441 [INFO] Skipped existing: 006-HOBS-Dissolved.shp
2025-05-22 13:08:48,442 [INFO] Skipped existing: 006-HRBV-Dissolved.shp
2025-05-22 13:08:48,443 [INFO] Skipped existing: 006-HTWL-Dissolved.shp
2025-05-22 13:08:48,444 [INFO] Skipped existing: 006-JCPO-Dissolved.shp
2025-05-22 13:08:48,445 [INFO] Skipped existing: 006-KLST-Dissolved.shp
2025-05-22 13:08:48,445 [INFO] Skipped existing: 006-KSTG-Dissolved.shp
2025-05-22 13:08:48,446 [INFO] Skipped existing: 006-LCAU-Dissolved.shp
2025-05-22 13:08:48,447 [INFO] Skipped existing: 006-LCNN-Dissolved.shp
2025-05-22 13:08:48,447 [INFO] Skipped existing: 006-LCNS-Dissolved.shp
2025-05-22 13:08:48,448 [INFO] Skipped existing: 006-LCNW-Dissolved.shp
2025-05-22 13:08:48,449 [INFO] Skipped existing: 006-LNAU-Dissolved.shp
2025-05-22 13:08:48,450 [INFO] Skipped existing: 006-LNML-Dissolved.shp
2025-05-22 13:08:48,450 [INFO] Skipped existing: 006-MLPK-Dissolved.shp
2025-05-22 13:08:48,451 [INFO] Skipped existing: 006-MNTH-Dissolved.shp
2025-05-22 13:08:48,452 [INFO] Skipped existing: 006-MPRK-Dissolved.shp
2025-05-22 13:08:48,453 [INFO] Skipped existing: 006-MWST-Dissolved.shp
2025-05-22 13:08:48,454 [INFO] Skipped existing: 006-NWSC-Dissolved.shp
2025-05-22 13:08:48,455 [INFO] Skipped existing: 006-PIHA-Dissolved.shp
2025-05-22 13:08:48,456 [INFO] Skipped existing: 006-RANU-Dissolved.shp
2025-05-22 13:08:48,457 [INFO] Skipped existing: 006-RANW-Dissolved.shp
2025-05-22 13:08:48,458 [INFO] Skipped existing: 006-RLGR-Dissolved.shp
2025-05-22 13:08:48,458 [INFO] Skipped existing: 006-RNAU-Dissolved.shp
2025-05-22 13:08:48,459 [INFO] Skipped existing: 006-RSMR-Dissolved.shp
2025-05-22 13:08:48,460 [INFO] Skipped existing: 006-SNVL-Dissolved.shp
2025-05-22 13:08:48,461 [INFO] Skipped existing: 006-SWNS-Dissolved.shp
2025-05-22 13:08:48,462 [INFO] Skipped existing: 006-TATJ-Dissolved.shp
2025-05-22 13:08:48,463 [INFO] Skipped existing: 006-TEAT-Dissolved.shp
2025-05-22 13:08:48,463 [INFO] Skipped existing: 006-TIRE-Dissolved.shp
2025-05-22 13:08:48,464 [INFO] Skipped existing: 006-TIRN-Dissolved.shp
2025-05-22 13:08:48,465 [INFO] Skipped existing: 006-TIRV-Dissolved.shp
2025-05-22 13:08:48,465 [INFO] Skipped existing: 006-TRIR-Dissolved.shp
2025-05-22 13:08:48,466 [INFO] Skipped existing: 006-UDAU-Dissolved.shp
2025-05-22 13:08:48,467 [INFO] Skipped existing: 006-VWTH-Dissolved.shp
2025-05-22 13:08:48,468 [INFO] Skipped existing: 006-WDPK-Dissolved.shp
2025-05-22 13:08:48,468 [INFO] Skipped existing: 006-WHBR-Dissolved.shp
2025-05-22 13:08:48,469 [INFO] Skipped existing: 006-WHNP-Dissolved.shp
2025-05-22 13:08:48,470 [INFO] Skipped existing: 006-WHTS-Dissolved.shp
2025-05-22 13:08:48,471 [INFO] Skipped existing: 006-WKKU-Dissolved.shp
2025-05-22 13:08:48,472 [INFO] Skipped existing: 006-WTKV-Dissolved.shp
2025-05-22 13:08:48,473 [INFO] Skipped existing: 007-ABST-Dissolved.shp
2025-05-22 13:08:48,474 [INFO] Skipped existing: 007-AGPO-Dissolved.shp
2025-05-22 13:08:48,474 [INFO] Skipped existing: 007-AHIB-Dissolved.shp
2025-05-22 13:08:48,475 [INFO] Skipped existing: 007-AKLU-Dissolved.shp
2025-05-22 13:08:48,476 [INFO] Skipped existing: 007-ANZA-Dissolved.shp
2025-05-22 13:08:48,477 [INFO] Skipped existing: 007-ARHH-Dissolved.shp
2025-05-22 13:08:48,478 [INFO] Skipped existing: 007-ASAU-Dissolved.shp
2025-05-22 13:08:48,479 [INFO] Skipped existing: 007-ASHA-Dissolved.shp
2025-05-22 13:08:48,480 [INFO] Skipped existing: 007-ATSQ-Dissolved.shp
2025-05-22 13:08:48,480 [INFO] Skipped existing: 007-AUSY-Dissolved.shp
2025-05-22 13:08:48,481 [INFO] Skipped existing: 007-AVDE-Dissolved.shp
2025-05-22 13:08:48,481 [INFO] Skipped existing: 007-AVDL-Dissolved.shp
2025-05-22 13:08:48,482 [INFO] Skipped existing: 007-AVDR-Dissolved.shp
2025-05-22 13:08:48,483 [INFO] Skipped existing: 007-AVDS-Dissolved.shp
2025-05-22 13:08:48,484 [INFO] Skipped existing: 007-AZIB-Dissolved.shp
2025-05-22 13:08:48,484 [INFO] Skipped existing: 007-BGOC-Dissolved.shp
2025-05-22 13:08:48,485 [INFO] Skipped existing: 007-BHBE-Dissolved.shp
2025-05-22 13:08:48,485 [INFO] Skipped existing: 007-BHBW-Dissolved.shp
2025-05-22 13:08:48,486 [INFO] Skipped existing: 007-BMAU-Dissolved.shp
2025-05-22 13:08:48,487 [INFO] Skipped existing: 007-BMRL-Dissolved.shp
2025-05-22 13:08:48,488 [INFO] Skipped existing: 007-BMRR-Dissolved.shp
2025-05-22 13:08:48,489 [INFO] Skipped existing: 007-BSPO-Dissolved.shp
2025-05-22 13:08:48,490 [INFO] Skipped existing: 007-BSPT-Dissolved.shp
2025-05-22 13:08:48,490 [INFO] Skipped existing: 007-BTAU-Dissolved.shp
2025-05-22 13:08:48,491 [INFO] Skipped existing: 007-BTMR-Dissolved.shp
2025-05-22 13:08:48,492 [INFO] Skipped existing: 007-CBIB-Dissolved.shp
2025-05-22 13:08:48,493 [INFO] Skipped existing: 007-CEAU-Dissolved.shp
2025-05-22 13:08:48,494 [INFO] Skipped existing: 007-CGNH-Dissolved.shp
2025-05-22 13:08:48,495 [INFO] Skipped existing: 007-CRAU-Dissolved.shp
2025-05-22 13:08:48,495 [INFO] Skipped existing: 007-DMRC-Dissolved.shp
2025-05-22 13:08:48,496 [INFO] Skipped existing: 007-DMRN-Dissolved.shp
2025-05-22 13:08:48,497 [INFO] Skipped existing: 007-DTET-Dissolved.shp
2025-05-22 13:08:48,498 [INFO] Skipped existing: 007-DTWT-Dissolved.shp
2025-05-22 13:08:48,498 [INFO] Skipped existing: 007-EDPN-Dissolved.shp
2025-05-22 13:08:48,499 [INFO] Skipped existing: 007-EDPS-Dissolved.shp
2025-05-22 13:08:48,500 [INFO] Skipped existing: 007-EDTR-Dissolved.shp
2025-05-22 13:08:48,501 [INFO] Skipped existing: 007-ELER-Dissolved.shp
2025-05-22 13:08:48,501 [INFO] Skipped existing: 007-ELRN-Dissolved.shp
2025-05-22 13:08:48,502 [INFO] Skipped existing: 007-ELRW-Dissolved.shp
2025-05-22 13:08:48,503 [INFO] Skipped existing: 007-ELSC-Dissolved.shp
2025-05-22 13:08:48,504 [INFO] Skipped existing: 007-EPSM-Dissolved.shp
2025-05-22 13:08:48,505 [INFO] Skipped existing: 007-ESAU-Dissolved.shp
2025-05-22 13:08:48,506 [INFO] Skipped existing: 007-ETBG-Dissolved.shp
2025-05-22 13:08:48,507 [INFO] Skipped existing: 007-EWAU-Dissolved.shp
2025-05-22 13:08:48,507 [INFO] Skipped existing: 007-FKLN-Dissolved.shp
2025-05-22 13:08:48,508 [INFO] Skipped existing: 007-FSAU-Dissolved.shp
2025-05-22 13:08:48,509 [INFO] Skipped existing: 007-FSHQ-Dissolved.shp
2025-05-22 13:08:48,510 [INFO] Skipped existing: 007-FSTM-Dissolved.shp
2025-05-22 13:08:48,511 [INFO] Skipped existing: 007-GDWT-Dissolved.shp
2025-05-22 13:08:48,511 [INFO] Skipped existing: 007-GFTG-Dissolved.shp
2025-05-22 13:08:48,512 [INFO] Skipped existing: 007-GINN-Dissolved.shp
2025-05-22 13:08:48,513 [INFO] Skipped existing: 007-GLAU-Dissolved.shp
2025-05-22 13:08:48,514 [INFO] Skipped existing: 007-GLYN-Dissolved.shp
2025-05-22 13:08:48,514 [INFO] Skipped existing: 007-GLYS-Dissolved.shp
2025-05-22 13:08:48,515 [INFO] Skipped existing: 007-GNLE-Dissolved.shp
2025-05-22 13:08:48,516 [INFO] Skipped existing: 007-GRAU-Dissolved.shp
2025-05-22 13:08:48,517 [INFO] Skipped existing: 007-GWDC-Dissolved.shp
2025-05-22 13:08:48,517 [INFO] Skipped existing: 007-GYLN-Dissolved.shp
2025-05-22 13:08:48,518 [INFO] Skipped existing: 007-HALS-Dissolved.shp
2025-05-22 13:08:48,519 [INFO] Skipped existing: 007-HBBS-Dissolved.shp
2025-05-22 13:08:48,520 [INFO] Skipped existing: 007-HBRS-Dissolved.shp
2025-05-22 13:08:48,521 [INFO] Skipped existing: 007-HERR-Dissolved.shp
2025-05-22 13:08:48,522 [INFO] Skipped existing: 007-HILB-Dissolved.shp
2025-05-22 13:08:48,522 [INFO] Skipped existing: 007-HRBM-Dissolved.shp
2025-05-22 13:08:48,523 [INFO] Skipped existing: 007-HTST-Dissolved.shp
2025-05-22 13:08:48,524 [INFO] Skipped existing: 007-JMWB-Dissolved.shp
2025-05-22 13:08:48,525 [INFO] Skipped existing: 007-KARD-Dissolved.shp
2025-05-22 13:08:48,526 [INFO] Skipped existing: 007-KBPS-Dissolved.shp
2025-05-22 13:08:48,527 [INFO] Skipped existing: 007-KBRP-Dissolved.shp
2025-05-22 13:08:48,528 [INFO] Skipped existing: 007-KGLS-Dissolved.shp
2025-05-22 13:08:48,529 [INFO] Skipped existing: 007-KGSL-Dissolved.shp
2025-05-22 13:08:48,529 [INFO] Skipped existing: 007-KGTN-Dissolved.shp
2025-05-22 13:08:48,530 [INFO] Skipped existing: 007-KHMR-Dissolved.shp
2025-05-22 13:08:48,531 [INFO] Skipped existing: 007-KHMS-Dissolved.shp
2025-05-22 13:08:48,531 [INFO] Skipped existing: 007-KPAU-Dissolved.shp
2025-05-22 13:08:48,532 [INFO] Skipped existing: 007-KPBR-Dissolved.shp
2025-05-22 13:08:48,533 [INFO] Skipped existing: 007-KPIB-Dissolved.shp
2025-05-22 13:08:48,533 [INFO] Skipped existing: 007-KPIG-Dissolved.shp
2025-05-22 13:08:48,534 [INFO] Skipped existing: 007-KPRR-Dissolved.shp
2025-05-22 13:08:48,535 [INFO] Skipped existing: 007-KRAU-Dissolved.shp
2025-05-22 13:08:48,535 [INFO] Skipped existing: 007-LPKW-Dissolved.shp
2025-05-22 13:08:48,536 [INFO] Skipped existing: 007-LYNF-Dissolved.shp
2025-05-22 13:08:48,537 [INFO] Skipped existing: 007-LYNN-Dissolved.shp
2025-05-22 13:08:48,538 [INFO] Skipped existing: 007-MALE-Dissolved.shp
2025-05-22 13:08:48,538 [INFO] Skipped existing: 007-MAPO-Dissolved.shp
2025-05-22 13:08:48,539 [INFO] Skipped existing: 007-MBUR-Dissolved.shp
2025-05-22 13:08:48,540 [INFO] Skipped existing: 007-MCHB-Dissolved.shp
2025-05-22 13:08:48,540 [INFO] Skipped existing: 007-MCMT-Dissolved.shp
2025-05-22 13:08:48,541 [INFO] Skipped existing: 007-MCON-Dissolved.shp
2025-05-22 13:08:48,542 [INFO] Skipped existing: 007-MCOS-Dissolved.shp
2025-05-22 13:08:48,543 [INFO] Skipped existing: 007-MEDM-Dissolved.shp
2025-05-22 13:08:48,543 [INFO] Skipped existing: 007-MEDV-Dissolved.shp
2025-05-22 13:08:48,544 [INFO] Skipped existing: 007-MKTR-Dissolved.shp
2025-05-22 13:08:48,545 [INFO] Skipped existing: 007-MNGS-Dissolved.shp
2025-05-22 13:08:48,545 [INFO] Skipped existing: 007-MRAU-Dissolved.shp
2025-05-22 13:08:48,546 [INFO] Skipped existing: 007-MRKL-Dissolved.shp
2025-05-22 13:08:48,547 [INFO] Skipped existing: 007-MRKS-Dissolved.shp
2025-05-22 13:08:48,548 [INFO] Skipped existing: 007-MSAU-Dissolved.shp
2025-05-22 13:08:48,548 [INFO] Skipped existing: 007-MSBU-Dissolved.shp
2025-05-22 13:08:48,549 [INFO] Skipped existing: 007-MSMT-Dissolved.shp
2025-05-22 13:08:48,550 [INFO] Skipped existing: 007-MSNB-Dissolved.shp
2025-05-22 13:08:48,550 [INFO] Skipped existing: 007-MSNR-Dissolved.shp
2025-05-22 13:08:48,551 [INFO] Skipped existing: 007-MSSD-Dissolved.shp
2025-05-22 13:08:48,552 [INFO] Skipped existing: 007-MSTR-Dissolved.shp
2025-05-22 13:08:48,552 [INFO] Skipped existing: 007-MTAU-Dissolved.shp
2025-05-22 13:08:48,554 [INFO] Skipped existing: 007-MTED-Dissolved.shp
2025-05-22 13:08:48,555 [INFO] Skipped existing: 007-MWGN-Dissolved.shp
2025-05-22 13:08:48,556 [INFO] Skipped existing: 007-MWGT-Dissolved.shp
2025-05-22 13:08:48,557 [INFO] Skipped existing: 007-MWTR-Dissolved.shp
2025-05-22 13:08:48,558 [INFO] Skipped existing: 007-MWTS-Dissolved.shp
2025-05-22 13:08:48,559 [INFO] Skipped existing: 007-MYHP-Dissolved.shp
2025-05-22 13:08:48,559 [INFO] Skipped existing: 007-MYRC-Dissolved.shp
2025-05-22 13:08:48,560 [INFO] Skipped existing: 007-NDAU-Dissolved.shp
2025-05-22 13:08:48,561 [INFO] Skipped existing: 007-NEAU-Dissolved.shp
2025-05-22 13:08:48,561 [INFO] Skipped existing: 007-NLAU-Dissolved.shp
2025-05-22 13:08:48,562 [INFO] Skipped existing: 007-NMKC-Dissolved.shp
2025-05-22 13:08:48,563 [INFO] Skipped existing: 007-NMKS-Dissolved.shp
2025-05-22 13:08:48,563 [INFO] Skipped existing: 007-NMVD-Dissolved.shp
2025-05-22 13:08:48,564 [INFO] Skipped existing: 007-NSON-Dissolved.shp
2025-05-22 13:08:48,565 [INFO] Skipped existing: 007-NTNR-Dissolved.shp
2025-05-22 13:08:48,565 [INFO] Skipped existing: 007-NWAU-Dissolved.shp
2025-05-22 13:08:48,566 [INFO] Skipped existing: 007-NWIN-Dissolved.shp
2025-05-22 13:08:48,566 [INFO] Skipped existing: 007-NWTR-Dissolved.shp
2025-05-22 13:08:48,567 [INFO] Skipped existing: 007-OKHU-Dissolved.shp
2025-05-22 13:08:48,568 [INFO] Skipped existing: 007-OLRD-Dissolved.shp
2025-05-22 13:08:48,569 [INFO] Skipped existing: 007-ONHC-Dissolved.shp
2025-05-22 13:08:48,570 [INFO] Skipped existing: 007-ONHS-Dissolved.shp
2025-05-22 13:08:48,571 [INFO] Skipped existing: 007-ONHW-Dissolved.shp
2025-05-22 13:08:48,572 [INFO] Skipped existing: 007-ORGA-Dissolved.shp
2025-05-22 13:08:48,573 [INFO] Skipped existing: 007-ORKB-Dissolved.shp
2025-05-22 13:08:48,574 [INFO] Skipped existing: 007-ORKL-Dissolved.shp
2025-05-22 13:08:48,576 [INFO] Skipped existing: 007-OTER-Dissolved.shp
2025-05-22 13:08:48,576 [INFO] Skipped existing: 007-OTHE-Dissolved.shp
2025-05-22 13:08:48,577 [INFO] Skipped existing: 007-OTHN-Dissolved.shp
2025-05-22 13:08:48,578 [INFO] Skipped existing: 007-OWAR-Dissolved.shp
2025-05-22 13:08:48,578 [INFO] Skipped existing: 007-PAHR-Dissolved.shp
2025-05-22 13:08:48,579 [INFO] Skipped existing: 007-PAMR-Dissolved.shp
2025-05-22 13:08:48,580 [INFO] Skipped existing: 007-PAMU-Dissolved.shp
2025-05-22 13:08:48,581 [INFO] Skipped existing: 007-PCHV-Dissolved.shp
2025-05-22 13:08:48,582 [INFO] Skipped existing: 007-PCIB-Dissolved.shp
2025-05-22 13:08:48,583 [INFO] Skipped existing: 007-PENG-Dissolved.shp
2025-05-22 13:08:48,584 [INFO] Skipped existing: 007-PHIB-Dissolved.shp
2025-05-22 13:08:48,585 [INFO] Skipped existing: 007-PKRD-Dissolved.shp
2025-05-22 13:08:48,586 [INFO] Skipped existing: 007-PNCR-Dissolved.shp
2025-05-22 13:08:48,587 [INFO] Skipped existing: 007-PNLR-Dissolved.shp
2025-05-22 13:08:48,588 [INFO] Skipped existing: 007-PNRW-Dissolved.shp
2025-05-22 13:08:48,589 [INFO] Skipped existing: 007-PRDL-Dissolved.shp
2025-05-22 13:08:48,590 [INFO] Skipped existing: 007-PRNL-Dissolved.shp
2025-05-22 13:08:48,591 [INFO] Skipped existing: 007-PRSE-Dissolved.shp
2025-05-22 13:08:48,592 [INFO] Skipped existing: 007-PSBS-Dissolved.shp
2025-05-22 13:08:48,593 [INFO] Skipped existing: 007-PTAU-Dissolved.shp
2025-05-22 13:08:48,594 [INFO] Skipped existing: 007-PTCS-Dissolved.shp
2025-05-22 13:08:48,595 [INFO] Skipped existing: 007-QAPK-Dissolved.shp
2025-05-22 13:08:48,596 [INFO] Skipped existing: 007-QNWF-Dissolved.shp
2025-05-22 13:08:48,596 [INFO] Skipped existing: 007-QUNS-Dissolved.shp
2025-05-22 13:08:48,597 [INFO] Skipped existing: 007-QYST-Dissolved.shp
2025-05-22 13:08:48,598 [INFO] Skipped existing: 007-RMAR-Dissolved.shp
2025-05-22 13:08:48,598 [INFO] Skipped existing: 007-RMUA-Dissolved.shp
2025-05-22 13:08:48,599 [INFO] Skipped existing: 007-RMUE-Dissolved.shp
2025-05-22 13:08:48,600 [INFO] Skipped existing: 007-RMUN-Dissolved.shp
2025-05-22 13:08:48,600 [INFO] Skipped existing: 007-RMUR-Dissolved.shp
2025-05-22 13:08:48,601 [INFO] Skipped existing: 007-RMUW-Dissolved.shp
2025-05-22 13:08:48,602 [INFO] Skipped existing: 007-RSBK-Dissolved.shp
2025-05-22 13:08:48,603 [INFO] Skipped existing: 007-RWEK-Dissolved.shp
2025-05-22 13:08:48,604 [INFO] Skipped existing: 007-RYLO-Dissolved.shp
2025-05-22 13:08:48,605 [INFO] Skipped existing: 007-SAAU-Dissolved.shp
2025-05-22 13:08:48,606 [INFO] Skipped existing: 007-SDGH-Dissolved.shp
2025-05-22 13:08:48,608 [INFO] Skipped existing: 007-SDOW-Dissolved.shp
2025-05-22 13:08:48,609 [INFO] Skipped existing: 007-SDWN-Dissolved.shp
2025-05-22 13:08:48,609 [INFO] Skipped existing: 007-SGRB-Dissolved.shp
2025-05-22 13:08:48,610 [INFO] Skipped existing: 007-SHAU-Dissolved.shp
2025-05-22 13:08:48,611 [INFO] Skipped existing: 007-SHLR-Dissolved.shp
2025-05-22 13:08:48,611 [INFO] Skipped existing: 007-SHRR-Dissolved.shp
2025-05-22 13:08:48,612 [INFO] Skipped existing: 007-SHTL-Dissolved.shp
2025-05-22 13:08:48,613 [INFO] Skipped existing: 007-SJHN-Dissolved.shp
2025-05-22 13:08:48,614 [INFO] Skipped existing: 007-SJHS-Dissolved.shp
2025-05-22 13:08:48,615 [INFO] Skipped existing: 007-SKCC-Dissolved.shp
2025-05-22 13:08:48,615 [INFO] Skipped existing: 007-SKCT-Dissolved.shp
2025-05-22 13:08:48,616 [INFO] Skipped existing: 007-SLUK-Dissolved.shp
2025-05-22 13:08:48,617 [INFO] Skipped existing: 007-SLVP-Dissolved.shp
2025-05-22 13:08:48,617 [INFO] Skipped existing: 007-SMAU-Dissolved.shp
2025-05-22 13:08:48,618 [INFO] Skipped existing: 007-SNYH-Dissolved.shp
2025-05-22 13:08:48,619 [INFO] Skipped existing: 007-SPGJ-Dissolved.shp
2025-05-22 13:08:48,620 [INFO] Skipped existing: 007-SPPO-Dissolved.shp
2025-05-22 13:08:48,621 [INFO] Skipped existing: 007-STNF-Dissolved.shp
2025-05-22 13:08:48,622 [INFO] Skipped existing: 007-SVPK-Dissolved.shp
2025-05-22 13:08:48,623 [INFO] Skipped existing: 007-SYLP-Dissolved.shp
2025-05-22 13:08:48,623 [INFO] Skipped existing: 007-SYNT-Dissolved.shp
2025-05-22 13:08:48,624 [INFO] Skipped existing: 007-TDPO-Dissolved.shp
2025-05-22 13:08:48,625 [INFO] Skipped existing: 007-THKG-Dissolved.shp
2025-05-22 13:08:48,625 [INFO] Skipped existing: 007-THRL-Dissolved.shp
2025-05-22 13:08:48,626 [INFO] Skipped existing: 007-TMKI-Dissolved.shp
2025-05-22 13:08:48,627 [INFO] Skipped existing: 007-TPPP-Dissolved.shp
2025-05-22 13:08:48,627 [INFO] Skipped existing: 007-UNIN-Dissolved.shp
2025-05-22 13:08:48,628 [INFO] Skipped existing: 007-UPWF-Dissolved.shp
2025-05-22 13:08:48,629 [INFO] Skipped existing: 007-VBPL-Dissolved.shp
2025-05-22 13:08:48,630 [INFO] Skipped existing: 007-VCLR-Dissolved.shp
2025-05-22 13:08:48,630 [INFO] Skipped existing: 007-VGBI-Dissolved.shp
2025-05-22 13:08:48,631 [INFO] Skipped existing: 007-VHIB-Dissolved.shp
2025-05-22 13:08:48,632 [INFO] Skipped existing: 007-VICG-Dissolved.shp
2025-05-22 13:08:48,632 [INFO] Skipped existing: 007-VICR-Dissolved.shp
2025-05-22 13:08:48,633 [INFO] Skipped existing: 007-VICW-Dissolved.shp
2025-05-22 13:08:48,634 [INFO] Skipped existing: 007-VIDT-Dissolved.shp
2025-05-22 13:08:48,634 [INFO] Skipped existing: 007-VMTI-Dissolved.shp
2025-05-22 13:08:48,635 [INFO] Skipped existing: 007-VOKC-Dissolved.shp
2025-05-22 13:08:48,636 [INFO] Skipped existing: 007-VONT-Dissolved.shp
2025-05-22 13:08:48,636 [INFO] Skipped existing: 007-VOOT-Dissolved.shp
2025-05-22 13:08:48,637 [INFO] Skipped existing: 007-VOST-Dissolved.shp
2025-05-22 13:08:48,638 [INFO] Skipped existing: 007-VOTG-Dissolved.shp
2025-05-22 13:08:48,639 [INFO] Skipped existing: 007-VPBB-Dissolved.shp
2025-05-22 13:08:48,640 [INFO] Skipped existing: 007-VRTI-Dissolved.shp
2025-05-22 13:08:48,641 [INFO] Skipped existing: 007-VSFB-Dissolved.shp
2025-05-22 13:08:48,641 [INFO] Skipped existing: 007-VSFD-Dissolved.shp
2025-05-22 13:08:48,642 [INFO] Skipped existing: 007-VWAU-Dissolved.shp
2025-05-22 13:08:48,643 [INFO] Skipped existing: 007-VWHG-Dissolved.shp
2025-05-22 13:08:48,644 [INFO] Skipped existing: 007-VWHH-Dissolved.shp
2025-05-22 13:08:48,644 [INFO] Skipped existing: 007-VWHI-Dissolved.shp
2025-05-22 13:08:48,645 [INFO] Skipped existing: 007-WESY-Dissolved.shp
2025-05-22 13:08:48,646 [INFO] Skipped existing: 007-WKWH-Dissolved.shp
2025-05-22 13:08:48,646 [INFO] Skipped existing: 007-WLQM-Dissolved.shp
2025-05-22 13:08:48,647 [INFO] Skipped existing: 007-WLSW-Dissolved.shp
2025-05-22 13:08:48,648 [INFO] Skipped existing: 007-WMAU-Dissolved.shp
2025-05-22 13:08:48,649 [INFO] Skipped existing: 007-WNIB-Dissolved.shp
2025-05-22 13:08:48,649 [INFO] Skipped existing: 007-WSAU-Dissolved.shp
2025-05-22 13:08:48,650 [INFO] Skipped existing: 007-WSTH-Dissolved.shp
2025-05-22 13:08:48,650 [INFO] Skipped existing: 007-WSTM-Dissolved.shp
2025-05-22 13:08:48,651 [INFO] Skipped existing: 007-WSTS-Dissolved.shp
2025-05-22 13:08:48,652 [INFO] Skipped existing: 007-WVTL-Dissolved.shp
2025-05-22 13:08:48,652 [INFO] Skipped existing: 008-AADT-Dissolved.shp
2025-05-22 13:08:48,653 [INFO] Skipped existing: 008-AAIB-Dissolved.shp
2025-05-22 13:08:48,654 [INFO] Skipped existing: 008-AAIT-Dissolved.shp
2025-05-22 13:08:48,655 [INFO] Skipped existing: 008-AIPO-Dissolved.shp
2025-05-22 13:08:48,657 [INFO] Skipped existing: 008-APDR-Dissolved.shp
2025-05-22 13:08:48,657 [INFO] Skipped existing: 008-BCLR-Dissolved.shp
2025-05-22 13:08:48,658 [INFO] Skipped existing: 008-BDAU-Dissolved.shp
2025-05-22 13:08:48,659 [INFO] Skipped existing: 008-BIKE-Dissolved.shp
2025-05-22 13:08:48,660 [INFO] Skipped existing: 008-BKLB-Dissolved.shp
2025-05-22 13:08:48,661 [INFO] Skipped existing: 008-BNAU-Dissolved.shp
2025-05-22 13:08:48,662 [INFO] Skipped existing: 008-BOTE-Dissolved.shp
2025-05-22 13:08:48,662 [INFO] Skipped existing: 008-BRAU-Dissolved.shp
2025-05-22 13:08:48,663 [INFO] Skipped existing: 008-BTJN-Dissolved.shp
2025-05-22 13:08:48,664 [INFO] Skipped existing: 008-BVAU-Dissolved.shp
2025-05-22 13:08:48,665 [INFO] Skipped existing: 008-CBAU-Dissolved.shp
2025-05-22 13:08:48,666 [INFO] Skipped existing: 008-CCBR-Dissolved.shp
2025-05-22 13:08:48,666 [INFO] Skipped existing: 008-CLDN-Dissolved.shp
2025-05-22 13:08:48,667 [INFO] Skipped existing: 008-CNAU-Dissolved.shp
2025-05-22 13:08:48,668 [INFO] Skipped existing: 008-CPAU-Dissolved.shp
2025-05-22 13:08:48,668 [INFO] Skipped existing: 008-CVDN-Dissolved.shp
2025-05-22 13:08:48,669 [INFO] Skipped existing: 008-CVPK-Dissolved.shp
2025-05-22 13:08:48,670 [INFO] Skipped existing: 008-DANM-Dissolved.shp
2025-05-22 13:08:48,671 [INFO] Skipped existing: 008-EBCH-Dissolved.shp
2025-05-22 13:08:48,672 [INFO] Skipped existing: 008-EGDR-Dissolved.shp
2025-05-22 13:08:48,673 [INFO] Skipped existing: 008-ETMK-Dissolved.shp
2025-05-22 13:08:48,674 [INFO] Skipped existing: 008-FAVN-Dissolved.shp
2025-05-22 13:08:48,674 [INFO] Skipped existing: 008-FEAU-Dissolved.shp
2025-05-22 13:08:48,675 [INFO] Skipped existing: 008-FLBJ-Dissolved.shp
2025-05-22 13:08:48,676 [INFO] Skipped existing: 008-FLBS-Dissolved.shp
2025-05-22 13:08:48,677 [INFO] Skipped existing: 008-FRMC-Dissolved.shp
2025-05-22 13:08:48,677 [INFO] Skipped existing: 008-GNMT-Dissolved.shp
2025-05-22 13:08:48,678 [INFO] Skipped existing: 008-HAMB-Dissolved.shp
2025-05-22 13:08:48,679 [INFO] Skipped existing: 008-HIBR-Dissolved.shp
2025-05-22 13:08:48,679 [INFO] Skipped existing: 008-HIBS-Dissolved.shp
2025-05-22 13:08:48,680 [INFO] Skipped existing: 008-HIPK-Dissolved.shp
2025-05-22 13:08:48,681 [INFO] Skipped existing: 008-HIPR-Dissolved.shp
2025-05-22 13:08:48,681 [INFO] Skipped existing: 008-HLRA-Dissolved.shp
2025-05-22 13:08:48,682 [INFO] Skipped existing: 008-HOAU-Dissolved.shp
2025-05-22 13:08:48,683 [INFO] Skipped existing: 008-HOMC-Dissolved.shp
2025-05-22 13:08:48,683 [INFO] Skipped existing: 008-HOMW-Dissolved.shp
2025-05-22 13:08:48,684 [INFO] Skipped existing: 008-HOWC-Dissolved.shp
2025-05-22 13:08:48,684 [INFO] Skipped existing: 008-HOWW-Dissolved.shp
2025-05-22 13:08:48,685 [INFO] Skipped existing: 008-HPRU-Dissolved.shp
2025-05-22 13:08:48,686 [INFO] Skipped existing: 008-HRAU-Dissolved.shp
2025-05-22 13:08:48,687 [INFO] Skipped existing: 008-HTPK-Dissolved.shp
2025-05-22 13:08:48,688 [INFO] Skipped existing: 008-JFDR-Dissolved.shp
2025-05-22 13:08:48,689 [INFO] Skipped existing: 008-MDLD-Dissolved.shp
2025-05-22 13:08:48,690 [INFO] Skipped existing: 008-MDMH-Dissolved.shp
2025-05-22 13:08:48,690 [INFO] Skipped existing: 008-MEAU-Dissolved.shp
2025-05-22 13:08:48,691 [INFO] Skipped existing: 008-MELB-Dissolved.shp
2025-05-22 13:08:48,692 [INFO] Skipped existing: 008-MGAU-Dissolved.shp
2025-05-22 13:08:48,692 [INFO] Skipped existing: 008-MGBT-Dissolved.shp
2025-05-22 13:08:48,693 [INFO] Skipped existing: 008-MGEB-Dissolved.shp
2025-05-22 13:08:48,694 [INFO] Skipped existing: 008-MGRB-Dissolved.shp
2025-05-22 13:08:48,694 [INFO] Skipped existing: 008-MGRE-Dissolved.shp
2025-05-22 13:08:48,695 [INFO] Skipped existing: 008-MGRW-Dissolved.shp
2025-05-22 13:08:48,696 [INFO] Skipped existing: 008-MHAU-Dissolved.shp
2025-05-22 13:08:48,696 [INFO] Skipped existing: 008-MIAU-Dissolved.shp
2025-05-22 13:08:48,697 [INFO] Skipped existing: 008-MILS-Dissolved.shp
2025-05-22 13:08:48,698 [INFO] Skipped existing: 008-MNAU-Dissolved.shp
2025-05-22 13:08:48,698 [INFO] Skipped existing: 008-MNKC-Dissolved.shp
2025-05-22 13:08:48,699 [INFO] Skipped existing: 008-MNKJ-Dissolved.shp
2025-05-22 13:08:48,700 [INFO] Skipped existing: 008-MRWC-Dissolved.shp
2025-05-22 13:08:48,701 [INFO] Skipped existing: 008-MRWE-Dissolved.shp
2025-05-22 13:08:48,701 [INFO] Skipped existing: 008-MRWW-Dissolved.shp
2025-05-22 13:08:48,702 [INFO] Skipped existing: 008-MUPT-Dissolved.shp
2025-05-22 13:08:48,703 [INFO] Skipped existing: 008-ORAU-Dissolved.shp
2025-05-22 13:08:48,704 [INFO] Skipped existing: 008-ORRP-Dissolved.shp
2025-05-22 13:08:48,705 [INFO] Skipped existing: 008-OTAR-Dissolved.shp
2025-05-22 13:08:48,706 [INFO] Skipped existing: 008-OTAU-Dissolved.shp
2025-05-22 13:08:48,707 [INFO] Skipped existing: 008-OTAW-Dissolved.shp
2025-05-22 13:08:48,708 [INFO] Skipped existing: 008-OTHH-Dissolved.shp
2025-05-22 13:08:48,709 [INFO] Skipped existing: 008-PCAU-Dissolved.shp
2025-05-22 13:08:48,710 [INFO] Skipped existing: 008-PEAU-Dissolved.shp
2025-05-22 13:08:48,710 [INFO] Skipped existing: 008-PKGN-Dissolved.shp
2025-05-22 13:08:48,711 [INFO] Skipped existing: 008-PKRG-Dissolved.shp
2025-05-22 13:08:48,712 [INFO] Skipped existing: 008-PNAU-Dissolved.shp
2025-05-22 13:08:48,713 [INFO] Skipped existing: 008-PPTC-Dissolved.shp
2025-05-22 13:08:48,714 [INFO] Skipped existing: 008-PPTE-Dissolved.shp
2025-05-22 13:08:48,714 [INFO] Skipped existing: 008-PPTV-Dissolved.shp
2025-05-22 13:08:48,715 [INFO] Skipped existing: 008-PPTW-Dissolved.shp
2025-05-22 13:08:48,715 [INFO] Skipped existing: 008-PSAU-Dissolved.shp
2025-05-22 13:08:48,716 [INFO] Skipped existing: 008-PUHN-Dissolved.shp
2025-05-22 13:08:48,717 [INFO] Skipped existing: 008-PUHW-Dissolved.shp
2025-05-22 13:08:48,718 [INFO] Skipped existing: 008-PUMW-Dissolved.shp
2025-05-22 13:08:48,718 [INFO] Skipped existing: 008-RBRB-Dissolved.shp
2025-05-22 13:08:48,719 [INFO] Skipped existing: 008-RCLN-Dissolved.shp
2025-05-22 13:08:48,720 [INFO] Skipped existing: 008-RDRD-Dissolved.shp
2025-05-22 13:08:48,721 [INFO] Skipped existing: 008-RMNB-Dissolved.shp
2025-05-22 13:08:48,722 [INFO] Skipped existing: 008-RNEV-Dissolved.shp
2025-05-22 13:08:48,723 [INFO] Skipped existing: 008-RPAU-Dissolved.shp
2025-05-22 13:08:48,724 [INFO] Skipped existing: 008-SHPK-Dissolved.shp
2025-05-22 13:08:48,725 [INFO] Skipped existing: 008-SMAL-Dissolved.shp
2025-05-22 13:08:48,725 [INFO] Skipped existing: 008-SNYH-Dissolved.shp
2025-05-22 13:08:48,726 [INFO] Skipped existing: 008-TEIR-Dissolved.shp
2025-05-22 13:08:48,727 [INFO] Skipped existing: 008-TGAR-Dissolved.shp
2025-05-22 13:08:48,727 [INFO] Skipped existing: 008-TIAU-Dissolved.shp
2025-05-22 13:08:48,728 [INFO] Skipped existing: 008-TIRD-Dissolved.shp
2025-05-22 13:08:48,728 [INFO] Skipped existing: 008-TKNE-Dissolved.shp
2025-05-22 13:08:48,729 [INFO] Skipped existing: 008-TKNJ-Dissolved.shp
2025-05-22 13:08:48,730 [INFO] Skipped existing: 008-TOTW-Dissolved.shp
2025-05-22 13:08:48,731 [INFO] Skipped existing: 008-TTAU-Dissolved.shp
2025-05-22 13:08:48,732 [INFO] Skipped existing: 008-TUSH-Dissolved.shp
2025-05-22 13:08:48,732 [INFO] Skipped existing: 008-VKAB-Dissolved.shp
2025-05-22 13:08:48,733 [INFO] Skipped existing: 008-VMAI-Dissolved.shp
2025-05-22 13:08:48,734 [INFO] Skipped existing: 008-VWIT-Dissolved.shp
2025-05-22 13:08:48,734 [INFO] Skipped existing: 008-WEYC-Dissolved.shp
2025-05-22 13:08:48,735 [INFO] Skipped existing: 008-WEYM-Dissolved.shp
2025-05-22 13:08:48,737 [INFO] Skipped existing: 008-WIAU-Dissolved.shp
2025-05-22 13:08:48,738 [INFO] Skipped existing: 008-WIRI-Dissolved.shp
2025-05-22 13:08:48,739 [INFO] Skipped existing: 008-XMAS-Dissolved.shp
2025-05-22 13:08:48,740 [INFO] Skipped existing: 009-ARDM-Dissolved.shp
2025-05-22 13:08:48,741 [INFO] Skipped existing: 009-AUPN-Dissolved.shp
2025-05-22 13:08:48,742 [INFO] Skipped existing: 009-COGR-Dissolved.shp
2025-05-22 13:08:48,743 [INFO] Skipped existing: 009-DRUR-Dissolved.shp
2025-05-22 13:08:48,743 [INFO] Skipped existing: 009-GVAU-Dissolved.shp
2025-05-22 13:08:48,744 [INFO] Skipped existing: 009-HGAU-Dissolved.shp
2025-05-22 13:08:48,744 [INFO] Skipped existing: 009-PDAU-Dissolved.shp
2025-05-22 13:08:48,745 [INFO] Skipped existing: 009-PPKE-Dissolved.shp
2025-05-22 13:08:48,746 [INFO] Skipped existing: 009-PPKJ-Dissolved.shp
2025-05-22 13:08:48,746 [INFO] Skipped existing: 009-PPKR-Dissolved.shp
2025-05-22 13:08:48,747 [INFO] Skipped existing: 009-PPKS-Dissolved.shp
2025-05-22 13:08:48,748 [INFO] Skipped existing: 009-REDH-Dissolved.shp
2025-05-22 13:08:48,749 [INFO] Skipped existing: 009-RHLN-Dissolved.shp
2025-05-22 13:08:48,749 [INFO] Skipped existing: 009-RHNW-Dissolved.shp
2025-05-22 13:08:48,750 [INFO] Skipped existing: 009-TKNS-Dissolved.shp
2025-05-22 13:08:48,751 [INFO] Skipped existing: 010-AWIN-Dissolved.shp
2025-05-22 13:08:48,751 [INFO] Skipped existing: 010-BNTH-Dissolved.shp
2025-05-22 13:08:48,752 [INFO] Skipped existing: 010-BOBY-Dissolved.shp
2025-05-22 13:08:48,754 [INFO] Skipped existing: 010-GNBK-Dissolved.shp
2025-05-22 13:08:48,755 [INFO] Skipped existing: 010-HNUA-Dissolved.shp
2025-05-22 13:08:48,756 [INFO] Skipped existing: 010-NPAU-Dissolved.shp
2025-05-22 13:08:48,756 [INFO] Skipped existing: 010-PKAU-Dissolved.shp
2025-05-22 13:08:48,757 [INFO] Skipped existing: 010-PKKO-Dissolved.shp
2025-05-22 13:08:48,758 [INFO] Skipped existing: 010-PKKR-Dissolved.shp
2025-05-22 13:08:48,758 [INFO] Skipped existing: 010-PKNO-Dissolved.shp
2025-05-22 13:08:48,759 [INFO] Skipped existing: 010-PRAU-Dissolved.shp
2025-05-22 13:08:48,759 [INFO] Skipped existing: 010-PUAU-Dissolved.shp
2025-05-22 13:08:48,760 [INFO] Skipped existing: 010-PUKT-Dissolved.shp
2025-05-22 13:08:48,761 [INFO] Skipped existing: 010-PWKT-Dissolved.shp
2025-05-22 13:08:48,761 [INFO] Skipped existing: 010-RATS-Dissolved.shp
2025-05-22 13:08:48,762 [INFO] Skipped existing: 010-RKRN-Dissolved.shp
2025-05-22 13:08:48,762 [INFO] Skipped existing: 010-ROAW-Dissolved.shp
2025-05-22 13:08:48,763 [INFO] Skipped existing: 010-RONS-Dissolved.shp
2025-05-22 13:08:48,764 [INFO] Skipped existing: 010-RPPV-Dissolved.shp
2025-05-22 13:08:48,765 [INFO] Skipped existing: 010-RTKO-Dissolved.shp
2025-05-22 13:08:48,765 [INFO] Skipped existing: 010-RWET-Dissolved.shp
2025-05-22 13:08:48,766 [INFO] Skipped existing: 010-VARU-Dissolved.shp
2025-05-22 13:08:48,767 [INFO] Skipped existing: 010-VBBS-Dissolved.shp
2025-05-22 13:08:48,767 [INFO] Skipped existing: 010-VCBC-Dissolved.shp
2025-05-22 13:08:48,768 [INFO] Skipped existing: 010-VCKB-Dissolved.shp
2025-05-22 13:08:48,769 [INFO] Skipped existing: 010-VDRU-Dissolved.shp
2025-05-22 13:08:48,770 [INFO] Skipped existing: 010-VGMU-Dissolved.shp
2025-05-22 13:08:48,772 [INFO] Skipped existing: 010-VKAA-Dissolved.shp
2025-05-22 13:08:48,773 [INFO] Skipped existing: 010-VKGS-Dissolved.shp
2025-05-22 13:08:48,773 [INFO] Skipped existing: 010-VMER-Dissolved.shp
2025-05-22 13:08:48,774 [INFO] Skipped existing: 010-VPKH-Dissolved.shp
2025-05-22 13:08:48,775 [INFO] Skipped existing: 010-VPTM-Dissolved.shp
2025-05-22 13:08:48,776 [INFO] Skipped existing: 010-VRRM-Dissolved.shp
2025-05-22 13:08:48,777 [INFO] Skipped existing: 010-WPAU-Dissolved.shp
2025-05-22 13:08:48,777 [INFO] Skipped existing: 010-WUKU-Dissolved.shp
2025-05-22 13:08:48,778 [INFO] Skipped existing: 011-CHIP-Dissolved.shp
2025-05-22 13:08:48,779 [INFO] Skipped existing: 011-HHEI-Dissolved.shp
2025-05-22 13:08:48,779 [INFO] Skipped existing: 011-HKAI-Dissolved.shp
2025-05-22 13:08:48,780 [INFO] Skipped existing: 011-MTRG-Dissolved.shp
2025-05-22 13:08:48,781 [INFO] Skipped existing: 011-PNIS-Dissolved.shp
2025-05-22 13:08:48,782 [INFO] Skipped existing: 011-PRPT-Dissolved.shp
2025-05-22 13:08:48,782 [INFO] Skipped existing: 011-RCRG-Dissolved.shp
2025-05-22 13:08:48,783 [INFO] Skipped existing: 011-RKMA-Dissolved.shp
2025-05-22 13:08:48,784 [INFO] Skipped existing: 011-RKNB-Dissolved.shp
2025-05-22 13:08:48,784 [INFO] Skipped existing: 011-RKOR-Dissolved.shp
2025-05-22 13:08:48,785 [INFO] Skipped existing: 011-RLIB-Dissolved.shp
2025-05-22 13:08:48,786 [INFO] Skipped existing: 011-ROMB-Dissolved.shp
2025-05-22 13:08:48,787 [INFO] Skipped existing: 011-RPCH-Dissolved.shp
2025-05-22 13:08:48,788 [INFO] Skipped existing: 011-RPOC-Dissolved.shp
2025-05-22 13:08:48,789 [INFO] Skipped existing: 011-RTMA-Dissolved.shp
2025-05-22 13:08:48,790 [INFO] Skipped existing: 011-RWTB-Dissolved.shp
2025-05-22 13:08:48,791 [INFO] Skipped existing: 011-TAME-Dissolved.shp
2025-05-22 13:08:48,791 [INFO] Skipped existing: 011-TUPU-Dissolved.shp
2025-05-22 13:08:48,792 [INFO] Skipped existing: 011-VCOL-Dissolved.shp
2025-05-22 13:08:48,793 [INFO] Skipped existing: 011-VMNA-Dissolved.shp
2025-05-22 13:08:48,793 [INFO] Skipped existing: 011-VONA-Dissolved.shp
2025-05-22 13:08:48,794 [INFO] Skipped existing: 011-VOPT-Dissolved.shp
2025-05-22 13:08:48,794 [INFO] Skipped existing: 011-VPNU-Dissolved.shp
2025-05-22 13:08:48,795 [INFO] Skipped existing: 011-VPRJ-Dissolved.shp
2025-05-22 13:08:48,795 [INFO] Skipped existing: 011-VTRT-Dissolved.shp
2025-05-22 13:08:48,796 [INFO] Skipped existing: 011-VWTG-Dissolved.shp
2025-05-22 13:08:48,797 [INFO] Skipped existing: 011-VWTI-Dissolved.shp
2025-05-22 13:08:48,798 [INFO] Skipped existing: 011-WAGS-Dissolved.shp
2025-05-22 13:08:48,799 [INFO] Skipped existing: 011-WAGU-Dissolved.shp
2025-05-22 13:08:48,799 [INFO] Skipped existing: 011-WCEN-Dissolved.shp
2025-05-22 13:08:48,800 [INFO] Skipped existing: 011-WGMA-Dissolved.shp
2025-05-22 13:08:48,801 [INFO] Skipped existing: 012-KHRE-Dissolved.shp
2025-05-22 13:08:48,801 [INFO] Skipped existing: 012-KRGK-Dissolved.shp
2025-05-22 13:08:48,802 [INFO] Skipped existing: 012-KUAU-Dissolved.shp
2025-05-22 13:08:48,803 [INFO] Skipped existing: 012-MGTA-Dissolved.shp
2025-05-22 13:08:48,804 [INFO] Skipped existing: 012-PLAU-Dissolved.shp
2025-05-22 13:08:48,805 [INFO] Skipped existing: 012-PROA-Dissolved.shp
2025-05-22 13:08:48,806 [INFO] Skipped existing: 012-RHKU-Dissolved.shp
2025-05-22 13:08:48,806 [INFO] Skipped existing: 012-RWWT-Dissolved.shp
2025-05-22 13:08:48,807 [INFO] Skipped existing: 012-TURA-Dissolved.shp
2025-05-22 13:08:48,808 [INFO] Skipped existing: 012-VWRS-Dissolved.shp
2025-05-22 13:08:48,809 [INFO] Skipped existing: 012-WAHI-Dissolved.shp
2025-05-22 13:08:48,809 [INFO] Skipped existing: 012-WHIE-Dissolved.shp
2025-05-22 13:08:48,810 [INFO] Skipped existing: 013-ERKA-Dissolved.shp
2025-05-22 13:08:48,811 [INFO] Skipped existing: 013-GDTN-Dissolved.shp
2025-05-22 13:08:48,811 [INFO] Skipped existing: 013-HORT-Dissolved.shp
2025-05-22 13:08:48,812 [INFO] Skipped existing: 013-HTLY-Dissolved.shp
2025-05-22 13:08:48,812 [INFO] Skipped existing: 013-HTYE-Dissolved.shp
2025-05-22 13:08:48,813 [INFO] Skipped existing: 013-HYBS-Dissolved.shp
2025-05-22 13:08:48,814 [INFO] Skipped existing: 013-HYTN-Dissolved.shp
2025-05-22 13:08:48,815 [INFO] Skipped existing: 013-MATA-Dissolved.shp
2025-05-22 13:08:48,815 [INFO] Skipped existing: 013-MRMA-Dissolved.shp
2025-05-22 13:08:48,816 [INFO] Skipped existing: 013-NEWS-Dissolved.shp
2025-05-22 13:08:48,816 [INFO] Skipped existing: 013-NGWH-Dissolved.shp
2025-05-22 13:08:48,817 [INFO] Skipped existing: 013-PKTH-Dissolved.shp
2025-05-22 13:08:48,817 [INFO] Skipped existing: 013-PUKM-Dissolved.shp
2025-05-22 13:08:48,818 [INFO] Skipped existing: 013-RGAN-Dissolved.shp
2025-05-22 13:08:48,819 [INFO] Skipped existing: 013-RKRI-Dissolved.shp
2025-05-22 13:08:48,820 [INFO] Skipped existing: 013-RMAG-Dissolved.shp
2025-05-22 13:08:48,822 [INFO] Skipped existing: 013-RMRA-Dissolved.shp
2025-05-22 13:08:48,822 [INFO] Skipped existing: 013-RTAE-Dissolved.shp
2025-05-22 13:08:48,823 [INFO] Skipped existing: 013-RTAW-Dissolved.shp
2025-05-22 13:08:48,824 [INFO] Skipped existing: 013-RTHW-Dissolved.shp
2025-05-22 13:08:48,825 [INFO] Skipped existing: 013-RWAE-Dissolved.shp
2025-05-22 13:08:48,826 [INFO] Skipped existing: 013-RWGA-Dissolved.shp
2025-05-22 13:08:48,826 [INFO] Skipped existing: 013-TKAU-Dissolved.shp
2025-05-22 13:08:48,827 [INFO] Skipped existing: 013-TKHS-Dissolved.shp
2025-05-22 13:08:48,827 [INFO] Skipped existing: 013-TKHW-Dissolved.shp
2025-05-22 13:08:48,828 [INFO] Skipped existing: 013-TMHR-Dissolved.shp
2025-05-22 13:08:48,829 [INFO] Skipped existing: 013-TUKU-Dissolved.shp
2025-05-22 13:08:48,830 [INFO] Skipped existing: 013-TUPR-Dissolved.shp
2025-05-22 13:08:48,831 [INFO] Skipped existing: 013-VMRR-Dissolved.shp
2025-05-22 13:08:48,831 [INFO] Skipped existing: 013-VOHW-Dissolved.shp
2025-05-22 13:08:48,832 [INFO] Skipped existing: 013-VTKW-Dissolved.shp
2025-05-22 13:08:48,833 [INFO] Skipped existing: 013-VTME-Dissolved.shp
2025-05-22 13:08:48,834 [INFO] Skipped existing: 013-VWEX-Dissolved.shp
2025-05-22 13:08:48,835 [INFO] Skipped existing: 013-VWWW-Dissolved.shp
2025-05-22 13:08:48,836 [INFO] Skipped existing: 013-WHTA-Dissolved.shp
2025-05-22 13:08:48,837 [INFO] Skipped existing: 015-MAMA-Dissolved.shp
2025-05-22 13:08:48,838 [INFO] Skipped existing: 015-MGTP-Dissolved.shp
2025-05-22 13:08:48,839 [INFO] Skipped existing: 015-MOAU-Dissolved.shp
2025-05-22 13:08:48,840 [INFO] Skipped existing: 015-MRVE-Dissolved.shp
2025-05-22 13:08:48,841 [INFO] Skipped existing: 015-MTME-Dissolved.shp
2025-05-22 13:08:48,842 [INFO] Skipped existing: 015-OMHE-Dissolved.shp
2025-05-22 13:08:48,842 [INFO] Skipped existing: 015-TEAH-Dissolved.shp
2025-05-22 13:08:48,843 [INFO] Skipped existing: 015-THNA-Dissolved.shp
2025-05-22 13:08:48,844 [INFO] Skipped existing: 015-TMHN-Dissolved.shp
2025-05-22 13:08:48,844 [INFO] Skipped existing: 015-TTNI-Dissolved.shp
2025-05-22 13:08:48,845 [INFO] Skipped existing: 015-VMNW-Dissolved.shp
2025-05-22 13:08:48,845 [INFO] Skipped existing: 016-BAAD-Dissolved.shp
2025-05-22 13:08:48,846 [INFO] Skipped existing: 016-BKAU-Dissolved.shp
2025-05-22 13:08:48,847 [INFO] Skipped existing: 016-CHWP-Dissolved.shp
2025-05-22 13:08:48,848 [INFO] Skipped existing: 016-CLDL-Dissolved.shp
2025-05-22 13:08:48,848 [INFO] Skipped existing: 016-CWAU-Dissolved.shp
2025-05-22 13:08:48,849 [INFO] Skipped existing: 016-CWSQ-Dissolved.shp
2025-05-22 13:08:48,850 [INFO] Skipped existing: 016-DNDL-Dissolved.shp
2025-05-22 13:08:48,850 [INFO] Skipped existing: 016-DNDS-Dissolved.shp
2025-05-22 13:08:48,851 [INFO] Skipped existing: 016-DNWL-Dissolved.shp
2025-05-22 13:08:48,852 [INFO] Skipped existing: 016-EDLY-Dissolved.shp
2025-05-22 13:08:48,853 [INFO] Skipped existing: 016-EYAU-Dissolved.shp
2025-05-22 13:08:48,854 [INFO] Skipped existing: 016-FGSF-Dissolved.shp
2025-05-22 13:08:48,854 [INFO] Skipped existing: 016-FKTN-Dissolved.shp
2025-05-22 13:08:48,855 [INFO] Skipped existing: 016-FMAU-Dissolved.shp
2025-05-22 13:08:48,856 [INFO] Skipped existing: 016-FRFD-Dissolved.shp
2025-05-22 13:08:48,857 [INFO] Skipped existing: 016-FRVD-Dissolved.shp
2025-05-22 13:08:48,857 [INFO] Skipped existing: 016-GLVW-Dissolved.shp
2025-05-22 13:08:48,858 [INFO] Skipped existing: 016-HAAU-Dissolved.shp
2025-05-22 13:08:48,859 [INFO] Skipped existing: 016-HEAU-Dissolved.shp
2025-05-22 13:08:48,859 [INFO] Skipped existing: 016-HICT-Dissolved.shp
2025-05-22 13:08:48,860 [INFO] Skipped existing: 016-HMCN-Dissolved.shp
2025-05-22 13:08:48,861 [INFO] Skipped existing: 016-HMCT-Dissolved.shp
2025-05-22 13:08:48,861 [INFO] Skipped existing: 016-HMSE-Dissolved.shp
2025-05-22 13:08:48,862 [INFO] Skipped existing: 016-HMTE-Dissolved.shp
2025-05-22 13:08:48,863 [INFO] Skipped existing: 016-LGST-Dissolved.shp
2025-05-22 13:08:48,863 [INFO] Skipped existing: 016-LGTP-Dissolved.shp
2025-05-22 13:08:48,864 [INFO] Skipped existing: 016-MARA-Dissolved.shp
2025-05-22 13:08:48,865 [INFO] Skipped existing: 016-MCFS-Dissolved.shp
2025-05-22 13:08:48,866 [INFO] Skipped existing: 016-NTON-Dissolved.shp
2025-05-22 13:08:48,866 [INFO] Skipped existing: 016-PKTN-Dissolved.shp
2025-05-22 13:08:48,867 [INFO] Skipped existing: 016-QWAV-Dissolved.shp
2025-05-22 13:08:48,868 [INFO] Skipped existing: 016-RTNE-Dissolved.shp
2025-05-22 13:08:48,868 [INFO] Skipped existing: 016-RTTA-Dissolved.shp
2025-05-22 13:08:48,869 [INFO] Skipped existing: 016-RTTN-Dissolved.shp
2025-05-22 13:08:48,870 [INFO] Skipped existing: 016-RWAU-Dissolved.shp
2025-05-22 13:08:48,871 [INFO] Skipped existing: 016-SCHW-Dissolved.shp
2025-05-22 13:08:48,872 [INFO] Skipped existing: 016-SDAU-Dissolved.shp
2025-05-22 13:08:48,873 [INFO] Skipped existing: 016-TBAU-Dissolved.shp
2025-05-22 13:08:48,874 [INFO] Skipped existing: 016-TRPA-Dissolved.shp
2025-05-22 13:08:48,874 [INFO] Skipped existing: 016-TRPN-Dissolved.shp
2025-05-22 13:08:48,875 [INFO] Skipped existing: 016-WHAU-Dissolved.shp
2025-05-22 13:08:48,876 [INFO] Skipped existing: 016-WKHE-Dissolved.shp
2025-05-22 13:08:48,877 [INFO] Skipped existing: 016-WKTH-Dissolved.shp
2025-05-22 13:08:48,877 [INFO] Skipped existing: 016-WKTL-Dissolved.shp
2025-05-22 13:08:48,878 [INFO] Skipped existing: 016-WKTU-Dissolved.shp
2025-05-22 13:08:48,878 [INFO] Skipped existing: 016-WNHS-Dissolved.shp
2025-05-22 13:08:48,879 [INFO] Skipped existing: 016-WSHB-Dissolved.shp
2025-05-22 13:08:48,880 [INFO] Skipped existing: 016-WTRA-Dissolved.shp
2025-05-22 13:08:48,880 [INFO] Skipped existing: 017-CGAU-Dissolved.shp
2025-05-22 13:08:48,881 [INFO] Skipped existing: 017-CMBG-Dissolved.shp
2025-05-22 13:08:48,882 [INFO] Skipped existing: 017-HAAP-Dissolved.shp
2025-05-22 13:08:48,882 [INFO] Skipped existing: 017-KHKH-Dissolved.shp
2025-05-22 13:08:48,883 [INFO] Skipped existing: 017-KRPO-Dissolved.shp
2025-05-22 13:08:48,884 [INFO] Skipped existing: 017-LKPO-Dissolved.shp
2025-05-22 13:08:48,884 [INFO] Skipped existing: 017-LMGT-Dissolved.shp
2025-05-22 13:08:48,885 [INFO] Skipped existing: 017-MYEC-Dissolved.shp
2025-05-22 13:08:48,885 [INFO] Skipped existing: 017-NHPI-Dissolved.shp
2025-05-22 13:08:48,886 [INFO] Skipped existing: 017-OHAU-Dissolved.shp
2025-05-22 13:08:48,887 [INFO] Skipped existing: 017-PKRR-Dissolved.shp
2025-05-22 13:08:48,888 [INFO] Skipped existing: 017-RBUR-Dissolved.shp
2025-05-22 13:08:48,889 [INFO] Skipped existing: 017-RKHA-Dissolved.shp
2025-05-22 13:08:48,890 [INFO] Skipped existing: 017-RKRM-Dissolved.shp
2025-05-22 13:08:48,891 [INFO] Skipped existing: 017-RPKA-Dissolved.shp
2025-05-22 13:08:48,892 [INFO] Skipped existing: 017-RTPV-Dissolved.shp
2025-05-22 13:08:48,892 [INFO] Skipped existing: 017-TAMU-Dissolved.shp
2025-05-22 13:08:48,893 [INFO] Skipped existing: 017-VWPS-Dissolved.shp
2025-05-22 13:08:48,894 [INFO] Skipped existing: 017-WLAU-Dissolved.shp
2025-05-22 13:08:48,895 [INFO] Skipped existing: 018-OTGA-Dissolved.shp
2025-05-22 13:08:48,895 [INFO] Skipped existing: 018-PRGA-Dissolved.shp
2025-05-22 13:08:48,896 [INFO] Skipped existing: 018-RAOT-Dissolved.shp
2025-05-22 13:08:48,897 [INFO] Skipped existing: 018-RBAV-Dissolved.shp
2025-05-22 13:08:48,898 [INFO] Skipped existing: 018-RLWP-Dissolved.shp
2025-05-22 13:08:48,899 [INFO] Skipped existing: 018-RTRA-Dissolved.shp
2025-05-22 13:08:48,900 [INFO] Skipped existing: 018-VKHA-Dissolved.shp
2025-05-22 13:08:48,900 [INFO] Skipped existing: 018-VMHH-Dissolved.shp
2025-05-22 13:08:48,901 [INFO] Skipped existing: 018-VOTE-Dissolved.shp
2025-05-22 13:08:48,902 [INFO] Skipped existing: 018-VWKR-Dissolved.shp
2025-05-22 13:08:48,903 [INFO] Skipped existing: 019-KITH-Dissolved.shp
2025-05-22 13:08:48,903 [INFO] Skipped existing: 019-LICH-Dissolved.shp
2025-05-22 13:08:48,905 [INFO] Skipped existing: 019-PUTA-Dissolved.shp
2025-05-22 13:08:48,906 [INFO] Skipped existing: 019-RAPU-Dissolved.shp
2025-05-22 13:08:48,907 [INFO] Skipped existing: 019-RMGO-Dissolved.shp
2025-05-22 13:08:48,908 [INFO] Skipped existing: 019-RPTU-Dissolved.shp
2025-05-22 13:08:48,909 [INFO] Skipped existing: 019-RWID-Dissolved.shp
2025-05-22 13:08:48,909 [INFO] Skipped existing: 019-TIRA-Dissolved.shp
2025-05-22 13:08:48,910 [INFO] Skipped existing: 019-TKRA-Dissolved.shp
2025-05-22 13:08:48,911 [INFO] Skipped existing: 019-TKSH-Dissolved.shp
2025-05-22 13:08:48,912 [INFO] Skipped existing: 019-TRAU-Dissolved.shp
2025-05-22 13:08:48,912 [INFO] Skipped existing: 019-VWHT-Dissolved.shp
2025-05-22 13:08:48,913 [INFO] Skipped existing: 020-RAKO-Dissolved.shp
2025-05-22 13:08:48,914 [INFO] Skipped existing: 020-RKIR-Dissolved.shp
2025-05-22 13:08:48,914 [INFO] Skipped existing: 020-RKOS-Dissolved.shp
2025-05-22 13:08:48,915 [INFO] Skipped existing: 020-RMAP-Dissolved.shp
2025-05-22 13:08:48,916 [INFO] Skipped existing: 020-RMKP-Dissolved.shp
2025-05-22 13:08:48,917 [INFO] Skipped existing: 020-RPKT-Dissolved.shp
2025-05-22 13:08:48,918 [INFO] Skipped existing: 020-RTAG-Dissolved.shp
2025-05-22 13:08:48,918 [INFO] Skipped existing: 020-RTEA-Dissolved.shp
2025-05-22 13:08:48,919 [INFO] Skipped existing: 020-TEKT-Dissolved.shp
2025-05-22 13:08:48,920 [INFO] Skipped existing: 020-VARW-Dissolved.shp
2025-05-22 13:08:48,921 [INFO] Skipped existing: 020-VBYL-Dissolved.shp
2025-05-22 13:08:48,922 [INFO] Skipped existing: 020-VMOK-Dissolved.shp
2025-05-22 13:08:48,923 [INFO] Skipped existing: 020-VPIO-Dissolved.shp
2025-05-22 13:08:48,924 [INFO] Skipped existing: 020-VTAO-Dissolved.shp
2025-05-22 13:08:48,924 [INFO] Skipped existing: 020-VTMM-Dissolved.shp
2025-05-22 13:08:48,925 [INFO] Skipped existing: 020-VWBR-Dissolved.shp
2025-05-22 13:08:48,926 [INFO] Skipped existing: 021-HYDA-Dissolved.shp
2025-05-22 13:08:48,926 [INFO] Skipped existing: 021-KLOH-Dissolved.shp
2025-05-22 13:08:48,927 [INFO] Skipped existing: 021-MGKO-Dissolved.shp
2025-05-22 13:08:48,928 [INFO] Skipped existing: 021-MRNI-Dissolved.shp
2025-05-22 13:08:48,928 [INFO] Skipped existing: 021-OMOR-Dissolved.shp
2025-05-22 13:08:48,929 [INFO] Skipped existing: 021-RGRT-Dissolved.shp
2025-05-22 13:08:48,930 [INFO] Skipped existing: 021-RHPE-Dissolved.shp
2025-05-22 13:08:48,930 [INFO] Skipped existing: 021-RKRT-Dissolved.shp
2025-05-22 13:08:48,931 [INFO] Skipped existing: 021-RMAE-Dissolved.shp
2025-05-22 13:08:48,931 [INFO] Skipped existing: 021-RMTP-Dissolved.shp
2025-05-22 13:08:48,932 [INFO] Skipped existing: 021-ROAU-Dissolved.shp
2025-05-22 13:08:48,933 [INFO] Skipped existing: 021-ROMO-Dissolved.shp
2025-05-22 13:08:48,933 [INFO] Skipped existing: 021-RTGT-Dissolved.shp
2025-05-22 13:08:48,934 [INFO] Skipped existing: 021-RTHB-Dissolved.shp
2025-05-22 13:08:48,935 [INFO] Skipped existing: 021-RTNC-Dissolved.shp
2025-05-22 13:08:48,936 [INFO] Skipped existing: 021-SUPA-Dissolved.shp
2025-05-22 13:08:48,937 [INFO] Skipped existing: 021-TAPE-Dissolved.shp
2025-05-22 13:08:48,938 [INFO] Skipped existing: 021-TAUA-Dissolved.shp
2025-05-22 13:08:48,939 [INFO] Skipped existing: 021-TAUD-Dissolved.shp
2025-05-22 13:08:48,940 [INFO] Skipped existing: 021-TCBD-Dissolved.shp
2025-05-22 13:08:48,941 [INFO] Skipped existing: 021-THMA-Dissolved.shp
2025-05-22 13:08:48,942 [INFO] Skipped existing: 021-TOAU-Dissolved.shp
2025-05-22 13:08:48,942 [INFO] Skipped existing: 021-TRGI-Dissolved.shp
2025-05-22 13:08:48,943 [INFO] Skipped existing: 021-TTST-Dissolved.shp
2025-05-22 13:08:48,944 [INFO] Skipped existing: 021-TTWN-Dissolved.shp
2025-05-22 13:08:48,945 [INFO] Skipped existing: 021-VTPW-Dissolved.shp
2025-05-22 13:08:48,945 [INFO] Skipped existing: 021-VTSW-Dissolved.shp
2025-05-22 13:08:48,946 [INFO] Skipped existing: 021-VWKG-Dissolved.shp
2025-05-22 13:08:48,947 [INFO] Skipped existing: 021-WAIP-Dissolved.shp
2025-05-22 13:08:48,948 [INFO] Skipped existing: 021-WRKE-Dissolved.shp
2025-05-22 13:08:48,948 [INFO] Skipped existing: 022-AGTT-Dissolved.shp
2025-05-22 13:08:48,949 [INFO] Skipped existing: 022-APTA-Dissolved.shp
2025-05-22 13:08:48,950 [INFO] Skipped existing: 022-ATHE-Dissolved.shp
2025-05-22 13:08:48,950 [INFO] Skipped existing: 022-KMLW-Dissolved.shp
2025-05-22 13:08:48,951 [INFO] Skipped existing: 022-KTHT-Dissolved.shp
2025-05-22 13:08:48,952 [INFO] Skipped existing: 022-KTKW-Dissolved.shp
2025-05-22 13:08:48,953 [INFO] Skipped existing: 022-MAKE-Dissolved.shp
2025-05-22 13:08:48,954 [INFO] Skipped existing: 022-MIND-Dissolved.shp
2025-05-22 13:08:48,954 [INFO] Skipped existing: 022-PAPM-Dissolved.shp
2025-05-22 13:08:48,955 [INFO] Skipped existing: 022-PGRA-Dissolved.shp
2025-05-22 13:08:48,956 [INFO] Skipped existing: 022-PGRS-Dissolved.shp
2025-05-22 13:08:48,957 [INFO] Skipped existing: 022-PKHA-Dissolved.shp
2025-05-22 13:08:48,957 [INFO] Skipped existing: 022-PPAU-Dissolved.shp
2025-05-22 13:08:48,958 [INFO] Skipped existing: 022-ROHT-Dissolved.shp
2025-05-22 13:08:48,958 [INFO] Skipped existing: 022-RRNW-Dissolved.shp
2025-05-22 13:08:48,959 [INFO] Skipped existing: 022-RTAP-Dissolved.shp
2025-05-22 13:08:48,960 [INFO] Skipped existing: 022-RWMR-Dissolved.shp
2025-05-22 13:08:48,960 [INFO] Skipped existing: 022-TEPH-Dissolved.shp
2025-05-22 13:08:48,961 [INFO] Skipped existing: 022-TPKE-Dissolved.shp
2025-05-22 13:08:48,962 [INFO] Skipped existing: 022-VKMS-Dissolved.shp
2025-05-22 13:08:48,962 [INFO] Skipped existing: 022-VOMR-Dissolved.shp
2025-05-22 13:08:48,963 [INFO] Skipped existing: 022-VORO-Dissolved.shp
2025-05-22 13:08:48,964 [INFO] Skipped existing: 022-VTRS-Dissolved.shp
2025-05-22 13:08:48,966 [INFO] Skipped existing: 022-WARO-Dissolved.shp
2025-05-22 13:08:48,967 [INFO] Skipped existing: 022-WHIB-Dissolved.shp
2025-05-22 13:08:48,968 [INFO] Skipped existing: 023-ARAT-Dissolved.shp
2025-05-22 13:08:48,969 [INFO] Skipped existing: 023-BARK-Dissolved.shp
2025-05-22 13:08:48,970 [INFO] Skipped existing: 023-BETH-Dissolved.shp
2025-05-22 13:08:48,971 [INFO] Skipped existing: 023-BFAU-Dissolved.shp
2025-05-22 13:08:48,972 [INFO] Skipped existing: 023-BSAU-Dissolved.shp
2025-05-22 13:08:48,973 [INFO] Skipped existing: 023-BURA-Dissolved.shp
2025-05-22 13:08:48,974 [INFO] Skipped existing: 023-CMHT-Dissolved.shp
2025-05-22 13:08:48,975 [INFO] Skipped existing: 023-GNAU-Dissolved.shp
2025-05-22 13:08:48,975 [INFO] Skipped existing: 023-GPAU-Dissolved.shp
2025-05-22 13:08:48,976 [INFO] Skipped existing: 023-GRAN-Dissolved.shp
2025-05-22 13:08:48,977 [INFO] Skipped existing: 023-GRER-Dissolved.shp
2025-05-22 13:08:48,978 [INFO] Skipped existing: 023-GSAU-Dissolved.shp
2025-05-22 13:08:48,979 [INFO] Skipped existing: 023-HAIR-Dissolved.shp
2025-05-22 13:08:48,980 [INFO] Skipped existing: 023-HAMS-Dissolved.shp
2025-05-22 13:08:48,981 [INFO] Skipped existing: 023-MATU-Dissolved.shp
2025-05-22 13:08:48,982 [INFO] Skipped existing: 023-MTMN-Dissolved.shp
2025-05-22 13:08:48,983 [INFO] Skipped existing: 023-MTMU-Dissolved.shp
2025-05-22 13:08:48,983 [INFO] Skipped existing: 023-NGAT-Dissolved.shp
2025-05-22 13:08:48,984 [INFO] Skipped existing: 023-OBAU-Dissolved.shp
2025-05-22 13:08:48,985 [INFO] Skipped existing: 023-OMAN-Dissolved.shp
2025-05-22 13:08:48,986 [INFO] Skipped existing: 023-ONAU-Dissolved.shp
2025-05-22 13:08:48,987 [INFO] Skipped existing: 023-OTUM-Dissolved.shp
2025-05-22 13:08:48,987 [INFO] Skipped existing: 023-PAAU-Dissolved.shp
2025-05-22 13:08:48,989 [INFO] Skipped existing: 023-PAPB-Dissolved.shp
2025-05-22 13:08:48,990 [INFO] Skipped existing: 023-PAPW-Dissolved.shp
2025-05-22 13:08:48,991 [INFO] Skipped existing: 023-PART-Dissolved.shp
2025-05-22 13:08:48,992 [INFO] Skipped existing: 023-PAWT-Dissolved.shp
2025-05-22 13:08:48,993 [INFO] Skipped existing: 023-PKVL-Dissolved.shp
2025-05-22 13:08:48,993 [INFO] Skipped existing: 023-POIK-Dissolved.shp
2025-05-22 13:08:48,994 [INFO] Skipped existing: 023-TADK-Dissolved.shp
2025-05-22 13:08:48,995 [INFO] Skipped existing: 023-TAUH-Dissolved.shp
2025-05-22 13:08:48,996 [INFO] Skipped existing: 023-TAUK-Dissolved.shp
2025-05-22 13:08:48,997 [INFO] Skipped existing: 023-TAUS-Dissolved.shp
2025-05-22 13:08:48,997 [INFO] Skipped existing: 023-TCAU-Dissolved.shp
2025-05-22 13:08:48,998 [INFO] Skipped existing: 023-TGAC-Dissolved.shp
2025-05-22 13:08:48,999 [INFO] Skipped existing: 023-TOTA-Dissolved.shp
2025-05-22 13:08:49,000 [INFO] Skipped existing: 023-TPKE-Dissolved.shp
2025-05-22 13:08:49,001 [INFO] Skipped existing: 023-TSTH-Dissolved.shp
2025-05-22 13:08:49,001 [INFO] Skipped existing: 023-WATR-Dissolved.shp
2025-05-22 13:08:49,002 [INFO] Skipped existing: 023-WEAU-Dissolved.shp
2025-05-22 13:08:49,003 [INFO] Skipped existing: 023-WELB-Dissolved.shp
2025-05-22 13:08:49,004 [INFO] Skipped existing: 023-WWAU-Dissolved.shp
2025-05-22 13:08:49,005 [INFO] Skipped existing: 024-FEPK-Dissolved.shp
2025-05-22 13:08:49,006 [INFO] Skipped existing: 024-GHAU-Dissolved.shp
2025-05-22 13:08:49,007 [INFO] Skipped existing: 024-HILC-Dissolved.shp
2025-05-22 13:08:49,008 [INFO] Skipped existing: 024-KAWP-Dissolved.shp
2025-05-22 13:08:49,008 [INFO] Skipped existing: 024-LKOK-Dissolved.shp
2025-05-22 13:08:49,009 [INFO] Skipped existing: 024-LKRT-Dissolved.shp
2025-05-22 13:08:49,010 [INFO] Skipped existing: 024-MAMT-Dissolved.shp
2025-05-22 13:08:49,011 [INFO] Skipped existing: 024-MANG-Dissolved.shp
2025-05-22 13:08:49,011 [INFO] Skipped existing: 024-NGAP-Dissolved.shp
2025-05-22 13:08:49,012 [INFO] Skipped existing: 024-NGOG-Dissolved.shp
2025-05-22 13:08:49,013 [INFO] Skipped existing: 024-NGON-Dissolved.shp
2025-05-22 13:08:49,013 [INFO] Skipped existing: 024-OKER-Dissolved.shp
2025-05-22 13:08:49,014 [INFO] Skipped existing: 024-PEAR-Dissolved.shp
2025-05-22 13:08:49,015 [INFO] Skipped existing: 024-PUKE-Dissolved.shp
2025-05-22 13:08:49,015 [INFO] Skipped existing: 024-PUKH-Dissolved.shp
2025-05-22 13:08:49,016 [INFO] Skipped existing: 024-PUKP-Dissolved.shp
2025-05-22 13:08:49,017 [INFO] Skipped existing: 024-RBMT-Dissolved.shp
2025-05-22 13:08:49,018 [INFO] Skipped existing: 024-RBUV-Dissolved.shp
2025-05-22 13:08:49,019 [INFO] Skipped existing: 024-RCBD-Dissolved.shp
2025-05-22 13:08:49,020 [INFO] Skipped existing: 024-REPA-Dissolved.shp
2025-05-22 13:08:49,021 [INFO] Skipped existing: 024-ROTA-Dissolved.shp
2025-05-22 13:08:49,022 [INFO] Skipped existing: 024-ROTB-Dissolved.shp
2025-05-22 13:08:49,023 [INFO] Skipped existing: 024-ROTC-Dissolved.shp
2025-05-22 13:08:49,023 [INFO] Skipped existing: 024-ROTS-Dissolved.shp
2025-05-22 13:08:49,024 [INFO] Skipped existing: 024-ROTW-Dissolved.shp
2025-05-22 13:08:49,025 [INFO] Skipped existing: 024-TNSC-Dissolved.shp
2025-05-22 13:08:49,026 [INFO] Skipped existing: 024-VMAM-Dissolved.shp
2025-05-22 13:08:49,027 [INFO] Skipped existing: 024-WAAU-Dissolved.shp
2025-05-22 13:08:49,028 [INFO] Skipped existing: 024-WHKR-Dissolved.shp
2025-05-22 13:08:49,028 [INFO] Skipped existing: 025-EDAU-Dissolved.shp
2025-05-22 13:08:49,029 [INFO] Skipped existing: 025-EDRU-Dissolved.shp
2025-05-22 13:08:49,030 [INFO] Skipped existing: 025-KAWR-Dissolved.shp
2025-05-22 13:08:49,031 [INFO] Skipped existing: 025-MNWH-Dissolved.shp
2025-05-22 13:08:49,031 [INFO] Skipped existing: 025-MRPR-Dissolved.shp
2025-05-22 13:08:49,032 [INFO] Skipped existing: 025-OHBH-Dissolved.shp
2025-05-22 13:08:49,033 [INFO] Skipped existing: 025-PUTU-Dissolved.shp
2025-05-22 13:08:49,033 [INFO] Skipped existing: 025-RGAR-Dissolved.shp
2025-05-22 13:08:49,034 [INFO] Skipped existing: 025-RLRT-Dissolved.shp
2025-05-22 13:08:49,035 [INFO] Skipped existing: 025-RMNG-Dissolved.shp
2025-05-22 13:08:49,036 [INFO] Skipped existing: 025-RMTT-Dissolved.shp
2025-05-22 13:08:49,037 [INFO] Skipped existing: 025-RPKE-Dissolved.shp
2025-05-22 13:08:49,038 [INFO] Skipped existing: 025-RTKI-Dissolved.shp
2025-05-22 13:08:49,038 [INFO] Skipped existing: 025-RTNT-Dissolved.shp
2025-05-22 13:08:49,039 [INFO] Skipped existing: 025-RTTC-Dissolved.shp
2025-05-22 13:08:49,040 [INFO] Skipped existing: 025-RWAH-Dissolved.shp
2025-05-22 13:08:49,040 [INFO] Skipped existing: 025-RWKA-Dissolved.shp
2025-05-22 13:08:49,041 [INFO] Skipped existing: 025-RWNW-Dissolved.shp
2025-05-22 13:08:49,041 [INFO] Skipped existing: 025-THOR-Dissolved.shp
2025-05-22 13:08:49,042 [INFO] Skipped existing: 025-WANA-Dissolved.shp
2025-05-22 13:08:49,043 [INFO] Skipped existing: 025-WKAU-Dissolved.shp
2025-05-22 13:08:49,043 [INFO] Skipped existing: 025-WKNT-Dissolved.shp
2025-05-22 13:08:49,044 [INFO] Skipped existing: 025-WKST-Dissolved.shp
2025-05-22 13:08:49,044 [INFO] Skipped existing: 025-WNAU-Dissolved.shp
2025-05-22 13:08:49,045 [INFO] Skipped existing: 027-OPTK-Dissolved.shp
2025-05-22 13:08:49,046 [INFO] Skipped existing: 027-RHPT-Dissolved.shp
2025-05-22 13:08:49,047 [INFO] Skipped existing: 027-RKTR-Dissolved.shp
2025-05-22 13:08:49,047 [INFO] Skipped existing: 027-ROMA-Dissolved.shp
2025-05-22 13:08:49,048 [INFO] Skipped existing: 027-ROTR-Dissolved.shp
2025-05-22 13:08:49,049 [INFO] Skipped existing: 027-RTHE-Dissolved.shp
2025-05-22 13:08:49,050 [INFO] Skipped existing: 027-RTKH-Dissolved.shp
2025-05-22 13:08:49,051 [INFO] Skipped existing: 027-RTRR-Dissolved.shp
2025-05-22 13:08:49,051 [INFO] Skipped existing: 027-RWHB-Dissolved.shp
2025-05-22 13:08:49,052 [INFO] Skipped existing: 027-VWUB-Dissolved.shp
2025-05-22 13:08:49,053 [INFO] Skipped existing: 028-AWPN-Dissolved.shp
2025-05-22 13:08:49,055 [INFO] Skipped existing: 028-ELGN-Dissolved.shp
2025-05-22 13:08:49,056 [INFO] Skipped existing: 028-GCEN-Dissolved.shp
2025-05-22 13:08:49,057 [INFO] Skipped existing: 028-GWES-Dissolved.shp
2025-05-22 13:08:49,057 [INFO] Skipped existing: 028-HICB-Dissolved.shp
2025-05-22 13:08:49,058 [INFO] Skipped existing: 028-MGPA-Dissolved.shp
2025-05-22 13:08:49,059 [INFO] Skipped existing: 028-OKAI-Dissolved.shp
2025-05-22 13:08:49,059 [INFO] Skipped existing: 028-RAOR-Dissolved.shp
2025-05-22 13:08:49,060 [INFO] Skipped existing: 028-RARB-Dissolved.shp
2025-05-22 13:08:49,061 [INFO] Skipped existing: 028-RARS-Dissolved.shp
2025-05-22 13:08:49,061 [INFO] Skipped existing: 028-RAWM-Dissolved.shp
2025-05-22 13:08:49,062 [INFO] Skipped existing: 028-REAR-Dissolved.shp
2025-05-22 13:08:49,062 [INFO] Skipped existing: 028-RECL-Dissolved.shp
2025-05-22 13:08:49,063 [INFO] Skipped existing: 028-RHKW-Dissolved.shp
2025-05-22 13:08:49,064 [INFO] Skipped existing: 028-RIVD-Dissolved.shp
2025-05-22 13:08:49,064 [INFO] Skipped existing: 028-RMGT-Dissolved.shp
2025-05-22 13:08:49,065 [INFO] Skipped existing: 028-RMOT-Dissolved.shp
2025-05-22 13:08:49,066 [INFO] Skipped existing: 028-RMTW-Dissolved.shp
2025-05-22 13:08:49,066 [INFO] Skipped existing: 028-RPTM-Dissolved.shp
2025-05-22 13:08:49,067 [INFO] Skipped existing: 028-RPUN-Dissolved.shp
2025-05-22 13:08:49,068 [INFO] Skipped existing: 028-RRER-Dissolved.shp
2025-05-22 13:08:49,069 [INFO] Skipped existing: 028-RVCW-Dissolved.shp
2025-05-22 13:08:49,070 [INFO] Skipped existing: 028-RWAS-Dissolved.shp
2025-05-22 13:08:49,071 [INFO] Skipped existing: 028-RWHH-Dissolved.shp
2025-05-22 13:08:49,072 [INFO] Skipped existing: 028-RWHT-Dissolved.shp
2025-05-22 13:08:49,073 [INFO] Skipped existing: 028-RWPH-Dissolved.shp
2025-05-22 13:08:49,073 [INFO] Skipped existing: 028-RWRR-Dissolved.shp
2025-05-22 13:08:49,074 [INFO] Skipped existing: 028-TEKA-Dissolved.shp
2025-05-22 13:08:49,074 [INFO] Skipped existing: 028-TOLA-Dissolved.shp
2025-05-22 13:08:49,075 [INFO] Skipped existing: 028-TTRA-Dissolved.shp
2025-05-22 13:08:49,075 [INFO] Skipped existing: 028-VECP-Dissolved.shp
2025-05-22 13:08:49,076 [INFO] Skipped existing: 028-VKOM-Dissolved.shp
2025-05-22 13:08:49,077 [INFO] Skipped existing: 028-VPUI-Dissolved.shp
2025-05-22 13:08:49,078 [INFO] Skipped existing: 028-WANU-Dissolved.shp
2025-05-22 13:08:49,078 [INFO] Skipped existing: 029-NHKA-Dissolved.shp
2025-05-22 13:08:49,079 [INFO] Skipped existing: 029-RCWS-Dissolved.shp
2025-05-22 13:08:49,079 [INFO] Skipped existing: 029-RFRT-Dissolved.shp
2025-05-22 13:08:49,080 [INFO] Skipped existing: 029-RLKR-Dissolved.shp
2025-05-22 13:08:49,080 [INFO] Skipped existing: 029-RMAH-Dissolved.shp
2025-05-22 13:08:49,081 [INFO] Skipped existing: 029-ROHK-Dissolved.shp
2025-05-22 13:08:49,082 [INFO] Skipped existing: 029-ROMH-Dissolved.shp
2025-05-22 13:08:49,082 [INFO] Skipped existing: 029-RPUR-Dissolved.shp
2025-05-22 13:08:49,083 [INFO] Skipped existing: 029-RPUT-Dissolved.shp
2025-05-22 13:08:49,084 [INFO] Skipped existing: 029-RRVR-Dissolved.shp
2025-05-22 13:08:49,085 [INFO] Skipped existing: 029-RSYR-Dissolved.shp
2025-05-22 13:08:49,085 [INFO] Skipped existing: 029-RTRN-Dissolved.shp
2025-05-22 13:08:49,086 [INFO] Skipped existing: 029-RTUT-Dissolved.shp
2025-05-22 13:08:49,087 [INFO] Skipped existing: 029-RWAB-Dissolved.shp
2025-05-22 13:08:49,088 [INFO] Skipped existing: 029-RWHK-Dissolved.shp
2025-05-22 13:08:49,089 [INFO] Skipped existing: 029-VTUI-Dissolved.shp
2025-05-22 13:08:49,089 [INFO] Skipped existing: 029-VWPE-Dissolved.shp
2025-05-22 13:08:49,090 [INFO] Skipped existing: 029-WATN-Dissolved.shp
2025-05-22 13:08:49,090 [INFO] Skipped existing: 029-WROA-Dissolved.shp
2025-05-22 13:08:49,091 [INFO] Skipped existing: 030-AHRI-Dissolved.shp
2025-05-22 13:08:49,092 [INFO] Skipped existing: 030-AKNA-Dissolved.shp
2025-05-22 13:08:49,092 [INFO] Skipped existing: 030-BRPA-Dissolved.shp
2025-05-22 13:08:49,093 [INFO] Skipped existing: 030-CGRG-Dissolved.shp
2025-05-22 13:08:49,094 [INFO] Skipped existing: 030-CLIV-Dissolved.shp
2025-05-22 13:08:49,095 [INFO] Skipped existing: 030-CMLY-Dissolved.shp
2025-05-22 13:08:49,096 [INFO] Skipped existing: 030-ESKD-Dissolved.shp
2025-05-22 13:08:49,096 [INFO] Skipped existing: 030-FLXE-Dissolved.shp
2025-05-22 13:08:49,097 [INFO] Skipped existing: 030-HLKN-Dissolved.shp
2025-05-22 13:08:49,097 [INFO] Skipped existing: 030-HSCL-Dissolved.shp
2025-05-22 13:08:49,098 [INFO] Skipped existing: 030-HSST-Dissolved.shp
2025-05-22 13:08:49,099 [INFO] Skipped existing: 030-HSTE-Dissolved.shp
2025-05-22 13:08:49,099 [INFO] Skipped existing: 030-HUMA-Dissolved.shp
2025-05-22 13:08:49,100 [INFO] Skipped existing: 030-KCHM-Dissolved.shp
2025-05-22 13:08:49,100 [INFO] Skipped existing: 030-MAHR-Dissolved.shp
2025-05-22 13:08:49,101 [INFO] Skipped existing: 030-MKTH-Dissolved.shp
2025-05-22 13:08:49,101 [INFO] Skipped existing: 030-MTHV-Dissolved.shp
2025-05-22 13:08:49,102 [INFO] Skipped existing: 030-OMHU-Dissolved.shp
2025-05-22 13:08:49,103 [INFO] Skipped existing: 030-PKPK-Dissolved.shp
2025-05-22 13:08:49,104 [INFO] Skipped existing: 030-PRKV-Dissolved.shp
2025-05-22 13:08:49,105 [INFO] Skipped existing: 030-RGLS-Dissolved.shp
2025-05-22 13:08:49,105 [INFO] Skipped existing: 030-RGRR-Dissolved.shp
2025-05-22 13:08:49,106 [INFO] Skipped existing: 030-RKRR-Dissolved.shp
2025-05-22 13:08:49,106 [INFO] Skipped existing: 030-RMRT-Dissolved.shp
2025-05-22 13:08:49,107 [INFO] Skipped existing: 030-RMTA-Dissolved.shp
2025-05-22 13:08:49,107 [INFO] Skipped existing: 030-RPKH-Dissolved.shp
2025-05-22 13:08:49,108 [INFO] Skipped existing: 030-RPKI-Dissolved.shp
2025-05-22 13:08:49,109 [INFO] Skipped existing: 030-RRKW-Dissolved.shp
2025-05-22 13:08:49,110 [INFO] Skipped existing: 030-RRST-Dissolved.shp
2025-05-22 13:08:49,111 [INFO] Skipped existing: 030-RSFR-Dissolved.shp
2025-05-22 13:08:49,111 [INFO] Skipped existing: 030-RTNG-Dissolved.shp
2025-05-22 13:08:49,112 [INFO] Skipped existing: 030-RTOH-Dissolved.shp
2025-05-22 13:08:49,112 [INFO] Skipped existing: 030-RTUT-Dissolved.shp
2025-05-22 13:08:49,113 [INFO] Skipped existing: 030-RWPT-Dissolved.shp
2025-05-22 13:08:49,113 [INFO] Skipped existing: 030-SHDN-Dissolved.shp
2025-05-22 13:08:49,114 [INFO] Skipped existing: 030-STLO-Dissolved.shp
2025-05-22 13:08:49,115 [INFO] Skipped existing: 030-TMTA-Dissolved.shp
2025-05-22 13:08:49,116 [INFO] Skipped existing: 030-VPTO-Dissolved.shp
2025-05-22 13:08:49,116 [INFO] Skipped existing: 030-VTPH-Dissolved.shp
2025-05-22 13:08:49,117 [INFO] Skipped existing: 030-VTTA-Dissolved.shp
2025-05-22 13:08:49,117 [INFO] Skipped existing: 030-VWMR-Dissolved.shp
2025-05-22 13:08:49,118 [INFO] Skipped existing: 030-WLWH-Dissolved.shp
2025-05-22 13:08:49,119 [INFO] Skipped existing: 031-AHRI-Dissolved.shp
2025-05-22 13:08:49,120 [INFO] Skipped existing: 031-AWTO-Dissolved.shp
2025-05-22 13:08:49,121 [INFO] Skipped existing: 031-BAVW-Dissolved.shp
2025-05-22 13:08:49,122 [INFO] Skipped existing: 031-GNMD-Dissolved.shp
2025-05-22 13:08:49,123 [INFO] Skipped existing: 031-MANI-Dissolved.shp
2025-05-22 13:08:49,124 [INFO] Skipped existing: 031-MAWA-Dissolved.shp
2025-05-22 13:08:49,125 [INFO] Skipped existing: 031-MCPK-Dissolved.shp
2025-05-22 13:08:49,126 [INFO] Skipped existing: 031-NAPA-Dissolved.shp
2025-05-22 13:08:49,126 [INFO] Skipped existing: 031-NAPH-Dissolved.shp
2025-05-22 13:08:49,127 [INFO] Skipped existing: 031-NAPP-Dissolved.shp
2025-05-22 13:08:49,127 [INFO] Skipped existing: 031-NPBH-Dissolved.shp
2025-05-22 13:08:49,128 [INFO] Skipped existing: 031-ONKW-Dissolved.shp
2025-05-22 13:08:49,129 [INFO] Skipped existing: 031-PAND-Dissolved.shp
2025-05-22 13:08:49,130 [INFO] Skipped existing: 031-PRMI-Dissolved.shp
2025-05-22 13:08:49,130 [INFO] Skipped existing: 031-TADL-Dissolved.shp
2025-05-22 13:08:49,131 [INFO] Skipped existing: 031-TADS-Dissolved.shp
2025-05-22 13:08:49,132 [INFO] Skipped existing: 031-TAMT-Dissolved.shp
2025-05-22 13:08:49,132 [INFO] Skipped existing: 032-ACTT-Dissolved.shp
2025-05-22 13:08:49,133 [INFO] Skipped existing: 032-RARG-Dissolved.shp
2025-05-22 13:08:49,134 [INFO] Skipped existing: 032-RARM-Dissolved.shp
2025-05-22 13:08:49,134 [INFO] Skipped existing: 032-RBBR-Dissolved.shp
2025-05-22 13:08:49,135 [INFO] Skipped existing: 032-RBKH-Dissolved.shp
2025-05-22 13:08:49,136 [INFO] Skipped existing: 032-RHRR-Dissolved.shp
2025-05-22 13:08:49,136 [INFO] Skipped existing: 032-RKKB-Dissolved.shp
2025-05-22 13:08:49,137 [INFO] Skipped existing: 032-RKKT-Dissolved.shp
2025-05-22 13:08:49,138 [INFO] Skipped existing: 032-RLRR-Dissolved.shp
2025-05-22 13:08:49,139 [INFO] Skipped existing: 032-RMAN-Dissolved.shp
2025-05-22 13:08:49,139 [INFO] Skipped existing: 032-ROMK-Dissolved.shp
2025-05-22 13:08:49,140 [INFO] Skipped existing: 032-RPRR-Dissolved.shp
2025-05-22 13:08:49,141 [INFO] Skipped existing: 032-RTIK-Dissolved.shp
2025-05-22 13:08:49,141 [INFO] Skipped existing: 032-RWKR-Dissolved.shp
2025-05-22 13:08:49,142 [INFO] Skipped existing: 032-VOTN-Dissolved.shp
2025-05-22 13:08:49,142 [INFO] Skipped existing: 032-VPOR-Dissolved.shp
2025-05-22 13:08:49,143 [INFO] Skipped existing: 032-VTKR-Dissolved.shp
2025-05-22 13:08:49,144 [INFO] Skipped existing: 032-WAPT-Dissolved.shp
2025-05-22 13:08:49,144 [INFO] Skipped existing: 032-WPKU-Dissolved.shp
2025-05-22 13:08:49,145 [INFO] Skipped existing: 033-BELL-Dissolved.shp
2025-05-22 13:08:49,145 [INFO] Skipped existing: 033-BLAG-Dissolved.shp
2025-05-22 13:08:49,146 [INFO] Skipped existing: 033-FTZY-Dissolved.shp
2025-05-22 13:08:49,146 [INFO] Skipped existing: 033-HRDN-Dissolved.shp
2025-05-22 13:08:49,147 [INFO] Skipped existing: 033-IGWD-Dissolved.shp
2025-05-22 13:08:49,148 [INFO] Skipped existing: 033-NPLE-Dissolved.shp
2025-05-22 13:08:49,148 [INFO] Skipped existing: 033-NPLH-Dissolved.shp
2025-05-22 13:08:49,149 [INFO] Skipped existing: 033-OAKA-Dissolved.shp
2025-05-22 13:08:49,149 [INFO] Skipped existing: 033-RHUI-Dissolved.shp
2025-05-22 13:08:49,150 [INFO] Skipped existing: 033-RMIM-Dissolved.shp
2025-05-22 13:08:49,150 [INFO] Skipped existing: 033-RMME-Dissolved.shp
2025-05-22 13:08:49,151 [INFO] Skipped existing: 033-RTAR-Dissolved.shp
2025-05-22 13:08:49,151 [INFO] Skipped existing: 033-RTGP-Dissolved.shp
2025-05-22 13:08:49,152 [INFO] Skipped existing: 033-RURU-Dissolved.shp
2025-05-22 13:08:49,153 [INFO] Skipped existing: 033-TNBH-Dissolved.shp
2025-05-22 13:08:49,154 [INFO] Skipped existing: 033-URNI-Dissolved.shp
2025-05-22 13:08:49,155 [INFO] Skipped existing: 033-VCRD-Dissolved.shp
2025-05-22 13:08:49,156 [INFO] Skipped existing: 033-VFZY-Dissolved.shp
2025-05-22 13:08:49,157 [INFO] Skipped existing: 033-VGTN-Dissolved.shp
2025-05-22 13:08:49,158 [INFO] Skipped existing: 033-VHUW-Dissolved.shp
2025-05-22 13:08:49,159 [INFO] Skipped existing: 033-VKRD-Dissolved.shp
2025-05-22 13:08:49,159 [INFO] Skipped existing: 033-VNPA-Dissolved.shp
2025-05-22 13:08:49,160 [INFO] Skipped existing: 033-VOMS-Dissolved.shp
2025-05-22 13:08:49,161 [INFO] Skipped existing: 033-VSWW-Dissolved.shp
2025-05-22 13:08:49,162 [INFO] Skipped existing: 033-WATA-Dissolved.shp
2025-05-22 13:08:49,162 [INFO] Skipped existing: 033-WLBN-Dissolved.shp
2025-05-22 13:08:49,163 [INFO] Skipped existing: 033-WSTN-Dissolved.shp
2025-05-22 13:08:49,163 [INFO] Skipped existing: 034-NAKI-Dissolved.shp
2025-05-22 13:08:49,164 [INFO] Skipped existing: 034-RDGL-Dissolved.shp
2025-05-22 13:08:49,165 [INFO] Skipped existing: 034-RJMG-Dissolved.shp
2025-05-22 13:08:49,166 [INFO] Skipped existing: 034-RJRD-Dissolved.shp
2025-05-22 13:08:49,167 [INFO] Skipped existing: 034-RMAO-Dissolved.shp
2025-05-22 13:08:49,167 [INFO] Skipped existing: 034-RMAR-Dissolved.shp
2025-05-22 13:08:49,168 [INFO] Skipped existing: 034-RTEW-Dissolved.shp
2025-05-22 13:08:49,169 [INFO] Skipped existing: 034-RWHG-Dissolved.shp
2025-05-22 13:08:49,170 [INFO] Skipped existing: 034-STFD-Dissolved.shp
2025-05-22 13:08:49,171 [INFO] Skipped existing: 034-VMHS-Dissolved.shp
2025-05-22 13:08:49,172 [INFO] Skipped existing: 035-ELTH-Dissolved.shp
2025-05-22 13:08:49,173 [INFO] Skipped existing: 035-HWAT-Dissolved.shp
2025-05-22 13:08:49,174 [INFO] Skipped existing: 035-RCMA-Dissolved.shp
2025-05-22 13:08:49,174 [INFO] Skipped existing: 035-RMNT-Dissolved.shp
2025-05-22 13:08:49,175 [INFO] Skipped existing: 035-RPNG-Dissolved.shp
2025-05-22 13:08:49,175 [INFO] Skipped existing: 035-RTEK-Dissolved.shp
2025-05-22 13:08:49,176 [INFO] Skipped existing: 035-RWNB-Dissolved.shp
2025-05-22 13:08:49,176 [INFO] Skipped existing: 035-RWTA-Dissolved.shp
2025-05-22 13:08:49,177 [INFO] Skipped existing: 035-VARA-Dissolved.shp
2025-05-22 13:08:49,178 [INFO] Skipped existing: 035-VKPA-Dissolved.shp
2025-05-22 13:08:49,178 [INFO] Skipped existing: 035-VNMB-Dissolved.shp
2025-05-22 13:08:49,178 [INFO] Skipped existing: 035-VOPU-Dissolved.shp
2025-05-22 13:08:49,179 [INFO] Skipped existing: 035-VPTA-Dissolved.shp
2025-05-22 13:08:49,180 [INFO] Skipped existing: 035-VWEG-Dissolved.shp
2025-05-22 13:08:49,181 [INFO] Skipped existing: 035-WVLY-Dissolved.shp
2025-05-22 13:08:49,182 [INFO] Skipped existing: 036-OHKE-Dissolved.shp
2025-05-22 13:08:49,182 [INFO] Skipped existing: 036-OHNT-Dissolved.shp
2025-05-22 13:08:49,183 [INFO] Skipped existing: 036-RBSE-Dissolved.shp
2025-05-22 13:08:49,183 [INFO] Skipped existing: 036-ROIR-Dissolved.shp
2025-05-22 13:08:49,184 [INFO] Skipped existing: 036-RONU-Dissolved.shp
2025-05-22 13:08:49,185 [INFO] Skipped existing: 036-RPPK-Dissolved.shp
2025-05-22 13:08:49,186 [INFO] Skipped existing: 036-RRET-Dissolved.shp
2025-05-22 13:08:49,187 [INFO] Skipped existing: 036-RRMU-Dissolved.shp
2025-05-22 13:08:49,188 [INFO] Skipped existing: 036-RTGV-Dissolved.shp
2025-05-22 13:08:49,189 [INFO] Skipped existing: 036-RWMH-Dissolved.shp
2025-05-22 13:08:49,189 [INFO] Skipped existing: 036-TMNS-Dissolved.shp
2025-05-22 13:08:49,190 [INFO] Skipped existing: 036-TMRN-Dissolved.shp
2025-05-22 13:08:49,191 [INFO] Skipped existing: 036-VDSR-Dissolved.shp
2025-05-22 13:08:49,191 [INFO] Skipped existing: 036-VHIT-Dissolved.shp
2025-05-22 13:08:49,192 [INFO] Skipped existing: 036-VOHR-Dissolved.shp
2025-05-22 13:08:49,192 [INFO] Skipped existing: 036-VRAE-Dissolved.shp
2025-05-22 13:08:49,193 [INFO] Skipped existing: 036-VRNP-Dissolved.shp
2025-05-22 13:08:49,193 [INFO] Skipped existing: 036-VTGW-Dissolved.shp
2025-05-22 13:08:49,194 [INFO] Skipped existing: 036-VTNN-Dissolved.shp
2025-05-22 13:08:49,194 [INFO] Skipped existing: 036-VTUK-Dissolved.shp
2025-05-22 13:08:49,195 [INFO] Skipped existing: 036-VTUR-Dissolved.shp
2025-05-22 13:08:49,196 [INFO] Skipped existing: 036-VWCP-Dissolved.shp
2025-05-22 13:08:49,197 [INFO] Skipped existing: 036-VWPP-Dissolved.shp
2025-05-22 13:08:49,198 [INFO] Skipped existing: 036-WHCW-Dissolved.shp
2025-05-22 13:08:49,199 [INFO] Skipped existing: 036-WURU-Dissolved.shp
2025-05-22 13:08:49,199 [INFO] Skipped existing: 037-AMHO-Dissolved.shp
2025-05-22 13:08:49,200 [INFO] Skipped existing: 037-AMST-Dissolved.shp
2025-05-22 13:08:49,201 [INFO] Skipped existing: 037-BSKN-Dissolved.shp
2025-05-22 13:08:49,201 [INFO] Skipped existing: 037-BSTH-Dissolved.shp
2025-05-22 13:08:49,202 [INFO] Skipped existing: 037-CSTF-Dissolved.shp
2025-05-22 13:08:49,204 [INFO] Skipped existing: 037-GNVL-Dissolved.shp
2025-05-22 13:08:49,204 [INFO] Skipped existing: 037-KIWI-Dissolved.shp
2025-05-22 13:08:49,205 [INFO] Skipped existing: 037-OTMA-Dissolved.shp
2025-05-22 13:08:49,206 [INFO] Skipped existing: 037-RFDN-Dissolved.shp
2025-05-22 13:08:49,207 [INFO] Skipped existing: 037-RJER-Dissolved.shp
2025-05-22 13:08:49,207 [INFO] Skipped existing: 037-RKIB-Dissolved.shp
2025-05-22 13:08:49,208 [INFO] Skipped existing: 037-RMGH-Dissolved.shp
2025-05-22 13:08:49,208 [INFO] Skipped existing: 037-RMGM-Dissolved.shp
2025-05-22 13:08:49,209 [INFO] Skipped existing: 037-RMWT-Dissolved.shp
2025-05-22 13:08:49,209 [INFO] Skipped existing: 037-RTWJ-Dissolved.shp
2025-05-22 13:08:49,210 [INFO] Skipped existing: 037-RUPN-Dissolved.shp
2025-05-22 13:08:49,211 [INFO] Skipped existing: 037-TERO-Dissolved.shp
2025-05-22 13:08:49,211 [INFO] Skipped existing: 037-WGNR-Dissolved.shp
2025-05-22 13:08:49,211 [INFO] Skipped existing: 037-WNGA-Dissolved.shp
2025-05-22 13:08:49,212 [INFO] Skipped existing: 037-WNGC-Dissolved.shp
2025-05-22 13:08:49,213 [INFO] Skipped existing: 037-WNGN-Dissolved.shp
2025-05-22 13:08:49,213 [INFO] Skipped existing: 038-MARC-Dissolved.shp
2025-05-22 13:08:49,214 [INFO] Skipped existing: 038-MART-Dissolved.shp
2025-05-22 13:08:49,214 [INFO] Skipped existing: 038-RBLW-Dissolved.shp
2025-05-22 13:08:49,215 [INFO] Skipped existing: 038-RCOJ-Dissolved.shp
2025-05-22 13:08:49,216 [INFO] Skipped existing: 038-RFDS-Dissolved.shp
2025-05-22 13:08:49,216 [INFO] Skipped existing: 038-RMTR-Dissolved.shp
2025-05-22 13:08:49,217 [INFO] Skipped existing: 038-RMWH-Dissolved.shp
2025-05-22 13:08:49,217 [INFO] Skipped existing: 038-RNGT-Dissolved.shp
2025-05-22 13:08:49,218 [INFO] Skipped existing: 038-ROTM-Dissolved.shp
2025-05-22 13:08:49,219 [INFO] Skipped existing: 038-RPUK-Dissolved.shp
2025-05-22 13:08:49,220 [INFO] Skipped existing: 038-RSNT-Dissolved.shp
2025-05-22 13:08:49,222 [INFO] Skipped existing: 038-TIHP-Dissolved.shp
2025-05-22 13:08:49,222 [INFO] Skipped existing: 038-VHNV-Dissolved.shp
2025-05-22 13:08:49,223 [INFO] Skipped existing: 038-VMGA-Dissolved.shp
2025-05-22 13:08:49,224 [INFO] Skipped existing: 038-VUTI-Dissolved.shp
2025-05-22 13:08:49,224 [INFO] Skipped existing: 038-WGHU-Dissolved.shp
2025-05-22 13:08:49,225 [INFO] Skipped existing: 039-AWHI-Dissolved.shp
2025-05-22 13:08:49,226 [INFO] Skipped existing: 039-BULL-Dissolved.shp
2025-05-22 13:08:49,226 [INFO] Skipped existing: 039-BUNY-Dissolved.shp
2025-05-22 13:08:49,227 [INFO] Skipped existing: 039-FLDC-Dissolved.shp
2025-05-22 13:08:49,227 [INFO] Skipped existing: 039-FLDG-Dissolved.shp
2025-05-22 13:08:49,228 [INFO] Skipped existing: 039-HIMB-Dissolved.shp
2025-05-22 13:08:49,228 [INFO] Skipped existing: 039-HIMI-Dissolved.shp
2025-05-22 13:08:49,229 [INFO] Skipped existing: 039-RBCF-Dissolved.shp
2025-05-22 13:08:49,230 [INFO] Skipped existing: 039-RHLC-Dissolved.shp
2025-05-22 13:08:49,230 [INFO] Skipped existing: 039-RPHG-Dissolved.shp
2025-05-22 13:08:49,231 [INFO] Skipped existing: 039-RPHV-Dissolved.shp
2025-05-22 13:08:49,231 [INFO] Skipped existing: 039-RRGT-Dissolved.shp
2025-05-22 13:08:49,232 [INFO] Skipped existing: 039-RRGW-Dissolved.shp
2025-05-22 13:08:49,232 [INFO] Skipped existing: 039-RTGM-Dissolved.shp
2025-05-22 13:08:49,233 [INFO] Skipped existing: 039-SNSN-Dissolved.shp
2025-05-22 13:08:49,233 [INFO] Skipped existing: 039-VAPI-Dissolved.shp
2025-05-22 13:08:49,234 [INFO] Skipped existing: 039-VKIM-Dissolved.shp
2025-05-22 13:08:49,235 [INFO] Skipped existing: 039-VOHI-Dissolved.shp
2025-05-22 13:08:49,236 [INFO] Skipped existing: 039-VRAT-Dissolved.shp
2025-05-22 13:08:49,237 [INFO] Skipped existing: 040-APNI-Dissolved.shp
2025-05-22 13:08:49,238 [INFO] Skipped existing: 040-ASHT-Dissolved.shp
2025-05-22 13:08:49,238 [INFO] Skipped existing: 040-CLVE-Dissolved.shp
2025-05-22 13:08:49,239 [INFO] Skipped existing: 040-CNPK-Dissolved.shp
2025-05-22 13:08:49,239 [INFO] Skipped existing: 040-FTZT-Dissolved.shp
2025-05-22 13:08:49,240 [INFO] Skipped existing: 040-HBRY-Dissolved.shp
2025-05-22 13:08:49,241 [INFO] Skipped existing: 040-HKTU-Dissolved.shp
2025-05-22 13:08:49,242 [INFO] Skipped existing: 040-HKWL-Dissolved.shp
2025-05-22 13:08:49,243 [INFO] Skipped existing: 040-KLGV-Dissolved.shp
2025-05-22 13:08:49,243 [INFO] Skipped existing: 040-LNTN-Dissolved.shp
2025-05-22 13:08:49,244 [INFO] Skipped existing: 041-RMKM-Dissolved.shp
2025-05-22 13:08:49,245 [INFO] Skipped existing: 042-FOXB-Dissolved.shp
2025-05-22 13:08:49,245 [INFO] Skipped existing: 042-FXTN-Dissolved.shp
2025-05-22 13:08:49,246 [INFO] Skipped existing: 042-OHAR-Dissolved.shp
2025-05-22 13:08:49,247 [INFO] Skipped existing: 042-SHNN-Dissolved.shp
2025-05-22 13:08:49,247 [INFO] Skipped existing: 042-WATE-Dissolved.shp
2025-05-22 13:08:49,248 [INFO] Skipped existing: 044-WTBN-Dissolved.shp
2025-05-22 13:08:49,249 [INFO] Skipped existing: 044-WTBY-Dissolved.shp
2025-05-22 13:08:49,249 [INFO] Skipped existing: 044-WTGS-Dissolved.shp
2025-05-22 13:08:49,250 [INFO] Skipped existing: 045-BRCH-Dissolved.shp
2025-05-22 13:08:49,251 [INFO] Skipped existing: 045-ELDN-Dissolved.shp
2025-05-22 13:08:49,252 [INFO] Skipped existing: 045-KTKE-Dissolved.shp
2025-05-22 13:08:49,253 [INFO] Skipped existing: 045-MAOR-Dissolved.shp
2025-05-22 13:08:49,253 [INFO] Skipped existing: 045-MCCL-Dissolved.shp
2025-05-22 13:08:49,254 [INFO] Skipped existing: 045-PINE-Dissolved.shp
2025-05-22 13:08:49,254 [INFO] Skipped existing: 045-RMAY-Dissolved.shp
2025-05-22 13:08:49,255 [INFO] Skipped existing: 045-RWIV-Dissolved.shp
2025-05-22 13:08:49,255 [INFO] Skipped existing: 045-SLVM-Dissolved.shp
2025-05-22 13:08:49,256 [INFO] Skipped existing: 045-TEMA-Dissolved.shp
2025-05-22 13:08:49,257 [INFO] Skipped existing: 045-TOTP-Dissolved.shp
2025-05-22 13:08:49,258 [INFO] Skipped existing: 045-TRNM-Dissolved.shp
2025-05-22 13:08:49,259 [INFO] Skipped existing: 045-TRNN-Dissolved.shp
2025-05-22 13:08:49,259 [INFO] Skipped existing: 045-TRNW-Dissolved.shp
2025-05-22 13:08:49,260 [INFO] Skipped existing: 045-UHTN-Dissolved.shp
2025-05-22 13:08:49,260 [INFO] Skipped existing: 045-UPHT-Dissolved.shp
2025-05-22 13:08:49,261 [INFO] Skipped existing: 046-ALIC-Dissolved.shp
2025-05-22 13:08:49,261 [INFO] Skipped existing: 046-AVLN-Dissolved.shp
2025-05-22 13:08:49,262 [INFO] Skipped existing: 046-AVLS-Dissolved.shp
2025-05-22 13:08:49,262 [INFO] Skipped existing: 046-BAHD-Dissolved.shp
2025-05-22 13:08:49,263 [INFO] Skipped existing: 046-BCOT-Dissolved.shp
2025-05-22 13:08:49,264 [INFO] Skipped existing: 046-EPUN-Dissolved.shp
2025-05-22 13:08:49,264 [INFO] Skipped existing: 046-ESBN-Dissolved.shp
2025-05-22 13:08:49,265 [INFO] Skipped existing: 046-FFLD-Dissolved.shp
2025-05-22 13:08:49,266 [INFO] Skipped existing: 046-GEAR-Dissolved.shp
2025-05-22 13:08:49,266 [INFO] Skipped existing: 046-MRSV-Dissolved.shp
2025-05-22 13:08:49,266 [INFO] Skipped existing: 046-SKVY-Dissolved.shp
2025-05-22 13:08:49,267 [INFO] Skipped existing: 047-KBNE-Dissolved.shp
2025-05-22 13:08:49,267 [INFO] Skipped existing: 047-KDLN-Dissolved.shp
2025-05-22 13:08:49,268 [INFO] Skipped existing: 047-KDLS-Dissolved.shp
2025-05-22 13:08:49,269 [INFO] Skipped existing: 047-KENT-Dissolved.shp
2025-05-22 13:08:49,270 [INFO] Skipped existing: 047-KLBN-Dissolved.shp
2025-05-22 13:08:49,271 [INFO] Skipped existing: 047-KRIE-Dissolved.shp
2025-05-22 13:08:49,272 [INFO] Skipped existing: 047-KRIS-Dissolved.shp
2025-05-22 13:08:49,273 [INFO] Skipped existing: 047-KRIW-Dissolved.shp
2025-05-22 13:08:49,274 [INFO] Skipped existing: 047-KWHA-Dissolved.shp
2025-05-22 13:08:49,274 [INFO] Skipped existing: 047-LMQS-Dissolved.shp
2025-05-22 13:08:49,275 [INFO] Skipped existing: 047-LMQY-Dissolved.shp
2025-05-22 13:08:49,276 [INFO] Skipped existing: 047-LQYN-Dissolved.shp
2025-05-22 13:08:49,277 [INFO] Skipped existing: 047-LYLB-Dissolved.shp
2025-05-22 13:08:49,277 [INFO] Skipped existing: 047-MAUP-Dissolved.shp
2025-05-22 13:08:49,278 [INFO] Skipped existing: 047-MCRE-Dissolved.shp
2025-05-22 13:08:49,279 [INFO] Skipped existing: 047-MMAR-Dissolved.shp
2025-05-22 13:08:49,281 [INFO] Skipped existing: 047-NGAG-Dissolved.shp
2025-05-22 13:08:49,281 [INFO] Skipped existing: 047-NGAO-Dissolved.shp
2025-05-22 13:08:49,282 [INFO] Skipped existing: 047-NLDS-Dissolved.shp
2025-05-22 13:08:49,283 [INFO] Skipped existing: 047-NTHD-Dissolved.shp
2025-05-22 13:08:49,283 [INFO] Skipped existing: 047-NTHL-Dissolved.shp
2025-05-22 13:08:49,284 [INFO] Skipped existing: 047-NTNE-Dissolved.shp
2025-05-22 13:08:49,285 [INFO] Skipped existing: 047-NWTN-Dissolved.shp
2025-05-22 13:08:49,286 [INFO] Skipped existing: 047-OWHO-Dissolved.shp
2025-05-22 13:08:49,287 [INFO] Skipped existing: 047-PIGI-Dissolved.shp
2025-05-22 13:08:49,288 [INFO] Skipped existing: 047-PLMT-Dissolved.shp
2025-05-22 13:08:49,289 [INFO] Skipped existing: 047-PTEA-Dissolved.shp
2025-05-22 13:08:49,289 [INFO] Skipped existing: 047-RARO-Dissolved.shp
2025-05-22 13:08:49,290 [INFO] Skipped existing: 047-RMAA-Dissolved.shp
2025-05-22 13:08:49,290 [INFO] Skipped existing: 047-RMAB-Dissolved.shp
2025-05-22 13:08:49,291 [INFO] Skipped existing: 047-RNGR-Dissolved.shp
2025-05-22 13:08:49,292 [INFO] Skipped existing: 047-SHKB-Dissolved.shp
2025-05-22 13:08:49,293 [INFO] Skipped existing: 047-STUN-Dissolved.shp
2025-05-22 13:08:49,294 [INFO] Skipped existing: 047-TARO-Dissolved.shp
2025-05-22 13:08:49,294 [INFO] Skipped existing: 047-TAWA-Dissolved.shp
2025-05-22 13:08:49,295 [INFO] Skipped existing: 047-TCEE-Dissolved.shp
2025-05-22 13:08:49,295 [INFO] Skipped existing: 047-TCEW-Dissolved.shp
2025-05-22 13:08:49,296 [INFO] Skipped existing: 047-TERN-Dissolved.shp
2025-05-22 13:08:49,297 [INFO] Skipped existing: 047-THCN-Dissolved.shp
2025-05-22 13:08:49,298 [INFO] Skipped existing: 047-THDN-Dissolved.shp
2025-05-22 13:08:49,298 [INFO] Skipped existing: 047-THNE-Dissolved.shp
2025-05-22 13:08:49,299 [INFO] Skipped existing: 047-THRN-Dissolved.shp
2025-05-22 13:08:49,299 [INFO] Skipped existing: 047-TNKI-Dissolved.shp
2025-05-22 13:08:49,300 [INFO] Skipped existing: 047-TORY-Dissolved.shp
2025-05-22 13:08:49,300 [INFO] Skipped existing: 047-VUNI-Dissolved.shp
2025-05-22 13:08:49,301 [INFO] Skipped existing: 047-WADE-Dissolved.shp
2025-05-22 13:08:49,301 [INFO] Skipped existing: 047-WADV-Dissolved.shp
2025-05-22 13:08:49,302 [INFO] Skipped existing: 047-WAIR-Dissolved.shp
2025-05-22 13:08:49,303 [INFO] Skipped existing: 047-WAKD-Dissolved.shp
2025-05-22 13:08:49,304 [INFO] Skipped existing: 047-WAKF-Dissolved.shp
2025-05-22 13:08:49,304 [INFO] Skipped existing: 047-WHSP-Dissolved.shp
2025-05-22 13:08:49,305 [INFO] Skipped existing: 047-WIBS-Dissolved.shp
2025-05-22 13:08:49,306 [INFO] Skipped existing: 047-WKFS-Dissolved.shp
2025-05-22 13:08:49,307 [INFO] Skipped existing: 047-WLCN-Dissolved.shp
2025-05-22 13:08:49,307 [INFO] Skipped existing: 047-WLLN-Dissolved.shp
2025-05-22 13:08:49,308 [INFO] Skipped existing: 047-WLLS-Dissolved.shp
2025-05-22 13:08:49,309 [INFO] Skipped existing: 047-WLTN-Dissolved.shp
2025-05-22 13:08:49,310 [INFO] Skipped existing: 047-WSTD-Dissolved.shp
2025-05-22 13:08:49,311 [INFO] Skipped existing: 047-WTGP-Dissolved.shp
2025-05-22 13:08:49,311 [INFO] Skipped existing: 048-LSDN-Dissolved.shp
2025-05-22 13:08:49,312 [INFO] Skipped existing: 048-MENS-Dissolved.shp
2025-05-22 13:08:49,313 [INFO] Step 2: Generating live tower coverage union...
2025-05-22 13:08:49,332 [INFO] Selected 1232 live towers for union.
